20:07:42.767 [main] INFO io.github.yasmramos.forge.core.BuildAnalyzer -- Analyzing project structure...
20:07:42.775 [main] DEBUG io.github.yasmramos.forge.core.BuildAnalyzer -- Found 1 source files in: /tmp/junit17187501631344133402
20:07:42.775 [main] DEBUG io.github.yasmramos.forge.core.BuildAnalyzer -- Analyzing package structure...
20:07:42.776 [main] DEBUG io.github.yasmramos.forge.core.BuildAnalyzer -- Package structure analysis complete: 1 packages found
20:07:42.776 [main] DEBUG io.github.yasmramos.forge.core.BuildAnalyzer -- Analyzing source file dependencies...
20:07:42.776 [main] DEBUG io.github.yasmramos.forge.core.BuildAnalyzer -- Dependency analysis complete: 1 files analyzed
20:07:42.776 [main] DEBUG io.github.yasmramos.forge.core.BuildAnalyzer -- Analyzing test files...
20:07:42.776 [main] DEBUG io.github.yasmramos.forge.core.BuildAnalyzer -- Found test file: /tmp/junit17187501631344133402/TestClass.java
20:07:42.777 [main] DEBUG io.github.yasmramos.forge.core.BuildAnalyzer -- Test analysis complete: 1 test files found
20:07:42.777 [main] DEBUG io.github.yasmramos.forge.core.BuildAnalyzer -- Calculating complexity score for 1 files...
20:07:42.778 [main] DEBUG io.github.yasmramos.forge.core.BuildAnalyzer -- Complexity calculation complete: 7.0
20:07:42.815 [main] INFO io.github.yasmramos.forge.core.BuildAnalyzer -- Analyzing project structure...
20:07:42.815 [main] WARN io.github.yasmramos.forge.core.BuildAnalyzer -- Source directory not found: /non/existent/path
20:07:42.815 [main] WARN io.github.yasmramos.forge.core.BuildAnalyzer -- Source directory not found: /another/non/existent/path
20:07:42.815 [main] DEBUG io.github.yasmramos.forge.core.BuildAnalyzer -- Analyzing package structure...
20:07:42.815 [main] DEBUG io.github.yasmramos.forge.core.BuildAnalyzer -- Package structure analysis complete: 0 packages found
20:07:42.815 [main] DEBUG io.github.yasmramos.forge.core.BuildAnalyzer -- Analyzing source file dependencies...
20:07:42.815 [main] DEBUG io.github.yasmramos.forge.core.BuildAnalyzer -- Dependency analysis complete: 0 files analyzed
20:07:42.815 [main] DEBUG io.github.yasmramos.forge.core.BuildAnalyzer -- Analyzing test files...
20:07:42.815 [main] DEBUG io.github.yasmramos.forge.core.BuildAnalyzer -- Test analysis complete: 0 test files found
20:07:42.815 [main] DEBUG io.github.yasmramos.forge.core.BuildAnalyzer -- Calculating complexity score for 0 files...
20:07:42.816 [main] DEBUG io.github.yasmramos.forge.core.BuildAnalyzer -- Complexity calculation complete: 0.0
20:07:42.829 [main] INFO io.github.yasmramos.forge.core.DependencyResolver -- Resolving 0 dependencies...
20:07:42.833 [main] INFO io.github.yasmramos.forge.core.DependencyResolver -- Dependency resolution completed: 0 successful, 0 failed
20:07:42.839 [main] INFO io.github.yasmramos.forge.core.ForgeEngine -- Cleaning build artifacts...
20:07:42.839 [main] INFO io.github.yasmramos.forge.core.ForgeEngine -- Clean completed
20:07:42.840 [main] INFO io.github.yasmramos.forge.core.ForgeEngine -- Starting incremental build...
20:07:42.840 [main] INFO io.github.yasmramos.forge.core.BuildAnalyzer -- Analyzing project changes...
20:07:42.847 [main] INFO io.github.yasmramos.forge.core.BuildAnalyzer -- Found 15 changed files
20:07:42.855 [main] INFO io.github.yasmramos.forge.core.BuildAnalyzer -- Found 12 changed files
20:07:42.855 [main] INFO io.github.yasmramos.forge.core.Compiler -- Incremental compilation of 12 changed files
20:07:42.861 [pool-7-thread-1] ERROR io.github.yasmramos.forge.core.Compiler -- Failed incremental compile: src/test/java/io/github/yasmramos/forge/ForgeTest.java
java.lang.NullPointerException: Cannot invoke "io.github.yasmramos.forge.model.DependencyResolution.getDependencies()" because "dependencyResolution" is null
	at io.github.yasmramos.forge.core.Compiler.compile(Compiler.java:38)
	at io.github.yasmramos.forge.core.Compiler.lambda$compileIncremental$0(Compiler.java:80)
	at java.base/java.util.concurrent.CompletableFuture$AsyncSupply.run(CompletableFuture.java:1768)
	at java.base/java.util.concurrent.ThreadPoolExecutor.runWorker(ThreadPoolExecutor.java:1136)
	at java.base/java.util.concurrent.ThreadPoolExecutor$Worker.run(ThreadPoolExecutor.java:635)
	at java.base/java.lang.Thread.run(Thread.java:840)
20:07:42.861 [pool-7-thread-2] ERROR io.github.yasmramos.forge.core.Compiler -- Failed incremental compile: src/test/java/io/github/yasmramos/forge/cache/ForgeCacheTest.java
java.lang.NullPointerException: Cannot invoke "io.github.yasmramos.forge.model.DependencyResolution.getDependencies()" because "dependencyResolution" is null
	at io.github.yasmramos.forge.core.Compiler.compile(Compiler.java:38)
	at io.github.yasmramos.forge.core.Compiler.lambda$compileIncremental$0(Compiler.java:80)
	at java.base/java.util.concurrent.CompletableFuture$AsyncSupply.run(CompletableFuture.java:1768)
	at java.base/java.util.concurrent.ThreadPoolExecutor.runWorker(ThreadPoolExecutor.java:1136)
	at java.base/java.util.concurrent.ThreadPoolExecutor$Worker.run(ThreadPoolExecutor.java:635)
	at java.base/java.lang.Thread.run(Thread.java:840)
20:07:42.864 [pool-7-thread-1] ERROR io.github.yasmramos.forge.core.Compiler -- Failed incremental compile: src/test/java/io/github/yasmramos/forge/cli/CLITest.java
java.lang.NullPointerException: Cannot invoke "io.github.yasmramos.forge.model.DependencyResolution.getDependencies()" because "dependencyResolution" is null
	at io.github.yasmramos.forge.core.Compiler.compile(Compiler.java:38)
	at io.github.yasmramos.forge.core.Compiler.lambda$compileIncremental$0(Compiler.java:80)
	at java.base/java.util.concurrent.CompletableFuture$AsyncSupply.run(CompletableFuture.java:1768)
	at java.base/java.util.concurrent.ThreadPoolExecutor.runWorker(ThreadPoolExecutor.java:1136)
	at java.base/java.util.concurrent.ThreadPoolExecutor$Worker.run(ThreadPoolExecutor.java:635)
	at java.base/java.lang.Thread.run(Thread.java:840)
20:07:42.864 [pool-7-thread-2] ERROR io.github.yasmramos.forge.core.Compiler -- Failed incremental compile: src/test/java/io/github/yasmramos/forge/core/BuildAnalyzerTest.java
java.lang.NullPointerException: Cannot invoke "io.github.yasmramos.forge.model.DependencyResolution.getDependencies()" because "dependencyResolution" is null
	at io.github.yasmramos.forge.core.Compiler.compile(Compiler.java:38)
	at io.github.yasmramos.forge.core.Compiler.lambda$compileIncremental$0(Compiler.java:80)
	at java.base/java.util.concurrent.CompletableFuture$AsyncSupply.run(CompletableFuture.java:1768)
	at java.base/java.util.concurrent.ThreadPoolExecutor.runWorker(ThreadPoolExecutor.java:1136)
	at java.base/java.util.concurrent.ThreadPoolExecutor$Worker.run(ThreadPoolExecutor.java:635)
	at java.base/java.lang.Thread.run(Thread.java:840)
20:07:42.864 [pool-7-thread-1] ERROR io.github.yasmramos.forge.core.Compiler -- Failed incremental compile: src/test/java/io/github/yasmramos/forge/core/CompilerTest.java
java.lang.NullPointerException: Cannot invoke "io.github.yasmramos.forge.model.DependencyResolution.getDependencies()" because "dependencyResolution" is null
	at io.github.yasmramos.forge.core.Compiler.compile(Compiler.java:38)
	at io.github.yasmramos.forge.core.Compiler.lambda$compileIncremental$0(Compiler.java:80)
	at java.base/java.util.concurrent.CompletableFuture$AsyncSupply.run(CompletableFuture.java:1768)
	at java.base/java.util.concurrent.ThreadPoolExecutor.runWorker(ThreadPoolExecutor.java:1136)
	at java.base/java.util.concurrent.ThreadPoolExecutor$Worker.run(ThreadPoolExecutor.java:635)
	at java.base/java.lang.Thread.run(Thread.java:840)
20:07:42.864 [pool-7-thread-2] ERROR io.github.yasmramos.forge.core.Compiler -- Failed incremental compile: src/test/java/io/github/yasmramos/forge/core/DependencyResolverTest.java
java.lang.NullPointerException: Cannot invoke "io.github.yasmramos.forge.model.DependencyResolution.getDependencies()" because "dependencyResolution" is null
	at io.github.yasmramos.forge.core.Compiler.compile(Compiler.java:38)
	at io.github.yasmramos.forge.core.Compiler.lambda$compileIncremental$0(Compiler.java:80)
	at java.base/java.util.concurrent.CompletableFuture$AsyncSupply.run(CompletableFuture.java:1768)
	at java.base/java.util.concurrent.ThreadPoolExecutor.runWorker(ThreadPoolExecutor.java:1136)
	at java.base/java.util.concurrent.ThreadPoolExecutor$Worker.run(ThreadPoolExecutor.java:635)
	at java.base/java.lang.Thread.run(Thread.java:840)
20:07:42.864 [pool-7-thread-1] ERROR io.github.yasmramos.forge.core.Compiler -- Failed incremental compile: src/test/java/io/github/yasmramos/forge/core/ForgeEngineTest.java
java.lang.NullPointerException: Cannot invoke "io.github.yasmramos.forge.model.DependencyResolution.getDependencies()" because "dependencyResolution" is null
	at io.github.yasmramos.forge.core.Compiler.compile(Compiler.java:38)
	at io.github.yasmramos.forge.core.Compiler.lambda$compileIncremental$0(Compiler.java:80)
	at java.base/java.util.concurrent.CompletableFuture$AsyncSupply.run(CompletableFuture.java:1768)
	at java.base/java.util.concurrent.ThreadPoolExecutor.runWorker(ThreadPoolExecutor.java:1136)
	at java.base/java.util.concurrent.ThreadPoolExecutor$Worker.run(ThreadPoolExecutor.java:635)
	at java.base/java.lang.Thread.run(Thread.java:840)
20:07:42.865 [pool-7-thread-1] ERROR io.github.yasmramos.forge.core.Compiler -- Failed incremental compile: src/test/java/io/github/yasmramos/forge/model/ModelClassesTest.java
java.lang.NullPointerException: Cannot invoke "io.github.yasmramos.forge.model.DependencyResolution.getDependencies()" because "dependencyResolution" is null
	at io.github.yasmramos.forge.core.Compiler.compile(Compiler.java:38)
	at io.github.yasmramos.forge.core.Compiler.lambda$compileIncremental$0(Compiler.java:80)
	at java.base/java.util.concurrent.CompletableFuture$AsyncSupply.run(CompletableFuture.java:1768)
	at java.base/java.util.concurrent.ThreadPoolExecutor.runWorker(ThreadPoolExecutor.java:1136)
	at java.base/java.util.concurrent.ThreadPoolExecutor$Worker.run(ThreadPoolExecutor.java:635)
	at java.base/java.lang.Thread.run(Thread.java:840)
20:07:42.865 [pool-7-thread-2] ERROR io.github.yasmramos.forge.core.Compiler -- Failed incremental compile: src/test/java/io/github/yasmramos/forge/integration/ForgeBuildSystemIntegrationTest.java
java.lang.NullPointerException: Cannot invoke "io.github.yasmramos.forge.model.DependencyResolution.getDependencies()" because "dependencyResolution" is null
	at io.github.yasmramos.forge.core.Compiler.compile(Compiler.java:38)
	at io.github.yasmramos.forge.core.Compiler.lambda$compileIncremental$0(Compiler.java:80)
	at java.base/java.util.concurrent.CompletableFuture$AsyncSupply.run(CompletableFuture.java:1768)
	at java.base/java.util.concurrent.ThreadPoolExecutor.runWorker(ThreadPoolExecutor.java:1136)
	at java.base/java.util.concurrent.ThreadPoolExecutor$Worker.run(ThreadPoolExecutor.java:635)
	at java.base/java.lang.Thread.run(Thread.java:840)
20:07:42.865 [pool-7-thread-1] ERROR io.github.yasmramos.forge.core.Compiler -- Failed incremental compile: src/test/java/io/github/yasmramos/forge/performance/ForgePerformanceTest.java
java.lang.NullPointerException: Cannot invoke "io.github.yasmramos.forge.model.DependencyResolution.getDependencies()" because "dependencyResolution" is null
	at io.github.yasmramos.forge.core.Compiler.compile(Compiler.java:38)
	at io.github.yasmramos.forge.core.Compiler.lambda$compileIncremental$0(Compiler.java:80)
	at java.base/java.util.concurrent.CompletableFuture$AsyncSupply.run(CompletableFuture.java:1768)
	at java.base/java.util.concurrent.ThreadPoolExecutor.runWorker(ThreadPoolExecutor.java:1136)
	at java.base/java.util.concurrent.ThreadPoolExecutor$Worker.run(ThreadPoolExecutor.java:635)
	at java.base/java.lang.Thread.run(Thread.java:840)
20:07:42.865 [pool-7-thread-1] ERROR io.github.yasmramos.forge.core.Compiler -- Failed incremental compile: src/test/java/io/github/yasmramos/forge/validation/ForgeDemoProjectValidationTest.java
java.lang.NullPointerException: Cannot invoke "io.github.yasmramos.forge.model.DependencyResolution.getDependencies()" because "dependencyResolution" is null
	at io.github.yasmramos.forge.core.Compiler.compile(Compiler.java:38)
	at io.github.yasmramos.forge.core.Compiler.lambda$compileIncremental$0(Compiler.java:80)
	at java.base/java.util.concurrent.CompletableFuture$AsyncSupply.run(CompletableFuture.java:1768)
	at java.base/java.util.concurrent.ThreadPoolExecutor.runWorker(ThreadPoolExecutor.java:1136)
	at java.base/java.util.concurrent.ThreadPoolExecutor$Worker.run(ThreadPoolExecutor.java:635)
	at java.base/java.lang.Thread.run(Thread.java:840)
20:07:42.865 [pool-7-thread-2] ERROR io.github.yasmramos.forge.core.Compiler -- Failed incremental compile: src/test/java/io/github/yasmramos/forge/utils/ConfigReaderTest.java
java.lang.NullPointerException: Cannot invoke "io.github.yasmramos.forge.model.DependencyResolution.getDependencies()" because "dependencyResolution" is null
	at io.github.yasmramos.forge.core.Compiler.compile(Compiler.java:38)
	at io.github.yasmramos.forge.core.Compiler.lambda$compileIncremental$0(Compiler.java:80)
	at java.base/java.util.concurrent.CompletableFuture$AsyncSupply.run(CompletableFuture.java:1768)
	at java.base/java.util.concurrent.ThreadPoolExecutor.runWorker(ThreadPoolExecutor.java:1136)
	at java.base/java.util.concurrent.ThreadPoolExecutor$Worker.run(ThreadPoolExecutor.java:635)
	at java.base/java.lang.Thread.run(Thread.java:840)
20:07:42.914 [main] INFO io.github.yasmramos.forge.core.ForgeEngine -- Starting Forge build for project: test-project
20:07:42.914 [main] INFO io.github.yasmramos.forge.core.ForgeEngine -- Analyzing project structure...
20:07:42.914 [main] INFO io.github.yasmramos.forge.core.BuildAnalyzer -- Analyzing project structure...
20:07:42.919 [main] DEBUG io.github.yasmramos.forge.core.BuildAnalyzer -- Found 15 source files in: src/main/java
20:07:42.926 [main] DEBUG io.github.yasmramos.forge.core.BuildAnalyzer -- Found 12 source files in: src/test/java
20:07:42.926 [main] DEBUG io.github.yasmramos.forge.core.BuildAnalyzer -- Analyzing package structure...
20:07:42.941 [main] DEBUG io.github.yasmramos.forge.core.BuildAnalyzer -- Package structure analysis complete: 9 packages found
20:07:42.941 [main] DEBUG io.github.yasmramos.forge.core.BuildAnalyzer -- Analyzing source file dependencies...
20:07:42.944 [main] DEBUG io.github.yasmramos.forge.core.BuildAnalyzer -- File Forge.java imports: 10 dependencies
20:07:42.944 [main] DEBUG io.github.yasmramos.forge.core.BuildAnalyzer -- File ForgeCache.java imports: 10 dependencies
20:07:42.945 [main] DEBUG io.github.yasmramos.forge.core.BuildAnalyzer -- File ForgeCLI.java imports: 4 dependencies
20:07:42.946 [main] DEBUG io.github.yasmramos.forge.core.BuildAnalyzer -- File BuildAnalyzer.java imports: 17 dependencies
20:07:42.946 [main] DEBUG io.github.yasmramos.forge.core.BuildAnalyzer -- File Compiler.java imports: 17 dependencies
20:07:42.947 [main] DEBUG io.github.yasmramos.forge.core.BuildAnalyzer -- File DependencyResolver.java imports: 17 dependencies
20:07:42.948 [main] DEBUG io.github.yasmramos.forge.core.BuildAnalyzer -- File ForgeEngine.java imports: 19 dependencies
20:07:42.950 [main] DEBUG io.github.yasmramos.forge.core.BuildAnalyzer -- File DependencyInfo.java imports: 3 dependencies
20:07:42.951 [main] DEBUG io.github.yasmramos.forge.core.BuildAnalyzer -- File DependencyResolution.java imports: 4 dependencies
20:07:42.952 [main] DEBUG io.github.yasmramos.forge.core.BuildAnalyzer -- File ProjectAnalysis.java imports: 5 dependencies
20:07:42.953 [main] DEBUG io.github.yasmramos.forge.core.BuildAnalyzer -- File ProjectConfig.java imports: 3 dependencies
20:07:42.954 [main] DEBUG io.github.yasmramos.forge.core.BuildAnalyzer -- File ConfigReader.java imports: 9 dependencies
20:07:42.955 [main] DEBUG io.github.yasmramos.forge.core.BuildAnalyzer -- File ForgeTest.java imports: 2 dependencies
20:07:42.955 [main] DEBUG io.github.yasmramos.forge.core.BuildAnalyzer -- File ForgeCacheTest.java imports: 5 dependencies
20:07:42.956 [main] DEBUG io.github.yasmramos.forge.core.BuildAnalyzer -- File CLITest.java imports: 2 dependencies
20:07:42.956 [main] DEBUG io.github.yasmramos.forge.core.BuildAnalyzer -- File BuildAnalyzerTest.java imports: 10 dependencies
20:07:42.957 [main] DEBUG io.github.yasmramos.forge.core.BuildAnalyzer -- File CompilerTest.java imports: 2 dependencies
20:07:42.957 [main] DEBUG io.github.yasmramos.forge.core.BuildAnalyzer -- File DependencyResolverTest.java imports: 7 dependencies
20:07:42.958 [main] DEBUG io.github.yasmramos.forge.core.BuildAnalyzer -- File ForgeEngineTest.java imports: 6 dependencies
20:07:42.958 [main] DEBUG io.github.yasmramos.forge.core.BuildAnalyzer -- File ForgeBuildSystemIntegrationTest.java imports: 6 dependencies
20:07:42.959 [main] DEBUG io.github.yasmramos.forge.core.BuildAnalyzer -- File ModelClassesTest.java imports: 4 dependencies
20:07:42.959 [main] DEBUG io.github.yasmramos.forge.core.BuildAnalyzer -- File ForgePerformanceTest.java imports: 6 dependencies
20:07:42.960 [main] DEBUG io.github.yasmramos.forge.core.BuildAnalyzer -- File ConfigReaderTest.java imports: 2 dependencies
20:07:42.960 [main] DEBUG io.github.yasmramos.forge.core.BuildAnalyzer -- File ForgeDemoProjectValidationTest.java imports: 5 dependencies
20:07:42.960 [main] DEBUG io.github.yasmramos.forge.core.BuildAnalyzer -- Dependency analysis complete: 27 files analyzed
20:07:42.960 [main] DEBUG io.github.yasmramos.forge.core.BuildAnalyzer -- Analyzing test files...
20:07:42.961 [main] DEBUG io.github.yasmramos.forge.core.BuildAnalyzer -- Found test file: src/test/java/io/github/yasmramos/forge/ForgeTest.java
20:07:42.961 [main] DEBUG io.github.yasmramos.forge.core.BuildAnalyzer -- Found test file: src/test/java/io/github/yasmramos/forge/cache/ForgeCacheTest.java
20:07:42.961 [main] DEBUG io.github.yasmramos.forge.core.BuildAnalyzer -- Found test file: src/test/java/io/github/yasmramos/forge/cli/CLITest.java
20:07:42.961 [main] DEBUG io.github.yasmramos.forge.core.BuildAnalyzer -- Found test file: src/test/java/io/github/yasmramos/forge/core/BuildAnalyzerTest.java
20:07:42.961 [main] DEBUG io.github.yasmramos.forge.core.BuildAnalyzer -- Found test file: src/test/java/io/github/yasmramos/forge/core/CompilerTest.java
20:07:42.961 [main] DEBUG io.github.yasmramos.forge.core.BuildAnalyzer -- Found test file: src/test/java/io/github/yasmramos/forge/core/DependencyResolverTest.java
20:07:42.961 [main] DEBUG io.github.yasmramos.forge.core.BuildAnalyzer -- Found test file: src/test/java/io/github/yasmramos/forge/core/ForgeEngineTest.java
20:07:42.961 [main] DEBUG io.github.yasmramos.forge.core.BuildAnalyzer -- Found test file: src/test/java/io/github/yasmramos/forge/integration/ForgeBuildSystemIntegrationTest.java
20:07:42.961 [main] DEBUG io.github.yasmramos.forge.core.BuildAnalyzer -- Found test file: src/test/java/io/github/yasmramos/forge/model/ModelClassesTest.java
20:07:42.961 [main] DEBUG io.github.yasmramos.forge.core.BuildAnalyzer -- Found test file: src/test/java/io/github/yasmramos/forge/performance/ForgePerformanceTest.java
20:07:42.961 [main] DEBUG io.github.yasmramos.forge.core.BuildAnalyzer -- Found test file: src/test/java/io/github/yasmramos/forge/utils/ConfigReaderTest.java
20:07:42.961 [main] DEBUG io.github.yasmramos.forge.core.BuildAnalyzer -- Found test file: src/test/java/io/github/yasmramos/forge/validation/ForgeDemoProjectValidationTest.java
20:07:42.961 [main] DEBUG io.github.yasmramos.forge.core.BuildAnalyzer -- Test analysis complete: 12 test files found
20:07:43.024 [main] DEBUG io.github.yasmramos.forge.core.BuildAnalyzer -- Calculating complexity score for 27 files...
20:07:43.037 [main] DEBUG io.github.yasmramos.forge.core.BuildAnalyzer -- Complexity calculation complete: 856.5
20:07:43.037 [main] INFO io.github.yasmramos.forge.core.ForgeEngine -- Resolving dependencies...
20:07:43.037 [main] WARN io.github.yasmramos.forge.core.DependencyResolver -- Dependencies map is null, returning empty resolution
20:07:43.037 [main] INFO io.github.yasmramos.forge.core.ForgeEngine -- Compiling sources...
20:07:43.041 [pool-8-thread-2] DEBUG io.github.yasmramos.forge.core.Compiler -- Compiling: src/main/java/io/github/yasmramos/forge/cache/ForgeCache.java
20:07:43.041 [pool-8-thread-1] DEBUG io.github.yasmramos.forge.core.Compiler -- Compiling: src/main/java/io/github/yasmramos/forge/Forge.java
20:07:43.064 [pool-8-thread-2] ERROR io.github.yasmramos.forge.core.Compiler -- Compilation failed for: src/main/java/io/github/yasmramos/forge/cache/ForgeCache.java
20:07:43.064 [pool-8-thread-1] ERROR io.github.yasmramos.forge.core.Compiler -- Compilation failed for: src/main/java/io/github/yasmramos/forge/Forge.java
20:07:43.064 [pool-8-thread-2] ERROR io.github.yasmramos.forge.core.Compiler -- Error: [B@400d0882
20:07:43.064 [pool-8-thread-1] ERROR io.github.yasmramos.forge.core.Compiler -- Error: [B@2a851502
20:07:43.064 [pool-8-thread-2] DEBUG io.github.yasmramos.forge.core.Compiler -- Compiling: src/main/java/io/github/yasmramos/forge/cli/ForgeCLI.java
20:07:43.064 [pool-8-thread-1] DEBUG io.github.yasmramos.forge.core.Compiler -- Compiling: src/main/java/io/github/yasmramos/forge/core/BuildAnalyzer.java
20:07:43.065 [pool-8-thread-2] ERROR io.github.yasmramos.forge.core.Compiler -- Compilation failed for: src/main/java/io/github/yasmramos/forge/cli/ForgeCLI.java
20:07:43.065 [pool-8-thread-2] ERROR io.github.yasmramos.forge.core.Compiler -- Error: [B@612e8020
20:07:43.065 [pool-8-thread-1] ERROR io.github.yasmramos.forge.core.Compiler -- Compilation failed for: src/main/java/io/github/yasmramos/forge/core/BuildAnalyzer.java
20:07:43.065 [pool-8-thread-1] ERROR io.github.yasmramos.forge.core.Compiler -- Error: [B@27574860
20:07:43.066 [pool-8-thread-2] DEBUG io.github.yasmramos.forge.core.Compiler -- Compiling: src/main/java/io/github/yasmramos/forge/core/Compiler.java
20:07:43.066 [pool-8-thread-1] DEBUG io.github.yasmramos.forge.core.Compiler -- Compiling: src/main/java/io/github/yasmramos/forge/core/DependencyResolver.java
20:07:43.066 [pool-8-thread-2] ERROR io.github.yasmramos.forge.core.Compiler -- Compilation failed for: src/main/java/io/github/yasmramos/forge/core/Compiler.java
20:07:43.066 [pool-8-thread-2] ERROR io.github.yasmramos.forge.core.Compiler -- Error: [B@67642b04
20:07:43.067 [pool-8-thread-1] ERROR io.github.yasmramos.forge.core.Compiler -- Compilation failed for: src/main/java/io/github/yasmramos/forge/core/DependencyResolver.java
20:07:43.067 [pool-8-thread-1] ERROR io.github.yasmramos.forge.core.Compiler -- Error: [B@40375869
20:07:43.067 [pool-8-thread-2] DEBUG io.github.yasmramos.forge.core.Compiler -- Compiling: src/main/java/io/github/yasmramos/forge/core/ForgeEngine.java
20:07:43.067 [pool-8-thread-1] DEBUG io.github.yasmramos.forge.core.Compiler -- Compiling: src/main/java/io/github/yasmramos/forge/model/CompilationResult.java
20:07:43.068 [pool-8-thread-2] ERROR io.github.yasmramos.forge.core.Compiler -- Compilation failed for: src/main/java/io/github/yasmramos/forge/core/ForgeEngine.java
20:07:43.068 [pool-8-thread-2] ERROR io.github.yasmramos.forge.core.Compiler -- Error: [B@5d119373
20:07:43.068 [pool-8-thread-1] ERROR io.github.yasmramos.forge.core.Compiler -- Compilation failed for: src/main/java/io/github/yasmramos/forge/model/CompilationResult.java
20:07:43.068 [pool-8-thread-1] ERROR io.github.yasmramos.forge.core.Compiler -- Error: [B@6723a13c
20:07:43.068 [pool-8-thread-2] DEBUG io.github.yasmramos.forge.core.Compiler -- Compiling: src/main/java/io/github/yasmramos/forge/model/DependencyInfo.java
20:07:43.068 [pool-8-thread-1] DEBUG io.github.yasmramos.forge.core.Compiler -- Compiling: src/main/java/io/github/yasmramos/forge/model/DependencyResolution.java
20:07:43.069 [pool-8-thread-2] ERROR io.github.yasmramos.forge.core.Compiler -- Compilation failed for: src/main/java/io/github/yasmramos/forge/model/DependencyInfo.java
20:07:43.069 [pool-8-thread-2] ERROR io.github.yasmramos.forge.core.Compiler -- Error: [B@7570d94b
20:07:43.069 [pool-8-thread-1] ERROR io.github.yasmramos.forge.core.Compiler -- Compilation failed for: src/main/java/io/github/yasmramos/forge/model/DependencyResolution.java
20:07:43.069 [pool-8-thread-1] ERROR io.github.yasmramos.forge.core.Compiler -- Error: [B@650c95df
20:07:43.069 [pool-8-thread-2] DEBUG io.github.yasmramos.forge.core.Compiler -- Compiling: src/main/java/io/github/yasmramos/forge/model/DependencyType.java
20:07:43.069 [pool-8-thread-1] DEBUG io.github.yasmramos.forge.core.Compiler -- Compiling: src/main/java/io/github/yasmramos/forge/model/PackageResult.java
20:07:43.070 [pool-8-thread-2] ERROR io.github.yasmramos.forge.core.Compiler -- Compilation failed for: src/main/java/io/github/yasmramos/forge/model/DependencyType.java
20:07:43.070 [pool-8-thread-1] ERROR io.github.yasmramos.forge.core.Compiler -- Compilation failed for: src/main/java/io/github/yasmramos/forge/model/PackageResult.java
20:07:43.070 [pool-8-thread-2] ERROR io.github.yasmramos.forge.core.Compiler -- Error: [B@60ca6845
20:07:43.070 [pool-8-thread-1] ERROR io.github.yasmramos.forge.core.Compiler -- Error: [B@7885d556
20:07:43.070 [pool-8-thread-2] DEBUG io.github.yasmramos.forge.core.Compiler -- Compiling: src/main/java/io/github/yasmramos/forge/model/ProjectAnalysis.java
20:07:43.070 [pool-8-thread-1] DEBUG io.github.yasmramos.forge.core.Compiler -- Compiling: src/main/java/io/github/yasmramos/forge/model/ProjectConfig.java
20:07:43.071 [pool-8-thread-2] ERROR io.github.yasmramos.forge.core.Compiler -- Compilation failed for: src/main/java/io/github/yasmramos/forge/model/ProjectAnalysis.java
20:07:43.071 [pool-8-thread-2] ERROR io.github.yasmramos.forge.core.Compiler -- Error: [B@26305353
20:07:43.071 [pool-8-thread-1] ERROR io.github.yasmramos.forge.core.Compiler -- Compilation failed for: src/main/java/io/github/yasmramos/forge/model/ProjectConfig.java
20:07:43.071 [pool-8-thread-1] ERROR io.github.yasmramos.forge.core.Compiler -- Error: [B@20b3e3f
20:07:43.071 [pool-8-thread-2] DEBUG io.github.yasmramos.forge.core.Compiler -- Compiling: src/main/java/io/github/yasmramos/forge/utils/ConfigReader.java
20:07:43.072 [pool-8-thread-1] DEBUG io.github.yasmramos.forge.core.Compiler -- Compiling: src/test/java/io/github/yasmramos/forge/ForgeTest.java
20:07:43.072 [pool-8-thread-2] ERROR io.github.yasmramos.forge.core.Compiler -- Compilation failed for: src/main/java/io/github/yasmramos/forge/utils/ConfigReader.java
20:07:43.072 [pool-8-thread-2] ERROR io.github.yasmramos.forge.core.Compiler -- Error: [B@77ebc6ed
20:07:43.072 [pool-8-thread-1] ERROR io.github.yasmramos.forge.core.Compiler -- Compilation failed for: src/test/java/io/github/yasmramos/forge/ForgeTest.java
20:07:43.073 [pool-8-thread-1] ERROR io.github.yasmramos.forge.core.Compiler -- Error: [B@78db5503
20:07:43.073 [pool-8-thread-2] DEBUG io.github.yasmramos.forge.core.Compiler -- Compiling: src/test/java/io/github/yasmramos/forge/cache/ForgeCacheTest.java
20:07:43.073 [pool-8-thread-1] DEBUG io.github.yasmramos.forge.core.Compiler -- Compiling: src/test/java/io/github/yasmramos/forge/cli/CLITest.java
20:07:43.073 [pool-8-thread-2] ERROR io.github.yasmramos.forge.core.Compiler -- Compilation failed for: src/test/java/io/github/yasmramos/forge/cache/ForgeCacheTest.java
20:07:43.074 [pool-8-thread-2] ERROR io.github.yasmramos.forge.core.Compiler -- Error: [B@13174c30
20:07:43.074 [pool-8-thread-1] ERROR io.github.yasmramos.forge.core.Compiler -- Compilation failed for: src/test/java/io/github/yasmramos/forge/cli/CLITest.java
20:07:43.074 [pool-8-thread-1] ERROR io.github.yasmramos.forge.core.Compiler -- Error: [B@79f885aa
20:07:43.074 [pool-8-thread-2] DEBUG io.github.yasmramos.forge.core.Compiler -- Compiling: src/test/java/io/github/yasmramos/forge/core/BuildAnalyzerTest.java
20:07:43.074 [pool-8-thread-1] DEBUG io.github.yasmramos.forge.core.Compiler -- Compiling: src/test/java/io/github/yasmramos/forge/core/CompilerTest.java
20:07:43.075 [pool-8-thread-2] ERROR io.github.yasmramos.forge.core.Compiler -- Compilation failed for: src/test/java/io/github/yasmramos/forge/core/BuildAnalyzerTest.java
20:07:43.075 [pool-8-thread-1] ERROR io.github.yasmramos.forge.core.Compiler -- Compilation failed for: src/test/java/io/github/yasmramos/forge/core/CompilerTest.java
20:07:43.075 [pool-8-thread-2] ERROR io.github.yasmramos.forge.core.Compiler -- Error: [B@3a622c11
20:07:43.075 [pool-8-thread-1] ERROR io.github.yasmramos.forge.core.Compiler -- Error: [B@2f81c0a6
20:07:43.075 [pool-8-thread-2] DEBUG io.github.yasmramos.forge.core.Compiler -- Compiling: src/test/java/io/github/yasmramos/forge/core/DependencyResolverTest.java
20:07:43.075 [pool-8-thread-1] DEBUG io.github.yasmramos.forge.core.Compiler -- Compiling: src/test/java/io/github/yasmramos/forge/core/ForgeEngineTest.java
20:07:43.076 [pool-8-thread-2] ERROR io.github.yasmramos.forge.core.Compiler -- Compilation failed for: src/test/java/io/github/yasmramos/forge/core/DependencyResolverTest.java
20:07:43.076 [pool-8-thread-2] ERROR io.github.yasmramos.forge.core.Compiler -- Error: [B@29cd24b4
20:07:43.076 [pool-8-thread-1] ERROR io.github.yasmramos.forge.core.Compiler -- Compilation failed for: src/test/java/io/github/yasmramos/forge/core/ForgeEngineTest.java
20:07:43.076 [pool-8-thread-1] ERROR io.github.yasmramos.forge.core.Compiler -- Error: [B@7420f9af
20:07:43.076 [pool-8-thread-2] DEBUG io.github.yasmramos.forge.core.Compiler -- Compiling: src/test/java/io/github/yasmramos/forge/integration/ForgeBuildSystemIntegrationTest.java
20:07:43.076 [pool-8-thread-1] DEBUG io.github.yasmramos.forge.core.Compiler -- Compiling: src/test/java/io/github/yasmramos/forge/model/ModelClassesTest.java
20:07:43.077 [pool-8-thread-2] ERROR io.github.yasmramos.forge.core.Compiler -- Compilation failed for: src/test/java/io/github/yasmramos/forge/integration/ForgeBuildSystemIntegrationTest.java
20:07:43.077 [pool-8-thread-2] ERROR io.github.yasmramos.forge.core.Compiler -- Error: [B@57f09135
20:07:43.077 [pool-8-thread-1] ERROR io.github.yasmramos.forge.core.Compiler -- Compilation failed for: src/test/java/io/github/yasmramos/forge/model/ModelClassesTest.java
20:07:43.077 [pool-8-thread-1] ERROR io.github.yasmramos.forge.core.Compiler -- Error: [B@5671c965
20:07:43.077 [pool-8-thread-2] DEBUG io.github.yasmramos.forge.core.Compiler -- Compiling: src/test/java/io/github/yasmramos/forge/performance/ForgePerformanceTest.java
20:07:43.077 [pool-8-thread-1] DEBUG io.github.yasmramos.forge.core.Compiler -- Compiling: src/test/java/io/github/yasmramos/forge/utils/ConfigReaderTest.java
20:07:43.078 [pool-8-thread-2] ERROR io.github.yasmramos.forge.core.Compiler -- Compilation failed for: src/test/java/io/github/yasmramos/forge/performance/ForgePerformanceTest.java
20:07:43.078 [pool-8-thread-2] ERROR io.github.yasmramos.forge.core.Compiler -- Error: [B@7eaf3137
20:07:43.078 [pool-8-thread-1] ERROR io.github.yasmramos.forge.core.Compiler -- Compilation failed for: src/test/java/io/github/yasmramos/forge/utils/ConfigReaderTest.java
20:07:43.078 [pool-8-thread-1] ERROR io.github.yasmramos.forge.core.Compiler -- Error: [B@6b19c3d4
20:07:43.078 [pool-8-thread-2] DEBUG io.github.yasmramos.forge.core.Compiler -- Compiling: src/test/java/io/github/yasmramos/forge/validation/ForgeDemoProjectValidationTest.java
20:07:43.079 [pool-8-thread-2] ERROR io.github.yasmramos.forge.core.Compiler -- Compilation failed for: src/test/java/io/github/yasmramos/forge/validation/ForgeDemoProjectValidationTest.java
20:07:43.079 [pool-8-thread-2] ERROR io.github.yasmramos.forge.core.Compiler -- Error: [B@55868857
20:07:43.079 [main] INFO io.github.yasmramos.forge.core.ForgeEngine -- Packaging artifacts...
20:07:43.079 [main] INFO io.github.yasmramos.forge.core.ForgeEngine -- Packaging compiled artifacts...
20:07:43.084 [main] ERROR io.github.yasmramos.forge.core.ForgeEngine -- Error creating main JAR
java.io.IOException: Cannot run program "jar": error=13, Permission denied
	at java.base/java.lang.ProcessBuilder.start(ProcessBuilder.java:1143)
	at java.base/java.lang.ProcessBuilder.start(ProcessBuilder.java:1073)
	at io.github.yasmramos.forge.core.ForgeEngine.packageMainJar(ForgeEngine.java:245)
	at io.github.yasmramos.forge.core.ForgeEngine.packageArtifacts(ForgeEngine.java:212)
	at io.github.yasmramos.forge.core.ForgeEngine.build(ForgeEngine.java:71)
	at io.github.yasmramos.forge.core.ForgeEngineTest.testBuildMethodExists(ForgeEngineTest.java:34)
	at java.base/jdk.internal.reflect.NativeMethodAccessorImpl.invoke0(Native Method)
	at java.base/jdk.internal.reflect.NativeMethodAccessorImpl.invoke(NativeMethodAccessorImpl.java:77)
	at java.base/jdk.internal.reflect.DelegatingMethodAccessorImpl.invoke(DelegatingMethodAccessorImpl.java:43)
	at java.base/java.lang.reflect.Method.invoke(Method.java:569)
	at org.junit.platform.commons.util.ReflectionUtils.invokeMethod(ReflectionUtils.java:727)
	at org.junit.jupiter.engine.execution.MethodInvocation.proceed(MethodInvocation.java:60)
	at org.junit.jupiter.engine.execution.InvocationInterceptorChain$ValidatingInvocation.proceed(InvocationInterceptorChain.java:131)
	at org.junit.jupiter.engine.extension.TimeoutExtension.intercept(TimeoutExtension.java:156)
	at org.junit.jupiter.engine.extension.TimeoutExtension.interceptTestableMethod(TimeoutExtension.java:147)
	at org.junit.jupiter.engine.extension.TimeoutExtension.interceptTestMethod(TimeoutExtension.java:86)
	at org.junit.jupiter.engine.execution.InterceptingExecutableInvoker$ReflectiveInterceptorCall.lambda$ofVoidMethod$0(InterceptingExecutableInvoker.java:103)
	at org.junit.jupiter.engine.execution.InterceptingExecutableInvoker.lambda$invoke$0(InterceptingExecutableInvoker.java:93)
	at org.junit.jupiter.engine.execution.InvocationInterceptorChain$InterceptedInvocation.proceed(InvocationInterceptorChain.java:106)
	at org.junit.jupiter.engine.execution.InvocationInterceptorChain.proceed(InvocationInterceptorChain.java:64)
	at org.junit.jupiter.engine.execution.InvocationInterceptorChain.chainAndInvoke(InvocationInterceptorChain.java:45)
	at org.junit.jupiter.engine.execution.InvocationInterceptorChain.invoke(InvocationInterceptorChain.java:37)
	at org.junit.jupiter.engine.execution.InterceptingExecutableInvoker.invoke(InterceptingExecutableInvoker.java:92)
	at org.junit.jupiter.engine.execution.InterceptingExecutableInvoker.invoke(InterceptingExecutableInvoker.java:86)
	at org.junit.jupiter.engine.descriptor.TestMethodTestDescriptor.lambda$invokeTestMethod$7(TestMethodTestDescriptor.java:217)
	at org.junit.platform.engine.support.hierarchical.ThrowableCollector.execute(ThrowableCollector.java:73)
	at org.junit.jupiter.engine.descriptor.TestMethodTestDescriptor.invokeTestMethod(TestMethodTestDescriptor.java:213)
	at org.junit.jupiter.engine.descriptor.TestMethodTestDescriptor.execute(TestMethodTestDescriptor.java:138)
	at org.junit.jupiter.engine.descriptor.TestMethodTestDescriptor.execute(TestMethodTestDescriptor.java:68)
	at org.junit.platform.engine.support.hierarchical.NodeTestTask.lambda$executeRecursively$6(NodeTestTask.java:151)
	at org.junit.platform.engine.support.hierarchical.ThrowableCollector.execute(ThrowableCollector.java:73)
	at org.junit.platform.engine.support.hierarchical.NodeTestTask.lambda$executeRecursively$8(NodeTestTask.java:141)
	at org.junit.platform.engine.support.hierarchical.Node.around(Node.java:137)
	at org.junit.platform.engine.support.hierarchical.NodeTestTask.lambda$executeRecursively$9(NodeTestTask.java:139)
	at org.junit.platform.engine.support.hierarchical.ThrowableCollector.execute(ThrowableCollector.java:73)
	at org.junit.platform.engine.support.hierarchical.NodeTestTask.executeRecursively(NodeTestTask.java:138)
	at org.junit.platform.engine.support.hierarchical.NodeTestTask.execute(NodeTestTask.java:95)
	at java.base/java.util.ArrayList.forEach(ArrayList.java:1511)
	at org.junit.platform.engine.support.hierarchical.SameThreadHierarchicalTestExecutorService.invokeAll(SameThreadHierarchicalTestExecutorService.java:41)
	at org.junit.platform.engine.support.hierarchical.NodeTestTask.lambda$executeRecursively$6(NodeTestTask.java:155)
	at org.junit.platform.engine.support.hierarchical.ThrowableCollector.execute(ThrowableCollector.java:73)
	at org.junit.platform.engine.support.hierarchical.NodeTestTask.lambda$executeRecursively$8(NodeTestTask.java:141)
	at org.junit.platform.engine.support.hierarchical.Node.around(Node.java:137)
	at org.junit.platform.engine.support.hierarchical.NodeTestTask.lambda$executeRecursively$9(NodeTestTask.java:139)
	at org.junit.platform.engine.support.hierarchical.ThrowableCollector.execute(ThrowableCollector.java:73)
	at org.junit.platform.engine.support.hierarchical.NodeTestTask.executeRecursively(NodeTestTask.java:138)
	at org.junit.platform.engine.support.hierarchical.NodeTestTask.execute(NodeTestTask.java:95)
	at java.base/java.util.ArrayList.forEach(ArrayList.java:1511)
	at org.junit.platform.engine.support.hierarchical.SameThreadHierarchicalTestExecutorService.invokeAll(SameThreadHierarchicalTestExecutorService.java:41)
	at org.junit.platform.engine.support.hierarchical.NodeTestTask.lambda$executeRecursively$6(NodeTestTask.java:155)
	at org.junit.platform.engine.support.hierarchical.ThrowableCollector.execute(ThrowableCollector.java:73)
	at org.junit.platform.engine.support.hierarchical.NodeTestTask.lambda$executeRecursively$8(NodeTestTask.java:141)
	at org.junit.platform.engine.support.hierarchical.Node.around(Node.java:137)
	at org.junit.platform.engine.support.hierarchical.NodeTestTask.lambda$executeRecursively$9(NodeTestTask.java:139)
	at org.junit.platform.engine.support.hierarchical.ThrowableCollector.execute(ThrowableCollector.java:73)
	at org.junit.platform.engine.support.hierarchical.NodeTestTask.executeRecursively(NodeTestTask.java:138)
	at org.junit.platform.engine.support.hierarchical.NodeTestTask.execute(NodeTestTask.java:95)
	at org.junit.platform.engine.support.hierarchical.SameThreadHierarchicalTestExecutorService.submit(SameThreadHierarchicalTestExecutorService.java:35)
	at org.junit.platform.engine.support.hierarchical.HierarchicalTestExecutor.execute(HierarchicalTestExecutor.java:57)
	at org.junit.platform.engine.support.hierarchical.HierarchicalTestEngine.execute(HierarchicalTestEngine.java:54)
	at org.junit.platform.launcher.core.EngineExecutionOrchestrator.execute(EngineExecutionOrchestrator.java:147)
	at org.junit.platform.launcher.core.EngineExecutionOrchestrator.execute(EngineExecutionOrchestrator.java:127)
	at org.junit.platform.launcher.core.EngineExecutionOrchestrator.execute(EngineExecutionOrchestrator.java:90)
	at org.junit.platform.launcher.core.EngineExecutionOrchestrator.lambda$execute$0(EngineExecutionOrchestrator.java:55)
	at org.junit.platform.launcher.core.EngineExecutionOrchestrator.withInterceptedStreams(EngineExecutionOrchestrator.java:102)
	at org.junit.platform.launcher.core.EngineExecutionOrchestrator.execute(EngineExecutionOrchestrator.java:54)
	at org.junit.platform.launcher.core.DefaultLauncher.execute(DefaultLauncher.java:114)
	at org.junit.platform.launcher.core.DefaultLauncher.execute(DefaultLauncher.java:86)
	at org.junit.platform.launcher.core.DefaultLauncherSession$DelegatingLauncher.execute(DefaultLauncherSession.java:86)
	at org.apache.maven.surefire.junitplatform.LazyLauncher.execute(LazyLauncher.java:50)
	at org.apache.maven.surefire.junitplatform.JUnitPlatformProvider.execute(JUnitPlatformProvider.java:184)
	at org.apache.maven.surefire.junitplatform.JUnitPlatformProvider.invokeAllTests(JUnitPlatformProvider.java:148)
	at org.apache.maven.surefire.junitplatform.JUnitPlatformProvider.invoke(JUnitPlatformProvider.java:122)
	at org.apache.maven.surefire.booter.ForkedBooter.runSuitesInProcess(ForkedBooter.java:385)
	at org.apache.maven.surefire.booter.ForkedBooter.execute(ForkedBooter.java:162)
	at org.apache.maven.surefire.booter.ForkedBooter.run(ForkedBooter.java:507)
	at org.apache.maven.surefire.booter.ForkedBooter.main(ForkedBooter.java:495)
Caused by: java.io.IOException: error=13, Permission denied
	at java.base/java.lang.ProcessImpl.forkAndExec(Native Method)
	at java.base/java.lang.ProcessImpl.<init>(ProcessImpl.java:314)
	at java.base/java.lang.ProcessImpl.start(ProcessImpl.java:244)
	at java.base/java.lang.ProcessBuilder.start(ProcessBuilder.java:1110)
	... 76 common frames omitted
20:07:43.085 [main] ERROR io.github.yasmramos.forge.core.ForgeEngine -- Error creating sources JAR
java.io.IOException: Cannot run program "jar": error=13, Permission denied
	at java.base/java.lang.ProcessBuilder.start(ProcessBuilder.java:1143)
	at java.base/java.lang.ProcessBuilder.start(ProcessBuilder.java:1073)
	at io.github.yasmramos.forge.core.ForgeEngine.createSourcesJar(ForgeEngine.java:293)
	at io.github.yasmramos.forge.core.ForgeEngine.packageAdditionalArtifacts(ForgeEngine.java:270)
	at io.github.yasmramos.forge.core.ForgeEngine.packageArtifacts(ForgeEngine.java:219)
	at io.github.yasmramos.forge.core.ForgeEngine.build(ForgeEngine.java:71)
	at io.github.yasmramos.forge.core.ForgeEngineTest.testBuildMethodExists(ForgeEngineTest.java:34)
	at java.base/jdk.internal.reflect.NativeMethodAccessorImpl.invoke0(Native Method)
	at java.base/jdk.internal.reflect.NativeMethodAccessorImpl.invoke(NativeMethodAccessorImpl.java:77)
	at java.base/jdk.internal.reflect.DelegatingMethodAccessorImpl.invoke(DelegatingMethodAccessorImpl.java:43)
	at java.base/java.lang.reflect.Method.invoke(Method.java:569)
	at org.junit.platform.commons.util.ReflectionUtils.invokeMethod(ReflectionUtils.java:727)
	at org.junit.jupiter.engine.execution.MethodInvocation.proceed(MethodInvocation.java:60)
	at org.junit.jupiter.engine.execution.InvocationInterceptorChain$ValidatingInvocation.proceed(InvocationInterceptorChain.java:131)
	at org.junit.jupiter.engine.extension.TimeoutExtension.intercept(TimeoutExtension.java:156)
	at org.junit.jupiter.engine.extension.TimeoutExtension.interceptTestableMethod(TimeoutExtension.java:147)
	at org.junit.jupiter.engine.extension.TimeoutExtension.interceptTestMethod(TimeoutExtension.java:86)
	at org.junit.jupiter.engine.execution.InterceptingExecutableInvoker$ReflectiveInterceptorCall.lambda$ofVoidMethod$0(InterceptingExecutableInvoker.java:103)
	at org.junit.jupiter.engine.execution.InterceptingExecutableInvoker.lambda$invoke$0(InterceptingExecutableInvoker.java:93)
	at org.junit.jupiter.engine.execution.InvocationInterceptorChain$InterceptedInvocation.proceed(InvocationInterceptorChain.java:106)
	at org.junit.jupiter.engine.execution.InvocationInterceptorChain.proceed(InvocationInterceptorChain.java:64)
	at org.junit.jupiter.engine.execution.InvocationInterceptorChain.chainAndInvoke(InvocationInterceptorChain.java:45)
	at org.junit.jupiter.engine.execution.InvocationInterceptorChain.invoke(InvocationInterceptorChain.java:37)
	at org.junit.jupiter.engine.execution.InterceptingExecutableInvoker.invoke(InterceptingExecutableInvoker.java:92)
	at org.junit.jupiter.engine.execution.InterceptingExecutableInvoker.invoke(InterceptingExecutableInvoker.java:86)
	at org.junit.jupiter.engine.descriptor.TestMethodTestDescriptor.lambda$invokeTestMethod$7(TestMethodTestDescriptor.java:217)
	at org.junit.platform.engine.support.hierarchical.ThrowableCollector.execute(ThrowableCollector.java:73)
	at org.junit.jupiter.engine.descriptor.TestMethodTestDescriptor.invokeTestMethod(TestMethodTestDescriptor.java:213)
	at org.junit.jupiter.engine.descriptor.TestMethodTestDescriptor.execute(TestMethodTestDescriptor.java:138)
	at org.junit.jupiter.engine.descriptor.TestMethodTestDescriptor.execute(TestMethodTestDescriptor.java:68)
	at org.junit.platform.engine.support.hierarchical.NodeTestTask.lambda$executeRecursively$6(NodeTestTask.java:151)
	at org.junit.platform.engine.support.hierarchical.ThrowableCollector.execute(ThrowableCollector.java:73)
	at org.junit.platform.engine.support.hierarchical.NodeTestTask.lambda$executeRecursively$8(NodeTestTask.java:141)
	at org.junit.platform.engine.support.hierarchical.Node.around(Node.java:137)
	at org.junit.platform.engine.support.hierarchical.NodeTestTask.lambda$executeRecursively$9(NodeTestTask.java:139)
	at org.junit.platform.engine.support.hierarchical.ThrowableCollector.execute(ThrowableCollector.java:73)
	at org.junit.platform.engine.support.hierarchical.NodeTestTask.executeRecursively(NodeTestTask.java:138)
	at org.junit.platform.engine.support.hierarchical.NodeTestTask.execute(NodeTestTask.java:95)
	at java.base/java.util.ArrayList.forEach(ArrayList.java:1511)
	at org.junit.platform.engine.support.hierarchical.SameThreadHierarchicalTestExecutorService.invokeAll(SameThreadHierarchicalTestExecutorService.java:41)
	at org.junit.platform.engine.support.hierarchical.NodeTestTask.lambda$executeRecursively$6(NodeTestTask.java:155)
	at org.junit.platform.engine.support.hierarchical.ThrowableCollector.execute(ThrowableCollector.java:73)
	at org.junit.platform.engine.support.hierarchical.NodeTestTask.lambda$executeRecursively$8(NodeTestTask.java:141)
	at org.junit.platform.engine.support.hierarchical.Node.around(Node.java:137)
	at org.junit.platform.engine.support.hierarchical.NodeTestTask.lambda$executeRecursively$9(NodeTestTask.java:139)
	at org.junit.platform.engine.support.hierarchical.ThrowableCollector.execute(ThrowableCollector.java:73)
	at org.junit.platform.engine.support.hierarchical.NodeTestTask.executeRecursively(NodeTestTask.java:138)
	at org.junit.platform.engine.support.hierarchical.NodeTestTask.execute(NodeTestTask.java:95)
	at java.base/java.util.ArrayList.forEach(ArrayList.java:1511)
	at org.junit.platform.engine.support.hierarchical.SameThreadHierarchicalTestExecutorService.invokeAll(SameThreadHierarchicalTestExecutorService.java:41)
	at org.junit.platform.engine.support.hierarchical.NodeTestTask.lambda$executeRecursively$6(NodeTestTask.java:155)
	at org.junit.platform.engine.support.hierarchical.ThrowableCollector.execute(ThrowableCollector.java:73)
	at org.junit.platform.engine.support.hierarchical.NodeTestTask.lambda$executeRecursively$8(NodeTestTask.java:141)
	at org.junit.platform.engine.support.hierarchical.Node.around(Node.java:137)
	at org.junit.platform.engine.support.hierarchical.NodeTestTask.lambda$executeRecursively$9(NodeTestTask.java:139)
	at org.junit.platform.engine.support.hierarchical.ThrowableCollector.execute(ThrowableCollector.java:73)
	at org.junit.platform.engine.support.hierarchical.NodeTestTask.executeRecursively(NodeTestTask.java:138)
	at org.junit.platform.engine.support.hierarchical.NodeTestTask.execute(NodeTestTask.java:95)
	at org.junit.platform.engine.support.hierarchical.SameThreadHierarchicalTestExecutorService.submit(SameThreadHierarchicalTestExecutorService.java:35)
	at org.junit.platform.engine.support.hierarchical.HierarchicalTestExecutor.execute(HierarchicalTestExecutor.java:57)
	at org.junit.platform.engine.support.hierarchical.HierarchicalTestEngine.execute(HierarchicalTestEngine.java:54)
	at org.junit.platform.launcher.core.EngineExecutionOrchestrator.execute(EngineExecutionOrchestrator.java:147)
	at org.junit.platform.launcher.core.EngineExecutionOrchestrator.execute(EngineExecutionOrchestrator.java:127)
	at org.junit.platform.launcher.core.EngineExecutionOrchestrator.execute(EngineExecutionOrchestrator.java:90)
	at org.junit.platform.launcher.core.EngineExecutionOrchestrator.lambda$execute$0(EngineExecutionOrchestrator.java:55)
	at org.junit.platform.launcher.core.EngineExecutionOrchestrator.withInterceptedStreams(EngineExecutionOrchestrator.java:102)
	at org.junit.platform.launcher.core.EngineExecutionOrchestrator.execute(EngineExecutionOrchestrator.java:54)
	at org.junit.platform.launcher.core.DefaultLauncher.execute(DefaultLauncher.java:114)
	at org.junit.platform.launcher.core.DefaultLauncher.execute(DefaultLauncher.java:86)
	at org.junit.platform.launcher.core.DefaultLauncherSession$DelegatingLauncher.execute(DefaultLauncherSession.java:86)
	at org.apache.maven.surefire.junitplatform.LazyLauncher.execute(LazyLauncher.java:50)
	at org.apache.maven.surefire.junitplatform.JUnitPlatformProvider.execute(JUnitPlatformProvider.java:184)
	at org.apache.maven.surefire.junitplatform.JUnitPlatformProvider.invokeAllTests(JUnitPlatformProvider.java:148)
	at org.apache.maven.surefire.junitplatform.JUnitPlatformProvider.invoke(JUnitPlatformProvider.java:122)
	at org.apache.maven.surefire.booter.ForkedBooter.runSuitesInProcess(ForkedBooter.java:385)
	at org.apache.maven.surefire.booter.ForkedBooter.execute(ForkedBooter.java:162)
	at org.apache.maven.surefire.booter.ForkedBooter.run(ForkedBooter.java:507)
	at org.apache.maven.surefire.booter.ForkedBooter.main(ForkedBooter.java:495)
Caused by: java.io.IOException: error=13, Permission denied
	at java.base/java.lang.ProcessImpl.forkAndExec(Native Method)
	at java.base/java.lang.ProcessImpl.<init>(ProcessImpl.java:314)
	at java.base/java.lang.ProcessImpl.start(ProcessImpl.java:244)
	at java.base/java.lang.ProcessBuilder.start(ProcessBuilder.java:1110)
	... 77 common frames omitted
20:07:43.089 [main] ERROR io.github.yasmramos.forge.core.ForgeEngine -- Error generating javadoc
java.io.IOException: Cannot run program "javadoc": error=13, Permission denied
	at java.base/java.lang.ProcessBuilder.start(ProcessBuilder.java:1143)
	at java.base/java.lang.ProcessBuilder.start(ProcessBuilder.java:1073)
	at io.github.yasmramos.forge.core.ForgeEngine.generateJavadoc(ForgeEngine.java:320)
	at io.github.yasmramos.forge.core.ForgeEngine.packageAdditionalArtifacts(ForgeEngine.java:276)
	at io.github.yasmramos.forge.core.ForgeEngine.packageArtifacts(ForgeEngine.java:219)
	at io.github.yasmramos.forge.core.ForgeEngine.build(ForgeEngine.java:71)
	at io.github.yasmramos.forge.core.ForgeEngineTest.testBuildMethodExists(ForgeEngineTest.java:34)
	at java.base/jdk.internal.reflect.NativeMethodAccessorImpl.invoke0(Native Method)
	at java.base/jdk.internal.reflect.NativeMethodAccessorImpl.invoke(NativeMethodAccessorImpl.java:77)
	at java.base/jdk.internal.reflect.DelegatingMethodAccessorImpl.invoke(DelegatingMethodAccessorImpl.java:43)
	at java.base/java.lang.reflect.Method.invoke(Method.java:569)
	at org.junit.platform.commons.util.ReflectionUtils.invokeMethod(ReflectionUtils.java:727)
	at org.junit.jupiter.engine.execution.MethodInvocation.proceed(MethodInvocation.java:60)
	at org.junit.jupiter.engine.execution.InvocationInterceptorChain$ValidatingInvocation.proceed(InvocationInterceptorChain.java:131)
	at org.junit.jupiter.engine.extension.TimeoutExtension.intercept(TimeoutExtension.java:156)
	at org.junit.jupiter.engine.extension.TimeoutExtension.interceptTestableMethod(TimeoutExtension.java:147)
	at org.junit.jupiter.engine.extension.TimeoutExtension.interceptTestMethod(TimeoutExtension.java:86)
	at org.junit.jupiter.engine.execution.InterceptingExecutableInvoker$ReflectiveInterceptorCall.lambda$ofVoidMethod$0(InterceptingExecutableInvoker.java:103)
	at org.junit.jupiter.engine.execution.InterceptingExecutableInvoker.lambda$invoke$0(InterceptingExecutableInvoker.java:93)
	at org.junit.jupiter.engine.execution.InvocationInterceptorChain$InterceptedInvocation.proceed(InvocationInterceptorChain.java:106)
	at org.junit.jupiter.engine.execution.InvocationInterceptorChain.proceed(InvocationInterceptorChain.java:64)
	at org.junit.jupiter.engine.execution.InvocationInterceptorChain.chainAndInvoke(InvocationInterceptorChain.java:45)
	at org.junit.jupiter.engine.execution.InvocationInterceptorChain.invoke(InvocationInterceptorChain.java:37)
	at org.junit.jupiter.engine.execution.InterceptingExecutableInvoker.invoke(InterceptingExecutableInvoker.java:92)
	at org.junit.jupiter.engine.execution.InterceptingExecutableInvoker.invoke(InterceptingExecutableInvoker.java:86)
	at org.junit.jupiter.engine.descriptor.TestMethodTestDescriptor.lambda$invokeTestMethod$7(TestMethodTestDescriptor.java:217)
	at org.junit.platform.engine.support.hierarchical.ThrowableCollector.execute(ThrowableCollector.java:73)
	at org.junit.jupiter.engine.descriptor.TestMethodTestDescriptor.invokeTestMethod(TestMethodTestDescriptor.java:213)
	at org.junit.jupiter.engine.descriptor.TestMethodTestDescriptor.execute(TestMethodTestDescriptor.java:138)
	at org.junit.jupiter.engine.descriptor.TestMethodTestDescriptor.execute(TestMethodTestDescriptor.java:68)
	at org.junit.platform.engine.support.hierarchical.NodeTestTask.lambda$executeRecursively$6(NodeTestTask.java:151)
	at org.junit.platform.engine.support.hierarchical.ThrowableCollector.execute(ThrowableCollector.java:73)
	at org.junit.platform.engine.support.hierarchical.NodeTestTask.lambda$executeRecursively$8(NodeTestTask.java:141)
	at org.junit.platform.engine.support.hierarchical.Node.around(Node.java:137)
	at org.junit.platform.engine.support.hierarchical.NodeTestTask.lambda$executeRecursively$9(NodeTestTask.java:139)
	at org.junit.platform.engine.support.hierarchical.ThrowableCollector.execute(ThrowableCollector.java:73)
	at org.junit.platform.engine.support.hierarchical.NodeTestTask.executeRecursively(NodeTestTask.java:138)
	at org.junit.platform.engine.support.hierarchical.NodeTestTask.execute(NodeTestTask.java:95)
	at java.base/java.util.ArrayList.forEach(ArrayList.java:1511)
	at org.junit.platform.engine.support.hierarchical.SameThreadHierarchicalTestExecutorService.invokeAll(SameThreadHierarchicalTestExecutorService.java:41)
	at org.junit.platform.engine.support.hierarchical.NodeTestTask.lambda$executeRecursively$6(NodeTestTask.java:155)
	at org.junit.platform.engine.support.hierarchical.ThrowableCollector.execute(ThrowableCollector.java:73)
	at org.junit.platform.engine.support.hierarchical.NodeTestTask.lambda$executeRecursively$8(NodeTestTask.java:141)
	at org.junit.platform.engine.support.hierarchical.Node.around(Node.java:137)
	at org.junit.platform.engine.support.hierarchical.NodeTestTask.lambda$executeRecursively$9(NodeTestTask.java:139)
	at org.junit.platform.engine.support.hierarchical.ThrowableCollector.execute(ThrowableCollector.java:73)
	at org.junit.platform.engine.support.hierarchical.NodeTestTask.executeRecursively(NodeTestTask.java:138)
	at org.junit.platform.engine.support.hierarchical.NodeTestTask.execute(NodeTestTask.java:95)
	at java.base/java.util.ArrayList.forEach(ArrayList.java:1511)
	at org.junit.platform.engine.support.hierarchical.SameThreadHierarchicalTestExecutorService.invokeAll(SameThreadHierarchicalTestExecutorService.java:41)
	at org.junit.platform.engine.support.hierarchical.NodeTestTask.lambda$executeRecursively$6(NodeTestTask.java:155)
	at org.junit.platform.engine.support.hierarchical.ThrowableCollector.execute(ThrowableCollector.java:73)
	at org.junit.platform.engine.support.hierarchical.NodeTestTask.lambda$executeRecursively$8(NodeTestTask.java:141)
	at org.junit.platform.engine.support.hierarchical.Node.around(Node.java:137)
	at org.junit.platform.engine.support.hierarchical.NodeTestTask.lambda$executeRecursively$9(NodeTestTask.java:139)
	at org.junit.platform.engine.support.hierarchical.ThrowableCollector.execute(ThrowableCollector.java:73)
	at org.junit.platform.engine.support.hierarchical.NodeTestTask.executeRecursively(NodeTestTask.java:138)
	at org.junit.platform.engine.support.hierarchical.NodeTestTask.execute(NodeTestTask.java:95)
	at org.junit.platform.engine.support.hierarchical.SameThreadHierarchicalTestExecutorService.submit(SameThreadHierarchicalTestExecutorService.java:35)
	at org.junit.platform.engine.support.hierarchical.HierarchicalTestExecutor.execute(HierarchicalTestExecutor.java:57)
	at org.junit.platform.engine.support.hierarchical.HierarchicalTestEngine.execute(HierarchicalTestEngine.java:54)
	at org.junit.platform.launcher.core.EngineExecutionOrchestrator.execute(EngineExecutionOrchestrator.java:147)
	at org.junit.platform.launcher.core.EngineExecutionOrchestrator.execute(EngineExecutionOrchestrator.java:127)
	at org.junit.platform.launcher.core.EngineExecutionOrchestrator.execute(EngineExecutionOrchestrator.java:90)
	at org.junit.platform.launcher.core.EngineExecutionOrchestrator.lambda$execute$0(EngineExecutionOrchestrator.java:55)
	at org.junit.platform.launcher.core.EngineExecutionOrchestrator.withInterceptedStreams(EngineExecutionOrchestrator.java:102)
	at org.junit.platform.launcher.core.EngineExecutionOrchestrator.execute(EngineExecutionOrchestrator.java:54)
	at org.junit.platform.launcher.core.DefaultLauncher.execute(DefaultLauncher.java:114)
	at org.junit.platform.launcher.core.DefaultLauncher.execute(DefaultLauncher.java:86)
	at org.junit.platform.launcher.core.DefaultLauncherSession$DelegatingLauncher.execute(DefaultLauncherSession.java:86)
	at org.apache.maven.surefire.junitplatform.LazyLauncher.execute(LazyLauncher.java:50)
	at org.apache.maven.surefire.junitplatform.JUnitPlatformProvider.execute(JUnitPlatformProvider.java:184)
	at org.apache.maven.surefire.junitplatform.JUnitPlatformProvider.invokeAllTests(JUnitPlatformProvider.java:148)
	at org.apache.maven.surefire.junitplatform.JUnitPlatformProvider.invoke(JUnitPlatformProvider.java:122)
	at org.apache.maven.surefire.booter.ForkedBooter.runSuitesInProcess(ForkedBooter.java:385)
	at org.apache.maven.surefire.booter.ForkedBooter.execute(ForkedBooter.java:162)
	at org.apache.maven.surefire.booter.ForkedBooter.run(ForkedBooter.java:507)
	at org.apache.maven.surefire.booter.ForkedBooter.main(ForkedBooter.java:495)
Caused by: java.io.IOException: error=13, Permission denied
	at java.base/java.lang.ProcessImpl.forkAndExec(Native Method)
	at java.base/java.lang.ProcessImpl.<init>(ProcessImpl.java:314)
	at java.base/java.lang.ProcessImpl.start(ProcessImpl.java:244)
	at java.base/java.lang.ProcessBuilder.start(ProcessBuilder.java:1110)
	... 77 common frames omitted
20:07:43.089 [main] INFO io.github.yasmramos.forge.core.ForgeEngine -- Packaging complete: 0 artifacts created
20:07:43.090 [main] INFO io.github.yasmramos.forge.core.ForgeEngine -- Running tests...
20:07:43.090 [main] INFO io.github.yasmramos.forge.core.ForgeEngine -- Running tests...
20:07:43.125 [main] DEBUG io.github.yasmramos.forge.core.ForgeEngine -- Running test: ForgeTest
20:07:43.126 [main] DEBUG io.github.yasmramos.forge.core.ForgeEngine -- Skipping test (no main method): ForgeTest
20:07:43.126 [main] DEBUG io.github.yasmramos.forge.core.ForgeEngine -- Running test: ForgeCacheTest
20:07:43.126 [main] DEBUG io.github.yasmramos.forge.core.ForgeEngine -- Skipping test (no main method): ForgeCacheTest
20:07:43.126 [main] DEBUG io.github.yasmramos.forge.core.ForgeEngine -- Running test: CLITest
20:07:43.127 [main] DEBUG io.github.yasmramos.forge.core.ForgeEngine -- Skipping test (no main method): CLITest
20:07:43.127 [main] DEBUG io.github.yasmramos.forge.core.ForgeEngine -- Running test: BuildAnalyzerTest
20:07:43.127 [main] DEBUG io.github.yasmramos.forge.core.ForgeEngine -- Skipping test (no main method): BuildAnalyzerTest
20:07:43.127 [main] DEBUG io.github.yasmramos.forge.core.ForgeEngine -- Running test: CompilerTest
20:07:43.128 [main] DEBUG io.github.yasmramos.forge.core.ForgeEngine -- Skipping test (no main method): CompilerTest
20:07:43.128 [main] DEBUG io.github.yasmramos.forge.core.ForgeEngine -- Running test: DependencyResolverTest
20:07:43.128 [main] DEBUG io.github.yasmramos.forge.core.ForgeEngine -- Skipping test (no main method): DependencyResolverTest
20:07:43.128 [main] DEBUG io.github.yasmramos.forge.core.ForgeEngine -- Running test: ForgeEngineTest
20:07:43.129 [main] DEBUG io.github.yasmramos.forge.core.ForgeEngine -- Skipping test (no main method): ForgeEngineTest
20:07:43.129 [main] DEBUG io.github.yasmramos.forge.core.ForgeEngine -- Running test: ForgeBuildSystemIntegrationTest
20:07:43.129 [main] DEBUG io.github.yasmramos.forge.core.ForgeEngine -- Skipping test (no main method): ForgeBuildSystemIntegrationTest
20:07:43.129 [main] DEBUG io.github.yasmramos.forge.core.ForgeEngine -- Running test: ModelClassesTest
20:07:43.130 [main] DEBUG io.github.yasmramos.forge.core.ForgeEngine -- Skipping test (no main method): ModelClassesTest
20:07:43.130 [main] DEBUG io.github.yasmramos.forge.core.ForgeEngine -- Running test: ForgePerformanceTest
20:07:43.130 [main] DEBUG io.github.yasmramos.forge.core.ForgeEngine -- Skipping test (no main method): ForgePerformanceTest
20:07:43.130 [main] DEBUG io.github.yasmramos.forge.core.ForgeEngine -- Running test: ConfigReaderTest
20:07:43.131 [main] DEBUG io.github.yasmramos.forge.core.ForgeEngine -- Skipping test (no main method): ConfigReaderTest
20:07:43.131 [main] DEBUG io.github.yasmramos.forge.core.ForgeEngine -- Running test: ForgeDemoProjectValidationTest
20:07:43.131 [main] DEBUG io.github.yasmramos.forge.core.ForgeEngine -- Skipping test (no main method): ForgeDemoProjectValidationTest
20:07:43.131 [main] DEBUG io.github.yasmramos.forge.core.ForgeEngine -- Running test: ForgeTest
20:07:43.132 [main] DEBUG io.github.yasmramos.forge.core.ForgeEngine -- Skipping test (no main method): ForgeTest
20:07:43.132 [main] DEBUG io.github.yasmramos.forge.core.ForgeEngine -- Running test: ForgeCacheTest
20:07:43.132 [main] DEBUG io.github.yasmramos.forge.core.ForgeEngine -- Skipping test (no main method): ForgeCacheTest
20:07:43.132 [main] DEBUG io.github.yasmramos.forge.core.ForgeEngine -- Running test: CLITest
20:07:43.133 [main] DEBUG io.github.yasmramos.forge.core.ForgeEngine -- Skipping test (no main method): CLITest
20:07:43.133 [main] DEBUG io.github.yasmramos.forge.core.ForgeEngine -- Running test: BuildAnalyzerTest
20:07:43.133 [main] DEBUG io.github.yasmramos.forge.core.ForgeEngine -- Skipping test (no main method): BuildAnalyzerTest
20:07:43.133 [main] DEBUG io.github.yasmramos.forge.core.ForgeEngine -- Running test: CompilerTest
20:07:43.134 [main] DEBUG io.github.yasmramos.forge.core.ForgeEngine -- Skipping test (no main method): CompilerTest
20:07:43.134 [main] DEBUG io.github.yasmramos.forge.core.ForgeEngine -- Running test: DependencyResolverTest
20:07:43.134 [main] DEBUG io.github.yasmramos.forge.core.ForgeEngine -- Skipping test (no main method): DependencyResolverTest
20:07:43.134 [main] DEBUG io.github.yasmramos.forge.core.ForgeEngine -- Running test: ForgeEngineTest
20:07:43.135 [main] DEBUG io.github.yasmramos.forge.core.ForgeEngine -- Skipping test (no main method): ForgeEngineTest
20:07:43.135 [main] DEBUG io.github.yasmramos.forge.core.ForgeEngine -- Running test: ForgeBuildSystemIntegrationTest
20:07:43.135 [main] DEBUG io.github.yasmramos.forge.core.ForgeEngine -- Skipping test (no main method): ForgeBuildSystemIntegrationTest
20:07:43.135 [main] DEBUG io.github.yasmramos.forge.core.ForgeEngine -- Running test: ModelClassesTest
20:07:43.135 [main] DEBUG io.github.yasmramos.forge.core.ForgeEngine -- Skipping test (no main method): ModelClassesTest
20:07:43.136 [main] DEBUG io.github.yasmramos.forge.core.ForgeEngine -- Running test: ForgePerformanceTest
20:07:43.136 [main] DEBUG io.github.yasmramos.forge.core.ForgeEngine -- Skipping test (no main method): ForgePerformanceTest
20:07:43.136 [main] DEBUG io.github.yasmramos.forge.core.ForgeEngine -- Running test: ConfigReaderTest
20:07:43.136 [main] DEBUG io.github.yasmramos.forge.core.ForgeEngine -- Skipping test (no main method): ConfigReaderTest
20:07:43.137 [main] DEBUG io.github.yasmramos.forge.core.ForgeEngine -- Running test: ForgeDemoProjectValidationTest
20:07:43.137 [main] DEBUG io.github.yasmramos.forge.core.ForgeEngine -- Skipping test (no main method): ForgeDemoProjectValidationTest
20:07:43.137 [main] INFO io.github.yasmramos.forge.core.ForgeEngine -- Test execution complete: 24/24 passed
20:07:43.142 [main] INFO io.github.yasmramos.forge.core.ForgeEngine -- Starting Forge build for project: integration-test
20:07:43.143 [main] INFO io.github.yasmramos.forge.core.ForgeEngine -- Analyzing project structure...
20:07:43.143 [main] INFO io.github.yasmramos.forge.core.BuildAnalyzer -- Analyzing project structure...
20:07:43.149 [main] DEBUG io.github.yasmramos.forge.core.BuildAnalyzer -- Found 15 source files in: src/main/java
20:07:43.155 [main] DEBUG io.github.yasmramos.forge.core.BuildAnalyzer -- Found 12 source files in: src/test/java
20:07:43.155 [main] DEBUG io.github.yasmramos.forge.core.BuildAnalyzer -- Analyzing package structure...
20:07:43.166 [main] DEBUG io.github.yasmramos.forge.core.BuildAnalyzer -- Package structure analysis complete: 9 packages found
20:07:43.167 [main] DEBUG io.github.yasmramos.forge.core.BuildAnalyzer -- Analyzing source file dependencies...
20:07:43.167 [main] DEBUG io.github.yasmramos.forge.core.BuildAnalyzer -- File Forge.java imports: 10 dependencies
20:07:43.168 [main] DEBUG io.github.yasmramos.forge.core.BuildAnalyzer -- File ForgeCache.java imports: 10 dependencies
20:07:43.168 [main] DEBUG io.github.yasmramos.forge.core.BuildAnalyzer -- File ForgeCLI.java imports: 4 dependencies
20:07:43.169 [main] DEBUG io.github.yasmramos.forge.core.BuildAnalyzer -- File BuildAnalyzer.java imports: 17 dependencies
20:07:43.169 [main] DEBUG io.github.yasmramos.forge.core.BuildAnalyzer -- File Compiler.java imports: 17 dependencies
20:07:43.170 [main] DEBUG io.github.yasmramos.forge.core.BuildAnalyzer -- File DependencyResolver.java imports: 17 dependencies
20:07:43.170 [main] DEBUG io.github.yasmramos.forge.core.BuildAnalyzer -- File ForgeEngine.java imports: 19 dependencies
20:07:43.171 [main] DEBUG io.github.yasmramos.forge.core.BuildAnalyzer -- File DependencyInfo.java imports: 3 dependencies
20:07:43.172 [main] DEBUG io.github.yasmramos.forge.core.BuildAnalyzer -- File DependencyResolution.java imports: 4 dependencies
20:07:43.174 [main] DEBUG io.github.yasmramos.forge.core.BuildAnalyzer -- File ProjectAnalysis.java imports: 5 dependencies
20:07:43.174 [main] DEBUG io.github.yasmramos.forge.core.BuildAnalyzer -- File ProjectConfig.java imports: 3 dependencies
20:07:43.175 [main] DEBUG io.github.yasmramos.forge.core.BuildAnalyzer -- File ConfigReader.java imports: 9 dependencies
20:07:43.175 [main] DEBUG io.github.yasmramos.forge.core.BuildAnalyzer -- File ForgeTest.java imports: 2 dependencies
20:07:43.176 [main] DEBUG io.github.yasmramos.forge.core.BuildAnalyzer -- File ForgeCacheTest.java imports: 5 dependencies
20:07:43.176 [main] DEBUG io.github.yasmramos.forge.core.BuildAnalyzer -- File CLITest.java imports: 2 dependencies
20:07:43.177 [main] DEBUG io.github.yasmramos.forge.core.BuildAnalyzer -- File BuildAnalyzerTest.java imports: 10 dependencies
20:07:43.177 [main] DEBUG io.github.yasmramos.forge.core.BuildAnalyzer -- File CompilerTest.java imports: 2 dependencies
20:07:43.178 [main] DEBUG io.github.yasmramos.forge.core.BuildAnalyzer -- File DependencyResolverTest.java imports: 7 dependencies
20:07:43.178 [main] DEBUG io.github.yasmramos.forge.core.BuildAnalyzer -- File ForgeEngineTest.java imports: 6 dependencies
20:07:43.179 [main] DEBUG io.github.yasmramos.forge.core.BuildAnalyzer -- File ForgeBuildSystemIntegrationTest.java imports: 6 dependencies
20:07:43.179 [main] DEBUG io.github.yasmramos.forge.core.BuildAnalyzer -- File ModelClassesTest.java imports: 4 dependencies
20:07:43.180 [main] DEBUG io.github.yasmramos.forge.core.BuildAnalyzer -- File ForgePerformanceTest.java imports: 6 dependencies
20:07:43.180 [main] DEBUG io.github.yasmramos.forge.core.BuildAnalyzer -- File ConfigReaderTest.java imports: 2 dependencies
20:07:43.181 [main] DEBUG io.github.yasmramos.forge.core.BuildAnalyzer -- File ForgeDemoProjectValidationTest.java imports: 5 dependencies
20:07:43.181 [main] DEBUG io.github.yasmramos.forge.core.BuildAnalyzer -- Dependency analysis complete: 27 files analyzed
20:07:43.181 [main] DEBUG io.github.yasmramos.forge.core.BuildAnalyzer -- Analyzing test files...
20:07:43.181 [main] DEBUG io.github.yasmramos.forge.core.BuildAnalyzer -- Found test file: src/test/java/io/github/yasmramos/forge/ForgeTest.java
20:07:43.181 [main] DEBUG io.github.yasmramos.forge.core.BuildAnalyzer -- Found test file: src/test/java/io/github/yasmramos/forge/cache/ForgeCacheTest.java
20:07:43.181 [main] DEBUG io.github.yasmramos.forge.core.BuildAnalyzer -- Found test file: src/test/java/io/github/yasmramos/forge/cli/CLITest.java
20:07:43.181 [main] DEBUG io.github.yasmramos.forge.core.BuildAnalyzer -- Found test file: src/test/java/io/github/yasmramos/forge/core/BuildAnalyzerTest.java
20:07:43.181 [main] DEBUG io.github.yasmramos.forge.core.BuildAnalyzer -- Found test file: src/test/java/io/github/yasmramos/forge/core/CompilerTest.java
20:07:43.181 [main] DEBUG io.github.yasmramos.forge.core.BuildAnalyzer -- Found test file: src/test/java/io/github/yasmramos/forge/core/DependencyResolverTest.java
20:07:43.181 [main] DEBUG io.github.yasmramos.forge.core.BuildAnalyzer -- Found test file: src/test/java/io/github/yasmramos/forge/core/ForgeEngineTest.java
20:07:43.181 [main] DEBUG io.github.yasmramos.forge.core.BuildAnalyzer -- Found test file: src/test/java/io/github/yasmramos/forge/integration/ForgeBuildSystemIntegrationTest.java
20:07:43.181 [main] DEBUG io.github.yasmramos.forge.core.BuildAnalyzer -- Found test file: src/test/java/io/github/yasmramos/forge/model/ModelClassesTest.java
20:07:43.181 [main] DEBUG io.github.yasmramos.forge.core.BuildAnalyzer -- Found test file: src/test/java/io/github/yasmramos/forge/performance/ForgePerformanceTest.java
20:07:43.181 [main] DEBUG io.github.yasmramos.forge.core.BuildAnalyzer -- Found test file: src/test/java/io/github/yasmramos/forge/utils/ConfigReaderTest.java
20:07:43.181 [main] DEBUG io.github.yasmramos.forge.core.BuildAnalyzer -- Found test file: src/test/java/io/github/yasmramos/forge/validation/ForgeDemoProjectValidationTest.java
20:07:43.181 [main] DEBUG io.github.yasmramos.forge.core.BuildAnalyzer -- Test analysis complete: 12 test files found
20:07:43.193 [main] DEBUG io.github.yasmramos.forge.core.BuildAnalyzer -- Calculating complexity score for 27 files...
20:07:43.206 [main] DEBUG io.github.yasmramos.forge.core.BuildAnalyzer -- Complexity calculation complete: 856.5
20:07:43.206 [main] INFO io.github.yasmramos.forge.core.ForgeEngine -- Resolving dependencies...
20:07:43.206 [main] WARN io.github.yasmramos.forge.core.DependencyResolver -- Dependencies map is null, returning empty resolution
20:07:43.206 [main] INFO io.github.yasmramos.forge.core.ForgeEngine -- Compiling sources...
20:07:43.206 [pool-12-thread-2] DEBUG io.github.yasmramos.forge.core.Compiler -- Compiling: src/main/java/io/github/yasmramos/forge/cache/ForgeCache.java
20:07:43.206 [pool-12-thread-1] DEBUG io.github.yasmramos.forge.core.Compiler -- Compiling: src/main/java/io/github/yasmramos/forge/Forge.java
20:07:43.207 [pool-12-thread-2] ERROR io.github.yasmramos.forge.core.Compiler -- Compilation failed for: src/main/java/io/github/yasmramos/forge/cache/ForgeCache.java
20:07:43.207 [pool-12-thread-1] ERROR io.github.yasmramos.forge.core.Compiler -- Compilation failed for: src/main/java/io/github/yasmramos/forge/Forge.java
20:07:43.208 [pool-12-thread-2] ERROR io.github.yasmramos.forge.core.Compiler -- Error: [B@77b81af
20:07:43.208 [pool-12-thread-1] ERROR io.github.yasmramos.forge.core.Compiler -- Error: [B@1f5d664a
20:07:43.208 [pool-12-thread-2] DEBUG io.github.yasmramos.forge.core.Compiler -- Compiling: src/main/java/io/github/yasmramos/forge/cli/ForgeCLI.java
20:07:43.208 [pool-12-thread-1] DEBUG io.github.yasmramos.forge.core.Compiler -- Compiling: src/main/java/io/github/yasmramos/forge/core/BuildAnalyzer.java
20:07:43.209 [pool-12-thread-2] ERROR io.github.yasmramos.forge.core.Compiler -- Compilation failed for: src/main/java/io/github/yasmramos/forge/cli/ForgeCLI.java
20:07:43.209 [pool-12-thread-1] ERROR io.github.yasmramos.forge.core.Compiler -- Compilation failed for: src/main/java/io/github/yasmramos/forge/core/BuildAnalyzer.java
20:07:43.209 [pool-12-thread-2] ERROR io.github.yasmramos.forge.core.Compiler -- Error: [B@9bc7f30
20:07:43.209 [pool-12-thread-1] ERROR io.github.yasmramos.forge.core.Compiler -- Error: [B@119a8bd1
20:07:43.209 [pool-12-thread-2] DEBUG io.github.yasmramos.forge.core.Compiler -- Compiling: src/main/java/io/github/yasmramos/forge/core/Compiler.java
20:07:43.209 [pool-12-thread-1] DEBUG io.github.yasmramos.forge.core.Compiler -- Compiling: src/main/java/io/github/yasmramos/forge/core/DependencyResolver.java
20:07:43.210 [pool-12-thread-2] ERROR io.github.yasmramos.forge.core.Compiler -- Compilation failed for: src/main/java/io/github/yasmramos/forge/core/Compiler.java
20:07:43.210 [pool-12-thread-2] ERROR io.github.yasmramos.forge.core.Compiler -- Error: [B@d83eadf
20:07:43.210 [pool-12-thread-1] ERROR io.github.yasmramos.forge.core.Compiler -- Compilation failed for: src/main/java/io/github/yasmramos/forge/core/DependencyResolver.java
20:07:43.210 [pool-12-thread-1] ERROR io.github.yasmramos.forge.core.Compiler -- Error: [B@15a50d3a
20:07:43.210 [pool-12-thread-2] DEBUG io.github.yasmramos.forge.core.Compiler -- Compiling: src/main/java/io/github/yasmramos/forge/core/ForgeEngine.java
20:07:43.210 [pool-12-thread-1] DEBUG io.github.yasmramos.forge.core.Compiler -- Compiling: src/main/java/io/github/yasmramos/forge/model/CompilationResult.java
20:07:43.211 [pool-12-thread-2] ERROR io.github.yasmramos.forge.core.Compiler -- Compilation failed for: src/main/java/io/github/yasmramos/forge/core/ForgeEngine.java
20:07:43.211 [pool-12-thread-2] ERROR io.github.yasmramos.forge.core.Compiler -- Error: [B@4881750b
20:07:43.211 [pool-12-thread-1] ERROR io.github.yasmramos.forge.core.Compiler -- Compilation failed for: src/main/java/io/github/yasmramos/forge/model/CompilationResult.java
20:07:43.211 [pool-12-thread-1] ERROR io.github.yasmramos.forge.core.Compiler -- Error: [B@50a781ea
20:07:43.211 [pool-12-thread-2] DEBUG io.github.yasmramos.forge.core.Compiler -- Compiling: src/main/java/io/github/yasmramos/forge/model/DependencyInfo.java
20:07:43.211 [pool-12-thread-1] DEBUG io.github.yasmramos.forge.core.Compiler -- Compiling: src/main/java/io/github/yasmramos/forge/model/DependencyResolution.java
20:07:43.212 [pool-12-thread-2] ERROR io.github.yasmramos.forge.core.Compiler -- Compilation failed for: src/main/java/io/github/yasmramos/forge/model/DependencyInfo.java
20:07:43.212 [pool-12-thread-2] ERROR io.github.yasmramos.forge.core.Compiler -- Error: [B@132ce34d
20:07:43.212 [pool-12-thread-1] ERROR io.github.yasmramos.forge.core.Compiler -- Compilation failed for: src/main/java/io/github/yasmramos/forge/model/DependencyResolution.java
20:07:43.212 [pool-12-thread-1] ERROR io.github.yasmramos.forge.core.Compiler -- Error: [B@24bcd282
20:07:43.212 [pool-12-thread-2] DEBUG io.github.yasmramos.forge.core.Compiler -- Compiling: src/main/java/io/github/yasmramos/forge/model/DependencyType.java
20:07:43.212 [pool-12-thread-1] DEBUG io.github.yasmramos.forge.core.Compiler -- Compiling: src/main/java/io/github/yasmramos/forge/model/PackageResult.java
20:07:43.213 [pool-12-thread-2] ERROR io.github.yasmramos.forge.core.Compiler -- Compilation failed for: src/main/java/io/github/yasmramos/forge/model/DependencyType.java
20:07:43.213 [pool-12-thread-1] ERROR io.github.yasmramos.forge.core.Compiler -- Compilation failed for: src/main/java/io/github/yasmramos/forge/model/PackageResult.java
20:07:43.213 [pool-12-thread-2] ERROR io.github.yasmramos.forge.core.Compiler -- Error: [B@79035be7
20:07:43.213 [pool-12-thread-1] ERROR io.github.yasmramos.forge.core.Compiler -- Error: [B@61bd11c7
20:07:43.214 [pool-12-thread-2] DEBUG io.github.yasmramos.forge.core.Compiler -- Compiling: src/main/java/io/github/yasmramos/forge/model/ProjectAnalysis.java
20:07:43.214 [pool-12-thread-1] DEBUG io.github.yasmramos.forge.core.Compiler -- Compiling: src/main/java/io/github/yasmramos/forge/model/ProjectConfig.java
20:07:43.214 [pool-12-thread-2] ERROR io.github.yasmramos.forge.core.Compiler -- Compilation failed for: src/main/java/io/github/yasmramos/forge/model/ProjectAnalysis.java
20:07:43.214 [pool-12-thread-2] ERROR io.github.yasmramos.forge.core.Compiler -- Error: [B@6b44930a
20:07:43.214 [pool-12-thread-1] ERROR io.github.yasmramos.forge.core.Compiler -- Compilation failed for: src/main/java/io/github/yasmramos/forge/model/ProjectConfig.java
20:07:43.214 [pool-12-thread-1] ERROR io.github.yasmramos.forge.core.Compiler -- Error: [B@5c4c1c17
20:07:43.215 [pool-12-thread-2] DEBUG io.github.yasmramos.forge.core.Compiler -- Compiling: src/main/java/io/github/yasmramos/forge/utils/ConfigReader.java
20:07:43.215 [pool-12-thread-1] DEBUG io.github.yasmramos.forge.core.Compiler -- Compiling: src/test/java/io/github/yasmramos/forge/ForgeTest.java
20:07:43.215 [pool-12-thread-1] ERROR io.github.yasmramos.forge.core.Compiler -- Compilation failed for: src/test/java/io/github/yasmramos/forge/ForgeTest.java
20:07:43.215 [pool-12-thread-1] ERROR io.github.yasmramos.forge.core.Compiler -- Error: [B@30887ea5
20:07:43.215 [pool-12-thread-2] ERROR io.github.yasmramos.forge.core.Compiler -- Compilation failed for: src/main/java/io/github/yasmramos/forge/utils/ConfigReader.java
20:07:43.216 [pool-12-thread-2] ERROR io.github.yasmramos.forge.core.Compiler -- Error: [B@28ae8a44
20:07:43.216 [pool-12-thread-1] DEBUG io.github.yasmramos.forge.core.Compiler -- Compiling: src/test/java/io/github/yasmramos/forge/cache/ForgeCacheTest.java
20:07:43.216 [pool-12-thread-2] DEBUG io.github.yasmramos.forge.core.Compiler -- Compiling: src/test/java/io/github/yasmramos/forge/cli/CLITest.java
20:07:43.216 [pool-12-thread-2] ERROR io.github.yasmramos.forge.core.Compiler -- Compilation failed for: src/test/java/io/github/yasmramos/forge/cli/CLITest.java
20:07:43.216 [pool-12-thread-2] ERROR io.github.yasmramos.forge.core.Compiler -- Error: [B@5cec3297
20:07:43.216 [pool-12-thread-1] ERROR io.github.yasmramos.forge.core.Compiler -- Compilation failed for: src/test/java/io/github/yasmramos/forge/cache/ForgeCacheTest.java
20:07:43.217 [pool-12-thread-1] ERROR io.github.yasmramos.forge.core.Compiler -- Error: [B@726282f4
20:07:43.217 [pool-12-thread-2] DEBUG io.github.yasmramos.forge.core.Compiler -- Compiling: src/test/java/io/github/yasmramos/forge/core/BuildAnalyzerTest.java
20:07:43.217 [pool-12-thread-1] DEBUG io.github.yasmramos.forge.core.Compiler -- Compiling: src/test/java/io/github/yasmramos/forge/core/CompilerTest.java
20:07:43.217 [pool-12-thread-2] ERROR io.github.yasmramos.forge.core.Compiler -- Compilation failed for: src/test/java/io/github/yasmramos/forge/core/BuildAnalyzerTest.java
20:07:43.217 [pool-12-thread-2] ERROR io.github.yasmramos.forge.core.Compiler -- Error: [B@3f53868e
20:07:43.217 [pool-12-thread-1] ERROR io.github.yasmramos.forge.core.Compiler -- Compilation failed for: src/test/java/io/github/yasmramos/forge/core/CompilerTest.java
20:07:43.217 [pool-12-thread-1] ERROR io.github.yasmramos.forge.core.Compiler -- Error: [B@7b589656
20:07:43.217 [pool-12-thread-2] DEBUG io.github.yasmramos.forge.core.Compiler -- Compiling: src/test/java/io/github/yasmramos/forge/core/DependencyResolverTest.java
20:07:43.218 [pool-12-thread-1] DEBUG io.github.yasmramos.forge.core.Compiler -- Compiling: src/test/java/io/github/yasmramos/forge/core/ForgeEngineTest.java
20:07:43.218 [pool-12-thread-2] ERROR io.github.yasmramos.forge.core.Compiler -- Compilation failed for: src/test/java/io/github/yasmramos/forge/core/DependencyResolverTest.java
20:07:43.218 [pool-12-thread-2] ERROR io.github.yasmramos.forge.core.Compiler -- Error: [B@70409ead
20:07:43.218 [pool-12-thread-1] ERROR io.github.yasmramos.forge.core.Compiler -- Compilation failed for: src/test/java/io/github/yasmramos/forge/core/ForgeEngineTest.java
20:07:43.218 [pool-12-thread-1] ERROR io.github.yasmramos.forge.core.Compiler -- Error: [B@4748918e
20:07:43.219 [pool-12-thread-1] DEBUG io.github.yasmramos.forge.core.Compiler -- Compiling: src/test/java/io/github/yasmramos/forge/model/ModelClassesTest.java
20:07:43.219 [pool-12-thread-2] DEBUG io.github.yasmramos.forge.core.Compiler -- Compiling: src/test/java/io/github/yasmramos/forge/integration/ForgeBuildSystemIntegrationTest.java
20:07:43.219 [pool-12-thread-1] ERROR io.github.yasmramos.forge.core.Compiler -- Compilation failed for: src/test/java/io/github/yasmramos/forge/model/ModelClassesTest.java
20:07:43.219 [pool-12-thread-1] ERROR io.github.yasmramos.forge.core.Compiler -- Error: [B@34c6a294
20:07:43.219 [pool-12-thread-2] ERROR io.github.yasmramos.forge.core.Compiler -- Compilation failed for: src/test/java/io/github/yasmramos/forge/integration/ForgeBuildSystemIntegrationTest.java
20:07:43.220 [pool-12-thread-2] ERROR io.github.yasmramos.forge.core.Compiler -- Error: [B@2ce0d64b
20:07:43.220 [pool-12-thread-1] DEBUG io.github.yasmramos.forge.core.Compiler -- Compiling: src/test/java/io/github/yasmramos/forge/performance/ForgePerformanceTest.java
20:07:43.220 [pool-12-thread-2] DEBUG io.github.yasmramos.forge.core.Compiler -- Compiling: src/test/java/io/github/yasmramos/forge/utils/ConfigReaderTest.java
20:07:43.220 [pool-12-thread-1] ERROR io.github.yasmramos.forge.core.Compiler -- Compilation failed for: src/test/java/io/github/yasmramos/forge/performance/ForgePerformanceTest.java
20:07:43.220 [pool-12-thread-1] ERROR io.github.yasmramos.forge.core.Compiler -- Error: [B@52d5f3da
20:07:43.220 [pool-12-thread-1] DEBUG io.github.yasmramos.forge.core.Compiler -- Compiling: src/test/java/io/github/yasmramos/forge/validation/ForgeDemoProjectValidationTest.java
20:07:43.220 [pool-12-thread-2] ERROR io.github.yasmramos.forge.core.Compiler -- Compilation failed for: src/test/java/io/github/yasmramos/forge/utils/ConfigReaderTest.java
20:07:43.220 [pool-12-thread-2] ERROR io.github.yasmramos.forge.core.Compiler -- Error: [B@11a531ca
20:07:43.221 [pool-12-thread-1] ERROR io.github.yasmramos.forge.core.Compiler -- Compilation failed for: src/test/java/io/github/yasmramos/forge/validation/ForgeDemoProjectValidationTest.java
20:07:43.221 [pool-12-thread-1] ERROR io.github.yasmramos.forge.core.Compiler -- Error: [B@6d8035f0
20:07:43.221 [main] INFO io.github.yasmramos.forge.core.ForgeEngine -- Packaging artifacts...
20:07:43.221 [main] INFO io.github.yasmramos.forge.core.ForgeEngine -- Packaging compiled artifacts...
20:07:43.223 [main] ERROR io.github.yasmramos.forge.core.ForgeEngine -- Error creating main JAR
java.io.IOException: Cannot run program "jar": error=13, Permission denied
	at java.base/java.lang.ProcessBuilder.start(ProcessBuilder.java:1143)
	at java.base/java.lang.ProcessBuilder.start(ProcessBuilder.java:1073)
	at io.github.yasmramos.forge.core.ForgeEngine.packageMainJar(ForgeEngine.java:245)
	at io.github.yasmramos.forge.core.ForgeEngine.packageArtifacts(ForgeEngine.java:212)
	at io.github.yasmramos.forge.core.ForgeEngine.build(ForgeEngine.java:71)
	at io.github.yasmramos.forge.integration.ForgeBuildSystemIntegrationTest.testCompleteBuildWorkflow(ForgeBuildSystemIntegrationTest.java:32)
	at java.base/jdk.internal.reflect.NativeMethodAccessorImpl.invoke0(Native Method)
	at java.base/jdk.internal.reflect.NativeMethodAccessorImpl.invoke(NativeMethodAccessorImpl.java:77)
	at java.base/jdk.internal.reflect.DelegatingMethodAccessorImpl.invoke(DelegatingMethodAccessorImpl.java:43)
	at java.base/java.lang.reflect.Method.invoke(Method.java:569)
	at org.junit.platform.commons.util.ReflectionUtils.invokeMethod(ReflectionUtils.java:727)
	at org.junit.jupiter.engine.execution.MethodInvocation.proceed(MethodInvocation.java:60)
	at org.junit.jupiter.engine.execution.InvocationInterceptorChain$ValidatingInvocation.proceed(InvocationInterceptorChain.java:131)
	at org.junit.jupiter.engine.extension.TimeoutExtension.intercept(TimeoutExtension.java:156)
	at org.junit.jupiter.engine.extension.TimeoutExtension.interceptTestableMethod(TimeoutExtension.java:147)
	at org.junit.jupiter.engine.extension.TimeoutExtension.interceptTestMethod(TimeoutExtension.java:86)
	at org.junit.jupiter.engine.execution.InterceptingExecutableInvoker$ReflectiveInterceptorCall.lambda$ofVoidMethod$0(InterceptingExecutableInvoker.java:103)
	at org.junit.jupiter.engine.execution.InterceptingExecutableInvoker.lambda$invoke$0(InterceptingExecutableInvoker.java:93)
	at org.junit.jupiter.engine.execution.InvocationInterceptorChain$InterceptedInvocation.proceed(InvocationInterceptorChain.java:106)
	at org.junit.jupiter.engine.execution.InvocationInterceptorChain.proceed(InvocationInterceptorChain.java:64)
	at org.junit.jupiter.engine.execution.InvocationInterceptorChain.chainAndInvoke(InvocationInterceptorChain.java:45)
	at org.junit.jupiter.engine.execution.InvocationInterceptorChain.invoke(InvocationInterceptorChain.java:37)
	at org.junit.jupiter.engine.execution.InterceptingExecutableInvoker.invoke(InterceptingExecutableInvoker.java:92)
	at org.junit.jupiter.engine.execution.InterceptingExecutableInvoker.invoke(InterceptingExecutableInvoker.java:86)
	at org.junit.jupiter.engine.descriptor.TestMethodTestDescriptor.lambda$invokeTestMethod$7(TestMethodTestDescriptor.java:217)
	at org.junit.platform.engine.support.hierarchical.ThrowableCollector.execute(ThrowableCollector.java:73)
	at org.junit.jupiter.engine.descriptor.TestMethodTestDescriptor.invokeTestMethod(TestMethodTestDescriptor.java:213)
	at org.junit.jupiter.engine.descriptor.TestMethodTestDescriptor.execute(TestMethodTestDescriptor.java:138)
	at org.junit.jupiter.engine.descriptor.TestMethodTestDescriptor.execute(TestMethodTestDescriptor.java:68)
	at org.junit.platform.engine.support.hierarchical.NodeTestTask.lambda$executeRecursively$6(NodeTestTask.java:151)
	at org.junit.platform.engine.support.hierarchical.ThrowableCollector.execute(ThrowableCollector.java:73)
	at org.junit.platform.engine.support.hierarchical.NodeTestTask.lambda$executeRecursively$8(NodeTestTask.java:141)
	at org.junit.platform.engine.support.hierarchical.Node.around(Node.java:137)
	at org.junit.platform.engine.support.hierarchical.NodeTestTask.lambda$executeRecursively$9(NodeTestTask.java:139)
	at org.junit.platform.engine.support.hierarchical.ThrowableCollector.execute(ThrowableCollector.java:73)
	at org.junit.platform.engine.support.hierarchical.NodeTestTask.executeRecursively(NodeTestTask.java:138)
	at org.junit.platform.engine.support.hierarchical.NodeTestTask.execute(NodeTestTask.java:95)
	at java.base/java.util.ArrayList.forEach(ArrayList.java:1511)
	at org.junit.platform.engine.support.hierarchical.SameThreadHierarchicalTestExecutorService.invokeAll(SameThreadHierarchicalTestExecutorService.java:41)
	at org.junit.platform.engine.support.hierarchical.NodeTestTask.lambda$executeRecursively$6(NodeTestTask.java:155)
	at org.junit.platform.engine.support.hierarchical.ThrowableCollector.execute(ThrowableCollector.java:73)
	at org.junit.platform.engine.support.hierarchical.NodeTestTask.lambda$executeRecursively$8(NodeTestTask.java:141)
	at org.junit.platform.engine.support.hierarchical.Node.around(Node.java:137)
	at org.junit.platform.engine.support.hierarchical.NodeTestTask.lambda$executeRecursively$9(NodeTestTask.java:139)
	at org.junit.platform.engine.support.hierarchical.ThrowableCollector.execute(ThrowableCollector.java:73)
	at org.junit.platform.engine.support.hierarchical.NodeTestTask.executeRecursively(NodeTestTask.java:138)
	at org.junit.platform.engine.support.hierarchical.NodeTestTask.execute(NodeTestTask.java:95)
	at java.base/java.util.ArrayList.forEach(ArrayList.java:1511)
	at org.junit.platform.engine.support.hierarchical.SameThreadHierarchicalTestExecutorService.invokeAll(SameThreadHierarchicalTestExecutorService.java:41)
	at org.junit.platform.engine.support.hierarchical.NodeTestTask.lambda$executeRecursively$6(NodeTestTask.java:155)
	at org.junit.platform.engine.support.hierarchical.ThrowableCollector.execute(ThrowableCollector.java:73)
	at org.junit.platform.engine.support.hierarchical.NodeTestTask.lambda$executeRecursively$8(NodeTestTask.java:141)
	at org.junit.platform.engine.support.hierarchical.Node.around(Node.java:137)
	at org.junit.platform.engine.support.hierarchical.NodeTestTask.lambda$executeRecursively$9(NodeTestTask.java:139)
	at org.junit.platform.engine.support.hierarchical.ThrowableCollector.execute(ThrowableCollector.java:73)
	at org.junit.platform.engine.support.hierarchical.NodeTestTask.executeRecursively(NodeTestTask.java:138)
	at org.junit.platform.engine.support.hierarchical.NodeTestTask.execute(NodeTestTask.java:95)
	at org.junit.platform.engine.support.hierarchical.SameThreadHierarchicalTestExecutorService.submit(SameThreadHierarchicalTestExecutorService.java:35)
	at org.junit.platform.engine.support.hierarchical.HierarchicalTestExecutor.execute(HierarchicalTestExecutor.java:57)
	at org.junit.platform.engine.support.hierarchical.HierarchicalTestEngine.execute(HierarchicalTestEngine.java:54)
	at org.junit.platform.launcher.core.EngineExecutionOrchestrator.execute(EngineExecutionOrchestrator.java:147)
	at org.junit.platform.launcher.core.EngineExecutionOrchestrator.execute(EngineExecutionOrchestrator.java:127)
	at org.junit.platform.launcher.core.EngineExecutionOrchestrator.execute(EngineExecutionOrchestrator.java:90)
	at org.junit.platform.launcher.core.EngineExecutionOrchestrator.lambda$execute$0(EngineExecutionOrchestrator.java:55)
	at org.junit.platform.launcher.core.EngineExecutionOrchestrator.withInterceptedStreams(EngineExecutionOrchestrator.java:102)
	at org.junit.platform.launcher.core.EngineExecutionOrchestrator.execute(EngineExecutionOrchestrator.java:54)
	at org.junit.platform.launcher.core.DefaultLauncher.execute(DefaultLauncher.java:114)
	at org.junit.platform.launcher.core.DefaultLauncher.execute(DefaultLauncher.java:86)
	at org.junit.platform.launcher.core.DefaultLauncherSession$DelegatingLauncher.execute(DefaultLauncherSession.java:86)
	at org.apache.maven.surefire.junitplatform.LazyLauncher.execute(LazyLauncher.java:50)
	at org.apache.maven.surefire.junitplatform.JUnitPlatformProvider.execute(JUnitPlatformProvider.java:184)
	at org.apache.maven.surefire.junitplatform.JUnitPlatformProvider.invokeAllTests(JUnitPlatformProvider.java:148)
	at org.apache.maven.surefire.junitplatform.JUnitPlatformProvider.invoke(JUnitPlatformProvider.java:122)
	at org.apache.maven.surefire.booter.ForkedBooter.runSuitesInProcess(ForkedBooter.java:385)
	at org.apache.maven.surefire.booter.ForkedBooter.execute(ForkedBooter.java:162)
	at org.apache.maven.surefire.booter.ForkedBooter.run(ForkedBooter.java:507)
	at org.apache.maven.surefire.booter.ForkedBooter.main(ForkedBooter.java:495)
Caused by: java.io.IOException: error=13, Permission denied
	at java.base/java.lang.ProcessImpl.forkAndExec(Native Method)
	at java.base/java.lang.ProcessImpl.<init>(ProcessImpl.java:314)
	at java.base/java.lang.ProcessImpl.start(ProcessImpl.java:244)
	at java.base/java.lang.ProcessBuilder.start(ProcessBuilder.java:1110)
	... 76 common frames omitted
20:07:43.224 [main] ERROR io.github.yasmramos.forge.core.ForgeEngine -- Error creating sources JAR
java.io.IOException: Cannot run program "jar": error=13, Permission denied
	at java.base/java.lang.ProcessBuilder.start(ProcessBuilder.java:1143)
	at java.base/java.lang.ProcessBuilder.start(ProcessBuilder.java:1073)
	at io.github.yasmramos.forge.core.ForgeEngine.createSourcesJar(ForgeEngine.java:293)
	at io.github.yasmramos.forge.core.ForgeEngine.packageAdditionalArtifacts(ForgeEngine.java:270)
	at io.github.yasmramos.forge.core.ForgeEngine.packageArtifacts(ForgeEngine.java:219)
	at io.github.yasmramos.forge.core.ForgeEngine.build(ForgeEngine.java:71)
	at io.github.yasmramos.forge.integration.ForgeBuildSystemIntegrationTest.testCompleteBuildWorkflow(ForgeBuildSystemIntegrationTest.java:32)
	at java.base/jdk.internal.reflect.NativeMethodAccessorImpl.invoke0(Native Method)
	at java.base/jdk.internal.reflect.NativeMethodAccessorImpl.invoke(NativeMethodAccessorImpl.java:77)
	at java.base/jdk.internal.reflect.DelegatingMethodAccessorImpl.invoke(DelegatingMethodAccessorImpl.java:43)
	at java.base/java.lang.reflect.Method.invoke(Method.java:569)
	at org.junit.platform.commons.util.ReflectionUtils.invokeMethod(ReflectionUtils.java:727)
	at org.junit.jupiter.engine.execution.MethodInvocation.proceed(MethodInvocation.java:60)
	at org.junit.jupiter.engine.execution.InvocationInterceptorChain$ValidatingInvocation.proceed(InvocationInterceptorChain.java:131)
	at org.junit.jupiter.engine.extension.TimeoutExtension.intercept(TimeoutExtension.java:156)
	at org.junit.jupiter.engine.extension.TimeoutExtension.interceptTestableMethod(TimeoutExtension.java:147)
	at org.junit.jupiter.engine.extension.TimeoutExtension.interceptTestMethod(TimeoutExtension.java:86)
	at org.junit.jupiter.engine.execution.InterceptingExecutableInvoker$ReflectiveInterceptorCall.lambda$ofVoidMethod$0(InterceptingExecutableInvoker.java:103)
	at org.junit.jupiter.engine.execution.InterceptingExecutableInvoker.lambda$invoke$0(InterceptingExecutableInvoker.java:93)
	at org.junit.jupiter.engine.execution.InvocationInterceptorChain$InterceptedInvocation.proceed(InvocationInterceptorChain.java:106)
	at org.junit.jupiter.engine.execution.InvocationInterceptorChain.proceed(InvocationInterceptorChain.java:64)
	at org.junit.jupiter.engine.execution.InvocationInterceptorChain.chainAndInvoke(InvocationInterceptorChain.java:45)
	at org.junit.jupiter.engine.execution.InvocationInterceptorChain.invoke(InvocationInterceptorChain.java:37)
	at org.junit.jupiter.engine.execution.InterceptingExecutableInvoker.invoke(InterceptingExecutableInvoker.java:92)
	at org.junit.jupiter.engine.execution.InterceptingExecutableInvoker.invoke(InterceptingExecutableInvoker.java:86)
	at org.junit.jupiter.engine.descriptor.TestMethodTestDescriptor.lambda$invokeTestMethod$7(TestMethodTestDescriptor.java:217)
	at org.junit.platform.engine.support.hierarchical.ThrowableCollector.execute(ThrowableCollector.java:73)
	at org.junit.jupiter.engine.descriptor.TestMethodTestDescriptor.invokeTestMethod(TestMethodTestDescriptor.java:213)
	at org.junit.jupiter.engine.descriptor.TestMethodTestDescriptor.execute(TestMethodTestDescriptor.java:138)
	at org.junit.jupiter.engine.descriptor.TestMethodTestDescriptor.execute(TestMethodTestDescriptor.java:68)
	at org.junit.platform.engine.support.hierarchical.NodeTestTask.lambda$executeRecursively$6(NodeTestTask.java:151)
	at org.junit.platform.engine.support.hierarchical.ThrowableCollector.execute(ThrowableCollector.java:73)
	at org.junit.platform.engine.support.hierarchical.NodeTestTask.lambda$executeRecursively$8(NodeTestTask.java:141)
	at org.junit.platform.engine.support.hierarchical.Node.around(Node.java:137)
	at org.junit.platform.engine.support.hierarchical.NodeTestTask.lambda$executeRecursively$9(NodeTestTask.java:139)
	at org.junit.platform.engine.support.hierarchical.ThrowableCollector.execute(ThrowableCollector.java:73)
	at org.junit.platform.engine.support.hierarchical.NodeTestTask.executeRecursively(NodeTestTask.java:138)
	at org.junit.platform.engine.support.hierarchical.NodeTestTask.execute(NodeTestTask.java:95)
	at java.base/java.util.ArrayList.forEach(ArrayList.java:1511)
	at org.junit.platform.engine.support.hierarchical.SameThreadHierarchicalTestExecutorService.invokeAll(SameThreadHierarchicalTestExecutorService.java:41)
	at org.junit.platform.engine.support.hierarchical.NodeTestTask.lambda$executeRecursively$6(NodeTestTask.java:155)
	at org.junit.platform.engine.support.hierarchical.ThrowableCollector.execute(ThrowableCollector.java:73)
	at org.junit.platform.engine.support.hierarchical.NodeTestTask.lambda$executeRecursively$8(NodeTestTask.java:141)
	at org.junit.platform.engine.support.hierarchical.Node.around(Node.java:137)
	at org.junit.platform.engine.support.hierarchical.NodeTestTask.lambda$executeRecursively$9(NodeTestTask.java:139)
	at org.junit.platform.engine.support.hierarchical.ThrowableCollector.execute(ThrowableCollector.java:73)
	at org.junit.platform.engine.support.hierarchical.NodeTestTask.executeRecursively(NodeTestTask.java:138)
	at org.junit.platform.engine.support.hierarchical.NodeTestTask.execute(NodeTestTask.java:95)
	at java.base/java.util.ArrayList.forEach(ArrayList.java:1511)
	at org.junit.platform.engine.support.hierarchical.SameThreadHierarchicalTestExecutorService.invokeAll(SameThreadHierarchicalTestExecutorService.java:41)
	at org.junit.platform.engine.support.hierarchical.NodeTestTask.lambda$executeRecursively$6(NodeTestTask.java:155)
	at org.junit.platform.engine.support.hierarchical.ThrowableCollector.execute(ThrowableCollector.java:73)
	at org.junit.platform.engine.support.hierarchical.NodeTestTask.lambda$executeRecursively$8(NodeTestTask.java:141)
	at org.junit.platform.engine.support.hierarchical.Node.around(Node.java:137)
	at org.junit.platform.engine.support.hierarchical.NodeTestTask.lambda$executeRecursively$9(NodeTestTask.java:139)
	at org.junit.platform.engine.support.hierarchical.ThrowableCollector.execute(ThrowableCollector.java:73)
	at org.junit.platform.engine.support.hierarchical.NodeTestTask.executeRecursively(NodeTestTask.java:138)
	at org.junit.platform.engine.support.hierarchical.NodeTestTask.execute(NodeTestTask.java:95)
	at org.junit.platform.engine.support.hierarchical.SameThreadHierarchicalTestExecutorService.submit(SameThreadHierarchicalTestExecutorService.java:35)
	at org.junit.platform.engine.support.hierarchical.HierarchicalTestExecutor.execute(HierarchicalTestExecutor.java:57)
	at org.junit.platform.engine.support.hierarchical.HierarchicalTestEngine.execute(HierarchicalTestEngine.java:54)
	at org.junit.platform.launcher.core.EngineExecutionOrchestrator.execute(EngineExecutionOrchestrator.java:147)
	at org.junit.platform.launcher.core.EngineExecutionOrchestrator.execute(EngineExecutionOrchestrator.java:127)
	at org.junit.platform.launcher.core.EngineExecutionOrchestrator.execute(EngineExecutionOrchestrator.java:90)
	at org.junit.platform.launcher.core.EngineExecutionOrchestrator.lambda$execute$0(EngineExecutionOrchestrator.java:55)
	at org.junit.platform.launcher.core.EngineExecutionOrchestrator.withInterceptedStreams(EngineExecutionOrchestrator.java:102)
	at org.junit.platform.launcher.core.EngineExecutionOrchestrator.execute(EngineExecutionOrchestrator.java:54)
	at org.junit.platform.launcher.core.DefaultLauncher.execute(DefaultLauncher.java:114)
	at org.junit.platform.launcher.core.DefaultLauncher.execute(DefaultLauncher.java:86)
	at org.junit.platform.launcher.core.DefaultLauncherSession$DelegatingLauncher.execute(DefaultLauncherSession.java:86)
	at org.apache.maven.surefire.junitplatform.LazyLauncher.execute(LazyLauncher.java:50)
	at org.apache.maven.surefire.junitplatform.JUnitPlatformProvider.execute(JUnitPlatformProvider.java:184)
	at org.apache.maven.surefire.junitplatform.JUnitPlatformProvider.invokeAllTests(JUnitPlatformProvider.java:148)
	at org.apache.maven.surefire.junitplatform.JUnitPlatformProvider.invoke(JUnitPlatformProvider.java:122)
	at org.apache.maven.surefire.booter.ForkedBooter.runSuitesInProcess(ForkedBooter.java:385)
	at org.apache.maven.surefire.booter.ForkedBooter.execute(ForkedBooter.java:162)
	at org.apache.maven.surefire.booter.ForkedBooter.run(ForkedBooter.java:507)
	at org.apache.maven.surefire.booter.ForkedBooter.main(ForkedBooter.java:495)
Caused by: java.io.IOException: error=13, Permission denied
	at java.base/java.lang.ProcessImpl.forkAndExec(Native Method)
	at java.base/java.lang.ProcessImpl.<init>(ProcessImpl.java:314)
	at java.base/java.lang.ProcessImpl.start(ProcessImpl.java:244)
	at java.base/java.lang.ProcessBuilder.start(ProcessBuilder.java:1110)
	... 77 common frames omitted
20:07:43.225 [main] ERROR io.github.yasmramos.forge.core.ForgeEngine -- Error generating javadoc
java.io.IOException: Cannot run program "javadoc": error=13, Permission denied
	at java.base/java.lang.ProcessBuilder.start(ProcessBuilder.java:1143)
	at java.base/java.lang.ProcessBuilder.start(ProcessBuilder.java:1073)
	at io.github.yasmramos.forge.core.ForgeEngine.generateJavadoc(ForgeEngine.java:320)
	at io.github.yasmramos.forge.core.ForgeEngine.packageAdditionalArtifacts(ForgeEngine.java:276)
	at io.github.yasmramos.forge.core.ForgeEngine.packageArtifacts(ForgeEngine.java:219)
	at io.github.yasmramos.forge.core.ForgeEngine.build(ForgeEngine.java:71)
	at io.github.yasmramos.forge.integration.ForgeBuildSystemIntegrationTest.testCompleteBuildWorkflow(ForgeBuildSystemIntegrationTest.java:32)
	at java.base/jdk.internal.reflect.NativeMethodAccessorImpl.invoke0(Native Method)
	at java.base/jdk.internal.reflect.NativeMethodAccessorImpl.invoke(NativeMethodAccessorImpl.java:77)
	at java.base/jdk.internal.reflect.DelegatingMethodAccessorImpl.invoke(DelegatingMethodAccessorImpl.java:43)
	at java.base/java.lang.reflect.Method.invoke(Method.java:569)
	at org.junit.platform.commons.util.ReflectionUtils.invokeMethod(ReflectionUtils.java:727)
	at org.junit.jupiter.engine.execution.MethodInvocation.proceed(MethodInvocation.java:60)
	at org.junit.jupiter.engine.execution.InvocationInterceptorChain$ValidatingInvocation.proceed(InvocationInterceptorChain.java:131)
	at org.junit.jupiter.engine.extension.TimeoutExtension.intercept(TimeoutExtension.java:156)
	at org.junit.jupiter.engine.extension.TimeoutExtension.interceptTestableMethod(TimeoutExtension.java:147)
	at org.junit.jupiter.engine.extension.TimeoutExtension.interceptTestMethod(TimeoutExtension.java:86)
	at org.junit.jupiter.engine.execution.InterceptingExecutableInvoker$ReflectiveInterceptorCall.lambda$ofVoidMethod$0(InterceptingExecutableInvoker.java:103)
	at org.junit.jupiter.engine.execution.InterceptingExecutableInvoker.lambda$invoke$0(InterceptingExecutableInvoker.java:93)
	at org.junit.jupiter.engine.execution.InvocationInterceptorChain$InterceptedInvocation.proceed(InvocationInterceptorChain.java:106)
	at org.junit.jupiter.engine.execution.InvocationInterceptorChain.proceed(InvocationInterceptorChain.java:64)
	at org.junit.jupiter.engine.execution.InvocationInterceptorChain.chainAndInvoke(InvocationInterceptorChain.java:45)
	at org.junit.jupiter.engine.execution.InvocationInterceptorChain.invoke(InvocationInterceptorChain.java:37)
	at org.junit.jupiter.engine.execution.InterceptingExecutableInvoker.invoke(InterceptingExecutableInvoker.java:92)
	at org.junit.jupiter.engine.execution.InterceptingExecutableInvoker.invoke(InterceptingExecutableInvoker.java:86)
	at org.junit.jupiter.engine.descriptor.TestMethodTestDescriptor.lambda$invokeTestMethod$7(TestMethodTestDescriptor.java:217)
	at org.junit.platform.engine.support.hierarchical.ThrowableCollector.execute(ThrowableCollector.java:73)
	at org.junit.jupiter.engine.descriptor.TestMethodTestDescriptor.invokeTestMethod(TestMethodTestDescriptor.java:213)
	at org.junit.jupiter.engine.descriptor.TestMethodTestDescriptor.execute(TestMethodTestDescriptor.java:138)
	at org.junit.jupiter.engine.descriptor.TestMethodTestDescriptor.execute(TestMethodTestDescriptor.java:68)
	at org.junit.platform.engine.support.hierarchical.NodeTestTask.lambda$executeRecursively$6(NodeTestTask.java:151)
	at org.junit.platform.engine.support.hierarchical.ThrowableCollector.execute(ThrowableCollector.java:73)
	at org.junit.platform.engine.support.hierarchical.NodeTestTask.lambda$executeRecursively$8(NodeTestTask.java:141)
	at org.junit.platform.engine.support.hierarchical.Node.around(Node.java:137)
	at org.junit.platform.engine.support.hierarchical.NodeTestTask.lambda$executeRecursively$9(NodeTestTask.java:139)
	at org.junit.platform.engine.support.hierarchical.ThrowableCollector.execute(ThrowableCollector.java:73)
	at org.junit.platform.engine.support.hierarchical.NodeTestTask.executeRecursively(NodeTestTask.java:138)
	at org.junit.platform.engine.support.hierarchical.NodeTestTask.execute(NodeTestTask.java:95)
	at java.base/java.util.ArrayList.forEach(ArrayList.java:1511)
	at org.junit.platform.engine.support.hierarchical.SameThreadHierarchicalTestExecutorService.invokeAll(SameThreadHierarchicalTestExecutorService.java:41)
	at org.junit.platform.engine.support.hierarchical.NodeTestTask.lambda$executeRecursively$6(NodeTestTask.java:155)
	at org.junit.platform.engine.support.hierarchical.ThrowableCollector.execute(ThrowableCollector.java:73)
	at org.junit.platform.engine.support.hierarchical.NodeTestTask.lambda$executeRecursively$8(NodeTestTask.java:141)
	at org.junit.platform.engine.support.hierarchical.Node.around(Node.java:137)
	at org.junit.platform.engine.support.hierarchical.NodeTestTask.lambda$executeRecursively$9(NodeTestTask.java:139)
	at org.junit.platform.engine.support.hierarchical.ThrowableCollector.execute(ThrowableCollector.java:73)
	at org.junit.platform.engine.support.hierarchical.NodeTestTask.executeRecursively(NodeTestTask.java:138)
	at org.junit.platform.engine.support.hierarchical.NodeTestTask.execute(NodeTestTask.java:95)
	at java.base/java.util.ArrayList.forEach(ArrayList.java:1511)
	at org.junit.platform.engine.support.hierarchical.SameThreadHierarchicalTestExecutorService.invokeAll(SameThreadHierarchicalTestExecutorService.java:41)
	at org.junit.platform.engine.support.hierarchical.NodeTestTask.lambda$executeRecursively$6(NodeTestTask.java:155)
	at org.junit.platform.engine.support.hierarchical.ThrowableCollector.execute(ThrowableCollector.java:73)
	at org.junit.platform.engine.support.hierarchical.NodeTestTask.lambda$executeRecursively$8(NodeTestTask.java:141)
	at org.junit.platform.engine.support.hierarchical.Node.around(Node.java:137)
	at org.junit.platform.engine.support.hierarchical.NodeTestTask.lambda$executeRecursively$9(NodeTestTask.java:139)
	at org.junit.platform.engine.support.hierarchical.ThrowableCollector.execute(ThrowableCollector.java:73)
	at org.junit.platform.engine.support.hierarchical.NodeTestTask.executeRecursively(NodeTestTask.java:138)
	at org.junit.platform.engine.support.hierarchical.NodeTestTask.execute(NodeTestTask.java:95)
	at org.junit.platform.engine.support.hierarchical.SameThreadHierarchicalTestExecutorService.submit(SameThreadHierarchicalTestExecutorService.java:35)
	at org.junit.platform.engine.support.hierarchical.HierarchicalTestExecutor.execute(HierarchicalTestExecutor.java:57)
	at org.junit.platform.engine.support.hierarchical.HierarchicalTestEngine.execute(HierarchicalTestEngine.java:54)
	at org.junit.platform.launcher.core.EngineExecutionOrchestrator.execute(EngineExecutionOrchestrator.java:147)
	at org.junit.platform.launcher.core.EngineExecutionOrchestrator.execute(EngineExecutionOrchestrator.java:127)
	at org.junit.platform.launcher.core.EngineExecutionOrchestrator.execute(EngineExecutionOrchestrator.java:90)
	at org.junit.platform.launcher.core.EngineExecutionOrchestrator.lambda$execute$0(EngineExecutionOrchestrator.java:55)
	at org.junit.platform.launcher.core.EngineExecutionOrchestrator.withInterceptedStreams(EngineExecutionOrchestrator.java:102)
	at org.junit.platform.launcher.core.EngineExecutionOrchestrator.execute(EngineExecutionOrchestrator.java:54)
	at org.junit.platform.launcher.core.DefaultLauncher.execute(DefaultLauncher.java:114)
	at org.junit.platform.launcher.core.DefaultLauncher.execute(DefaultLauncher.java:86)
	at org.junit.platform.launcher.core.DefaultLauncherSession$DelegatingLauncher.execute(DefaultLauncherSession.java:86)
	at org.apache.maven.surefire.junitplatform.LazyLauncher.execute(LazyLauncher.java:50)
	at org.apache.maven.surefire.junitplatform.JUnitPlatformProvider.execute(JUnitPlatformProvider.java:184)
	at org.apache.maven.surefire.junitplatform.JUnitPlatformProvider.invokeAllTests(JUnitPlatformProvider.java:148)
	at org.apache.maven.surefire.junitplatform.JUnitPlatformProvider.invoke(JUnitPlatformProvider.java:122)
	at org.apache.maven.surefire.booter.ForkedBooter.runSuitesInProcess(ForkedBooter.java:385)
	at org.apache.maven.surefire.booter.ForkedBooter.execute(ForkedBooter.java:162)
	at org.apache.maven.surefire.booter.ForkedBooter.run(ForkedBooter.java:507)
	at org.apache.maven.surefire.booter.ForkedBooter.main(ForkedBooter.java:495)
Caused by: java.io.IOException: error=13, Permission denied
	at java.base/java.lang.ProcessImpl.forkAndExec(Native Method)
	at java.base/java.lang.ProcessImpl.<init>(ProcessImpl.java:314)
	at java.base/java.lang.ProcessImpl.start(ProcessImpl.java:244)
	at java.base/java.lang.ProcessBuilder.start(ProcessBuilder.java:1110)
	... 77 common frames omitted
20:07:43.226 [main] INFO io.github.yasmramos.forge.core.ForgeEngine -- Packaging complete: 0 artifacts created
20:07:43.226 [main] INFO io.github.yasmramos.forge.core.ForgeEngine -- Running tests...
20:07:43.226 [main] INFO io.github.yasmramos.forge.core.ForgeEngine -- Running tests...
20:07:43.237 [main] DEBUG io.github.yasmramos.forge.core.ForgeEngine -- Running test: ForgeTest
20:07:43.238 [main] DEBUG io.github.yasmramos.forge.core.ForgeEngine -- Skipping test (no main method): ForgeTest
20:07:43.238 [main] DEBUG io.github.yasmramos.forge.core.ForgeEngine -- Running test: ForgeCacheTest
20:07:43.238 [main] DEBUG io.github.yasmramos.forge.core.ForgeEngine -- Skipping test (no main method): ForgeCacheTest
20:07:43.238 [main] DEBUG io.github.yasmramos.forge.core.ForgeEngine -- Running test: CLITest
20:07:43.238 [main] DEBUG io.github.yasmramos.forge.core.ForgeEngine -- Skipping test (no main method): CLITest
20:07:43.238 [main] DEBUG io.github.yasmramos.forge.core.ForgeEngine -- Running test: BuildAnalyzerTest
20:07:43.239 [main] DEBUG io.github.yasmramos.forge.core.ForgeEngine -- Skipping test (no main method): BuildAnalyzerTest
20:07:43.239 [main] DEBUG io.github.yasmramos.forge.core.ForgeEngine -- Running test: CompilerTest
20:07:43.239 [main] DEBUG io.github.yasmramos.forge.core.ForgeEngine -- Skipping test (no main method): CompilerTest
20:07:43.239 [main] DEBUG io.github.yasmramos.forge.core.ForgeEngine -- Running test: DependencyResolverTest
20:07:43.240 [main] DEBUG io.github.yasmramos.forge.core.ForgeEngine -- Skipping test (no main method): DependencyResolverTest
20:07:43.240 [main] DEBUG io.github.yasmramos.forge.core.ForgeEngine -- Running test: ForgeEngineTest
20:07:43.240 [main] DEBUG io.github.yasmramos.forge.core.ForgeEngine -- Skipping test (no main method): ForgeEngineTest
20:07:43.240 [main] DEBUG io.github.yasmramos.forge.core.ForgeEngine -- Running test: ForgeBuildSystemIntegrationTest
20:07:43.241 [main] DEBUG io.github.yasmramos.forge.core.ForgeEngine -- Skipping test (no main method): ForgeBuildSystemIntegrationTest
20:07:43.241 [main] DEBUG io.github.yasmramos.forge.core.ForgeEngine -- Running test: ModelClassesTest
20:07:43.241 [main] DEBUG io.github.yasmramos.forge.core.ForgeEngine -- Skipping test (no main method): ModelClassesTest
20:07:43.241 [main] DEBUG io.github.yasmramos.forge.core.ForgeEngine -- Running test: ForgePerformanceTest
20:07:43.242 [main] DEBUG io.github.yasmramos.forge.core.ForgeEngine -- Skipping test (no main method): ForgePerformanceTest
20:07:43.242 [main] DEBUG io.github.yasmramos.forge.core.ForgeEngine -- Running test: ConfigReaderTest
20:07:43.242 [main] DEBUG io.github.yasmramos.forge.core.ForgeEngine -- Skipping test (no main method): ConfigReaderTest
20:07:43.242 [main] DEBUG io.github.yasmramos.forge.core.ForgeEngine -- Running test: ForgeDemoProjectValidationTest
20:07:43.242 [main] DEBUG io.github.yasmramos.forge.core.ForgeEngine -- Skipping test (no main method): ForgeDemoProjectValidationTest
20:07:43.242 [main] DEBUG io.github.yasmramos.forge.core.ForgeEngine -- Running test: ForgeTest
20:07:43.243 [main] DEBUG io.github.yasmramos.forge.core.ForgeEngine -- Skipping test (no main method): ForgeTest
20:07:43.243 [main] DEBUG io.github.yasmramos.forge.core.ForgeEngine -- Running test: ForgeCacheTest
20:07:43.243 [main] DEBUG io.github.yasmramos.forge.core.ForgeEngine -- Skipping test (no main method): ForgeCacheTest
20:07:43.243 [main] DEBUG io.github.yasmramos.forge.core.ForgeEngine -- Running test: CLITest
20:07:43.244 [main] DEBUG io.github.yasmramos.forge.core.ForgeEngine -- Skipping test (no main method): CLITest
20:07:43.244 [main] DEBUG io.github.yasmramos.forge.core.ForgeEngine -- Running test: BuildAnalyzerTest
20:07:43.244 [main] DEBUG io.github.yasmramos.forge.core.ForgeEngine -- Skipping test (no main method): BuildAnalyzerTest
20:07:43.244 [main] DEBUG io.github.yasmramos.forge.core.ForgeEngine -- Running test: CompilerTest
20:07:43.245 [main] DEBUG io.github.yasmramos.forge.core.ForgeEngine -- Skipping test (no main method): CompilerTest
20:07:43.245 [main] DEBUG io.github.yasmramos.forge.core.ForgeEngine -- Running test: DependencyResolverTest
20:07:43.245 [main] DEBUG io.github.yasmramos.forge.core.ForgeEngine -- Skipping test (no main method): DependencyResolverTest
20:07:43.245 [main] DEBUG io.github.yasmramos.forge.core.ForgeEngine -- Running test: ForgeEngineTest
20:07:43.245 [main] DEBUG io.github.yasmramos.forge.core.ForgeEngine -- Skipping test (no main method): ForgeEngineTest
20:07:43.246 [main] DEBUG io.github.yasmramos.forge.core.ForgeEngine -- Running test: ForgeBuildSystemIntegrationTest
20:07:43.246 [main] DEBUG io.github.yasmramos.forge.core.ForgeEngine -- Skipping test (no main method): ForgeBuildSystemIntegrationTest
20:07:43.246 [main] DEBUG io.github.yasmramos.forge.core.ForgeEngine -- Running test: ModelClassesTest
20:07:43.246 [main] DEBUG io.github.yasmramos.forge.core.ForgeEngine -- Skipping test (no main method): ModelClassesTest
20:07:43.246 [main] DEBUG io.github.yasmramos.forge.core.ForgeEngine -- Running test: ForgePerformanceTest
20:07:43.247 [main] DEBUG io.github.yasmramos.forge.core.ForgeEngine -- Skipping test (no main method): ForgePerformanceTest
20:07:43.247 [main] DEBUG io.github.yasmramos.forge.core.ForgeEngine -- Running test: ConfigReaderTest
20:07:43.247 [main] DEBUG io.github.yasmramos.forge.core.ForgeEngine -- Skipping test (no main method): ConfigReaderTest
20:07:43.247 [main] DEBUG io.github.yasmramos.forge.core.ForgeEngine -- Running test: ForgeDemoProjectValidationTest
20:07:43.248 [main] DEBUG io.github.yasmramos.forge.core.ForgeEngine -- Skipping test (no main method): ForgeDemoProjectValidationTest
20:07:43.248 [main] INFO io.github.yasmramos.forge.core.ForgeEngine -- Test execution complete: 24/24 passed
20:07:43.248 [main] INFO io.github.yasmramos.forge.core.ForgeEngine -- Starting incremental build...
20:07:43.248 [main] INFO io.github.yasmramos.forge.core.BuildAnalyzer -- Analyzing project changes...
20:07:43.253 [main] INFO io.github.yasmramos.forge.core.BuildAnalyzer -- Found 15 changed files
20:07:43.258 [main] INFO io.github.yasmramos.forge.core.BuildAnalyzer -- Found 12 changed files
20:07:43.258 [main] INFO io.github.yasmramos.forge.core.Compiler -- Incremental compilation of 12 changed files
20:07:43.258 [pool-13-thread-1] ERROR io.github.yasmramos.forge.core.Compiler -- Failed incremental compile: src/test/java/io/github/yasmramos/forge/ForgeTest.java
java.lang.NullPointerException: Cannot invoke "io.github.yasmramos.forge.model.DependencyResolution.getDependencies()" because "dependencyResolution" is null
	at io.github.yasmramos.forge.core.Compiler.compile(Compiler.java:38)
	at io.github.yasmramos.forge.core.Compiler.lambda$compileIncremental$0(Compiler.java:80)
	at java.base/java.util.concurrent.CompletableFuture$AsyncSupply.run(CompletableFuture.java:1768)
	at java.base/java.util.concurrent.ThreadPoolExecutor.runWorker(ThreadPoolExecutor.java:1136)
	at java.base/java.util.concurrent.ThreadPoolExecutor$Worker.run(ThreadPoolExecutor.java:635)
	at java.base/java.lang.Thread.run(Thread.java:840)
20:07:43.259 [pool-13-thread-2] ERROR io.github.yasmramos.forge.core.Compiler -- Failed incremental compile: src/test/java/io/github/yasmramos/forge/cache/ForgeCacheTest.java
java.lang.NullPointerException: Cannot invoke "io.github.yasmramos.forge.model.DependencyResolution.getDependencies()" because "dependencyResolution" is null
	at io.github.yasmramos.forge.core.Compiler.compile(Compiler.java:38)
	at io.github.yasmramos.forge.core.Compiler.lambda$compileIncremental$0(Compiler.java:80)
	at java.base/java.util.concurrent.CompletableFuture$AsyncSupply.run(CompletableFuture.java:1768)
	at java.base/java.util.concurrent.ThreadPoolExecutor.runWorker(ThreadPoolExecutor.java:1136)
	at java.base/java.util.concurrent.ThreadPoolExecutor$Worker.run(ThreadPoolExecutor.java:635)
	at java.base/java.lang.Thread.run(Thread.java:840)
20:07:43.259 [pool-13-thread-1] ERROR io.github.yasmramos.forge.core.Compiler -- Failed incremental compile: src/test/java/io/github/yasmramos/forge/cli/CLITest.java
java.lang.NullPointerException: Cannot invoke "io.github.yasmramos.forge.model.DependencyResolution.getDependencies()" because "dependencyResolution" is null
	at io.github.yasmramos.forge.core.Compiler.compile(Compiler.java:38)
	at io.github.yasmramos.forge.core.Compiler.lambda$compileIncremental$0(Compiler.java:80)
	at java.base/java.util.concurrent.CompletableFuture$AsyncSupply.run(CompletableFuture.java:1768)
	at java.base/java.util.concurrent.ThreadPoolExecutor.runWorker(ThreadPoolExecutor.java:1136)
	at java.base/java.util.concurrent.ThreadPoolExecutor$Worker.run(ThreadPoolExecutor.java:635)
	at java.base/java.lang.Thread.run(Thread.java:840)
20:07:43.259 [pool-13-thread-2] ERROR io.github.yasmramos.forge.core.Compiler -- Failed incremental compile: src/test/java/io/github/yasmramos/forge/core/BuildAnalyzerTest.java
java.lang.NullPointerException: Cannot invoke "io.github.yasmramos.forge.model.DependencyResolution.getDependencies()" because "dependencyResolution" is null
	at io.github.yasmramos.forge.core.Compiler.compile(Compiler.java:38)
	at io.github.yasmramos.forge.core.Compiler.lambda$compileIncremental$0(Compiler.java:80)
	at java.base/java.util.concurrent.CompletableFuture$AsyncSupply.run(CompletableFuture.java:1768)
	at java.base/java.util.concurrent.ThreadPoolExecutor.runWorker(ThreadPoolExecutor.java:1136)
	at java.base/java.util.concurrent.ThreadPoolExecutor$Worker.run(ThreadPoolExecutor.java:635)
	at java.base/java.lang.Thread.run(Thread.java:840)
20:07:43.259 [pool-13-thread-1] ERROR io.github.yasmramos.forge.core.Compiler -- Failed incremental compile: src/test/java/io/github/yasmramos/forge/core/CompilerTest.java
java.lang.NullPointerException: Cannot invoke "io.github.yasmramos.forge.model.DependencyResolution.getDependencies()" because "dependencyResolution" is null
	at io.github.yasmramos.forge.core.Compiler.compile(Compiler.java:38)
	at io.github.yasmramos.forge.core.Compiler.lambda$compileIncremental$0(Compiler.java:80)
	at java.base/java.util.concurrent.CompletableFuture$AsyncSupply.run(CompletableFuture.java:1768)
	at java.base/java.util.concurrent.ThreadPoolExecutor.runWorker(ThreadPoolExecutor.java:1136)
	at java.base/java.util.concurrent.ThreadPoolExecutor$Worker.run(ThreadPoolExecutor.java:635)
	at java.base/java.lang.Thread.run(Thread.java:840)
20:07:43.259 [pool-13-thread-2] ERROR io.github.yasmramos.forge.core.Compiler -- Failed incremental compile: src/test/java/io/github/yasmramos/forge/core/DependencyResolverTest.java
java.lang.NullPointerException: Cannot invoke "io.github.yasmramos.forge.model.DependencyResolution.getDependencies()" because "dependencyResolution" is null
	at io.github.yasmramos.forge.core.Compiler.compile(Compiler.java:38)
	at io.github.yasmramos.forge.core.Compiler.lambda$compileIncremental$0(Compiler.java:80)
	at java.base/java.util.concurrent.CompletableFuture$AsyncSupply.run(CompletableFuture.java:1768)
	at java.base/java.util.concurrent.ThreadPoolExecutor.runWorker(ThreadPoolExecutor.java:1136)
	at java.base/java.util.concurrent.ThreadPoolExecutor$Worker.run(ThreadPoolExecutor.java:635)
	at java.base/java.lang.Thread.run(Thread.java:840)
20:07:43.259 [pool-13-thread-1] ERROR io.github.yasmramos.forge.core.Compiler -- Failed incremental compile: src/test/java/io/github/yasmramos/forge/core/ForgeEngineTest.java
java.lang.NullPointerException: Cannot invoke "io.github.yasmramos.forge.model.DependencyResolution.getDependencies()" because "dependencyResolution" is null
	at io.github.yasmramos.forge.core.Compiler.compile(Compiler.java:38)
	at io.github.yasmramos.forge.core.Compiler.lambda$compileIncremental$0(Compiler.java:80)
	at java.base/java.util.concurrent.CompletableFuture$AsyncSupply.run(CompletableFuture.java:1768)
	at java.base/java.util.concurrent.ThreadPoolExecutor.runWorker(ThreadPoolExecutor.java:1136)
	at java.base/java.util.concurrent.ThreadPoolExecutor$Worker.run(ThreadPoolExecutor.java:635)
	at java.base/java.lang.Thread.run(Thread.java:840)
20:07:43.259 [pool-13-thread-2] ERROR io.github.yasmramos.forge.core.Compiler -- Failed incremental compile: src/test/java/io/github/yasmramos/forge/integration/ForgeBuildSystemIntegrationTest.java
java.lang.NullPointerException: Cannot invoke "io.github.yasmramos.forge.model.DependencyResolution.getDependencies()" because "dependencyResolution" is null
	at io.github.yasmramos.forge.core.Compiler.compile(Compiler.java:38)
	at io.github.yasmramos.forge.core.Compiler.lambda$compileIncremental$0(Compiler.java:80)
	at java.base/java.util.concurrent.CompletableFuture$AsyncSupply.run(CompletableFuture.java:1768)
	at java.base/java.util.concurrent.ThreadPoolExecutor.runWorker(ThreadPoolExecutor.java:1136)
	at java.base/java.util.concurrent.ThreadPoolExecutor$Worker.run(ThreadPoolExecutor.java:635)
	at java.base/java.lang.Thread.run(Thread.java:840)
20:07:43.259 [pool-13-thread-1] ERROR io.github.yasmramos.forge.core.Compiler -- Failed incremental compile: src/test/java/io/github/yasmramos/forge/model/ModelClassesTest.java
java.lang.NullPointerException: Cannot invoke "io.github.yasmramos.forge.model.DependencyResolution.getDependencies()" because "dependencyResolution" is null
	at io.github.yasmramos.forge.core.Compiler.compile(Compiler.java:38)
	at io.github.yasmramos.forge.core.Compiler.lambda$compileIncremental$0(Compiler.java:80)
	at java.base/java.util.concurrent.CompletableFuture$AsyncSupply.run(CompletableFuture.java:1768)
	at java.base/java.util.concurrent.ThreadPoolExecutor.runWorker(ThreadPoolExecutor.java:1136)
	at java.base/java.util.concurrent.ThreadPoolExecutor$Worker.run(ThreadPoolExecutor.java:635)
	at java.base/java.lang.Thread.run(Thread.java:840)
20:07:43.259 [pool-13-thread-2] ERROR io.github.yasmramos.forge.core.Compiler -- Failed incremental compile: src/test/java/io/github/yasmramos/forge/performance/ForgePerformanceTest.java
java.lang.NullPointerException: Cannot invoke "io.github.yasmramos.forge.model.DependencyResolution.getDependencies()" because "dependencyResolution" is null
	at io.github.yasmramos.forge.core.Compiler.compile(Compiler.java:38)
	at io.github.yasmramos.forge.core.Compiler.lambda$compileIncremental$0(Compiler.java:80)
	at java.base/java.util.concurrent.CompletableFuture$AsyncSupply.run(CompletableFuture.java:1768)
	at java.base/java.util.concurrent.ThreadPoolExecutor.runWorker(ThreadPoolExecutor.java:1136)
	at java.base/java.util.concurrent.ThreadPoolExecutor$Worker.run(ThreadPoolExecutor.java:635)
	at java.base/java.lang.Thread.run(Thread.java:840)
20:07:43.259 [pool-13-thread-1] ERROR io.github.yasmramos.forge.core.Compiler -- Failed incremental compile: src/test/java/io/github/yasmramos/forge/utils/ConfigReaderTest.java
java.lang.NullPointerException: Cannot invoke "io.github.yasmramos.forge.model.DependencyResolution.getDependencies()" because "dependencyResolution" is null
	at io.github.yasmramos.forge.core.Compiler.compile(Compiler.java:38)
	at io.github.yasmramos.forge.core.Compiler.lambda$compileIncremental$0(Compiler.java:80)
	at java.base/java.util.concurrent.CompletableFuture$AsyncSupply.run(CompletableFuture.java:1768)
	at java.base/java.util.concurrent.ThreadPoolExecutor.runWorker(ThreadPoolExecutor.java:1136)
	at java.base/java.util.concurrent.ThreadPoolExecutor$Worker.run(ThreadPoolExecutor.java:635)
	at java.base/java.lang.Thread.run(Thread.java:840)
20:07:43.259 [pool-13-thread-2] ERROR io.github.yasmramos.forge.core.Compiler -- Failed incremental compile: src/test/java/io/github/yasmramos/forge/validation/ForgeDemoProjectValidationTest.java
java.lang.NullPointerException: Cannot invoke "io.github.yasmramos.forge.model.DependencyResolution.getDependencies()" because "dependencyResolution" is null
	at io.github.yasmramos.forge.core.Compiler.compile(Compiler.java:38)
	at io.github.yasmramos.forge.core.Compiler.lambda$compileIncremental$0(Compiler.java:80)
	at java.base/java.util.concurrent.CompletableFuture$AsyncSupply.run(CompletableFuture.java:1768)
	at java.base/java.util.concurrent.ThreadPoolExecutor.runWorker(ThreadPoolExecutor.java:1136)
	at java.base/java.util.concurrent.ThreadPoolExecutor$Worker.run(ThreadPoolExecutor.java:635)
	at java.base/java.lang.Thread.run(Thread.java:840)
20:07:43.274 [main] INFO io.github.yasmramos.forge.core.ForgeEngine -- Starting Forge build for project: performance-test
20:07:43.274 [main] INFO io.github.yasmramos.forge.core.ForgeEngine -- Analyzing project structure...
20:07:43.274 [main] INFO io.github.yasmramos.forge.core.BuildAnalyzer -- Analyzing project structure...
20:07:43.274 [main] WARN io.github.yasmramos.forge.core.BuildAnalyzer -- Source directory not found: /non/existent/path
20:07:43.274 [main] WARN io.github.yasmramos.forge.core.BuildAnalyzer -- Source directory not found: /another/non/existent/path
20:07:43.274 [main] DEBUG io.github.yasmramos.forge.core.BuildAnalyzer -- Analyzing package structure...
20:07:43.274 [main] DEBUG io.github.yasmramos.forge.core.BuildAnalyzer -- Package structure analysis complete: 0 packages found
20:07:43.274 [main] DEBUG io.github.yasmramos.forge.core.BuildAnalyzer -- Analyzing source file dependencies...
20:07:43.274 [main] DEBUG io.github.yasmramos.forge.core.BuildAnalyzer -- Dependency analysis complete: 0 files analyzed
20:07:43.274 [main] DEBUG io.github.yasmramos.forge.core.BuildAnalyzer -- Analyzing test files...
20:07:43.274 [main] DEBUG io.github.yasmramos.forge.core.BuildAnalyzer -- Test analysis complete: 0 test files found
20:07:43.274 [main] DEBUG io.github.yasmramos.forge.core.BuildAnalyzer -- Calculating complexity score for 0 files...
20:07:43.274 [main] DEBUG io.github.yasmramos.forge.core.BuildAnalyzer -- Complexity calculation complete: 0.0
20:07:43.274 [main] INFO io.github.yasmramos.forge.core.ForgeEngine -- Resolving dependencies...
20:07:43.274 [main] WARN io.github.yasmramos.forge.core.DependencyResolver -- Dependencies map is null, returning empty resolution
20:07:43.274 [main] INFO io.github.yasmramos.forge.core.ForgeEngine -- Compiling sources...
20:07:43.274 [main] INFO io.github.yasmramos.forge.core.ForgeEngine -- Packaging artifacts...
20:07:43.274 [main] INFO io.github.yasmramos.forge.core.ForgeEngine -- Packaging compiled artifacts...
20:07:43.275 [main] ERROR io.github.yasmramos.forge.core.ForgeEngine -- Error creating main JAR
java.io.IOException: Cannot run program "jar": error=13, Permission denied
	at java.base/java.lang.ProcessBuilder.start(ProcessBuilder.java:1143)
	at java.base/java.lang.ProcessBuilder.start(ProcessBuilder.java:1073)
	at io.github.yasmramos.forge.core.ForgeEngine.packageMainJar(ForgeEngine.java:245)
	at io.github.yasmramos.forge.core.ForgeEngine.packageArtifacts(ForgeEngine.java:212)
	at io.github.yasmramos.forge.core.ForgeEngine.build(ForgeEngine.java:71)
	at io.github.yasmramos.forge.performance.ForgePerformanceTest.testBasicBuildPerformance(ForgePerformanceTest.java:31)
	at java.base/jdk.internal.reflect.NativeMethodAccessorImpl.invoke0(Native Method)
	at java.base/jdk.internal.reflect.NativeMethodAccessorImpl.invoke(NativeMethodAccessorImpl.java:77)
	at java.base/jdk.internal.reflect.DelegatingMethodAccessorImpl.invoke(DelegatingMethodAccessorImpl.java:43)
	at java.base/java.lang.reflect.Method.invoke(Method.java:569)
	at org.junit.platform.commons.util.ReflectionUtils.invokeMethod(ReflectionUtils.java:727)
	at org.junit.jupiter.engine.execution.MethodInvocation.proceed(MethodInvocation.java:60)
	at org.junit.jupiter.engine.execution.InvocationInterceptorChain$ValidatingInvocation.proceed(InvocationInterceptorChain.java:131)
	at org.junit.jupiter.engine.extension.TimeoutExtension.intercept(TimeoutExtension.java:156)
	at org.junit.jupiter.engine.extension.TimeoutExtension.interceptTestableMethod(TimeoutExtension.java:147)
	at org.junit.jupiter.engine.extension.TimeoutExtension.interceptTestMethod(TimeoutExtension.java:86)
	at org.junit.jupiter.engine.execution.InterceptingExecutableInvoker$ReflectiveInterceptorCall.lambda$ofVoidMethod$0(InterceptingExecutableInvoker.java:103)
	at org.junit.jupiter.engine.execution.InterceptingExecutableInvoker.lambda$invoke$0(InterceptingExecutableInvoker.java:93)
	at org.junit.jupiter.engine.execution.InvocationInterceptorChain$InterceptedInvocation.proceed(InvocationInterceptorChain.java:106)
	at org.junit.jupiter.engine.execution.InvocationInterceptorChain.proceed(InvocationInterceptorChain.java:64)
	at org.junit.jupiter.engine.execution.InvocationInterceptorChain.chainAndInvoke(InvocationInterceptorChain.java:45)
	at org.junit.jupiter.engine.execution.InvocationInterceptorChain.invoke(InvocationInterceptorChain.java:37)
	at org.junit.jupiter.engine.execution.InterceptingExecutableInvoker.invoke(InterceptingExecutableInvoker.java:92)
	at org.junit.jupiter.engine.execution.InterceptingExecutableInvoker.invoke(InterceptingExecutableInvoker.java:86)
	at org.junit.jupiter.engine.descriptor.TestMethodTestDescriptor.lambda$invokeTestMethod$7(TestMethodTestDescriptor.java:217)
	at org.junit.platform.engine.support.hierarchical.ThrowableCollector.execute(ThrowableCollector.java:73)
	at org.junit.jupiter.engine.descriptor.TestMethodTestDescriptor.invokeTestMethod(TestMethodTestDescriptor.java:213)
	at org.junit.jupiter.engine.descriptor.TestMethodTestDescriptor.execute(TestMethodTestDescriptor.java:138)
	at org.junit.jupiter.engine.descriptor.TestMethodTestDescriptor.execute(TestMethodTestDescriptor.java:68)
	at org.junit.platform.engine.support.hierarchical.NodeTestTask.lambda$executeRecursively$6(NodeTestTask.java:151)
	at org.junit.platform.engine.support.hierarchical.ThrowableCollector.execute(ThrowableCollector.java:73)
	at org.junit.platform.engine.support.hierarchical.NodeTestTask.lambda$executeRecursively$8(NodeTestTask.java:141)
	at org.junit.platform.engine.support.hierarchical.Node.around(Node.java:137)
	at org.junit.platform.engine.support.hierarchical.NodeTestTask.lambda$executeRecursively$9(NodeTestTask.java:139)
	at org.junit.platform.engine.support.hierarchical.ThrowableCollector.execute(ThrowableCollector.java:73)
	at org.junit.platform.engine.support.hierarchical.NodeTestTask.executeRecursively(NodeTestTask.java:138)
	at org.junit.platform.engine.support.hierarchical.NodeTestTask.execute(NodeTestTask.java:95)
	at java.base/java.util.ArrayList.forEach(ArrayList.java:1511)
	at org.junit.platform.engine.support.hierarchical.SameThreadHierarchicalTestExecutorService.invokeAll(SameThreadHierarchicalTestExecutorService.java:41)
	at org.junit.platform.engine.support.hierarchical.NodeTestTask.lambda$executeRecursively$6(NodeTestTask.java:155)
	at org.junit.platform.engine.support.hierarchical.ThrowableCollector.execute(ThrowableCollector.java:73)
	at org.junit.platform.engine.support.hierarchical.NodeTestTask.lambda$executeRecursively$8(NodeTestTask.java:141)
	at org.junit.platform.engine.support.hierarchical.Node.around(Node.java:137)
	at org.junit.platform.engine.support.hierarchical.NodeTestTask.lambda$executeRecursively$9(NodeTestTask.java:139)
	at org.junit.platform.engine.support.hierarchical.ThrowableCollector.execute(ThrowableCollector.java:73)
	at org.junit.platform.engine.support.hierarchical.NodeTestTask.executeRecursively(NodeTestTask.java:138)
	at org.junit.platform.engine.support.hierarchical.NodeTestTask.execute(NodeTestTask.java:95)
	at java.base/java.util.ArrayList.forEach(ArrayList.java:1511)
	at org.junit.platform.engine.support.hierarchical.SameThreadHierarchicalTestExecutorService.invokeAll(SameThreadHierarchicalTestExecutorService.java:41)
	at org.junit.platform.engine.support.hierarchical.NodeTestTask.lambda$executeRecursively$6(NodeTestTask.java:155)
	at org.junit.platform.engine.support.hierarchical.ThrowableCollector.execute(ThrowableCollector.java:73)
	at org.junit.platform.engine.support.hierarchical.NodeTestTask.lambda$executeRecursively$8(NodeTestTask.java:141)
	at org.junit.platform.engine.support.hierarchical.Node.around(Node.java:137)
	at org.junit.platform.engine.support.hierarchical.NodeTestTask.lambda$executeRecursively$9(NodeTestTask.java:139)
	at org.junit.platform.engine.support.hierarchical.ThrowableCollector.execute(ThrowableCollector.java:73)
	at org.junit.platform.engine.support.hierarchical.NodeTestTask.executeRecursively(NodeTestTask.java:138)
	at org.junit.platform.engine.support.hierarchical.NodeTestTask.execute(NodeTestTask.java:95)
	at org.junit.platform.engine.support.hierarchical.SameThreadHierarchicalTestExecutorService.submit(SameThreadHierarchicalTestExecutorService.java:35)
	at org.junit.platform.engine.support.hierarchical.HierarchicalTestExecutor.execute(HierarchicalTestExecutor.java:57)
	at org.junit.platform.engine.support.hierarchical.HierarchicalTestEngine.execute(HierarchicalTestEngine.java:54)
	at org.junit.platform.launcher.core.EngineExecutionOrchestrator.execute(EngineExecutionOrchestrator.java:147)
	at org.junit.platform.launcher.core.EngineExecutionOrchestrator.execute(EngineExecutionOrchestrator.java:127)
	at org.junit.platform.launcher.core.EngineExecutionOrchestrator.execute(EngineExecutionOrchestrator.java:90)
	at org.junit.platform.launcher.core.EngineExecutionOrchestrator.lambda$execute$0(EngineExecutionOrchestrator.java:55)
	at org.junit.platform.launcher.core.EngineExecutionOrchestrator.withInterceptedStreams(EngineExecutionOrchestrator.java:102)
	at org.junit.platform.launcher.core.EngineExecutionOrchestrator.execute(EngineExecutionOrchestrator.java:54)
	at org.junit.platform.launcher.core.DefaultLauncher.execute(DefaultLauncher.java:114)
	at org.junit.platform.launcher.core.DefaultLauncher.execute(DefaultLauncher.java:86)
	at org.junit.platform.launcher.core.DefaultLauncherSession$DelegatingLauncher.execute(DefaultLauncherSession.java:86)
	at org.apache.maven.surefire.junitplatform.LazyLauncher.execute(LazyLauncher.java:50)
	at org.apache.maven.surefire.junitplatform.JUnitPlatformProvider.execute(JUnitPlatformProvider.java:184)
	at org.apache.maven.surefire.junitplatform.JUnitPlatformProvider.invokeAllTests(JUnitPlatformProvider.java:148)
	at org.apache.maven.surefire.junitplatform.JUnitPlatformProvider.invoke(JUnitPlatformProvider.java:122)
	at org.apache.maven.surefire.booter.ForkedBooter.runSuitesInProcess(ForkedBooter.java:385)
	at org.apache.maven.surefire.booter.ForkedBooter.execute(ForkedBooter.java:162)
	at org.apache.maven.surefire.booter.ForkedBooter.run(ForkedBooter.java:507)
	at org.apache.maven.surefire.booter.ForkedBooter.main(ForkedBooter.java:495)
Caused by: java.io.IOException: error=13, Permission denied
	at java.base/java.lang.ProcessImpl.forkAndExec(Native Method)
	at java.base/java.lang.ProcessImpl.<init>(ProcessImpl.java:314)
	at java.base/java.lang.ProcessImpl.start(ProcessImpl.java:244)
	at java.base/java.lang.ProcessBuilder.start(ProcessBuilder.java:1110)
	... 76 common frames omitted
20:07:43.276 [main] ERROR io.github.yasmramos.forge.core.ForgeEngine -- Error creating sources JAR
java.io.IOException: Cannot run program "jar": error=13, Permission denied
	at java.base/java.lang.ProcessBuilder.start(ProcessBuilder.java:1143)
	at java.base/java.lang.ProcessBuilder.start(ProcessBuilder.java:1073)
	at io.github.yasmramos.forge.core.ForgeEngine.createSourcesJar(ForgeEngine.java:293)
	at io.github.yasmramos.forge.core.ForgeEngine.packageAdditionalArtifacts(ForgeEngine.java:270)
	at io.github.yasmramos.forge.core.ForgeEngine.packageArtifacts(ForgeEngine.java:219)
	at io.github.yasmramos.forge.core.ForgeEngine.build(ForgeEngine.java:71)
	at io.github.yasmramos.forge.performance.ForgePerformanceTest.testBasicBuildPerformance(ForgePerformanceTest.java:31)
	at java.base/jdk.internal.reflect.NativeMethodAccessorImpl.invoke0(Native Method)
	at java.base/jdk.internal.reflect.NativeMethodAccessorImpl.invoke(NativeMethodAccessorImpl.java:77)
	at java.base/jdk.internal.reflect.DelegatingMethodAccessorImpl.invoke(DelegatingMethodAccessorImpl.java:43)
	at java.base/java.lang.reflect.Method.invoke(Method.java:569)
	at org.junit.platform.commons.util.ReflectionUtils.invokeMethod(ReflectionUtils.java:727)
	at org.junit.jupiter.engine.execution.MethodInvocation.proceed(MethodInvocation.java:60)
	at org.junit.jupiter.engine.execution.InvocationInterceptorChain$ValidatingInvocation.proceed(InvocationInterceptorChain.java:131)
	at org.junit.jupiter.engine.extension.TimeoutExtension.intercept(TimeoutExtension.java:156)
	at org.junit.jupiter.engine.extension.TimeoutExtension.interceptTestableMethod(TimeoutExtension.java:147)
	at org.junit.jupiter.engine.extension.TimeoutExtension.interceptTestMethod(TimeoutExtension.java:86)
	at org.junit.jupiter.engine.execution.InterceptingExecutableInvoker$ReflectiveInterceptorCall.lambda$ofVoidMethod$0(InterceptingExecutableInvoker.java:103)
	at org.junit.jupiter.engine.execution.InterceptingExecutableInvoker.lambda$invoke$0(InterceptingExecutableInvoker.java:93)
	at org.junit.jupiter.engine.execution.InvocationInterceptorChain$InterceptedInvocation.proceed(InvocationInterceptorChain.java:106)
	at org.junit.jupiter.engine.execution.InvocationInterceptorChain.proceed(InvocationInterceptorChain.java:64)
	at org.junit.jupiter.engine.execution.InvocationInterceptorChain.chainAndInvoke(InvocationInterceptorChain.java:45)
	at org.junit.jupiter.engine.execution.InvocationInterceptorChain.invoke(InvocationInterceptorChain.java:37)
	at org.junit.jupiter.engine.execution.InterceptingExecutableInvoker.invoke(InterceptingExecutableInvoker.java:92)
	at org.junit.jupiter.engine.execution.InterceptingExecutableInvoker.invoke(InterceptingExecutableInvoker.java:86)
	at org.junit.jupiter.engine.descriptor.TestMethodTestDescriptor.lambda$invokeTestMethod$7(TestMethodTestDescriptor.java:217)
	at org.junit.platform.engine.support.hierarchical.ThrowableCollector.execute(ThrowableCollector.java:73)
	at org.junit.jupiter.engine.descriptor.TestMethodTestDescriptor.invokeTestMethod(TestMethodTestDescriptor.java:213)
	at org.junit.jupiter.engine.descriptor.TestMethodTestDescriptor.execute(TestMethodTestDescriptor.java:138)
	at org.junit.jupiter.engine.descriptor.TestMethodTestDescriptor.execute(TestMethodTestDescriptor.java:68)
	at org.junit.platform.engine.support.hierarchical.NodeTestTask.lambda$executeRecursively$6(NodeTestTask.java:151)
	at org.junit.platform.engine.support.hierarchical.ThrowableCollector.execute(ThrowableCollector.java:73)
	at org.junit.platform.engine.support.hierarchical.NodeTestTask.lambda$executeRecursively$8(NodeTestTask.java:141)
	at org.junit.platform.engine.support.hierarchical.Node.around(Node.java:137)
	at org.junit.platform.engine.support.hierarchical.NodeTestTask.lambda$executeRecursively$9(NodeTestTask.java:139)
	at org.junit.platform.engine.support.hierarchical.ThrowableCollector.execute(ThrowableCollector.java:73)
	at org.junit.platform.engine.support.hierarchical.NodeTestTask.executeRecursively(NodeTestTask.java:138)
	at org.junit.platform.engine.support.hierarchical.NodeTestTask.execute(NodeTestTask.java:95)
	at java.base/java.util.ArrayList.forEach(ArrayList.java:1511)
	at org.junit.platform.engine.support.hierarchical.SameThreadHierarchicalTestExecutorService.invokeAll(SameThreadHierarchicalTestExecutorService.java:41)
	at org.junit.platform.engine.support.hierarchical.NodeTestTask.lambda$executeRecursively$6(NodeTestTask.java:155)
	at org.junit.platform.engine.support.hierarchical.ThrowableCollector.execute(ThrowableCollector.java:73)
	at org.junit.platform.engine.support.hierarchical.NodeTestTask.lambda$executeRecursively$8(NodeTestTask.java:141)
	at org.junit.platform.engine.support.hierarchical.Node.around(Node.java:137)
	at org.junit.platform.engine.support.hierarchical.NodeTestTask.lambda$executeRecursively$9(NodeTestTask.java:139)
	at org.junit.platform.engine.support.hierarchical.ThrowableCollector.execute(ThrowableCollector.java:73)
	at org.junit.platform.engine.support.hierarchical.NodeTestTask.executeRecursively(NodeTestTask.java:138)
	at org.junit.platform.engine.support.hierarchical.NodeTestTask.execute(NodeTestTask.java:95)
	at java.base/java.util.ArrayList.forEach(ArrayList.java:1511)
	at org.junit.platform.engine.support.hierarchical.SameThreadHierarchicalTestExecutorService.invokeAll(SameThreadHierarchicalTestExecutorService.java:41)
	at org.junit.platform.engine.support.hierarchical.NodeTestTask.lambda$executeRecursively$6(NodeTestTask.java:155)
	at org.junit.platform.engine.support.hierarchical.ThrowableCollector.execute(ThrowableCollector.java:73)
	at org.junit.platform.engine.support.hierarchical.NodeTestTask.lambda$executeRecursively$8(NodeTestTask.java:141)
	at org.junit.platform.engine.support.hierarchical.Node.around(Node.java:137)
	at org.junit.platform.engine.support.hierarchical.NodeTestTask.lambda$executeRecursively$9(NodeTestTask.java:139)
	at org.junit.platform.engine.support.hierarchical.ThrowableCollector.execute(ThrowableCollector.java:73)
	at org.junit.platform.engine.support.hierarchical.NodeTestTask.executeRecursively(NodeTestTask.java:138)
	at org.junit.platform.engine.support.hierarchical.NodeTestTask.execute(NodeTestTask.java:95)
	at org.junit.platform.engine.support.hierarchical.SameThreadHierarchicalTestExecutorService.submit(SameThreadHierarchicalTestExecutorService.java:35)
	at org.junit.platform.engine.support.hierarchical.HierarchicalTestExecutor.execute(HierarchicalTestExecutor.java:57)
	at org.junit.platform.engine.support.hierarchical.HierarchicalTestEngine.execute(HierarchicalTestEngine.java:54)
	at org.junit.platform.launcher.core.EngineExecutionOrchestrator.execute(EngineExecutionOrchestrator.java:147)
	at org.junit.platform.launcher.core.EngineExecutionOrchestrator.execute(EngineExecutionOrchestrator.java:127)
	at org.junit.platform.launcher.core.EngineExecutionOrchestrator.execute(EngineExecutionOrchestrator.java:90)
	at org.junit.platform.launcher.core.EngineExecutionOrchestrator.lambda$execute$0(EngineExecutionOrchestrator.java:55)
	at org.junit.platform.launcher.core.EngineExecutionOrchestrator.withInterceptedStreams(EngineExecutionOrchestrator.java:102)
	at org.junit.platform.launcher.core.EngineExecutionOrchestrator.execute(EngineExecutionOrchestrator.java:54)
	at org.junit.platform.launcher.core.DefaultLauncher.execute(DefaultLauncher.java:114)
	at org.junit.platform.launcher.core.DefaultLauncher.execute(DefaultLauncher.java:86)
	at org.junit.platform.launcher.core.DefaultLauncherSession$DelegatingLauncher.execute(DefaultLauncherSession.java:86)
	at org.apache.maven.surefire.junitplatform.LazyLauncher.execute(LazyLauncher.java:50)
	at org.apache.maven.surefire.junitplatform.JUnitPlatformProvider.execute(JUnitPlatformProvider.java:184)
	at org.apache.maven.surefire.junitplatform.JUnitPlatformProvider.invokeAllTests(JUnitPlatformProvider.java:148)
	at org.apache.maven.surefire.junitplatform.JUnitPlatformProvider.invoke(JUnitPlatformProvider.java:122)
	at org.apache.maven.surefire.booter.ForkedBooter.runSuitesInProcess(ForkedBooter.java:385)
	at org.apache.maven.surefire.booter.ForkedBooter.execute(ForkedBooter.java:162)
	at org.apache.maven.surefire.booter.ForkedBooter.run(ForkedBooter.java:507)
	at org.apache.maven.surefire.booter.ForkedBooter.main(ForkedBooter.java:495)
Caused by: java.io.IOException: error=13, Permission denied
	at java.base/java.lang.ProcessImpl.forkAndExec(Native Method)
	at java.base/java.lang.ProcessImpl.<init>(ProcessImpl.java:314)
	at java.base/java.lang.ProcessImpl.start(ProcessImpl.java:244)
	at java.base/java.lang.ProcessBuilder.start(ProcessBuilder.java:1110)
	... 77 common frames omitted
20:07:43.278 [main] ERROR io.github.yasmramos.forge.core.ForgeEngine -- Error generating javadoc
java.io.IOException: Cannot run program "javadoc": error=13, Permission denied
	at java.base/java.lang.ProcessBuilder.start(ProcessBuilder.java:1143)
	at java.base/java.lang.ProcessBuilder.start(ProcessBuilder.java:1073)
	at io.github.yasmramos.forge.core.ForgeEngine.generateJavadoc(ForgeEngine.java:320)
	at io.github.yasmramos.forge.core.ForgeEngine.packageAdditionalArtifacts(ForgeEngine.java:276)
	at io.github.yasmramos.forge.core.ForgeEngine.packageArtifacts(ForgeEngine.java:219)
	at io.github.yasmramos.forge.core.ForgeEngine.build(ForgeEngine.java:71)
	at io.github.yasmramos.forge.performance.ForgePerformanceTest.testBasicBuildPerformance(ForgePerformanceTest.java:31)
	at java.base/jdk.internal.reflect.NativeMethodAccessorImpl.invoke0(Native Method)
	at java.base/jdk.internal.reflect.NativeMethodAccessorImpl.invoke(NativeMethodAccessorImpl.java:77)
	at java.base/jdk.internal.reflect.DelegatingMethodAccessorImpl.invoke(DelegatingMethodAccessorImpl.java:43)
	at java.base/java.lang.reflect.Method.invoke(Method.java:569)
	at org.junit.platform.commons.util.ReflectionUtils.invokeMethod(ReflectionUtils.java:727)
	at org.junit.jupiter.engine.execution.MethodInvocation.proceed(MethodInvocation.java:60)
	at org.junit.jupiter.engine.execution.InvocationInterceptorChain$ValidatingInvocation.proceed(InvocationInterceptorChain.java:131)
	at org.junit.jupiter.engine.extension.TimeoutExtension.intercept(TimeoutExtension.java:156)
	at org.junit.jupiter.engine.extension.TimeoutExtension.interceptTestableMethod(TimeoutExtension.java:147)
	at org.junit.jupiter.engine.extension.TimeoutExtension.interceptTestMethod(TimeoutExtension.java:86)
	at org.junit.jupiter.engine.execution.InterceptingExecutableInvoker$ReflectiveInterceptorCall.lambda$ofVoidMethod$0(InterceptingExecutableInvoker.java:103)
	at org.junit.jupiter.engine.execution.InterceptingExecutableInvoker.lambda$invoke$0(InterceptingExecutableInvoker.java:93)
	at org.junit.jupiter.engine.execution.InvocationInterceptorChain$InterceptedInvocation.proceed(InvocationInterceptorChain.java:106)
	at org.junit.jupiter.engine.execution.InvocationInterceptorChain.proceed(InvocationInterceptorChain.java:64)
	at org.junit.jupiter.engine.execution.InvocationInterceptorChain.chainAndInvoke(InvocationInterceptorChain.java:45)
	at org.junit.jupiter.engine.execution.InvocationInterceptorChain.invoke(InvocationInterceptorChain.java:37)
	at org.junit.jupiter.engine.execution.InterceptingExecutableInvoker.invoke(InterceptingExecutableInvoker.java:92)
	at org.junit.jupiter.engine.execution.InterceptingExecutableInvoker.invoke(InterceptingExecutableInvoker.java:86)
	at org.junit.jupiter.engine.descriptor.TestMethodTestDescriptor.lambda$invokeTestMethod$7(TestMethodTestDescriptor.java:217)
	at org.junit.platform.engine.support.hierarchical.ThrowableCollector.execute(ThrowableCollector.java:73)
	at org.junit.jupiter.engine.descriptor.TestMethodTestDescriptor.invokeTestMethod(TestMethodTestDescriptor.java:213)
	at org.junit.jupiter.engine.descriptor.TestMethodTestDescriptor.execute(TestMethodTestDescriptor.java:138)
	at org.junit.jupiter.engine.descriptor.TestMethodTestDescriptor.execute(TestMethodTestDescriptor.java:68)
	at org.junit.platform.engine.support.hierarchical.NodeTestTask.lambda$executeRecursively$6(NodeTestTask.java:151)
	at org.junit.platform.engine.support.hierarchical.ThrowableCollector.execute(ThrowableCollector.java:73)
	at org.junit.platform.engine.support.hierarchical.NodeTestTask.lambda$executeRecursively$8(NodeTestTask.java:141)
	at org.junit.platform.engine.support.hierarchical.Node.around(Node.java:137)
	at org.junit.platform.engine.support.hierarchical.NodeTestTask.lambda$executeRecursively$9(NodeTestTask.java:139)
	at org.junit.platform.engine.support.hierarchical.ThrowableCollector.execute(ThrowableCollector.java:73)
	at org.junit.platform.engine.support.hierarchical.NodeTestTask.executeRecursively(NodeTestTask.java:138)
	at org.junit.platform.engine.support.hierarchical.NodeTestTask.execute(NodeTestTask.java:95)
	at java.base/java.util.ArrayList.forEach(ArrayList.java:1511)
	at org.junit.platform.engine.support.hierarchical.SameThreadHierarchicalTestExecutorService.invokeAll(SameThreadHierarchicalTestExecutorService.java:41)
	at org.junit.platform.engine.support.hierarchical.NodeTestTask.lambda$executeRecursively$6(NodeTestTask.java:155)
	at org.junit.platform.engine.support.hierarchical.ThrowableCollector.execute(ThrowableCollector.java:73)
	at org.junit.platform.engine.support.hierarchical.NodeTestTask.lambda$executeRecursively$8(NodeTestTask.java:141)
	at org.junit.platform.engine.support.hierarchical.Node.around(Node.java:137)
	at org.junit.platform.engine.support.hierarchical.NodeTestTask.lambda$executeRecursively$9(NodeTestTask.java:139)
	at org.junit.platform.engine.support.hierarchical.ThrowableCollector.execute(ThrowableCollector.java:73)
	at org.junit.platform.engine.support.hierarchical.NodeTestTask.executeRecursively(NodeTestTask.java:138)
	at org.junit.platform.engine.support.hierarchical.NodeTestTask.execute(NodeTestTask.java:95)
	at java.base/java.util.ArrayList.forEach(ArrayList.java:1511)
	at org.junit.platform.engine.support.hierarchical.SameThreadHierarchicalTestExecutorService.invokeAll(SameThreadHierarchicalTestExecutorService.java:41)
	at org.junit.platform.engine.support.hierarchical.NodeTestTask.lambda$executeRecursively$6(NodeTestTask.java:155)
	at org.junit.platform.engine.support.hierarchical.ThrowableCollector.execute(ThrowableCollector.java:73)
	at org.junit.platform.engine.support.hierarchical.NodeTestTask.lambda$executeRecursively$8(NodeTestTask.java:141)
	at org.junit.platform.engine.support.hierarchical.Node.around(Node.java:137)
	at org.junit.platform.engine.support.hierarchical.NodeTestTask.lambda$executeRecursively$9(NodeTestTask.java:139)
	at org.junit.platform.engine.support.hierarchical.ThrowableCollector.execute(ThrowableCollector.java:73)
	at org.junit.platform.engine.support.hierarchical.NodeTestTask.executeRecursively(NodeTestTask.java:138)
	at org.junit.platform.engine.support.hierarchical.NodeTestTask.execute(NodeTestTask.java:95)
	at org.junit.platform.engine.support.hierarchical.SameThreadHierarchicalTestExecutorService.submit(SameThreadHierarchicalTestExecutorService.java:35)
	at org.junit.platform.engine.support.hierarchical.HierarchicalTestExecutor.execute(HierarchicalTestExecutor.java:57)
	at org.junit.platform.engine.support.hierarchical.HierarchicalTestEngine.execute(HierarchicalTestEngine.java:54)
	at org.junit.platform.launcher.core.EngineExecutionOrchestrator.execute(EngineExecutionOrchestrator.java:147)
	at org.junit.platform.launcher.core.EngineExecutionOrchestrator.execute(EngineExecutionOrchestrator.java:127)
	at org.junit.platform.launcher.core.EngineExecutionOrchestrator.execute(EngineExecutionOrchestrator.java:90)
	at org.junit.platform.launcher.core.EngineExecutionOrchestrator.lambda$execute$0(EngineExecutionOrchestrator.java:55)
	at org.junit.platform.launcher.core.EngineExecutionOrchestrator.withInterceptedStreams(EngineExecutionOrchestrator.java:102)
	at org.junit.platform.launcher.core.EngineExecutionOrchestrator.execute(EngineExecutionOrchestrator.java:54)
	at org.junit.platform.launcher.core.DefaultLauncher.execute(DefaultLauncher.java:114)
	at org.junit.platform.launcher.core.DefaultLauncher.execute(DefaultLauncher.java:86)
	at org.junit.platform.launcher.core.DefaultLauncherSession$DelegatingLauncher.execute(DefaultLauncherSession.java:86)
	at org.apache.maven.surefire.junitplatform.LazyLauncher.execute(LazyLauncher.java:50)
	at org.apache.maven.surefire.junitplatform.JUnitPlatformProvider.execute(JUnitPlatformProvider.java:184)
	at org.apache.maven.surefire.junitplatform.JUnitPlatformProvider.invokeAllTests(JUnitPlatformProvider.java:148)
	at org.apache.maven.surefire.junitplatform.JUnitPlatformProvider.invoke(JUnitPlatformProvider.java:122)
	at org.apache.maven.surefire.booter.ForkedBooter.runSuitesInProcess(ForkedBooter.java:385)
	at org.apache.maven.surefire.booter.ForkedBooter.execute(ForkedBooter.java:162)
	at org.apache.maven.surefire.booter.ForkedBooter.run(ForkedBooter.java:507)
	at org.apache.maven.surefire.booter.ForkedBooter.main(ForkedBooter.java:495)
Caused by: java.io.IOException: error=13, Permission denied
	at java.base/java.lang.ProcessImpl.forkAndExec(Native Method)
	at java.base/java.lang.ProcessImpl.<init>(ProcessImpl.java:314)
	at java.base/java.lang.ProcessImpl.start(ProcessImpl.java:244)
	at java.base/java.lang.ProcessBuilder.start(ProcessBuilder.java:1110)
	... 77 common frames omitted
20:07:43.278 [main] INFO io.github.yasmramos.forge.core.ForgeEngine -- Packaging complete: 0 artifacts created
20:07:43.278 [main] INFO io.github.yasmramos.forge.core.ForgeEngine -- Running tests...
20:07:43.278 [main] INFO io.github.yasmramos.forge.core.ForgeEngine -- Running tests...
20:07:43.292 [main] DEBUG io.github.yasmramos.forge.core.ForgeEngine -- Running test: ForgeTest
20:07:43.292 [main] DEBUG io.github.yasmramos.forge.core.ForgeEngine -- Skipping test (no main method): ForgeTest
20:07:43.292 [main] DEBUG io.github.yasmramos.forge.core.ForgeEngine -- Running test: ForgeCacheTest
20:07:43.293 [main] DEBUG io.github.yasmramos.forge.core.ForgeEngine -- Skipping test (no main method): ForgeCacheTest
20:07:43.293 [main] DEBUG io.github.yasmramos.forge.core.ForgeEngine -- Running test: CLITest
20:07:43.293 [main] DEBUG io.github.yasmramos.forge.core.ForgeEngine -- Skipping test (no main method): CLITest
20:07:43.293 [main] DEBUG io.github.yasmramos.forge.core.ForgeEngine -- Running test: BuildAnalyzerTest
20:07:43.293 [main] DEBUG io.github.yasmramos.forge.core.ForgeEngine -- Skipping test (no main method): BuildAnalyzerTest
20:07:43.293 [main] DEBUG io.github.yasmramos.forge.core.ForgeEngine -- Running test: CompilerTest
20:07:43.294 [main] DEBUG io.github.yasmramos.forge.core.ForgeEngine -- Skipping test (no main method): CompilerTest
20:07:43.294 [main] DEBUG io.github.yasmramos.forge.core.ForgeEngine -- Running test: DependencyResolverTest
20:07:43.294 [main] DEBUG io.github.yasmramos.forge.core.ForgeEngine -- Skipping test (no main method): DependencyResolverTest
20:07:43.294 [main] DEBUG io.github.yasmramos.forge.core.ForgeEngine -- Running test: ForgeEngineTest
20:07:43.295 [main] DEBUG io.github.yasmramos.forge.core.ForgeEngine -- Skipping test (no main method): ForgeEngineTest
20:07:43.295 [main] DEBUG io.github.yasmramos.forge.core.ForgeEngine -- Running test: ForgeBuildSystemIntegrationTest
20:07:43.295 [main] DEBUG io.github.yasmramos.forge.core.ForgeEngine -- Skipping test (no main method): ForgeBuildSystemIntegrationTest
20:07:43.295 [main] DEBUG io.github.yasmramos.forge.core.ForgeEngine -- Running test: ModelClassesTest
20:07:43.296 [main] DEBUG io.github.yasmramos.forge.core.ForgeEngine -- Skipping test (no main method): ModelClassesTest
20:07:43.296 [main] DEBUG io.github.yasmramos.forge.core.ForgeEngine -- Running test: ForgePerformanceTest
20:07:43.296 [main] DEBUG io.github.yasmramos.forge.core.ForgeEngine -- Skipping test (no main method): ForgePerformanceTest
20:07:43.296 [main] DEBUG io.github.yasmramos.forge.core.ForgeEngine -- Running test: ConfigReaderTest
20:07:43.296 [main] DEBUG io.github.yasmramos.forge.core.ForgeEngine -- Skipping test (no main method): ConfigReaderTest
20:07:43.296 [main] DEBUG io.github.yasmramos.forge.core.ForgeEngine -- Running test: ForgeDemoProjectValidationTest
20:07:43.297 [main] DEBUG io.github.yasmramos.forge.core.ForgeEngine -- Skipping test (no main method): ForgeDemoProjectValidationTest
20:07:43.297 [main] DEBUG io.github.yasmramos.forge.core.ForgeEngine -- Running test: ForgeTest
20:07:43.297 [main] DEBUG io.github.yasmramos.forge.core.ForgeEngine -- Skipping test (no main method): ForgeTest
20:07:43.297 [main] DEBUG io.github.yasmramos.forge.core.ForgeEngine -- Running test: ForgeCacheTest
20:07:43.298 [main] DEBUG io.github.yasmramos.forge.core.ForgeEngine -- Skipping test (no main method): ForgeCacheTest
20:07:43.298 [main] DEBUG io.github.yasmramos.forge.core.ForgeEngine -- Running test: CLITest
20:07:43.298 [main] DEBUG io.github.yasmramos.forge.core.ForgeEngine -- Skipping test (no main method): CLITest
20:07:43.298 [main] DEBUG io.github.yasmramos.forge.core.ForgeEngine -- Running test: BuildAnalyzerTest
20:07:43.299 [main] DEBUG io.github.yasmramos.forge.core.ForgeEngine -- Skipping test (no main method): BuildAnalyzerTest
20:07:43.299 [main] DEBUG io.github.yasmramos.forge.core.ForgeEngine -- Running test: CompilerTest
20:07:43.299 [main] DEBUG io.github.yasmramos.forge.core.ForgeEngine -- Skipping test (no main method): CompilerTest
20:07:43.299 [main] DEBUG io.github.yasmramos.forge.core.ForgeEngine -- Running test: DependencyResolverTest
20:07:43.299 [main] DEBUG io.github.yasmramos.forge.core.ForgeEngine -- Skipping test (no main method): DependencyResolverTest
20:07:43.299 [main] DEBUG io.github.yasmramos.forge.core.ForgeEngine -- Running test: ForgeEngineTest
20:07:43.300 [main] DEBUG io.github.yasmramos.forge.core.ForgeEngine -- Skipping test (no main method): ForgeEngineTest
20:07:43.300 [main] DEBUG io.github.yasmramos.forge.core.ForgeEngine -- Running test: ForgeBuildSystemIntegrationTest
20:07:43.300 [main] DEBUG io.github.yasmramos.forge.core.ForgeEngine -- Skipping test (no main method): ForgeBuildSystemIntegrationTest
20:07:43.300 [main] DEBUG io.github.yasmramos.forge.core.ForgeEngine -- Running test: ModelClassesTest
20:07:43.301 [main] DEBUG io.github.yasmramos.forge.core.ForgeEngine -- Skipping test (no main method): ModelClassesTest
20:07:43.301 [main] DEBUG io.github.yasmramos.forge.core.ForgeEngine -- Running test: ForgePerformanceTest
20:07:43.301 [main] DEBUG io.github.yasmramos.forge.core.ForgeEngine -- Skipping test (no main method): ForgePerformanceTest
20:07:43.301 [main] DEBUG io.github.yasmramos.forge.core.ForgeEngine -- Running test: ConfigReaderTest
20:07:43.302 [main] DEBUG io.github.yasmramos.forge.core.ForgeEngine -- Skipping test (no main method): ConfigReaderTest
20:07:43.302 [main] DEBUG io.github.yasmramos.forge.core.ForgeEngine -- Running test: ForgeDemoProjectValidationTest
20:07:43.302 [main] DEBUG io.github.yasmramos.forge.core.ForgeEngine -- Skipping test (no main method): ForgeDemoProjectValidationTest
20:07:43.302 [main] INFO io.github.yasmramos.forge.core.ForgeEngine -- Test execution complete: 24/24 passed
20:07:43.353 [main] INFO io.github.yasmramos.forge.core.ForgeEngine -- Starting Forge build for project: validation-test
20:07:43.353 [main] INFO io.github.yasmramos.forge.core.ForgeEngine -- Analyzing project structure...
20:07:43.353 [main] INFO io.github.yasmramos.forge.core.BuildAnalyzer -- Analyzing project structure...
20:07:43.359 [main] DEBUG io.github.yasmramos.forge.core.BuildAnalyzer -- Found 15 source files in: src/main/java
20:07:43.364 [main] DEBUG io.github.yasmramos.forge.core.BuildAnalyzer -- Found 12 source files in: src/test/java
20:07:43.364 [main] DEBUG io.github.yasmramos.forge.core.BuildAnalyzer -- Analyzing package structure...
20:07:43.375 [main] DEBUG io.github.yasmramos.forge.core.BuildAnalyzer -- Package structure analysis complete: 9 packages found
20:07:43.375 [main] DEBUG io.github.yasmramos.forge.core.BuildAnalyzer -- Analyzing source file dependencies...
20:07:43.413 [main] DEBUG io.github.yasmramos.forge.core.BuildAnalyzer -- File Forge.java imports: 10 dependencies
20:07:43.414 [main] DEBUG io.github.yasmramos.forge.core.BuildAnalyzer -- File ForgeCache.java imports: 10 dependencies
20:07:43.414 [main] DEBUG io.github.yasmramos.forge.core.BuildAnalyzer -- File ForgeCLI.java imports: 4 dependencies
20:07:43.415 [main] DEBUG io.github.yasmramos.forge.core.BuildAnalyzer -- File BuildAnalyzer.java imports: 17 dependencies
20:07:43.415 [main] DEBUG io.github.yasmramos.forge.core.BuildAnalyzer -- File Compiler.java imports: 17 dependencies
20:07:43.416 [main] DEBUG io.github.yasmramos.forge.core.BuildAnalyzer -- File DependencyResolver.java imports: 17 dependencies
20:07:43.416 [main] DEBUG io.github.yasmramos.forge.core.BuildAnalyzer -- File ForgeEngine.java imports: 19 dependencies
20:07:43.417 [main] DEBUG io.github.yasmramos.forge.core.BuildAnalyzer -- File DependencyInfo.java imports: 3 dependencies
20:07:43.418 [main] DEBUG io.github.yasmramos.forge.core.BuildAnalyzer -- File DependencyResolution.java imports: 4 dependencies
20:07:43.419 [main] DEBUG io.github.yasmramos.forge.core.BuildAnalyzer -- File ProjectAnalysis.java imports: 5 dependencies
20:07:43.420 [main] DEBUG io.github.yasmramos.forge.core.BuildAnalyzer -- File ProjectConfig.java imports: 3 dependencies
20:07:43.420 [main] DEBUG io.github.yasmramos.forge.core.BuildAnalyzer -- File ConfigReader.java imports: 9 dependencies
20:07:43.421 [main] DEBUG io.github.yasmramos.forge.core.BuildAnalyzer -- File ForgeTest.java imports: 2 dependencies
20:07:43.421 [main] DEBUG io.github.yasmramos.forge.core.BuildAnalyzer -- File ForgeCacheTest.java imports: 5 dependencies
20:07:43.422 [main] DEBUG io.github.yasmramos.forge.core.BuildAnalyzer -- File CLITest.java imports: 2 dependencies
20:07:43.422 [main] DEBUG io.github.yasmramos.forge.core.BuildAnalyzer -- File BuildAnalyzerTest.java imports: 10 dependencies
20:07:43.422 [main] DEBUG io.github.yasmramos.forge.core.BuildAnalyzer -- File CompilerTest.java imports: 2 dependencies
20:07:43.423 [main] DEBUG io.github.yasmramos.forge.core.BuildAnalyzer -- File DependencyResolverTest.java imports: 7 dependencies
20:07:43.424 [main] DEBUG io.github.yasmramos.forge.core.BuildAnalyzer -- File ForgeEngineTest.java imports: 6 dependencies
20:07:43.424 [main] DEBUG io.github.yasmramos.forge.core.BuildAnalyzer -- File ForgeBuildSystemIntegrationTest.java imports: 6 dependencies
20:07:43.425 [main] DEBUG io.github.yasmramos.forge.core.BuildAnalyzer -- File ModelClassesTest.java imports: 4 dependencies
20:07:43.425 [main] DEBUG io.github.yasmramos.forge.core.BuildAnalyzer -- File ForgePerformanceTest.java imports: 6 dependencies
20:07:43.426 [main] DEBUG io.github.yasmramos.forge.core.BuildAnalyzer -- File ConfigReaderTest.java imports: 2 dependencies
20:07:43.426 [main] DEBUG io.github.yasmramos.forge.core.BuildAnalyzer -- File ForgeDemoProjectValidationTest.java imports: 5 dependencies
20:07:43.426 [main] DEBUG io.github.yasmramos.forge.core.BuildAnalyzer -- Dependency analysis complete: 27 files analyzed
20:07:43.426 [main] DEBUG io.github.yasmramos.forge.core.BuildAnalyzer -- Analyzing test files...
20:07:43.426 [main] DEBUG io.github.yasmramos.forge.core.BuildAnalyzer -- Found test file: src/test/java/io/github/yasmramos/forge/ForgeTest.java
20:07:43.426 [main] DEBUG io.github.yasmramos.forge.core.BuildAnalyzer -- Found test file: src/test/java/io/github/yasmramos/forge/cache/ForgeCacheTest.java
20:07:43.426 [main] DEBUG io.github.yasmramos.forge.core.BuildAnalyzer -- Found test file: src/test/java/io/github/yasmramos/forge/cli/CLITest.java
20:07:43.427 [main] DEBUG io.github.yasmramos.forge.core.BuildAnalyzer -- Found test file: src/test/java/io/github/yasmramos/forge/core/BuildAnalyzerTest.java
20:07:43.427 [main] DEBUG io.github.yasmramos.forge.core.BuildAnalyzer -- Found test file: src/test/java/io/github/yasmramos/forge/core/CompilerTest.java
20:07:43.427 [main] DEBUG io.github.yasmramos.forge.core.BuildAnalyzer -- Found test file: src/test/java/io/github/yasmramos/forge/core/DependencyResolverTest.java
20:07:43.427 [main] DEBUG io.github.yasmramos.forge.core.BuildAnalyzer -- Found test file: src/test/java/io/github/yasmramos/forge/core/ForgeEngineTest.java
20:07:43.427 [main] DEBUG io.github.yasmramos.forge.core.BuildAnalyzer -- Found test file: src/test/java/io/github/yasmramos/forge/integration/ForgeBuildSystemIntegrationTest.java
20:07:43.427 [main] DEBUG io.github.yasmramos.forge.core.BuildAnalyzer -- Found test file: src/test/java/io/github/yasmramos/forge/model/ModelClassesTest.java
20:07:43.427 [main] DEBUG io.github.yasmramos.forge.core.BuildAnalyzer -- Found test file: src/test/java/io/github/yasmramos/forge/performance/ForgePerformanceTest.java
20:07:43.427 [main] DEBUG io.github.yasmramos.forge.core.BuildAnalyzer -- Found test file: src/test/java/io/github/yasmramos/forge/utils/ConfigReaderTest.java
20:07:43.427 [main] DEBUG io.github.yasmramos.forge.core.BuildAnalyzer -- Found test file: src/test/java/io/github/yasmramos/forge/validation/ForgeDemoProjectValidationTest.java
20:07:43.427 [main] DEBUG io.github.yasmramos.forge.core.BuildAnalyzer -- Test analysis complete: 12 test files found
20:07:43.442 [main] DEBUG io.github.yasmramos.forge.core.BuildAnalyzer -- Calculating complexity score for 27 files...
20:07:43.456 [main] DEBUG io.github.yasmramos.forge.core.BuildAnalyzer -- Complexity calculation complete: 856.5
20:07:43.456 [main] INFO io.github.yasmramos.forge.core.ForgeEngine -- Resolving dependencies...
20:07:43.456 [main] WARN io.github.yasmramos.forge.core.DependencyResolver -- Dependencies map is null, returning empty resolution
20:07:43.456 [main] INFO io.github.yasmramos.forge.core.ForgeEngine -- Compiling sources...
20:07:43.457 [pool-16-thread-1] DEBUG io.github.yasmramos.forge.core.Compiler -- Compiling: src/main/java/io/github/yasmramos/forge/Forge.java
20:07:43.457 [pool-16-thread-2] DEBUG io.github.yasmramos.forge.core.Compiler -- Compiling: src/main/java/io/github/yasmramos/forge/cache/ForgeCache.java
20:07:43.458 [pool-16-thread-1] ERROR io.github.yasmramos.forge.core.Compiler -- Compilation failed for: src/main/java/io/github/yasmramos/forge/Forge.java
20:07:43.458 [pool-16-thread-1] ERROR io.github.yasmramos.forge.core.Compiler -- Error: [B@2d6ed174
20:07:43.458 [pool-16-thread-1] DEBUG io.github.yasmramos.forge.core.Compiler -- Compiling: src/main/java/io/github/yasmramos/forge/cli/ForgeCLI.java
20:07:43.459 [pool-16-thread-1] ERROR io.github.yasmramos.forge.core.Compiler -- Compilation failed for: src/main/java/io/github/yasmramos/forge/cli/ForgeCLI.java
20:07:43.459 [pool-16-thread-1] ERROR io.github.yasmramos.forge.core.Compiler -- Error: [B@23a92aa9
20:07:43.459 [pool-16-thread-1] DEBUG io.github.yasmramos.forge.core.Compiler -- Compiling: src/main/java/io/github/yasmramos/forge/core/BuildAnalyzer.java
20:07:43.460 [pool-16-thread-1] ERROR io.github.yasmramos.forge.core.Compiler -- Compilation failed for: src/main/java/io/github/yasmramos/forge/core/BuildAnalyzer.java
20:07:43.460 [pool-16-thread-1] ERROR io.github.yasmramos.forge.core.Compiler -- Error: [B@2796ba04
20:07:43.460 [pool-16-thread-1] DEBUG io.github.yasmramos.forge.core.Compiler -- Compiling: src/main/java/io/github/yasmramos/forge/core/Compiler.java
20:07:43.461 [pool-16-thread-1] ERROR io.github.yasmramos.forge.core.Compiler -- Compilation failed for: src/main/java/io/github/yasmramos/forge/core/Compiler.java
20:07:43.461 [pool-16-thread-1] ERROR io.github.yasmramos.forge.core.Compiler -- Error: [B@62942092
20:07:43.461 [pool-16-thread-1] DEBUG io.github.yasmramos.forge.core.Compiler -- Compiling: src/main/java/io/github/yasmramos/forge/core/DependencyResolver.java
20:07:43.462 [pool-16-thread-1] ERROR io.github.yasmramos.forge.core.Compiler -- Compilation failed for: src/main/java/io/github/yasmramos/forge/core/DependencyResolver.java
20:07:43.462 [pool-16-thread-1] ERROR io.github.yasmramos.forge.core.Compiler -- Error: [B@392aa8c5
20:07:43.462 [pool-16-thread-1] DEBUG io.github.yasmramos.forge.core.Compiler -- Compiling: src/main/java/io/github/yasmramos/forge/core/ForgeEngine.java
20:07:43.463 [pool-16-thread-1] ERROR io.github.yasmramos.forge.core.Compiler -- Compilation failed for: src/main/java/io/github/yasmramos/forge/core/ForgeEngine.java
20:07:43.463 [pool-16-thread-1] ERROR io.github.yasmramos.forge.core.Compiler -- Error: [B@533c212b
20:07:43.463 [pool-16-thread-1] DEBUG io.github.yasmramos.forge.core.Compiler -- Compiling: src/main/java/io/github/yasmramos/forge/model/CompilationResult.java
20:07:43.464 [pool-16-thread-1] ERROR io.github.yasmramos.forge.core.Compiler -- Compilation failed for: src/main/java/io/github/yasmramos/forge/model/CompilationResult.java
20:07:43.464 [pool-16-thread-1] ERROR io.github.yasmramos.forge.core.Compiler -- Error: [B@4168f7d2
20:07:43.464 [pool-16-thread-1] DEBUG io.github.yasmramos.forge.core.Compiler -- Compiling: src/main/java/io/github/yasmramos/forge/model/DependencyInfo.java
20:07:43.465 [pool-16-thread-1] ERROR io.github.yasmramos.forge.core.Compiler -- Compilation failed for: src/main/java/io/github/yasmramos/forge/model/DependencyInfo.java
20:07:43.465 [pool-16-thread-1] ERROR io.github.yasmramos.forge.core.Compiler -- Error: [B@2bbdfdd
20:07:43.465 [pool-16-thread-1] DEBUG io.github.yasmramos.forge.core.Compiler -- Compiling: src/main/java/io/github/yasmramos/forge/model/DependencyResolution.java
20:07:43.466 [pool-16-thread-1] ERROR io.github.yasmramos.forge.core.Compiler -- Compilation failed for: src/main/java/io/github/yasmramos/forge/model/DependencyResolution.java
20:07:43.466 [pool-16-thread-1] ERROR io.github.yasmramos.forge.core.Compiler -- Error: [B@6e3b33cf
20:07:43.466 [pool-16-thread-1] DEBUG io.github.yasmramos.forge.core.Compiler -- Compiling: src/main/java/io/github/yasmramos/forge/model/DependencyType.java
20:07:43.467 [pool-16-thread-1] ERROR io.github.yasmramos.forge.core.Compiler -- Compilation failed for: src/main/java/io/github/yasmramos/forge/model/DependencyType.java
20:07:43.467 [pool-16-thread-1] ERROR io.github.yasmramos.forge.core.Compiler -- Error: [B@5cbc625a
20:07:43.468 [pool-16-thread-1] DEBUG io.github.yasmramos.forge.core.Compiler -- Compiling: src/main/java/io/github/yasmramos/forge/model/PackageResult.java
20:07:43.468 [pool-16-thread-1] ERROR io.github.yasmramos.forge.core.Compiler -- Compilation failed for: src/main/java/io/github/yasmramos/forge/model/PackageResult.java
20:07:43.468 [pool-16-thread-1] ERROR io.github.yasmramos.forge.core.Compiler -- Error: [B@5a6cd878
20:07:43.468 [pool-16-thread-1] DEBUG io.github.yasmramos.forge.core.Compiler -- Compiling: src/main/java/io/github/yasmramos/forge/model/ProjectAnalysis.java
20:07:43.469 [pool-16-thread-1] ERROR io.github.yasmramos.forge.core.Compiler -- Compilation failed for: src/main/java/io/github/yasmramos/forge/model/ProjectAnalysis.java
20:07:43.469 [pool-16-thread-1] ERROR io.github.yasmramos.forge.core.Compiler -- Error: [B@6f5a1df
20:07:43.469 [pool-16-thread-1] DEBUG io.github.yasmramos.forge.core.Compiler -- Compiling: src/main/java/io/github/yasmramos/forge/model/ProjectConfig.java
20:07:43.470 [pool-16-thread-2] ERROR io.github.yasmramos.forge.core.Compiler -- Compilation failed for: src/main/java/io/github/yasmramos/forge/cache/ForgeCache.java
20:07:43.470 [pool-16-thread-2] ERROR io.github.yasmramos.forge.core.Compiler -- Error: [B@3ee3e272
20:07:43.470 [pool-16-thread-1] ERROR io.github.yasmramos.forge.core.Compiler -- Compilation failed for: src/main/java/io/github/yasmramos/forge/model/ProjectConfig.java
20:07:43.470 [pool-16-thread-1] ERROR io.github.yasmramos.forge.core.Compiler -- Error: [B@31675f85
20:07:43.471 [pool-16-thread-2] DEBUG io.github.yasmramos.forge.core.Compiler -- Compiling: src/main/java/io/github/yasmramos/forge/utils/ConfigReader.java
20:07:43.471 [pool-16-thread-1] DEBUG io.github.yasmramos.forge.core.Compiler -- Compiling: src/test/java/io/github/yasmramos/forge/ForgeTest.java
20:07:43.472 [pool-16-thread-1] ERROR io.github.yasmramos.forge.core.Compiler -- Compilation failed for: src/test/java/io/github/yasmramos/forge/ForgeTest.java
20:07:43.472 [pool-16-thread-1] ERROR io.github.yasmramos.forge.core.Compiler -- Error: [B@e765541
20:07:43.472 [pool-16-thread-2] ERROR io.github.yasmramos.forge.core.Compiler -- Compilation failed for: src/main/java/io/github/yasmramos/forge/utils/ConfigReader.java
20:07:43.472 [pool-16-thread-2] ERROR io.github.yasmramos.forge.core.Compiler -- Error: [B@30240bde
20:07:43.472 [pool-16-thread-1] DEBUG io.github.yasmramos.forge.core.Compiler -- Compiling: src/test/java/io/github/yasmramos/forge/cache/ForgeCacheTest.java
20:07:43.472 [pool-16-thread-2] DEBUG io.github.yasmramos.forge.core.Compiler -- Compiling: src/test/java/io/github/yasmramos/forge/cli/CLITest.java
20:07:43.473 [pool-16-thread-1] ERROR io.github.yasmramos.forge.core.Compiler -- Compilation failed for: src/test/java/io/github/yasmramos/forge/cache/ForgeCacheTest.java
20:07:43.473 [pool-16-thread-1] ERROR io.github.yasmramos.forge.core.Compiler -- Error: [B@32e5e3ef
20:07:43.473 [pool-16-thread-2] ERROR io.github.yasmramos.forge.core.Compiler -- Compilation failed for: src/test/java/io/github/yasmramos/forge/cli/CLITest.java
20:07:43.473 [pool-16-thread-1] DEBUG io.github.yasmramos.forge.core.Compiler -- Compiling: src/test/java/io/github/yasmramos/forge/core/BuildAnalyzerTest.java
20:07:43.473 [pool-16-thread-2] ERROR io.github.yasmramos.forge.core.Compiler -- Error: [B@341b8902
20:07:43.473 [pool-16-thread-2] DEBUG io.github.yasmramos.forge.core.Compiler -- Compiling: src/test/java/io/github/yasmramos/forge/core/CompilerTest.java
20:07:43.474 [pool-16-thread-1] ERROR io.github.yasmramos.forge.core.Compiler -- Compilation failed for: src/test/java/io/github/yasmramos/forge/core/BuildAnalyzerTest.java
20:07:43.474 [pool-16-thread-1] ERROR io.github.yasmramos.forge.core.Compiler -- Error: [B@19354735
20:07:43.474 [pool-16-thread-2] ERROR io.github.yasmramos.forge.core.Compiler -- Compilation failed for: src/test/java/io/github/yasmramos/forge/core/CompilerTest.java
20:07:43.474 [pool-16-thread-2] ERROR io.github.yasmramos.forge.core.Compiler -- Error: [B@711901e5
20:07:43.474 [pool-16-thread-1] DEBUG io.github.yasmramos.forge.core.Compiler -- Compiling: src/test/java/io/github/yasmramos/forge/core/DependencyResolverTest.java
20:07:43.474 [pool-16-thread-2] DEBUG io.github.yasmramos.forge.core.Compiler -- Compiling: src/test/java/io/github/yasmramos/forge/core/ForgeEngineTest.java
20:07:43.475 [pool-16-thread-1] ERROR io.github.yasmramos.forge.core.Compiler -- Compilation failed for: src/test/java/io/github/yasmramos/forge/core/DependencyResolverTest.java
20:07:43.475 [pool-16-thread-1] ERROR io.github.yasmramos.forge.core.Compiler -- Error: [B@1225a8e1
20:07:43.475 [pool-16-thread-2] ERROR io.github.yasmramos.forge.core.Compiler -- Compilation failed for: src/test/java/io/github/yasmramos/forge/core/ForgeEngineTest.java
20:07:43.475 [pool-16-thread-1] DEBUG io.github.yasmramos.forge.core.Compiler -- Compiling: src/test/java/io/github/yasmramos/forge/integration/ForgeBuildSystemIntegrationTest.java
20:07:43.475 [pool-16-thread-2] ERROR io.github.yasmramos.forge.core.Compiler -- Error: [B@50488dc6
20:07:43.475 [pool-16-thread-2] DEBUG io.github.yasmramos.forge.core.Compiler -- Compiling: src/test/java/io/github/yasmramos/forge/model/ModelClassesTest.java
20:07:43.476 [pool-16-thread-1] ERROR io.github.yasmramos.forge.core.Compiler -- Compilation failed for: src/test/java/io/github/yasmramos/forge/integration/ForgeBuildSystemIntegrationTest.java
20:07:43.476 [pool-16-thread-1] ERROR io.github.yasmramos.forge.core.Compiler -- Error: [B@2e453bb9
20:07:43.476 [pool-16-thread-1] DEBUG io.github.yasmramos.forge.core.Compiler -- Compiling: src/test/java/io/github/yasmramos/forge/performance/ForgePerformanceTest.java
20:07:43.476 [pool-16-thread-2] ERROR io.github.yasmramos.forge.core.Compiler -- Compilation failed for: src/test/java/io/github/yasmramos/forge/model/ModelClassesTest.java
20:07:43.476 [pool-16-thread-2] ERROR io.github.yasmramos.forge.core.Compiler -- Error: [B@402216ea
20:07:43.476 [pool-16-thread-2] DEBUG io.github.yasmramos.forge.core.Compiler -- Compiling: src/test/java/io/github/yasmramos/forge/utils/ConfigReaderTest.java
20:07:43.477 [pool-16-thread-1] ERROR io.github.yasmramos.forge.core.Compiler -- Compilation failed for: src/test/java/io/github/yasmramos/forge/performance/ForgePerformanceTest.java
20:07:43.477 [pool-16-thread-1] ERROR io.github.yasmramos.forge.core.Compiler -- Error: [B@33a25f05
20:07:43.477 [pool-16-thread-1] DEBUG io.github.yasmramos.forge.core.Compiler -- Compiling: src/test/java/io/github/yasmramos/forge/validation/ForgeDemoProjectValidationTest.java
20:07:43.477 [pool-16-thread-2] ERROR io.github.yasmramos.forge.core.Compiler -- Compilation failed for: src/test/java/io/github/yasmramos/forge/utils/ConfigReaderTest.java
20:07:43.477 [pool-16-thread-2] ERROR io.github.yasmramos.forge.core.Compiler -- Error: [B@2899c475
20:07:43.478 [pool-16-thread-1] ERROR io.github.yasmramos.forge.core.Compiler -- Compilation failed for: src/test/java/io/github/yasmramos/forge/validation/ForgeDemoProjectValidationTest.java
20:07:43.478 [pool-16-thread-1] ERROR io.github.yasmramos.forge.core.Compiler -- Error: [B@1dbaab
20:07:43.478 [main] INFO io.github.yasmramos.forge.core.ForgeEngine -- Packaging artifacts...
20:07:43.478 [main] INFO io.github.yasmramos.forge.core.ForgeEngine -- Packaging compiled artifacts...
20:07:43.479 [main] ERROR io.github.yasmramos.forge.core.ForgeEngine -- Error creating main JAR
java.io.IOException: Cannot run program "jar": error=13, Permission denied
	at java.base/java.lang.ProcessBuilder.start(ProcessBuilder.java:1143)
	at java.base/java.lang.ProcessBuilder.start(ProcessBuilder.java:1073)
	at io.github.yasmramos.forge.core.ForgeEngine.packageMainJar(ForgeEngine.java:245)
	at io.github.yasmramos.forge.core.ForgeEngine.packageArtifacts(ForgeEngine.java:212)
	at io.github.yasmramos.forge.core.ForgeEngine.build(ForgeEngine.java:71)
	at io.github.yasmramos.forge.validation.ForgeDemoProjectValidationTest.testBasicValidation(ForgeDemoProjectValidationTest.java:25)
	at java.base/jdk.internal.reflect.NativeMethodAccessorImpl.invoke0(Native Method)
	at java.base/jdk.internal.reflect.NativeMethodAccessorImpl.invoke(NativeMethodAccessorImpl.java:77)
	at java.base/jdk.internal.reflect.DelegatingMethodAccessorImpl.invoke(DelegatingMethodAccessorImpl.java:43)
	at java.base/java.lang.reflect.Method.invoke(Method.java:569)
	at org.junit.platform.commons.util.ReflectionUtils.invokeMethod(ReflectionUtils.java:727)
	at org.junit.jupiter.engine.execution.MethodInvocation.proceed(MethodInvocation.java:60)
	at org.junit.jupiter.engine.execution.InvocationInterceptorChain$ValidatingInvocation.proceed(InvocationInterceptorChain.java:131)
	at org.junit.jupiter.engine.extension.TimeoutExtension.intercept(TimeoutExtension.java:156)
	at org.junit.jupiter.engine.extension.TimeoutExtension.interceptTestableMethod(TimeoutExtension.java:147)
	at org.junit.jupiter.engine.extension.TimeoutExtension.interceptTestMethod(TimeoutExtension.java:86)
	at org.junit.jupiter.engine.execution.InterceptingExecutableInvoker$ReflectiveInterceptorCall.lambda$ofVoidMethod$0(InterceptingExecutableInvoker.java:103)
	at org.junit.jupiter.engine.execution.InterceptingExecutableInvoker.lambda$invoke$0(InterceptingExecutableInvoker.java:93)
	at org.junit.jupiter.engine.execution.InvocationInterceptorChain$InterceptedInvocation.proceed(InvocationInterceptorChain.java:106)
	at org.junit.jupiter.engine.execution.InvocationInterceptorChain.proceed(InvocationInterceptorChain.java:64)
	at org.junit.jupiter.engine.execution.InvocationInterceptorChain.chainAndInvoke(InvocationInterceptorChain.java:45)
	at org.junit.jupiter.engine.execution.InvocationInterceptorChain.invoke(InvocationInterceptorChain.java:37)
	at org.junit.jupiter.engine.execution.InterceptingExecutableInvoker.invoke(InterceptingExecutableInvoker.java:92)
	at org.junit.jupiter.engine.execution.InterceptingExecutableInvoker.invoke(InterceptingExecutableInvoker.java:86)
	at org.junit.jupiter.engine.descriptor.TestMethodTestDescriptor.lambda$invokeTestMethod$7(TestMethodTestDescriptor.java:217)
	at org.junit.platform.engine.support.hierarchical.ThrowableCollector.execute(ThrowableCollector.java:73)
	at org.junit.jupiter.engine.descriptor.TestMethodTestDescriptor.invokeTestMethod(TestMethodTestDescriptor.java:213)
	at org.junit.jupiter.engine.descriptor.TestMethodTestDescriptor.execute(TestMethodTestDescriptor.java:138)
	at org.junit.jupiter.engine.descriptor.TestMethodTestDescriptor.execute(TestMethodTestDescriptor.java:68)
	at org.junit.platform.engine.support.hierarchical.NodeTestTask.lambda$executeRecursively$6(NodeTestTask.java:151)
	at org.junit.platform.engine.support.hierarchical.ThrowableCollector.execute(ThrowableCollector.java:73)
	at org.junit.platform.engine.support.hierarchical.NodeTestTask.lambda$executeRecursively$8(NodeTestTask.java:141)
	at org.junit.platform.engine.support.hierarchical.Node.around(Node.java:137)
	at org.junit.platform.engine.support.hierarchical.NodeTestTask.lambda$executeRecursively$9(NodeTestTask.java:139)
	at org.junit.platform.engine.support.hierarchical.ThrowableCollector.execute(ThrowableCollector.java:73)
	at org.junit.platform.engine.support.hierarchical.NodeTestTask.executeRecursively(NodeTestTask.java:138)
	at org.junit.platform.engine.support.hierarchical.NodeTestTask.execute(NodeTestTask.java:95)
	at java.base/java.util.ArrayList.forEach(ArrayList.java:1511)
	at org.junit.platform.engine.support.hierarchical.SameThreadHierarchicalTestExecutorService.invokeAll(SameThreadHierarchicalTestExecutorService.java:41)
	at org.junit.platform.engine.support.hierarchical.NodeTestTask.lambda$executeRecursively$6(NodeTestTask.java:155)
	at org.junit.platform.engine.support.hierarchical.ThrowableCollector.execute(ThrowableCollector.java:73)
	at org.junit.platform.engine.support.hierarchical.NodeTestTask.lambda$executeRecursively$8(NodeTestTask.java:141)
	at org.junit.platform.engine.support.hierarchical.Node.around(Node.java:137)
	at org.junit.platform.engine.support.hierarchical.NodeTestTask.lambda$executeRecursively$9(NodeTestTask.java:139)
	at org.junit.platform.engine.support.hierarchical.ThrowableCollector.execute(ThrowableCollector.java:73)
	at org.junit.platform.engine.support.hierarchical.NodeTestTask.executeRecursively(NodeTestTask.java:138)
	at org.junit.platform.engine.support.hierarchical.NodeTestTask.execute(NodeTestTask.java:95)
	at java.base/java.util.ArrayList.forEach(ArrayList.java:1511)
	at org.junit.platform.engine.support.hierarchical.SameThreadHierarchicalTestExecutorService.invokeAll(SameThreadHierarchicalTestExecutorService.java:41)
	at org.junit.platform.engine.support.hierarchical.NodeTestTask.lambda$executeRecursively$6(NodeTestTask.java:155)
	at org.junit.platform.engine.support.hierarchical.ThrowableCollector.execute(ThrowableCollector.java:73)
	at org.junit.platform.engine.support.hierarchical.NodeTestTask.lambda$executeRecursively$8(NodeTestTask.java:141)
	at org.junit.platform.engine.support.hierarchical.Node.around(Node.java:137)
	at org.junit.platform.engine.support.hierarchical.NodeTestTask.lambda$executeRecursively$9(NodeTestTask.java:139)
	at org.junit.platform.engine.support.hierarchical.ThrowableCollector.execute(ThrowableCollector.java:73)
	at org.junit.platform.engine.support.hierarchical.NodeTestTask.executeRecursively(NodeTestTask.java:138)
	at org.junit.platform.engine.support.hierarchical.NodeTestTask.execute(NodeTestTask.java:95)
	at org.junit.platform.engine.support.hierarchical.SameThreadHierarchicalTestExecutorService.submit(SameThreadHierarchicalTestExecutorService.java:35)
	at org.junit.platform.engine.support.hierarchical.HierarchicalTestExecutor.execute(HierarchicalTestExecutor.java:57)
	at org.junit.platform.engine.support.hierarchical.HierarchicalTestEngine.execute(HierarchicalTestEngine.java:54)
	at org.junit.platform.launcher.core.EngineExecutionOrchestrator.execute(EngineExecutionOrchestrator.java:147)
	at org.junit.platform.launcher.core.EngineExecutionOrchestrator.execute(EngineExecutionOrchestrator.java:127)
	at org.junit.platform.launcher.core.EngineExecutionOrchestrator.execute(EngineExecutionOrchestrator.java:90)
	at org.junit.platform.launcher.core.EngineExecutionOrchestrator.lambda$execute$0(EngineExecutionOrchestrator.java:55)
	at org.junit.platform.launcher.core.EngineExecutionOrchestrator.withInterceptedStreams(EngineExecutionOrchestrator.java:102)
	at org.junit.platform.launcher.core.EngineExecutionOrchestrator.execute(EngineExecutionOrchestrator.java:54)
	at org.junit.platform.launcher.core.DefaultLauncher.execute(DefaultLauncher.java:114)
	at org.junit.platform.launcher.core.DefaultLauncher.execute(DefaultLauncher.java:86)
	at org.junit.platform.launcher.core.DefaultLauncherSession$DelegatingLauncher.execute(DefaultLauncherSession.java:86)
	at org.apache.maven.surefire.junitplatform.LazyLauncher.execute(LazyLauncher.java:50)
	at org.apache.maven.surefire.junitplatform.JUnitPlatformProvider.execute(JUnitPlatformProvider.java:184)
	at org.apache.maven.surefire.junitplatform.JUnitPlatformProvider.invokeAllTests(JUnitPlatformProvider.java:148)
	at org.apache.maven.surefire.junitplatform.JUnitPlatformProvider.invoke(JUnitPlatformProvider.java:122)
	at org.apache.maven.surefire.booter.ForkedBooter.runSuitesInProcess(ForkedBooter.java:385)
	at org.apache.maven.surefire.booter.ForkedBooter.execute(ForkedBooter.java:162)
	at org.apache.maven.surefire.booter.ForkedBooter.run(ForkedBooter.java:507)
	at org.apache.maven.surefire.booter.ForkedBooter.main(ForkedBooter.java:495)
Caused by: java.io.IOException: error=13, Permission denied
	at java.base/java.lang.ProcessImpl.forkAndExec(Native Method)
	at java.base/java.lang.ProcessImpl.<init>(ProcessImpl.java:314)
	at java.base/java.lang.ProcessImpl.start(ProcessImpl.java:244)
	at java.base/java.lang.ProcessBuilder.start(ProcessBuilder.java:1110)
	... 76 common frames omitted
20:07:43.480 [main] ERROR io.github.yasmramos.forge.core.ForgeEngine -- Error creating sources JAR
java.io.IOException: Cannot run program "jar": error=13, Permission denied
	at java.base/java.lang.ProcessBuilder.start(ProcessBuilder.java:1143)
	at java.base/java.lang.ProcessBuilder.start(ProcessBuilder.java:1073)
	at io.github.yasmramos.forge.core.ForgeEngine.createSourcesJar(ForgeEngine.java:293)
	at io.github.yasmramos.forge.core.ForgeEngine.packageAdditionalArtifacts(ForgeEngine.java:270)
	at io.github.yasmramos.forge.core.ForgeEngine.packageArtifacts(ForgeEngine.java:219)
	at io.github.yasmramos.forge.core.ForgeEngine.build(ForgeEngine.java:71)
	at io.github.yasmramos.forge.validation.ForgeDemoProjectValidationTest.testBasicValidation(ForgeDemoProjectValidationTest.java:25)
	at java.base/jdk.internal.reflect.NativeMethodAccessorImpl.invoke0(Native Method)
	at java.base/jdk.internal.reflect.NativeMethodAccessorImpl.invoke(NativeMethodAccessorImpl.java:77)
	at java.base/jdk.internal.reflect.DelegatingMethodAccessorImpl.invoke(DelegatingMethodAccessorImpl.java:43)
	at java.base/java.lang.reflect.Method.invoke(Method.java:569)
	at org.junit.platform.commons.util.ReflectionUtils.invokeMethod(ReflectionUtils.java:727)
	at org.junit.jupiter.engine.execution.MethodInvocation.proceed(MethodInvocation.java:60)
	at org.junit.jupiter.engine.execution.InvocationInterceptorChain$ValidatingInvocation.proceed(InvocationInterceptorChain.java:131)
	at org.junit.jupiter.engine.extension.TimeoutExtension.intercept(TimeoutExtension.java:156)
	at org.junit.jupiter.engine.extension.TimeoutExtension.interceptTestableMethod(TimeoutExtension.java:147)
	at org.junit.jupiter.engine.extension.TimeoutExtension.interceptTestMethod(TimeoutExtension.java:86)
	at org.junit.jupiter.engine.execution.InterceptingExecutableInvoker$ReflectiveInterceptorCall.lambda$ofVoidMethod$0(InterceptingExecutableInvoker.java:103)
	at org.junit.jupiter.engine.execution.InterceptingExecutableInvoker.lambda$invoke$0(InterceptingExecutableInvoker.java:93)
	at org.junit.jupiter.engine.execution.InvocationInterceptorChain$InterceptedInvocation.proceed(InvocationInterceptorChain.java:106)
	at org.junit.jupiter.engine.execution.InvocationInterceptorChain.proceed(InvocationInterceptorChain.java:64)
	at org.junit.jupiter.engine.execution.InvocationInterceptorChain.chainAndInvoke(InvocationInterceptorChain.java:45)
	at org.junit.jupiter.engine.execution.InvocationInterceptorChain.invoke(InvocationInterceptorChain.java:37)
	at org.junit.jupiter.engine.execution.InterceptingExecutableInvoker.invoke(InterceptingExecutableInvoker.java:92)
	at org.junit.jupiter.engine.execution.InterceptingExecutableInvoker.invoke(InterceptingExecutableInvoker.java:86)
	at org.junit.jupiter.engine.descriptor.TestMethodTestDescriptor.lambda$invokeTestMethod$7(TestMethodTestDescriptor.java:217)
	at org.junit.platform.engine.support.hierarchical.ThrowableCollector.execute(ThrowableCollector.java:73)
	at org.junit.jupiter.engine.descriptor.TestMethodTestDescriptor.invokeTestMethod(TestMethodTestDescriptor.java:213)
	at org.junit.jupiter.engine.descriptor.TestMethodTestDescriptor.execute(TestMethodTestDescriptor.java:138)
	at org.junit.jupiter.engine.descriptor.TestMethodTestDescriptor.execute(TestMethodTestDescriptor.java:68)
	at org.junit.platform.engine.support.hierarchical.NodeTestTask.lambda$executeRecursively$6(NodeTestTask.java:151)
	at org.junit.platform.engine.support.hierarchical.ThrowableCollector.execute(ThrowableCollector.java:73)
	at org.junit.platform.engine.support.hierarchical.NodeTestTask.lambda$executeRecursively$8(NodeTestTask.java:141)
	at org.junit.platform.engine.support.hierarchical.Node.around(Node.java:137)
	at org.junit.platform.engine.support.hierarchical.NodeTestTask.lambda$executeRecursively$9(NodeTestTask.java:139)
	at org.junit.platform.engine.support.hierarchical.ThrowableCollector.execute(ThrowableCollector.java:73)
	at org.junit.platform.engine.support.hierarchical.NodeTestTask.executeRecursively(NodeTestTask.java:138)
	at org.junit.platform.engine.support.hierarchical.NodeTestTask.execute(NodeTestTask.java:95)
	at java.base/java.util.ArrayList.forEach(ArrayList.java:1511)
	at org.junit.platform.engine.support.hierarchical.SameThreadHierarchicalTestExecutorService.invokeAll(SameThreadHierarchicalTestExecutorService.java:41)
	at org.junit.platform.engine.support.hierarchical.NodeTestTask.lambda$executeRecursively$6(NodeTestTask.java:155)
	at org.junit.platform.engine.support.hierarchical.ThrowableCollector.execute(ThrowableCollector.java:73)
	at org.junit.platform.engine.support.hierarchical.NodeTestTask.lambda$executeRecursively$8(NodeTestTask.java:141)
	at org.junit.platform.engine.support.hierarchical.Node.around(Node.java:137)
	at org.junit.platform.engine.support.hierarchical.NodeTestTask.lambda$executeRecursively$9(NodeTestTask.java:139)
	at org.junit.platform.engine.support.hierarchical.ThrowableCollector.execute(ThrowableCollector.java:73)
	at org.junit.platform.engine.support.hierarchical.NodeTestTask.executeRecursively(NodeTestTask.java:138)
	at org.junit.platform.engine.support.hierarchical.NodeTestTask.execute(NodeTestTask.java:95)
	at java.base/java.util.ArrayList.forEach(ArrayList.java:1511)
	at org.junit.platform.engine.support.hierarchical.SameThreadHierarchicalTestExecutorService.invokeAll(SameThreadHierarchicalTestExecutorService.java:41)
	at org.junit.platform.engine.support.hierarchical.NodeTestTask.lambda$executeRecursively$6(NodeTestTask.java:155)
	at org.junit.platform.engine.support.hierarchical.ThrowableCollector.execute(ThrowableCollector.java:73)
	at org.junit.platform.engine.support.hierarchical.NodeTestTask.lambda$executeRecursively$8(NodeTestTask.java:141)
	at org.junit.platform.engine.support.hierarchical.Node.around(Node.java:137)
	at org.junit.platform.engine.support.hierarchical.NodeTestTask.lambda$executeRecursively$9(NodeTestTask.java:139)
	at org.junit.platform.engine.support.hierarchical.ThrowableCollector.execute(ThrowableCollector.java:73)
	at org.junit.platform.engine.support.hierarchical.NodeTestTask.executeRecursively(NodeTestTask.java:138)
	at org.junit.platform.engine.support.hierarchical.NodeTestTask.execute(NodeTestTask.java:95)
	at org.junit.platform.engine.support.hierarchical.SameThreadHierarchicalTestExecutorService.submit(SameThreadHierarchicalTestExecutorService.java:35)
	at org.junit.platform.engine.support.hierarchical.HierarchicalTestExecutor.execute(HierarchicalTestExecutor.java:57)
	at org.junit.platform.engine.support.hierarchical.HierarchicalTestEngine.execute(HierarchicalTestEngine.java:54)
	at org.junit.platform.launcher.core.EngineExecutionOrchestrator.execute(EngineExecutionOrchestrator.java:147)
	at org.junit.platform.launcher.core.EngineExecutionOrchestrator.execute(EngineExecutionOrchestrator.java:127)
	at org.junit.platform.launcher.core.EngineExecutionOrchestrator.execute(EngineExecutionOrchestrator.java:90)
	at org.junit.platform.launcher.core.EngineExecutionOrchestrator.lambda$execute$0(EngineExecutionOrchestrator.java:55)
	at org.junit.platform.launcher.core.EngineExecutionOrchestrator.withInterceptedStreams(EngineExecutionOrchestrator.java:102)
	at org.junit.platform.launcher.core.EngineExecutionOrchestrator.execute(EngineExecutionOrchestrator.java:54)
	at org.junit.platform.launcher.core.DefaultLauncher.execute(DefaultLauncher.java:114)
	at org.junit.platform.launcher.core.DefaultLauncher.execute(DefaultLauncher.java:86)
	at org.junit.platform.launcher.core.DefaultLauncherSession$DelegatingLauncher.execute(DefaultLauncherSession.java:86)
	at org.apache.maven.surefire.junitplatform.LazyLauncher.execute(LazyLauncher.java:50)
	at org.apache.maven.surefire.junitplatform.JUnitPlatformProvider.execute(JUnitPlatformProvider.java:184)
	at org.apache.maven.surefire.junitplatform.JUnitPlatformProvider.invokeAllTests(JUnitPlatformProvider.java:148)
	at org.apache.maven.surefire.junitplatform.JUnitPlatformProvider.invoke(JUnitPlatformProvider.java:122)
	at org.apache.maven.surefire.booter.ForkedBooter.runSuitesInProcess(ForkedBooter.java:385)
	at org.apache.maven.surefire.booter.ForkedBooter.execute(ForkedBooter.java:162)
	at org.apache.maven.surefire.booter.ForkedBooter.run(ForkedBooter.java:507)
	at org.apache.maven.surefire.booter.ForkedBooter.main(ForkedBooter.java:495)
Caused by: java.io.IOException: error=13, Permission denied
	at java.base/java.lang.ProcessImpl.forkAndExec(Native Method)
	at java.base/java.lang.ProcessImpl.<init>(ProcessImpl.java:314)
	at java.base/java.lang.ProcessImpl.start(ProcessImpl.java:244)
	at java.base/java.lang.ProcessBuilder.start(ProcessBuilder.java:1110)
	... 77 common frames omitted
20:07:43.482 [main] ERROR io.github.yasmramos.forge.core.ForgeEngine -- Error generating javadoc
java.io.IOException: Cannot run program "javadoc": error=13, Permission denied
	at java.base/java.lang.ProcessBuilder.start(ProcessBuilder.java:1143)
	at java.base/java.lang.ProcessBuilder.start(ProcessBuilder.java:1073)
	at io.github.yasmramos.forge.core.ForgeEngine.generateJavadoc(ForgeEngine.java:320)
	at io.github.yasmramos.forge.core.ForgeEngine.packageAdditionalArtifacts(ForgeEngine.java:276)
	at io.github.yasmramos.forge.core.ForgeEngine.packageArtifacts(ForgeEngine.java:219)
	at io.github.yasmramos.forge.core.ForgeEngine.build(ForgeEngine.java:71)
	at io.github.yasmramos.forge.validation.ForgeDemoProjectValidationTest.testBasicValidation(ForgeDemoProjectValidationTest.java:25)
	at java.base/jdk.internal.reflect.NativeMethodAccessorImpl.invoke0(Native Method)
	at java.base/jdk.internal.reflect.NativeMethodAccessorImpl.invoke(NativeMethodAccessorImpl.java:77)
	at java.base/jdk.internal.reflect.DelegatingMethodAccessorImpl.invoke(DelegatingMethodAccessorImpl.java:43)
	at java.base/java.lang.reflect.Method.invoke(Method.java:569)
	at org.junit.platform.commons.util.ReflectionUtils.invokeMethod(ReflectionUtils.java:727)
	at org.junit.jupiter.engine.execution.MethodInvocation.proceed(MethodInvocation.java:60)
	at org.junit.jupiter.engine.execution.InvocationInterceptorChain$ValidatingInvocation.proceed(InvocationInterceptorChain.java:131)
	at org.junit.jupiter.engine.extension.TimeoutExtension.intercept(TimeoutExtension.java:156)
	at org.junit.jupiter.engine.extension.TimeoutExtension.interceptTestableMethod(TimeoutExtension.java:147)
	at org.junit.jupiter.engine.extension.TimeoutExtension.interceptTestMethod(TimeoutExtension.java:86)
	at org.junit.jupiter.engine.execution.InterceptingExecutableInvoker$ReflectiveInterceptorCall.lambda$ofVoidMethod$0(InterceptingExecutableInvoker.java:103)
	at org.junit.jupiter.engine.execution.InterceptingExecutableInvoker.lambda$invoke$0(InterceptingExecutableInvoker.java:93)
	at org.junit.jupiter.engine.execution.InvocationInterceptorChain$InterceptedInvocation.proceed(InvocationInterceptorChain.java:106)
	at org.junit.jupiter.engine.execution.InvocationInterceptorChain.proceed(InvocationInterceptorChain.java:64)
	at org.junit.jupiter.engine.execution.InvocationInterceptorChain.chainAndInvoke(InvocationInterceptorChain.java:45)
	at org.junit.jupiter.engine.execution.InvocationInterceptorChain.invoke(InvocationInterceptorChain.java:37)
	at org.junit.jupiter.engine.execution.InterceptingExecutableInvoker.invoke(InterceptingExecutableInvoker.java:92)
	at org.junit.jupiter.engine.execution.InterceptingExecutableInvoker.invoke(InterceptingExecutableInvoker.java:86)
	at org.junit.jupiter.engine.descriptor.TestMethodTestDescriptor.lambda$invokeTestMethod$7(TestMethodTestDescriptor.java:217)
	at org.junit.platform.engine.support.hierarchical.ThrowableCollector.execute(ThrowableCollector.java:73)
	at org.junit.jupiter.engine.descriptor.TestMethodTestDescriptor.invokeTestMethod(TestMethodTestDescriptor.java:213)
	at org.junit.jupiter.engine.descriptor.TestMethodTestDescriptor.execute(TestMethodTestDescriptor.java:138)
	at org.junit.jupiter.engine.descriptor.TestMethodTestDescriptor.execute(TestMethodTestDescriptor.java:68)
	at org.junit.platform.engine.support.hierarchical.NodeTestTask.lambda$executeRecursively$6(NodeTestTask.java:151)
	at org.junit.platform.engine.support.hierarchical.ThrowableCollector.execute(ThrowableCollector.java:73)
	at org.junit.platform.engine.support.hierarchical.NodeTestTask.lambda$executeRecursively$8(NodeTestTask.java:141)
	at org.junit.platform.engine.support.hierarchical.Node.around(Node.java:137)
	at org.junit.platform.engine.support.hierarchical.NodeTestTask.lambda$executeRecursively$9(NodeTestTask.java:139)
	at org.junit.platform.engine.support.hierarchical.ThrowableCollector.execute(ThrowableCollector.java:73)
	at org.junit.platform.engine.support.hierarchical.NodeTestTask.executeRecursively(NodeTestTask.java:138)
	at org.junit.platform.engine.support.hierarchical.NodeTestTask.execute(NodeTestTask.java:95)
	at java.base/java.util.ArrayList.forEach(ArrayList.java:1511)
	at org.junit.platform.engine.support.hierarchical.SameThreadHierarchicalTestExecutorService.invokeAll(SameThreadHierarchicalTestExecutorService.java:41)
	at org.junit.platform.engine.support.hierarchical.NodeTestTask.lambda$executeRecursively$6(NodeTestTask.java:155)
	at org.junit.platform.engine.support.hierarchical.ThrowableCollector.execute(ThrowableCollector.java:73)
	at org.junit.platform.engine.support.hierarchical.NodeTestTask.lambda$executeRecursively$8(NodeTestTask.java:141)
	at org.junit.platform.engine.support.hierarchical.Node.around(Node.java:137)
	at org.junit.platform.engine.support.hierarchical.NodeTestTask.lambda$executeRecursively$9(NodeTestTask.java:139)
	at org.junit.platform.engine.support.hierarchical.ThrowableCollector.execute(ThrowableCollector.java:73)
	at org.junit.platform.engine.support.hierarchical.NodeTestTask.executeRecursively(NodeTestTask.java:138)
	at org.junit.platform.engine.support.hierarchical.NodeTestTask.execute(NodeTestTask.java:95)
	at java.base/java.util.ArrayList.forEach(ArrayList.java:1511)
	at org.junit.platform.engine.support.hierarchical.SameThreadHierarchicalTestExecutorService.invokeAll(SameThreadHierarchicalTestExecutorService.java:41)
	at org.junit.platform.engine.support.hierarchical.NodeTestTask.lambda$executeRecursively$6(NodeTestTask.java:155)
	at org.junit.platform.engine.support.hierarchical.ThrowableCollector.execute(ThrowableCollector.java:73)
	at org.junit.platform.engine.support.hierarchical.NodeTestTask.lambda$executeRecursively$8(NodeTestTask.java:141)
	at org.junit.platform.engine.support.hierarchical.Node.around(Node.java:137)
	at org.junit.platform.engine.support.hierarchical.NodeTestTask.lambda$executeRecursively$9(NodeTestTask.java:139)
	at org.junit.platform.engine.support.hierarchical.ThrowableCollector.execute(ThrowableCollector.java:73)
	at org.junit.platform.engine.support.hierarchical.NodeTestTask.executeRecursively(NodeTestTask.java:138)
	at org.junit.platform.engine.support.hierarchical.NodeTestTask.execute(NodeTestTask.java:95)
	at org.junit.platform.engine.support.hierarchical.SameThreadHierarchicalTestExecutorService.submit(SameThreadHierarchicalTestExecutorService.java:35)
	at org.junit.platform.engine.support.hierarchical.HierarchicalTestExecutor.execute(HierarchicalTestExecutor.java:57)
	at org.junit.platform.engine.support.hierarchical.HierarchicalTestEngine.execute(HierarchicalTestEngine.java:54)
	at org.junit.platform.launcher.core.EngineExecutionOrchestrator.execute(EngineExecutionOrchestrator.java:147)
	at org.junit.platform.launcher.core.EngineExecutionOrchestrator.execute(EngineExecutionOrchestrator.java:127)
	at org.junit.platform.launcher.core.EngineExecutionOrchestrator.execute(EngineExecutionOrchestrator.java:90)
	at org.junit.platform.launcher.core.EngineExecutionOrchestrator.lambda$execute$0(EngineExecutionOrchestrator.java:55)
	at org.junit.platform.launcher.core.EngineExecutionOrchestrator.withInterceptedStreams(EngineExecutionOrchestrator.java:102)
	at org.junit.platform.launcher.core.EngineExecutionOrchestrator.execute(EngineExecutionOrchestrator.java:54)
	at org.junit.platform.launcher.core.DefaultLauncher.execute(DefaultLauncher.java:114)
	at org.junit.platform.launcher.core.DefaultLauncher.execute(DefaultLauncher.java:86)
	at org.junit.platform.launcher.core.DefaultLauncherSession$DelegatingLauncher.execute(DefaultLauncherSession.java:86)
	at org.apache.maven.surefire.junitplatform.LazyLauncher.execute(LazyLauncher.java:50)
	at org.apache.maven.surefire.junitplatform.JUnitPlatformProvider.execute(JUnitPlatformProvider.java:184)
	at org.apache.maven.surefire.junitplatform.JUnitPlatformProvider.invokeAllTests(JUnitPlatformProvider.java:148)
	at org.apache.maven.surefire.junitplatform.JUnitPlatformProvider.invoke(JUnitPlatformProvider.java:122)
	at org.apache.maven.surefire.booter.ForkedBooter.runSuitesInProcess(ForkedBooter.java:385)
	at org.apache.maven.surefire.booter.ForkedBooter.execute(ForkedBooter.java:162)
	at org.apache.maven.surefire.booter.ForkedBooter.run(ForkedBooter.java:507)
	at org.apache.maven.surefire.booter.ForkedBooter.main(ForkedBooter.java:495)
Caused by: java.io.IOException: error=13, Permission denied
	at java.base/java.lang.ProcessImpl.forkAndExec(Native Method)
	at java.base/java.lang.ProcessImpl.<init>(ProcessImpl.java:314)
	at java.base/java.lang.ProcessImpl.start(ProcessImpl.java:244)
	at java.base/java.lang.ProcessBuilder.start(ProcessBuilder.java:1110)
	... 77 common frames omitted
20:07:43.482 [main] INFO io.github.yasmramos.forge.core.ForgeEngine -- Packaging complete: 0 artifacts created
20:07:43.482 [main] INFO io.github.yasmramos.forge.core.ForgeEngine -- Running tests...
20:07:43.482 [main] INFO io.github.yasmramos.forge.core.ForgeEngine -- Running tests...
20:07:43.493 [main] DEBUG io.github.yasmramos.forge.core.ForgeEngine -- Running test: ForgeTest
20:07:43.494 [main] DEBUG io.github.yasmramos.forge.core.ForgeEngine -- Skipping test (no main method): ForgeTest
20:07:43.494 [main] DEBUG io.github.yasmramos.forge.core.ForgeEngine -- Running test: ForgeCacheTest
20:07:43.494 [main] DEBUG io.github.yasmramos.forge.core.ForgeEngine -- Skipping test (no main method): ForgeCacheTest
20:07:43.494 [main] DEBUG io.github.yasmramos.forge.core.ForgeEngine -- Running test: CLITest
20:07:43.494 [main] DEBUG io.github.yasmramos.forge.core.ForgeEngine -- Skipping test (no main method): CLITest
20:07:43.494 [main] DEBUG io.github.yasmramos.forge.core.ForgeEngine -- Running test: BuildAnalyzerTest
20:07:43.495 [main] DEBUG io.github.yasmramos.forge.core.ForgeEngine -- Skipping test (no main method): BuildAnalyzerTest
20:07:43.495 [main] DEBUG io.github.yasmramos.forge.core.ForgeEngine -- Running test: CompilerTest
20:07:43.495 [main] DEBUG io.github.yasmramos.forge.core.ForgeEngine -- Skipping test (no main method): CompilerTest
20:07:43.495 [main] DEBUG io.github.yasmramos.forge.core.ForgeEngine -- Running test: DependencyResolverTest
20:07:43.496 [main] DEBUG io.github.yasmramos.forge.core.ForgeEngine -- Skipping test (no main method): DependencyResolverTest
20:07:43.496 [main] DEBUG io.github.yasmramos.forge.core.ForgeEngine -- Running test: ForgeEngineTest
20:07:43.496 [main] DEBUG io.github.yasmramos.forge.core.ForgeEngine -- Skipping test (no main method): ForgeEngineTest
20:07:43.496 [main] DEBUG io.github.yasmramos.forge.core.ForgeEngine -- Running test: ForgeBuildSystemIntegrationTest
20:07:43.496 [main] DEBUG io.github.yasmramos.forge.core.ForgeEngine -- Skipping test (no main method): ForgeBuildSystemIntegrationTest
20:07:43.497 [main] DEBUG io.github.yasmramos.forge.core.ForgeEngine -- Running test: ModelClassesTest
20:07:43.497 [main] DEBUG io.github.yasmramos.forge.core.ForgeEngine -- Skipping test (no main method): ModelClassesTest
20:07:43.497 [main] DEBUG io.github.yasmramos.forge.core.ForgeEngine -- Running test: ForgePerformanceTest
20:07:43.497 [main] DEBUG io.github.yasmramos.forge.core.ForgeEngine -- Skipping test (no main method): ForgePerformanceTest
20:07:43.497 [main] DEBUG io.github.yasmramos.forge.core.ForgeEngine -- Running test: ConfigReaderTest
20:07:43.498 [main] DEBUG io.github.yasmramos.forge.core.ForgeEngine -- Skipping test (no main method): ConfigReaderTest
20:07:43.498 [main] DEBUG io.github.yasmramos.forge.core.ForgeEngine -- Running test: ForgeDemoProjectValidationTest
20:07:43.498 [main] DEBUG io.github.yasmramos.forge.core.ForgeEngine -- Skipping test (no main method): ForgeDemoProjectValidationTest
20:07:43.498 [main] DEBUG io.github.yasmramos.forge.core.ForgeEngine -- Running test: ForgeTest
20:07:43.499 [main] DEBUG io.github.yasmramos.forge.core.ForgeEngine -- Skipping test (no main method): ForgeTest
20:07:43.499 [main] DEBUG io.github.yasmramos.forge.core.ForgeEngine -- Running test: ForgeCacheTest
20:07:43.499 [main] DEBUG io.github.yasmramos.forge.core.ForgeEngine -- Skipping test (no main method): ForgeCacheTest
20:07:43.499 [main] DEBUG io.github.yasmramos.forge.core.ForgeEngine -- Running test: CLITest
20:07:43.500 [main] DEBUG io.github.yasmramos.forge.core.ForgeEngine -- Skipping test (no main method): CLITest
20:07:43.500 [main] DEBUG io.github.yasmramos.forge.core.ForgeEngine -- Running test: BuildAnalyzerTest
20:07:43.500 [main] DEBUG io.github.yasmramos.forge.core.ForgeEngine -- Skipping test (no main method): BuildAnalyzerTest
20:07:43.500 [main] DEBUG io.github.yasmramos.forge.core.ForgeEngine -- Running test: CompilerTest
20:07:43.500 [main] DEBUG io.github.yasmramos.forge.core.ForgeEngine -- Skipping test (no main method): CompilerTest
20:07:43.500 [main] DEBUG io.github.yasmramos.forge.core.ForgeEngine -- Running test: DependencyResolverTest
20:07:43.501 [main] DEBUG io.github.yasmramos.forge.core.ForgeEngine -- Skipping test (no main method): DependencyResolverTest
20:07:43.501 [main] DEBUG io.github.yasmramos.forge.core.ForgeEngine -- Running test: ForgeEngineTest
20:07:43.501 [main] DEBUG io.github.yasmramos.forge.core.ForgeEngine -- Skipping test (no main method): ForgeEngineTest
20:07:43.501 [main] DEBUG io.github.yasmramos.forge.core.ForgeEngine -- Running test: ForgeBuildSystemIntegrationTest
20:07:43.501 [main] DEBUG io.github.yasmramos.forge.core.ForgeEngine -- Skipping test (no main method): ForgeBuildSystemIntegrationTest
20:07:43.501 [main] DEBUG io.github.yasmramos.forge.core.ForgeEngine -- Running test: ModelClassesTest
20:07:43.502 [main] DEBUG io.github.yasmramos.forge.core.ForgeEngine -- Skipping test (no main method): ModelClassesTest
20:07:43.502 [main] DEBUG io.github.yasmramos.forge.core.ForgeEngine -- Running test: ForgePerformanceTest
20:07:43.502 [main] DEBUG io.github.yasmramos.forge.core.ForgeEngine -- Skipping test (no main method): ForgePerformanceTest
20:07:43.502 [main] DEBUG io.github.yasmramos.forge.core.ForgeEngine -- Running test: ConfigReaderTest
20:07:43.503 [main] DEBUG io.github.yasmramos.forge.core.ForgeEngine -- Skipping test (no main method): ConfigReaderTest
20:07:43.503 [main] DEBUG io.github.yasmramos.forge.core.ForgeEngine -- Running test: ForgeDemoProjectValidationTest
20:07:43.503 [main] DEBUG io.github.yasmramos.forge.core.ForgeEngine -- Skipping test (no main method): ForgeDemoProjectValidationTest
20:07:43.503 [main] INFO io.github.yasmramos.forge.core.ForgeEngine -- Test execution complete: 24/24 passed
