[INFO] Scanning for projects...
[INFO] 
[INFO] ---------------------< io.github.yasmramos:forge >----------------------
[INFO] Building Forge Build System 1.0.0-SNAPSHOT
[INFO] --------------------------------[ jar ]---------------------------------
[INFO] 
[INFO] --- maven-resources-plugin:2.6:resources (default-resources) @ forge ---
[INFO] Using 'UTF-8' encoding to copy filtered resources.
[INFO] skip non existing resourceDirectory /workspace/Forge/src/main/resources
[INFO] 
[INFO] --- maven-compiler-plugin:3.11.0:compile (default-compile) @ forge ---
[INFO] Nothing to compile - all classes are up to date
[INFO] 
[INFO] --- maven-resources-plugin:2.6:testResources (default-testResources) @ forge ---
[INFO] Using 'UTF-8' encoding to copy filtered resources.
[INFO] skip non existing resourceDirectory /workspace/Forge/src/test/resources
[INFO] 
[INFO] --- maven-compiler-plugin:3.11.0:testCompile (default-testCompile) @ forge ---
[INFO] Nothing to compile - all classes are up to date
[INFO] 
[INFO] --- maven-surefire-plugin:3.0.0:test (default-test) @ forge ---
[INFO] Using auto detected provider org.apache.maven.surefire.junitplatform.JUnitPlatformProvider
[INFO] 
[INFO] -------------------------------------------------------
[INFO]  T E S T S
[INFO] -------------------------------------------------------
[INFO] Running io.github.yasmramos.forge.cache.ForgeCacheTest
[INFO] Tests run: 3, Failures: 0, Errors: 0, Skipped: 0, Time elapsed: 0.094 s - in io.github.yasmramos.forge.cache.ForgeCacheTest
[INFO] Running io.github.yasmramos.forge.core.BuildAnalyzerTest
20:57:43.429 [main] INFO io.github.yasmramos.forge.core.BuildAnalyzer -- üìä Analyzing project structure...
20:57:43.435 [main] DEBUG io.github.yasmramos.forge.core.BuildAnalyzer -- üìÅ Found 1 source files in: /tmp/junit14182106644304401039
20:57:43.435 [main] DEBUG io.github.yasmramos.forge.core.BuildAnalyzer -- üì¶ Analyzing package structure...
20:57:43.437 [main] DEBUG io.github.yasmramos.forge.core.BuildAnalyzer -- üì¶ Package structure analysis complete: 1 packages found
20:57:43.437 [main] DEBUG io.github.yasmramos.forge.core.BuildAnalyzer -- üîó Analyzing source file dependencies...
20:57:43.437 [main] DEBUG io.github.yasmramos.forge.core.BuildAnalyzer -- üîó Dependency analysis complete: 1 files analyzed
20:57:43.437 [main] DEBUG io.github.yasmramos.forge.core.BuildAnalyzer -- üß™ Analyzing test files...
20:57:43.437 [main] DEBUG io.github.yasmramos.forge.core.BuildAnalyzer -- üß™ Found test file: /tmp/junit14182106644304401039/TestClass.java
20:57:43.437 [main] DEBUG io.github.yasmramos.forge.core.BuildAnalyzer -- üß™ Test analysis complete: 1 test files found
20:57:43.439 [main] DEBUG io.github.yasmramos.forge.core.BuildAnalyzer -- üìä Calculating complexity score for 1 files...
20:57:43.439 [main] DEBUG io.github.yasmramos.forge.core.BuildAnalyzer -- üìä Complexity calculation complete: 7.0
20:57:43.442 [main] INFO io.github.yasmramos.forge.core.BuildAnalyzer -- üìä Analyzing project structure...
20:57:43.442 [main] WARN io.github.yasmramos.forge.core.BuildAnalyzer -- ‚ö†Ô∏è  Source directory not found: /non/existent/path
20:57:43.442 [main] WARN io.github.yasmramos.forge.core.BuildAnalyzer -- ‚ö†Ô∏è  Source directory not found: /another/non/existent/path
20:57:43.442 [main] DEBUG io.github.yasmramos.forge.core.BuildAnalyzer -- üì¶ Analyzing package structure...
20:57:43.442 [main] DEBUG io.github.yasmramos.forge.core.BuildAnalyzer -- üì¶ Package structure analysis complete: 0 packages found
20:57:43.442 [main] DEBUG io.github.yasmramos.forge.core.BuildAnalyzer -- üîó Analyzing source file dependencies...
20:57:43.443 [main] DEBUG io.github.yasmramos.forge.core.BuildAnalyzer -- üîó Dependency analysis complete: 0 files analyzed
20:57:43.443 [main] DEBUG io.github.yasmramos.forge.core.BuildAnalyzer -- üß™ Analyzing test files...
20:57:43.443 [main] DEBUG io.github.yasmramos.forge.core.BuildAnalyzer -- üß™ Test analysis complete: 0 test files found
20:57:43.443 [main] DEBUG io.github.yasmramos.forge.core.BuildAnalyzer -- üìä Calculating complexity score for 0 files...
20:57:43.443 [main] DEBUG io.github.yasmramos.forge.core.BuildAnalyzer -- üìä Complexity calculation complete: 0.0
[INFO] Tests run: 2, Failures: 0, Errors: 0, Skipped: 0, Time elapsed: 0.03 s - in io.github.yasmramos.forge.core.BuildAnalyzerTest
[INFO] Running io.github.yasmramos.forge.core.DependencyResolverTest
20:57:43.484 [main] INFO io.github.yasmramos.forge.core.DependencyResolver -- üîó Resolving 0 dependencies...
20:57:43.486 [main] INFO io.github.yasmramos.forge.core.DependencyResolver -- üîó Dependency resolution completed: 0 successful, 0 failed
[INFO] Tests run: 2, Failures: 0, Errors: 0, Skipped: 0, Time elapsed: 0.041 s - in io.github.yasmramos.forge.core.DependencyResolverTest
[INFO] Running io.github.yasmramos.forge.core.ForgeEngineTest
20:57:43.493 [main] INFO io.github.yasmramos.forge.core.ForgeEngine -- üßπ Cleaning build artifacts...
20:57:43.493 [main] INFO io.github.yasmramos.forge.core.ForgeEngine -- ‚úÖ Clean completed
20:57:43.494 [main] INFO io.github.yasmramos.forge.core.ForgeEngine -- üîÑ Starting incremental build...
20:57:43.494 [main] INFO io.github.yasmramos.forge.core.BuildAnalyzer -- üîç Analyzing project changes...
20:57:43.501 [main] INFO io.github.yasmramos.forge.core.BuildAnalyzer -- üîÑ Found 15 changed files
20:57:43.507 [main] INFO io.github.yasmramos.forge.core.BuildAnalyzer -- üîÑ Found 7 changed files
20:57:43.507 [main] INFO io.github.yasmramos.forge.core.Compiler -- üîÑ Incremental compilation of 7 changed files
20:57:43.511 [pool-5-thread-2] ERROR io.github.yasmramos.forge.core.Compiler -- Failed incremental compile: src/test/java/io/github/yasmramos/forge/core/BuildAnalyzerTest.java
java.lang.NullPointerException: Cannot invoke "io.github.yasmramos.forge.model.DependencyResolution.getDependencies()" because "dependencyResolution" is null
	at io.github.yasmramos.forge.core.Compiler.compile(Compiler.java:38)
	at io.github.yasmramos.forge.core.Compiler.lambda$compileIncremental$0(Compiler.java:80)
	at java.base/java.util.concurrent.CompletableFuture$AsyncSupply.run(CompletableFuture.java:1768)
	at java.base/java.util.concurrent.ThreadPoolExecutor.runWorker(ThreadPoolExecutor.java:1136)
	at java.base/java.util.concurrent.ThreadPoolExecutor$Worker.run(ThreadPoolExecutor.java:635)
	at java.base/java.lang.Thread.run(Thread.java:840)
20:57:43.511 [pool-5-thread-1] ERROR io.github.yasmramos.forge.core.Compiler -- Failed incremental compile: src/test/java/io/github/yasmramos/forge/cache/ForgeCacheTest.java
java.lang.NullPointerException: Cannot invoke "io.github.yasmramos.forge.model.DependencyResolution.getDependencies()" because "dependencyResolution" is null
	at io.github.yasmramos.forge.core.Compiler.compile(Compiler.java:38)
	at io.github.yasmramos.forge.core.Compiler.lambda$compileIncremental$0(Compiler.java:80)
	at java.base/java.util.concurrent.CompletableFuture$AsyncSupply.run(CompletableFuture.java:1768)
	at java.base/java.util.concurrent.ThreadPoolExecutor.runWorker(ThreadPoolExecutor.java:1136)
	at java.base/java.util.concurrent.ThreadPoolExecutor$Worker.run(ThreadPoolExecutor.java:635)
	at java.base/java.lang.Thread.run(Thread.java:840)
20:57:43.513 [pool-5-thread-2] ERROR io.github.yasmramos.forge.core.Compiler -- Failed incremental compile: src/test/java/io/github/yasmramos/forge/core/ForgeEngineTest.java
java.lang.NullPointerException: Cannot invoke "io.github.yasmramos.forge.model.DependencyResolution.getDependencies()" because "dependencyResolution" is null
	at io.github.yasmramos.forge.core.Compiler.compile(Compiler.java:38)
	at io.github.yasmramos.forge.core.Compiler.lambda$compileIncremental$0(Compiler.java:80)
	at java.base/java.util.concurrent.CompletableFuture$AsyncSupply.run(CompletableFuture.java:1768)
	at java.base/java.util.concurrent.ThreadPoolExecutor.runWorker(ThreadPoolExecutor.java:1136)
	at java.base/java.util.concurrent.ThreadPoolExecutor$Worker.run(ThreadPoolExecutor.java:635)
	at java.base/java.lang.Thread.run(Thread.java:840)
20:57:43.513 [pool-5-thread-1] ERROR io.github.yasmramos.forge.core.Compiler -- Failed incremental compile: src/test/java/io/github/yasmramos/forge/core/DependencyResolverTest.java
java.lang.NullPointerException: Cannot invoke "io.github.yasmramos.forge.model.DependencyResolution.getDependencies()" because "dependencyResolution" is null
	at io.github.yasmramos.forge.core.Compiler.compile(Compiler.java:38)
	at io.github.yasmramos.forge.core.Compiler.lambda$compileIncremental$0(Compiler.java:80)
	at java.base/java.util.concurrent.CompletableFuture$AsyncSupply.run(CompletableFuture.java:1768)
	at java.base/java.util.concurrent.ThreadPoolExecutor.runWorker(ThreadPoolExecutor.java:1136)
	at java.base/java.util.concurrent.ThreadPoolExecutor$Worker.run(ThreadPoolExecutor.java:635)
	at java.base/java.lang.Thread.run(Thread.java:840)
20:57:43.513 [pool-5-thread-2] ERROR io.github.yasmramos.forge.core.Compiler -- Failed incremental compile: src/test/java/io/github/yasmramos/forge/integration/ForgeBuildSystemIntegrationTest.java
java.lang.NullPointerException: Cannot invoke "io.github.yasmramos.forge.model.DependencyResolution.getDependencies()" because "dependencyResolution" is null
	at io.github.yasmramos.forge.core.Compiler.compile(Compiler.java:38)
	at io.github.yasmramos.forge.core.Compiler.lambda$compileIncremental$0(Compiler.java:80)
	at java.base/java.util.concurrent.CompletableFuture$AsyncSupply.run(CompletableFuture.java:1768)
	at java.base/java.util.concurrent.ThreadPoolExecutor.runWorker(ThreadPoolExecutor.java:1136)
	at java.base/java.util.concurrent.ThreadPoolExecutor$Worker.run(ThreadPoolExecutor.java:635)
	at java.base/java.lang.Thread.run(Thread.java:840)
20:57:43.513 [pool-5-thread-1] ERROR io.github.yasmramos.forge.core.Compiler -- Failed incremental compile: src/test/java/io/github/yasmramos/forge/performance/ForgePerformanceTest.java
java.lang.NullPointerException: Cannot invoke "io.github.yasmramos.forge.model.DependencyResolution.getDependencies()" because "dependencyResolution" is null
	at io.github.yasmramos.forge.core.Compiler.compile(Compiler.java:38)
	at io.github.yasmramos.forge.core.Compiler.lambda$compileIncremental$0(Compiler.java:80)
	at java.base/java.util.concurrent.CompletableFuture$AsyncSupply.run(CompletableFuture.java:1768)
	at java.base/java.util.concurrent.ThreadPoolExecutor.runWorker(ThreadPoolExecutor.java:1136)
	at java.base/java.util.concurrent.ThreadPoolExecutor$Worker.run(ThreadPoolExecutor.java:635)
	at java.base/java.lang.Thread.run(Thread.java:840)
20:57:43.513 [pool-5-thread-2] ERROR io.github.yasmramos.forge.core.Compiler -- Failed incremental compile: src/test/java/io/github/yasmramos/forge/validation/ForgeDemoProjectValidationTest.java
java.lang.NullPointerException: Cannot invoke "io.github.yasmramos.forge.model.DependencyResolution.getDependencies()" because "dependencyResolution" is null
	at io.github.yasmramos.forge.core.Compiler.compile(Compiler.java:38)
	at io.github.yasmramos.forge.core.Compiler.lambda$compileIncremental$0(Compiler.java:80)
	at java.base/java.util.concurrent.CompletableFuture$AsyncSupply.run(CompletableFuture.java:1768)
	at java.base/java.util.concurrent.ThreadPoolExecutor.runWorker(ThreadPoolExecutor.java:1136)
	at java.base/java.util.concurrent.ThreadPoolExecutor$Worker.run(ThreadPoolExecutor.java:635)
	at java.base/java.lang.Thread.run(Thread.java:840)
20:57:43.516 [main] INFO io.github.yasmramos.forge.core.ForgeEngine -- üî® Starting Forge build for project: test-project
20:57:43.516 [main] INFO io.github.yasmramos.forge.core.ForgeEngine -- üìä Analyzing project structure...
20:57:43.516 [main] INFO io.github.yasmramos.forge.core.BuildAnalyzer -- üìä Analyzing project structure...
20:57:43.522 [main] DEBUG io.github.yasmramos.forge.core.BuildAnalyzer -- üìÅ Found 15 source files in: src/main/java
20:57:43.528 [main] DEBUG io.github.yasmramos.forge.core.BuildAnalyzer -- üìÅ Found 7 source files in: src/test/java
20:57:43.528 [main] DEBUG io.github.yasmramos.forge.core.BuildAnalyzer -- üì¶ Analyzing package structure...
20:57:43.542 [main] DEBUG io.github.yasmramos.forge.core.BuildAnalyzer -- üì¶ Package structure analysis complete: 9 packages found
20:57:43.542 [main] DEBUG io.github.yasmramos.forge.core.BuildAnalyzer -- üîó Analyzing source file dependencies...
20:57:43.544 [main] DEBUG io.github.yasmramos.forge.core.BuildAnalyzer -- üìã File Forge.java imports: 10 dependencies
20:57:43.545 [main] DEBUG io.github.yasmramos.forge.core.BuildAnalyzer -- üìã File ForgeCache.java imports: 10 dependencies
20:57:43.546 [main] DEBUG io.github.yasmramos.forge.core.BuildAnalyzer -- üìã File ForgeCLI.java imports: 4 dependencies
20:57:43.547 [main] DEBUG io.github.yasmramos.forge.core.BuildAnalyzer -- üìã File BuildAnalyzer.java imports: 17 dependencies
20:57:43.547 [main] DEBUG io.github.yasmramos.forge.core.BuildAnalyzer -- üìã File Compiler.java imports: 17 dependencies
20:57:43.548 [main] DEBUG io.github.yasmramos.forge.core.BuildAnalyzer -- üìã File DependencyResolver.java imports: 17 dependencies
20:57:43.549 [main] DEBUG io.github.yasmramos.forge.core.BuildAnalyzer -- üìã File ForgeEngine.java imports: 19 dependencies
20:57:43.550 [main] DEBUG io.github.yasmramos.forge.core.BuildAnalyzer -- üìã File DependencyInfo.java imports: 3 dependencies
20:57:43.551 [main] DEBUG io.github.yasmramos.forge.core.BuildAnalyzer -- üìã File DependencyResolution.java imports: 4 dependencies
20:57:43.552 [main] DEBUG io.github.yasmramos.forge.core.BuildAnalyzer -- üìã File ProjectAnalysis.java imports: 5 dependencies
20:57:43.553 [main] DEBUG io.github.yasmramos.forge.core.BuildAnalyzer -- üìã File ProjectConfig.java imports: 3 dependencies
20:57:43.554 [main] DEBUG io.github.yasmramos.forge.core.BuildAnalyzer -- üìã File ConfigReader.java imports: 9 dependencies
20:57:43.554 [main] DEBUG io.github.yasmramos.forge.core.BuildAnalyzer -- üìã File ForgeCacheTest.java imports: 5 dependencies
20:57:43.555 [main] DEBUG io.github.yasmramos.forge.core.BuildAnalyzer -- üìã File BuildAnalyzerTest.java imports: 10 dependencies
20:57:43.555 [main] DEBUG io.github.yasmramos.forge.core.BuildAnalyzer -- üìã File DependencyResolverTest.java imports: 7 dependencies
20:57:43.556 [main] DEBUG io.github.yasmramos.forge.core.BuildAnalyzer -- üìã File ForgeEngineTest.java imports: 6 dependencies
20:57:43.556 [main] DEBUG io.github.yasmramos.forge.core.BuildAnalyzer -- üìã File ForgeBuildSystemIntegrationTest.java imports: 6 dependencies
20:57:43.557 [main] DEBUG io.github.yasmramos.forge.core.BuildAnalyzer -- üìã File ForgePerformanceTest.java imports: 6 dependencies
20:57:43.557 [main] DEBUG io.github.yasmramos.forge.core.BuildAnalyzer -- üìã File ForgeDemoProjectValidationTest.java imports: 5 dependencies
20:57:43.558 [main] DEBUG io.github.yasmramos.forge.core.BuildAnalyzer -- üîó Dependency analysis complete: 22 files analyzed
20:57:43.558 [main] DEBUG io.github.yasmramos.forge.core.BuildAnalyzer -- üß™ Analyzing test files...
20:57:43.558 [main] DEBUG io.github.yasmramos.forge.core.BuildAnalyzer -- üß™ Found test file: src/test/java/io/github/yasmramos/forge/cache/ForgeCacheTest.java
20:57:43.558 [main] DEBUG io.github.yasmramos.forge.core.BuildAnalyzer -- üß™ Found test file: src/test/java/io/github/yasmramos/forge/core/BuildAnalyzerTest.java
20:57:43.558 [main] DEBUG io.github.yasmramos.forge.core.BuildAnalyzer -- üß™ Found test file: src/test/java/io/github/yasmramos/forge/core/DependencyResolverTest.java
20:57:43.558 [main] DEBUG io.github.yasmramos.forge.core.BuildAnalyzer -- üß™ Found test file: src/test/java/io/github/yasmramos/forge/core/ForgeEngineTest.java
20:57:43.558 [main] DEBUG io.github.yasmramos.forge.core.BuildAnalyzer -- üß™ Found test file: src/test/java/io/github/yasmramos/forge/integration/ForgeBuildSystemIntegrationTest.java
20:57:43.558 [main] DEBUG io.github.yasmramos.forge.core.BuildAnalyzer -- üß™ Found test file: src/test/java/io/github/yasmramos/forge/performance/ForgePerformanceTest.java
20:57:43.558 [main] DEBUG io.github.yasmramos.forge.core.BuildAnalyzer -- üß™ Found test file: src/test/java/io/github/yasmramos/forge/validation/ForgeDemoProjectValidationTest.java
20:57:43.558 [main] DEBUG io.github.yasmramos.forge.core.BuildAnalyzer -- üß™ Test analysis complete: 7 test files found
20:57:43.573 [main] DEBUG io.github.yasmramos.forge.core.BuildAnalyzer -- üìä Calculating complexity score for 22 files...
20:57:43.595 [main] DEBUG io.github.yasmramos.forge.core.BuildAnalyzer -- üìä Complexity calculation complete: 856.5
20:57:43.595 [main] INFO io.github.yasmramos.forge.core.ForgeEngine -- üîó Resolving dependencies...
20:57:43.595 [main] WARN io.github.yasmramos.forge.core.DependencyResolver -- ‚ö†Ô∏è Dependencies map is null, returning empty resolution
20:57:43.595 [main] INFO io.github.yasmramos.forge.core.ForgeEngine -- ‚ö° Compiling sources...
20:57:43.599 [pool-6-thread-1] DEBUG io.github.yasmramos.forge.core.Compiler -- üî® Compiling: src/main/java/io/github/yasmramos/forge/Forge.java
20:57:43.599 [pool-6-thread-2] DEBUG io.github.yasmramos.forge.core.Compiler -- üî® Compiling: src/main/java/io/github/yasmramos/forge/cache/ForgeCache.java
20:57:43.626 [pool-6-thread-2] ERROR io.github.yasmramos.forge.core.Compiler -- ‚ùå Compilation failed for: src/main/java/io/github/yasmramos/forge/cache/ForgeCache.java
20:57:43.626 [pool-6-thread-1] ERROR io.github.yasmramos.forge.core.Compiler -- ‚ùå Compilation failed for: src/main/java/io/github/yasmramos/forge/Forge.java
20:57:43.626 [pool-6-thread-2] ERROR io.github.yasmramos.forge.core.Compiler -- Error: [B@a1f4b4
20:57:43.626 [pool-6-thread-1] ERROR io.github.yasmramos.forge.core.Compiler -- Error: [B@115f6e3a
20:57:43.627 [pool-6-thread-1] DEBUG io.github.yasmramos.forge.core.Compiler -- üî® Compiling: src/main/java/io/github/yasmramos/forge/core/BuildAnalyzer.java
20:57:43.627 [pool-6-thread-2] DEBUG io.github.yasmramos.forge.core.Compiler -- üî® Compiling: src/main/java/io/github/yasmramos/forge/cli/ForgeCLI.java
20:57:43.628 [pool-6-thread-2] ERROR io.github.yasmramos.forge.core.Compiler -- ‚ùå Compilation failed for: src/main/java/io/github/yasmramos/forge/cli/ForgeCLI.java
20:57:43.628 [pool-6-thread-1] ERROR io.github.yasmramos.forge.core.Compiler -- ‚ùå Compilation failed for: src/main/java/io/github/yasmramos/forge/core/BuildAnalyzer.java
20:57:43.628 [pool-6-thread-2] ERROR io.github.yasmramos.forge.core.Compiler -- Error: [B@224e8261
20:57:43.628 [pool-6-thread-1] ERROR io.github.yasmramos.forge.core.Compiler -- Error: [B@4306d26
20:57:43.628 [pool-6-thread-2] DEBUG io.github.yasmramos.forge.core.Compiler -- üî® Compiling: src/main/java/io/github/yasmramos/forge/core/Compiler.java
20:57:43.628 [pool-6-thread-1] DEBUG io.github.yasmramos.forge.core.Compiler -- üî® Compiling: src/main/java/io/github/yasmramos/forge/core/DependencyResolver.java
20:57:43.629 [pool-6-thread-2] ERROR io.github.yasmramos.forge.core.Compiler -- ‚ùå Compilation failed for: src/main/java/io/github/yasmramos/forge/core/Compiler.java
20:57:43.629 [pool-6-thread-1] ERROR io.github.yasmramos.forge.core.Compiler -- ‚ùå Compilation failed for: src/main/java/io/github/yasmramos/forge/core/DependencyResolver.java
20:57:43.629 [pool-6-thread-2] ERROR io.github.yasmramos.forge.core.Compiler -- Error: [B@569902ec
20:57:43.629 [pool-6-thread-1] ERROR io.github.yasmramos.forge.core.Compiler -- Error: [B@636e5a56
20:57:43.629 [pool-6-thread-2] DEBUG io.github.yasmramos.forge.core.Compiler -- üî® Compiling: src/main/java/io/github/yasmramos/forge/core/ForgeEngine.java
20:57:43.629 [pool-6-thread-1] DEBUG io.github.yasmramos.forge.core.Compiler -- üî® Compiling: src/main/java/io/github/yasmramos/forge/model/CompilationResult.java
20:57:43.630 [pool-6-thread-1] ERROR io.github.yasmramos.forge.core.Compiler -- ‚ùå Compilation failed for: src/main/java/io/github/yasmramos/forge/model/CompilationResult.java
20:57:43.630 [pool-6-thread-2] ERROR io.github.yasmramos.forge.core.Compiler -- ‚ùå Compilation failed for: src/main/java/io/github/yasmramos/forge/core/ForgeEngine.java
20:57:43.630 [pool-6-thread-1] ERROR io.github.yasmramos.forge.core.Compiler -- Error: [B@4e5ef297
20:57:43.630 [pool-6-thread-2] ERROR io.github.yasmramos.forge.core.Compiler -- Error: [B@5e5c880
20:57:43.631 [pool-6-thread-1] DEBUG io.github.yasmramos.forge.core.Compiler -- üî® Compiling: src/main/java/io/github/yasmramos/forge/model/DependencyInfo.java
20:57:43.631 [pool-6-thread-2] DEBUG io.github.yasmramos.forge.core.Compiler -- üî® Compiling: src/main/java/io/github/yasmramos/forge/model/DependencyResolution.java
20:57:43.631 [pool-6-thread-1] ERROR io.github.yasmramos.forge.core.Compiler -- ‚ùå Compilation failed for: src/main/java/io/github/yasmramos/forge/model/DependencyInfo.java
20:57:43.631 [pool-6-thread-1] ERROR io.github.yasmramos.forge.core.Compiler -- Error: [B@249a7bd8
20:57:43.631 [pool-6-thread-2] ERROR io.github.yasmramos.forge.core.Compiler -- ‚ùå Compilation failed for: src/main/java/io/github/yasmramos/forge/model/DependencyResolution.java
20:57:43.632 [pool-6-thread-2] ERROR io.github.yasmramos.forge.core.Compiler -- Error: [B@aee88dc
20:57:43.632 [pool-6-thread-1] DEBUG io.github.yasmramos.forge.core.Compiler -- üî® Compiling: src/main/java/io/github/yasmramos/forge/model/DependencyType.java
20:57:43.632 [pool-6-thread-2] DEBUG io.github.yasmramos.forge.core.Compiler -- üî® Compiling: src/main/java/io/github/yasmramos/forge/model/PackageResult.java
20:57:43.633 [pool-6-thread-1] ERROR io.github.yasmramos.forge.core.Compiler -- ‚ùå Compilation failed for: src/main/java/io/github/yasmramos/forge/model/DependencyType.java
20:57:43.633 [pool-6-thread-1] ERROR io.github.yasmramos.forge.core.Compiler -- Error: [B@23c47b30
20:57:43.633 [pool-6-thread-2] ERROR io.github.yasmramos.forge.core.Compiler -- ‚ùå Compilation failed for: src/main/java/io/github/yasmramos/forge/model/PackageResult.java
20:57:43.633 [pool-6-thread-2] ERROR io.github.yasmramos.forge.core.Compiler -- Error: [B@5c654e6a
20:57:43.633 [pool-6-thread-2] DEBUG io.github.yasmramos.forge.core.Compiler -- üî® Compiling: src/main/java/io/github/yasmramos/forge/model/ProjectConfig.java
20:57:43.633 [pool-6-thread-1] DEBUG io.github.yasmramos.forge.core.Compiler -- üî® Compiling: src/main/java/io/github/yasmramos/forge/model/ProjectAnalysis.java
20:57:43.634 [pool-6-thread-2] ERROR io.github.yasmramos.forge.core.Compiler -- ‚ùå Compilation failed for: src/main/java/io/github/yasmramos/forge/model/ProjectConfig.java
20:57:43.634 [pool-6-thread-1] ERROR io.github.yasmramos.forge.core.Compiler -- ‚ùå Compilation failed for: src/main/java/io/github/yasmramos/forge/model/ProjectAnalysis.java
20:57:43.634 [pool-6-thread-2] ERROR io.github.yasmramos.forge.core.Compiler -- Error: [B@42f5a968
20:57:43.634 [pool-6-thread-1] ERROR io.github.yasmramos.forge.core.Compiler -- Error: [B@326929f4
20:57:43.634 [pool-6-thread-1] DEBUG io.github.yasmramos.forge.core.Compiler -- üî® Compiling: src/test/java/io/github/yasmramos/forge/cache/ForgeCacheTest.java
20:57:43.634 [pool-6-thread-2] DEBUG io.github.yasmramos.forge.core.Compiler -- üî® Compiling: src/main/java/io/github/yasmramos/forge/utils/ConfigReader.java
20:57:43.635 [pool-6-thread-1] ERROR io.github.yasmramos.forge.core.Compiler -- ‚ùå Compilation failed for: src/test/java/io/github/yasmramos/forge/cache/ForgeCacheTest.java
20:57:43.635 [pool-6-thread-2] ERROR io.github.yasmramos.forge.core.Compiler -- ‚ùå Compilation failed for: src/main/java/io/github/yasmramos/forge/utils/ConfigReader.java
20:57:43.635 [pool-6-thread-1] ERROR io.github.yasmramos.forge.core.Compiler -- Error: [B@b9aaf64
20:57:43.635 [pool-6-thread-2] ERROR io.github.yasmramos.forge.core.Compiler -- Error: [B@69ffc87e
20:57:43.635 [pool-6-thread-2] DEBUG io.github.yasmramos.forge.core.Compiler -- üî® Compiling: src/test/java/io/github/yasmramos/forge/core/DependencyResolverTest.java
20:57:43.636 [pool-6-thread-1] DEBUG io.github.yasmramos.forge.core.Compiler -- üî® Compiling: src/test/java/io/github/yasmramos/forge/core/BuildAnalyzerTest.java
20:57:43.636 [pool-6-thread-2] ERROR io.github.yasmramos.forge.core.Compiler -- ‚ùå Compilation failed for: src/test/java/io/github/yasmramos/forge/core/DependencyResolverTest.java
20:57:43.636 [pool-6-thread-2] ERROR io.github.yasmramos.forge.core.Compiler -- Error: [B@17a915f5
20:57:43.636 [pool-6-thread-1] ERROR io.github.yasmramos.forge.core.Compiler -- ‚ùå Compilation failed for: src/test/java/io/github/yasmramos/forge/core/BuildAnalyzerTest.java
20:57:43.636 [pool-6-thread-1] ERROR io.github.yasmramos.forge.core.Compiler -- Error: [B@76918c1
20:57:43.637 [pool-6-thread-2] DEBUG io.github.yasmramos.forge.core.Compiler -- üî® Compiling: src/test/java/io/github/yasmramos/forge/core/ForgeEngineTest.java
20:57:43.637 [pool-6-thread-1] DEBUG io.github.yasmramos.forge.core.Compiler -- üî® Compiling: src/test/java/io/github/yasmramos/forge/integration/ForgeBuildSystemIntegrationTest.java
20:57:43.637 [pool-6-thread-2] ERROR io.github.yasmramos.forge.core.Compiler -- ‚ùå Compilation failed for: src/test/java/io/github/yasmramos/forge/core/ForgeEngineTest.java
20:57:43.637 [pool-6-thread-2] ERROR io.github.yasmramos.forge.core.Compiler -- Error: [B@61c91f74
20:57:43.637 [pool-6-thread-1] ERROR io.github.yasmramos.forge.core.Compiler -- ‚ùå Compilation failed for: src/test/java/io/github/yasmramos/forge/integration/ForgeBuildSystemIntegrationTest.java
20:57:43.637 [pool-6-thread-1] ERROR io.github.yasmramos.forge.core.Compiler -- Error: [B@595666c7
20:57:43.638 [pool-6-thread-2] DEBUG io.github.yasmramos.forge.core.Compiler -- üî® Compiling: src/test/java/io/github/yasmramos/forge/performance/ForgePerformanceTest.java
20:57:43.638 [pool-6-thread-1] DEBUG io.github.yasmramos.forge.core.Compiler -- üî® Compiling: src/test/java/io/github/yasmramos/forge/validation/ForgeDemoProjectValidationTest.java
20:57:43.638 [pool-6-thread-2] ERROR io.github.yasmramos.forge.core.Compiler -- ‚ùå Compilation failed for: src/test/java/io/github/yasmramos/forge/performance/ForgePerformanceTest.java
20:57:43.638 [pool-6-thread-2] ERROR io.github.yasmramos.forge.core.Compiler -- Error: [B@e9844cc
20:57:43.638 [pool-6-thread-1] ERROR io.github.yasmramos.forge.core.Compiler -- ‚ùå Compilation failed for: src/test/java/io/github/yasmramos/forge/validation/ForgeDemoProjectValidationTest.java
20:57:43.638 [pool-6-thread-1] ERROR io.github.yasmramos.forge.core.Compiler -- Error: [B@6f423e68
20:57:43.638 [main] INFO io.github.yasmramos.forge.core.ForgeEngine -- üì¶ Packaging artifacts...
20:57:43.638 [main] INFO io.github.yasmramos.forge.core.ForgeEngine -- üì¶ Packaging compiled artifacts...
20:57:43.642 [main] ERROR io.github.yasmramos.forge.core.ForgeEngine -- ‚ùå Error creating main JAR
java.io.IOException: Cannot run program "jar": error=13, Permission denied
	at java.base/java.lang.ProcessBuilder.start(ProcessBuilder.java:1143)
	at java.base/java.lang.ProcessBuilder.start(ProcessBuilder.java:1073)
	at io.github.yasmramos.forge.core.ForgeEngine.packageMainJar(ForgeEngine.java:245)
	at io.github.yasmramos.forge.core.ForgeEngine.packageArtifacts(ForgeEngine.java:212)
	at io.github.yasmramos.forge.core.ForgeEngine.build(ForgeEngine.java:71)
	at io.github.yasmramos.forge.core.ForgeEngineTest.testBuildMethodExists(ForgeEngineTest.java:34)
	at java.base/jdk.internal.reflect.NativeMethodAccessorImpl.invoke0(Native Method)
	at java.base/jdk.internal.reflect.NativeMethodAccessorImpl.invoke(NativeMethodAccessorImpl.java:77)
	at java.base/jdk.internal.reflect.DelegatingMethodAccessorImpl.invoke(DelegatingMethodAccessorImpl.java:43)
	at java.base/java.lang.reflect.Method.invoke(Method.java:569)
	at org.junit.platform.commons.util.ReflectionUtils.invokeMethod(ReflectionUtils.java:727)
	at org.junit.jupiter.engine.execution.MethodInvocation.proceed(MethodInvocation.java:60)
	at org.junit.jupiter.engine.execution.InvocationInterceptorChain$ValidatingInvocation.proceed(InvocationInterceptorChain.java:131)
	at org.junit.jupiter.engine.extension.TimeoutExtension.intercept(TimeoutExtension.java:156)
	at org.junit.jupiter.engine.extension.TimeoutExtension.interceptTestableMethod(TimeoutExtension.java:147)
	at org.junit.jupiter.engine.extension.TimeoutExtension.interceptTestMethod(TimeoutExtension.java:86)
	at org.junit.jupiter.engine.execution.InterceptingExecutableInvoker$ReflectiveInterceptorCall.lambda$ofVoidMethod$0(InterceptingExecutableInvoker.java:103)
	at org.junit.jupiter.engine.execution.InterceptingExecutableInvoker.lambda$invoke$0(InterceptingExecutableInvoker.java:93)
	at org.junit.jupiter.engine.execution.InvocationInterceptorChain$InterceptedInvocation.proceed(InvocationInterceptorChain.java:106)
	at org.junit.jupiter.engine.execution.InvocationInterceptorChain.proceed(InvocationInterceptorChain.java:64)
	at org.junit.jupiter.engine.execution.InvocationInterceptorChain.chainAndInvoke(InvocationInterceptorChain.java:45)
	at org.junit.jupiter.engine.execution.InvocationInterceptorChain.invoke(InvocationInterceptorChain.java:37)
	at org.junit.jupiter.engine.execution.InterceptingExecutableInvoker.invoke(InterceptingExecutableInvoker.java:92)
	at org.junit.jupiter.engine.execution.InterceptingExecutableInvoker.invoke(InterceptingExecutableInvoker.java:86)
	at org.junit.jupiter.engine.descriptor.TestMethodTestDescriptor.lambda$invokeTestMethod$7(TestMethodTestDescriptor.java:217)
	at org.junit.platform.engine.support.hierarchical.ThrowableCollector.execute(ThrowableCollector.java:73)
	at org.junit.jupiter.engine.descriptor.TestMethodTestDescriptor.invokeTestMethod(TestMethodTestDescriptor.java:213)
	at org.junit.jupiter.engine.descriptor.TestMethodTestDescriptor.execute(TestMethodTestDescriptor.java:138)
	at org.junit.jupiter.engine.descriptor.TestMethodTestDescriptor.execute(TestMethodTestDescriptor.java:68)
	at org.junit.platform.engine.support.hierarchical.NodeTestTask.lambda$executeRecursively$6(NodeTestTask.java:151)
	at org.junit.platform.engine.support.hierarchical.ThrowableCollector.execute(ThrowableCollector.java:73)
	at org.junit.platform.engine.support.hierarchical.NodeTestTask.lambda$executeRecursively$8(NodeTestTask.java:141)
	at org.junit.platform.engine.support.hierarchical.Node.around(Node.java:137)
	at org.junit.platform.engine.support.hierarchical.NodeTestTask.lambda$executeRecursively$9(NodeTestTask.java:139)
	at org.junit.platform.engine.support.hierarchical.ThrowableCollector.execute(ThrowableCollector.java:73)
	at org.junit.platform.engine.support.hierarchical.NodeTestTask.executeRecursively(NodeTestTask.java:138)
	at org.junit.platform.engine.support.hierarchical.NodeTestTask.execute(NodeTestTask.java:95)
	at java.base/java.util.ArrayList.forEach(ArrayList.java:1511)
	at org.junit.platform.engine.support.hierarchical.SameThreadHierarchicalTestExecutorService.invokeAll(SameThreadHierarchicalTestExecutorService.java:41)
	at org.junit.platform.engine.support.hierarchical.NodeTestTask.lambda$executeRecursively$6(NodeTestTask.java:155)
	at org.junit.platform.engine.support.hierarchical.ThrowableCollector.execute(ThrowableCollector.java:73)
	at org.junit.platform.engine.support.hierarchical.NodeTestTask.lambda$executeRecursively$8(NodeTestTask.java:141)
	at org.junit.platform.engine.support.hierarchical.Node.around(Node.java:137)
	at org.junit.platform.engine.support.hierarchical.NodeTestTask.lambda$executeRecursively$9(NodeTestTask.java:139)
	at org.junit.platform.engine.support.hierarchical.ThrowableCollector.execute(ThrowableCollector.java:73)
	at org.junit.platform.engine.support.hierarchical.NodeTestTask.executeRecursively(NodeTestTask.java:138)
	at org.junit.platform.engine.support.hierarchical.NodeTestTask.execute(NodeTestTask.java:95)
	at java.base/java.util.ArrayList.forEach(ArrayList.java:1511)
	at org.junit.platform.engine.support.hierarchical.SameThreadHierarchicalTestExecutorService.invokeAll(SameThreadHierarchicalTestExecutorService.java:41)
	at org.junit.platform.engine.support.hierarchical.NodeTestTask.lambda$executeRecursively$6(NodeTestTask.java:155)
	at org.junit.platform.engine.support.hierarchical.ThrowableCollector.execute(ThrowableCollector.java:73)
	at org.junit.platform.engine.support.hierarchical.NodeTestTask.lambda$executeRecursively$8(NodeTestTask.java:141)
	at org.junit.platform.engine.support.hierarchical.Node.around(Node.java:137)
	at org.junit.platform.engine.support.hierarchical.NodeTestTask.lambda$executeRecursively$9(NodeTestTask.java:139)
	at org.junit.platform.engine.support.hierarchical.ThrowableCollector.execute(ThrowableCollector.java:73)
	at org.junit.platform.engine.support.hierarchical.NodeTestTask.executeRecursively(NodeTestTask.java:138)
	at org.junit.platform.engine.support.hierarchical.NodeTestTask.execute(NodeTestTask.java:95)
	at org.junit.platform.engine.support.hierarchical.SameThreadHierarchicalTestExecutorService.submit(SameThreadHierarchicalTestExecutorService.java:35)
	at org.junit.platform.engine.support.hierarchical.HierarchicalTestExecutor.execute(HierarchicalTestExecutor.java:57)
	at org.junit.platform.engine.support.hierarchical.HierarchicalTestEngine.execute(HierarchicalTestEngine.java:54)
	at org.junit.platform.launcher.core.EngineExecutionOrchestrator.execute(EngineExecutionOrchestrator.java:147)
	at org.junit.platform.launcher.core.EngineExecutionOrchestrator.execute(EngineExecutionOrchestrator.java:127)
	at org.junit.platform.launcher.core.EngineExecutionOrchestrator.execute(EngineExecutionOrchestrator.java:90)
	at org.junit.platform.launcher.core.EngineExecutionOrchestrator.lambda$execute$0(EngineExecutionOrchestrator.java:55)
	at org.junit.platform.launcher.core.EngineExecutionOrchestrator.withInterceptedStreams(EngineExecutionOrchestrator.java:102)
	at org.junit.platform.launcher.core.EngineExecutionOrchestrator.execute(EngineExecutionOrchestrator.java:54)
	at org.junit.platform.launcher.core.DefaultLauncher.execute(DefaultLauncher.java:114)
	at org.junit.platform.launcher.core.DefaultLauncher.execute(DefaultLauncher.java:86)
	at org.junit.platform.launcher.core.DefaultLauncherSession$DelegatingLauncher.execute(DefaultLauncherSession.java:86)
	at org.apache.maven.surefire.junitplatform.LazyLauncher.execute(LazyLauncher.java:50)
	at org.apache.maven.surefire.junitplatform.JUnitPlatformProvider.execute(JUnitPlatformProvider.java:184)
	at org.apache.maven.surefire.junitplatform.JUnitPlatformProvider.invokeAllTests(JUnitPlatformProvider.java:148)
	at org.apache.maven.surefire.junitplatform.JUnitPlatformProvider.invoke(JUnitPlatformProvider.java:122)
	at org.apache.maven.surefire.booter.ForkedBooter.runSuitesInProcess(ForkedBooter.java:385)
	at org.apache.maven.surefire.booter.ForkedBooter.execute(ForkedBooter.java:162)
	at org.apache.maven.surefire.booter.ForkedBooter.run(ForkedBooter.java:507)
	at org.apache.maven.surefire.booter.ForkedBooter.main(ForkedBooter.java:495)
Caused by: java.io.IOException: error=13, Permission denied
	at java.base/java.lang.ProcessImpl.forkAndExec(Native Method)
	at java.base/java.lang.ProcessImpl.<init>(ProcessImpl.java:314)
	at java.base/java.lang.ProcessImpl.start(ProcessImpl.java:244)
	at java.base/java.lang.ProcessBuilder.start(ProcessBuilder.java:1110)
	... 76 common frames omitted
20:57:43.644 [main] ERROR io.github.yasmramos.forge.core.ForgeEngine -- ‚ùå Error creating sources JAR
java.io.IOException: Cannot run program "jar": error=13, Permission denied
	at java.base/java.lang.ProcessBuilder.start(ProcessBuilder.java:1143)
	at java.base/java.lang.ProcessBuilder.start(ProcessBuilder.java:1073)
	at io.github.yasmramos.forge.core.ForgeEngine.createSourcesJar(ForgeEngine.java:293)
	at io.github.yasmramos.forge.core.ForgeEngine.packageAdditionalArtifacts(ForgeEngine.java:270)
	at io.github.yasmramos.forge.core.ForgeEngine.packageArtifacts(ForgeEngine.java:219)
	at io.github.yasmramos.forge.core.ForgeEngine.build(ForgeEngine.java:71)
	at io.github.yasmramos.forge.core.ForgeEngineTest.testBuildMethodExists(ForgeEngineTest.java:34)
	at java.base/jdk.internal.reflect.NativeMethodAccessorImpl.invoke0(Native Method)
	at java.base/jdk.internal.reflect.NativeMethodAccessorImpl.invoke(NativeMethodAccessorImpl.java:77)
	at java.base/jdk.internal.reflect.DelegatingMethodAccessorImpl.invoke(DelegatingMethodAccessorImpl.java:43)
	at java.base/java.lang.reflect.Method.invoke(Method.java:569)
	at org.junit.platform.commons.util.ReflectionUtils.invokeMethod(ReflectionUtils.java:727)
	at org.junit.jupiter.engine.execution.MethodInvocation.proceed(MethodInvocation.java:60)
	at org.junit.jupiter.engine.execution.InvocationInterceptorChain$ValidatingInvocation.proceed(InvocationInterceptorChain.java:131)
	at org.junit.jupiter.engine.extension.TimeoutExtension.intercept(TimeoutExtension.java:156)
	at org.junit.jupiter.engine.extension.TimeoutExtension.interceptTestableMethod(TimeoutExtension.java:147)
	at org.junit.jupiter.engine.extension.TimeoutExtension.interceptTestMethod(TimeoutExtension.java:86)
	at org.junit.jupiter.engine.execution.InterceptingExecutableInvoker$ReflectiveInterceptorCall.lambda$ofVoidMethod$0(InterceptingExecutableInvoker.java:103)
	at org.junit.jupiter.engine.execution.InterceptingExecutableInvoker.lambda$invoke$0(InterceptingExecutableInvoker.java:93)
	at org.junit.jupiter.engine.execution.InvocationInterceptorChain$InterceptedInvocation.proceed(InvocationInterceptorChain.java:106)
	at org.junit.jupiter.engine.execution.InvocationInterceptorChain.proceed(InvocationInterceptorChain.java:64)
	at org.junit.jupiter.engine.execution.InvocationInterceptorChain.chainAndInvoke(InvocationInterceptorChain.java:45)
	at org.junit.jupiter.engine.execution.InvocationInterceptorChain.invoke(InvocationInterceptorChain.java:37)
	at org.junit.jupiter.engine.execution.InterceptingExecutableInvoker.invoke(InterceptingExecutableInvoker.java:92)
	at org.junit.jupiter.engine.execution.InterceptingExecutableInvoker.invoke(InterceptingExecutableInvoker.java:86)
	at org.junit.jupiter.engine.descriptor.TestMethodTestDescriptor.lambda$invokeTestMethod$7(TestMethodTestDescriptor.java:217)
	at org.junit.platform.engine.support.hierarchical.ThrowableCollector.execute(ThrowableCollector.java:73)
	at org.junit.jupiter.engine.descriptor.TestMethodTestDescriptor.invokeTestMethod(TestMethodTestDescriptor.java:213)
	at org.junit.jupiter.engine.descriptor.TestMethodTestDescriptor.execute(TestMethodTestDescriptor.java:138)
	at org.junit.jupiter.engine.descriptor.TestMethodTestDescriptor.execute(TestMethodTestDescriptor.java:68)
	at org.junit.platform.engine.support.hierarchical.NodeTestTask.lambda$executeRecursively$6(NodeTestTask.java:151)
	at org.junit.platform.engine.support.hierarchical.ThrowableCollector.execute(ThrowableCollector.java:73)
	at org.junit.platform.engine.support.hierarchical.NodeTestTask.lambda$executeRecursively$8(NodeTestTask.java:141)
	at org.junit.platform.engine.support.hierarchical.Node.around(Node.java:137)
	at org.junit.platform.engine.support.hierarchical.NodeTestTask.lambda$executeRecursively$9(NodeTestTask.java:139)
	at org.junit.platform.engine.support.hierarchical.ThrowableCollector.execute(ThrowableCollector.java:73)
	at org.junit.platform.engine.support.hierarchical.NodeTestTask.executeRecursively(NodeTestTask.java:138)
	at org.junit.platform.engine.support.hierarchical.NodeTestTask.execute(NodeTestTask.java:95)
	at java.base/java.util.ArrayList.forEach(ArrayList.java:1511)
	at org.junit.platform.engine.support.hierarchical.SameThreadHierarchicalTestExecutorService.invokeAll(SameThreadHierarchicalTestExecutorService.java:41)
	at org.junit.platform.engine.support.hierarchical.NodeTestTask.lambda$executeRecursively$6(NodeTestTask.java:155)
	at org.junit.platform.engine.support.hierarchical.ThrowableCollector.execute(ThrowableCollector.java:73)
	at org.junit.platform.engine.support.hierarchical.NodeTestTask.lambda$executeRecursively$8(NodeTestTask.java:141)
	at org.junit.platform.engine.support.hierarchical.Node.around(Node.java:137)
	at org.junit.platform.engine.support.hierarchical.NodeTestTask.lambda$executeRecursively$9(NodeTestTask.java:139)
	at org.junit.platform.engine.support.hierarchical.ThrowableCollector.execute(ThrowableCollector.java:73)
	at org.junit.platform.engine.support.hierarchical.NodeTestTask.executeRecursively(NodeTestTask.java:138)
	at org.junit.platform.engine.support.hierarchical.NodeTestTask.execute(NodeTestTask.java:95)
	at java.base/java.util.ArrayList.forEach(ArrayList.java:1511)
	at org.junit.platform.engine.support.hierarchical.SameThreadHierarchicalTestExecutorService.invokeAll(SameThreadHierarchicalTestExecutorService.java:41)
	at org.junit.platform.engine.support.hierarchical.NodeTestTask.lambda$executeRecursively$6(NodeTestTask.java:155)
	at org.junit.platform.engine.support.hierarchical.ThrowableCollector.execute(ThrowableCollector.java:73)
	at org.junit.platform.engine.support.hierarchical.NodeTestTask.lambda$executeRecursively$8(NodeTestTask.java:141)
	at org.junit.platform.engine.support.hierarchical.Node.around(Node.java:137)
	at org.junit.platform.engine.support.hierarchical.NodeTestTask.lambda$executeRecursively$9(NodeTestTask.java:139)
	at org.junit.platform.engine.support.hierarchical.ThrowableCollector.execute(ThrowableCollector.java:73)
	at org.junit.platform.engine.support.hierarchical.NodeTestTask.executeRecursively(NodeTestTask.java:138)
	at org.junit.platform.engine.support.hierarchical.NodeTestTask.execute(NodeTestTask.java:95)
	at org.junit.platform.engine.support.hierarchical.SameThreadHierarchicalTestExecutorService.submit(SameThreadHierarchicalTestExecutorService.java:35)
	at org.junit.platform.engine.support.hierarchical.HierarchicalTestExecutor.execute(HierarchicalTestExecutor.java:57)
	at org.junit.platform.engine.support.hierarchical.HierarchicalTestEngine.execute(HierarchicalTestEngine.java:54)
	at org.junit.platform.launcher.core.EngineExecutionOrchestrator.execute(EngineExecutionOrchestrator.java:147)
	at org.junit.platform.launcher.core.EngineExecutionOrchestrator.execute(EngineExecutionOrchestrator.java:127)
	at org.junit.platform.launcher.core.EngineExecutionOrchestrator.execute(EngineExecutionOrchestrator.java:90)
	at org.junit.platform.launcher.core.EngineExecutionOrchestrator.lambda$execute$0(EngineExecutionOrchestrator.java:55)
	at org.junit.platform.launcher.core.EngineExecutionOrchestrator.withInterceptedStreams(EngineExecutionOrchestrator.java:102)
	at org.junit.platform.launcher.core.EngineExecutionOrchestrator.execute(EngineExecutionOrchestrator.java:54)
	at org.junit.platform.launcher.core.DefaultLauncher.execute(DefaultLauncher.java:114)
	at org.junit.platform.launcher.core.DefaultLauncher.execute(DefaultLauncher.java:86)
	at org.junit.platform.launcher.core.DefaultLauncherSession$DelegatingLauncher.execute(DefaultLauncherSession.java:86)
	at org.apache.maven.surefire.junitplatform.LazyLauncher.execute(LazyLauncher.java:50)
	at org.apache.maven.surefire.junitplatform.JUnitPlatformProvider.execute(JUnitPlatformProvider.java:184)
	at org.apache.maven.surefire.junitplatform.JUnitPlatformProvider.invokeAllTests(JUnitPlatformProvider.java:148)
	at org.apache.maven.surefire.junitplatform.JUnitPlatformProvider.invoke(JUnitPlatformProvider.java:122)
	at org.apache.maven.surefire.booter.ForkedBooter.runSuitesInProcess(ForkedBooter.java:385)
	at org.apache.maven.surefire.booter.ForkedBooter.execute(ForkedBooter.java:162)
	at org.apache.maven.surefire.booter.ForkedBooter.run(ForkedBooter.java:507)
	at org.apache.maven.surefire.booter.ForkedBooter.main(ForkedBooter.java:495)
Caused by: java.io.IOException: error=13, Permission denied
	at java.base/java.lang.ProcessImpl.forkAndExec(Native Method)
	at java.base/java.lang.ProcessImpl.<init>(ProcessImpl.java:314)
	at java.base/java.lang.ProcessImpl.start(ProcessImpl.java:244)
	at java.base/java.lang.ProcessBuilder.start(ProcessBuilder.java:1110)
	... 77 common frames omitted
20:57:43.684 [main] ERROR io.github.yasmramos.forge.core.ForgeEngine -- ‚ùå Error generating javadoc
java.io.IOException: Cannot run program "javadoc": error=13, Permission denied
	at java.base/java.lang.ProcessBuilder.start(ProcessBuilder.java:1143)
	at java.base/java.lang.ProcessBuilder.start(ProcessBuilder.java:1073)
	at io.github.yasmramos.forge.core.ForgeEngine.generateJavadoc(ForgeEngine.java:320)
	at io.github.yasmramos.forge.core.ForgeEngine.packageAdditionalArtifacts(ForgeEngine.java:276)
	at io.github.yasmramos.forge.core.ForgeEngine.packageArtifacts(ForgeEngine.java:219)
	at io.github.yasmramos.forge.core.ForgeEngine.build(ForgeEngine.java:71)
	at io.github.yasmramos.forge.core.ForgeEngineTest.testBuildMethodExists(ForgeEngineTest.java:34)
	at java.base/jdk.internal.reflect.NativeMethodAccessorImpl.invoke0(Native Method)
	at java.base/jdk.internal.reflect.NativeMethodAccessorImpl.invoke(NativeMethodAccessorImpl.java:77)
	at java.base/jdk.internal.reflect.DelegatingMethodAccessorImpl.invoke(DelegatingMethodAccessorImpl.java:43)
	at java.base/java.lang.reflect.Method.invoke(Method.java:569)
	at org.junit.platform.commons.util.ReflectionUtils.invokeMethod(ReflectionUtils.java:727)
	at org.junit.jupiter.engine.execution.MethodInvocation.proceed(MethodInvocation.java:60)
	at org.junit.jupiter.engine.execution.InvocationInterceptorChain$ValidatingInvocation.proceed(InvocationInterceptorChain.java:131)
	at org.junit.jupiter.engine.extension.TimeoutExtension.intercept(TimeoutExtension.java:156)
	at org.junit.jupiter.engine.extension.TimeoutExtension.interceptTestableMethod(TimeoutExtension.java:147)
	at org.junit.jupiter.engine.extension.TimeoutExtension.interceptTestMethod(TimeoutExtension.java:86)
	at org.junit.jupiter.engine.execution.InterceptingExecutableInvoker$ReflectiveInterceptorCall.lambda$ofVoidMethod$0(InterceptingExecutableInvoker.java:103)
	at org.junit.jupiter.engine.execution.InterceptingExecutableInvoker.lambda$invoke$0(InterceptingExecutableInvoker.java:93)
	at org.junit.jupiter.engine.execution.InvocationInterceptorChain$InterceptedInvocation.proceed(InvocationInterceptorChain.java:106)
	at org.junit.jupiter.engine.execution.InvocationInterceptorChain.proceed(InvocationInterceptorChain.java:64)
	at org.junit.jupiter.engine.execution.InvocationInterceptorChain.chainAndInvoke(InvocationInterceptorChain.java:45)
	at org.junit.jupiter.engine.execution.InvocationInterceptorChain.invoke(InvocationInterceptorChain.java:37)
	at org.junit.jupiter.engine.execution.InterceptingExecutableInvoker.invoke(InterceptingExecutableInvoker.java:92)
	at org.junit.jupiter.engine.execution.InterceptingExecutableInvoker.invoke(InterceptingExecutableInvoker.java:86)
	at org.junit.jupiter.engine.descriptor.TestMethodTestDescriptor.lambda$invokeTestMethod$7(TestMethodTestDescriptor.java:217)
	at org.junit.platform.engine.support.hierarchical.ThrowableCollector.execute(ThrowableCollector.java:73)
	at org.junit.jupiter.engine.descriptor.TestMethodTestDescriptor.invokeTestMethod(TestMethodTestDescriptor.java:213)
	at org.junit.jupiter.engine.descriptor.TestMethodTestDescriptor.execute(TestMethodTestDescriptor.java:138)
	at org.junit.jupiter.engine.descriptor.TestMethodTestDescriptor.execute(TestMethodTestDescriptor.java:68)
	at org.junit.platform.engine.support.hierarchical.NodeTestTask.lambda$executeRecursively$6(NodeTestTask.java:151)
	at org.junit.platform.engine.support.hierarchical.ThrowableCollector.execute(ThrowableCollector.java:73)
	at org.junit.platform.engine.support.hierarchical.NodeTestTask.lambda$executeRecursively$8(NodeTestTask.java:141)
	at org.junit.platform.engine.support.hierarchical.Node.around(Node.java:137)
	at org.junit.platform.engine.support.hierarchical.NodeTestTask.lambda$executeRecursively$9(NodeTestTask.java:139)
	at org.junit.platform.engine.support.hierarchical.ThrowableCollector.execute(ThrowableCollector.java:73)
	at org.junit.platform.engine.support.hierarchical.NodeTestTask.executeRecursively(NodeTestTask.java:138)
	at org.junit.platform.engine.support.hierarchical.NodeTestTask.execute(NodeTestTask.java:95)
	at java.base/java.util.ArrayList.forEach(ArrayList.java:1511)
	at org.junit.platform.engine.support.hierarchical.SameThreadHierarchicalTestExecutorService.invokeAll(SameThreadHierarchicalTestExecutorService.java:41)
	at org.junit.platform.engine.support.hierarchical.NodeTestTask.lambda$executeRecursively$6(NodeTestTask.java:155)
	at org.junit.platform.engine.support.hierarchical.ThrowableCollector.execute(ThrowableCollector.java:73)
	at org.junit.platform.engine.support.hierarchical.NodeTestTask.lambda$executeRecursively$8(NodeTestTask.java:141)
	at org.junit.platform.engine.support.hierarchical.Node.around(Node.java:137)
	at org.junit.platform.engine.support.hierarchical.NodeTestTask.lambda$executeRecursively$9(NodeTestTask.java:139)
	at org.junit.platform.engine.support.hierarchical.ThrowableCollector.execute(ThrowableCollector.java:73)
	at org.junit.platform.engine.support.hierarchical.NodeTestTask.executeRecursively(NodeTestTask.java:138)
	at org.junit.platform.engine.support.hierarchical.NodeTestTask.execute(NodeTestTask.java:95)
	at java.base/java.util.ArrayList.forEach(ArrayList.java:1511)
	at org.junit.platform.engine.support.hierarchical.SameThreadHierarchicalTestExecutorService.invokeAll(SameThreadHierarchicalTestExecutorService.java:41)
	at org.junit.platform.engine.support.hierarchical.NodeTestTask.lambda$executeRecursively$6(NodeTestTask.java:155)
	at org.junit.platform.engine.support.hierarchical.ThrowableCollector.execute(ThrowableCollector.java:73)
	at org.junit.platform.engine.support.hierarchical.NodeTestTask.lambda$executeRecursively$8(NodeTestTask.java:141)
	at org.junit.platform.engine.support.hierarchical.Node.around(Node.java:137)
	at org.junit.platform.engine.support.hierarchical.NodeTestTask.lambda$executeRecursively$9(NodeTestTask.java:139)
	at org.junit.platform.engine.support.hierarchical.ThrowableCollector.execute(ThrowableCollector.java:73)
	at org.junit.platform.engine.support.hierarchical.NodeTestTask.executeRecursively(NodeTestTask.java:138)
	at org.junit.platform.engine.support.hierarchical.NodeTestTask.execute(NodeTestTask.java:95)
	at org.junit.platform.engine.support.hierarchical.SameThreadHierarchicalTestExecutorService.submit(SameThreadHierarchicalTestExecutorService.java:35)
	at org.junit.platform.engine.support.hierarchical.HierarchicalTestExecutor.execute(HierarchicalTestExecutor.java:57)
	at org.junit.platform.engine.support.hierarchical.HierarchicalTestEngine.execute(HierarchicalTestEngine.java:54)
	at org.junit.platform.launcher.core.EngineExecutionOrchestrator.execute(EngineExecutionOrchestrator.java:147)
	at org.junit.platform.launcher.core.EngineExecutionOrchestrator.execute(EngineExecutionOrchestrator.java:127)
	at org.junit.platform.launcher.core.EngineExecutionOrchestrator.execute(EngineExecutionOrchestrator.java:90)
	at org.junit.platform.launcher.core.EngineExecutionOrchestrator.lambda$execute$0(EngineExecutionOrchestrator.java:55)
	at org.junit.platform.launcher.core.EngineExecutionOrchestrator.withInterceptedStreams(EngineExecutionOrchestrator.java:102)
	at org.junit.platform.launcher.core.EngineExecutionOrchestrator.execute(EngineExecutionOrchestrator.java:54)
	at org.junit.platform.launcher.core.DefaultLauncher.execute(DefaultLauncher.java:114)
	at org.junit.platform.launcher.core.DefaultLauncher.execute(DefaultLauncher.java:86)
	at org.junit.platform.launcher.core.DefaultLauncherSession$DelegatingLauncher.execute(DefaultLauncherSession.java:86)
	at org.apache.maven.surefire.junitplatform.LazyLauncher.execute(LazyLauncher.java:50)
	at org.apache.maven.surefire.junitplatform.JUnitPlatformProvider.execute(JUnitPlatformProvider.java:184)
	at org.apache.maven.surefire.junitplatform.JUnitPlatformProvider.invokeAllTests(JUnitPlatformProvider.java:148)
	at org.apache.maven.surefire.junitplatform.JUnitPlatformProvider.invoke(JUnitPlatformProvider.java:122)
	at org.apache.maven.surefire.booter.ForkedBooter.runSuitesInProcess(ForkedBooter.java:385)
	at org.apache.maven.surefire.booter.ForkedBooter.execute(ForkedBooter.java:162)
	at org.apache.maven.surefire.booter.ForkedBooter.run(ForkedBooter.java:507)
	at org.apache.maven.surefire.booter.ForkedBooter.main(ForkedBooter.java:495)
Caused by: java.io.IOException: error=13, Permission denied
	at java.base/java.lang.ProcessImpl.forkAndExec(Native Method)
	at java.base/java.lang.ProcessImpl.<init>(ProcessImpl.java:314)
	at java.base/java.lang.ProcessImpl.start(ProcessImpl.java:244)
	at java.base/java.lang.ProcessBuilder.start(ProcessBuilder.java:1110)
	... 77 common frames omitted
20:57:43.684 [main] INFO io.github.yasmramos.forge.core.ForgeEngine -- üì¶ Packaging complete: 0 artifacts created
20:57:43.684 [main] INFO io.github.yasmramos.forge.core.ForgeEngine -- üß™ Running tests...
20:57:43.684 [main] INFO io.github.yasmramos.forge.core.ForgeEngine -- üß™ Running tests...
20:57:43.697 [main] DEBUG io.github.yasmramos.forge.core.ForgeEngine -- üß™ Running test: ForgeCacheTest
20:57:43.698 [main] DEBUG io.github.yasmramos.forge.core.ForgeEngine -- üß™ Skipping test (no main method): ForgeCacheTest
20:57:43.698 [main] DEBUG io.github.yasmramos.forge.core.ForgeEngine -- üß™ Running test: BuildAnalyzerTest
20:57:43.699 [main] DEBUG io.github.yasmramos.forge.core.ForgeEngine -- üß™ Skipping test (no main method): BuildAnalyzerTest
20:57:43.699 [main] DEBUG io.github.yasmramos.forge.core.ForgeEngine -- üß™ Running test: DependencyResolverTest
20:57:43.699 [main] DEBUG io.github.yasmramos.forge.core.ForgeEngine -- üß™ Skipping test (no main method): DependencyResolverTest
20:57:43.699 [main] DEBUG io.github.yasmramos.forge.core.ForgeEngine -- üß™ Running test: ForgeEngineTest
20:57:43.700 [main] DEBUG io.github.yasmramos.forge.core.ForgeEngine -- üß™ Skipping test (no main method): ForgeEngineTest
20:57:43.700 [main] DEBUG io.github.yasmramos.forge.core.ForgeEngine -- üß™ Running test: ForgeBuildSystemIntegrationTest
20:57:43.700 [main] DEBUG io.github.yasmramos.forge.core.ForgeEngine -- üß™ Skipping test (no main method): ForgeBuildSystemIntegrationTest
20:57:43.700 [main] DEBUG io.github.yasmramos.forge.core.ForgeEngine -- üß™ Running test: ForgePerformanceTest
20:57:43.701 [main] DEBUG io.github.yasmramos.forge.core.ForgeEngine -- üß™ Skipping test (no main method): ForgePerformanceTest
20:57:43.701 [main] DEBUG io.github.yasmramos.forge.core.ForgeEngine -- üß™ Running test: ForgeDemoProjectValidationTest
20:57:43.701 [main] DEBUG io.github.yasmramos.forge.core.ForgeEngine -- üß™ Skipping test (no main method): ForgeDemoProjectValidationTest
20:57:43.701 [main] DEBUG io.github.yasmramos.forge.core.ForgeEngine -- üß™ Running test: ForgeCacheTest
20:57:43.702 [main] DEBUG io.github.yasmramos.forge.core.ForgeEngine -- üß™ Skipping test (no main method): ForgeCacheTest
20:57:43.702 [main] DEBUG io.github.yasmramos.forge.core.ForgeEngine -- üß™ Running test: BuildAnalyzerTest
20:57:43.702 [main] DEBUG io.github.yasmramos.forge.core.ForgeEngine -- üß™ Skipping test (no main method): BuildAnalyzerTest
20:57:43.702 [main] DEBUG io.github.yasmramos.forge.core.ForgeEngine -- üß™ Running test: DependencyResolverTest
20:57:43.703 [main] DEBUG io.github.yasmramos.forge.core.ForgeEngine -- üß™ Skipping test (no main method): DependencyResolverTest
20:57:43.703 [main] DEBUG io.github.yasmramos.forge.core.ForgeEngine -- üß™ Running test: ForgeEngineTest
20:57:43.703 [main] DEBUG io.github.yasmramos.forge.core.ForgeEngine -- üß™ Skipping test (no main method): ForgeEngineTest
20:57:43.703 [main] DEBUG io.github.yasmramos.forge.core.ForgeEngine -- üß™ Running test: ForgeBuildSystemIntegrationTest
20:57:43.704 [main] DEBUG io.github.yasmramos.forge.core.ForgeEngine -- üß™ Skipping test (no main method): ForgeBuildSystemIntegrationTest
20:57:43.704 [main] DEBUG io.github.yasmramos.forge.core.ForgeEngine -- üß™ Running test: ForgePerformanceTest
20:57:43.704 [main] DEBUG io.github.yasmramos.forge.core.ForgeEngine -- üß™ Skipping test (no main method): ForgePerformanceTest
20:57:43.704 [main] DEBUG io.github.yasmramos.forge.core.ForgeEngine -- üß™ Running test: ForgeDemoProjectValidationTest
20:57:43.705 [main] DEBUG io.github.yasmramos.forge.core.ForgeEngine -- üß™ Skipping test (no main method): ForgeDemoProjectValidationTest
20:57:43.705 [main] INFO io.github.yasmramos.forge.core.ForgeEngine -- üß™ Test execution complete: 14/14 passed
[INFO] Tests run: 4, Failures: 0, Errors: 0, Skipped: 0, Time elapsed: 0.22 s - in io.github.yasmramos.forge.core.ForgeEngineTest
[INFO] Running io.github.yasmramos.forge.integration.ForgeBuildSystemIntegrationTest
20:57:43.710 [main] INFO io.github.yasmramos.forge.core.ForgeEngine -- üî® Starting Forge build for project: integration-test
20:57:43.711 [main] INFO io.github.yasmramos.forge.core.ForgeEngine -- üìä Analyzing project structure...
20:57:43.711 [main] INFO io.github.yasmramos.forge.core.BuildAnalyzer -- üìä Analyzing project structure...
20:57:43.716 [main] DEBUG io.github.yasmramos.forge.core.BuildAnalyzer -- üìÅ Found 15 source files in: src/main/java
20:57:43.723 [main] DEBUG io.github.yasmramos.forge.core.BuildAnalyzer -- üìÅ Found 7 source files in: src/test/java
20:57:43.723 [main] DEBUG io.github.yasmramos.forge.core.BuildAnalyzer -- üì¶ Analyzing package structure...
20:57:43.735 [main] DEBUG io.github.yasmramos.forge.core.BuildAnalyzer -- üì¶ Package structure analysis complete: 9 packages found
20:57:43.736 [main] DEBUG io.github.yasmramos.forge.core.BuildAnalyzer -- üîó Analyzing source file dependencies...
20:57:43.736 [main] DEBUG io.github.yasmramos.forge.core.BuildAnalyzer -- üìã File Forge.java imports: 10 dependencies
20:57:43.737 [main] DEBUG io.github.yasmramos.forge.core.BuildAnalyzer -- üìã File ForgeCache.java imports: 10 dependencies
20:57:43.737 [main] DEBUG io.github.yasmramos.forge.core.BuildAnalyzer -- üìã File ForgeCLI.java imports: 4 dependencies
20:57:43.738 [main] DEBUG io.github.yasmramos.forge.core.BuildAnalyzer -- üìã File BuildAnalyzer.java imports: 17 dependencies
20:57:43.739 [main] DEBUG io.github.yasmramos.forge.core.BuildAnalyzer -- üìã File Compiler.java imports: 17 dependencies
20:57:43.739 [main] DEBUG io.github.yasmramos.forge.core.BuildAnalyzer -- üìã File DependencyResolver.java imports: 17 dependencies
20:57:43.740 [main] DEBUG io.github.yasmramos.forge.core.BuildAnalyzer -- üìã File ForgeEngine.java imports: 19 dependencies
20:57:43.741 [main] DEBUG io.github.yasmramos.forge.core.BuildAnalyzer -- üìã File DependencyInfo.java imports: 3 dependencies
20:57:43.742 [main] DEBUG io.github.yasmramos.forge.core.BuildAnalyzer -- üìã File DependencyResolution.java imports: 4 dependencies
20:57:43.744 [main] DEBUG io.github.yasmramos.forge.core.BuildAnalyzer -- üìã File ProjectAnalysis.java imports: 5 dependencies
20:57:43.744 [main] DEBUG io.github.yasmramos.forge.core.BuildAnalyzer -- üìã File ProjectConfig.java imports: 3 dependencies
20:57:43.745 [main] DEBUG io.github.yasmramos.forge.core.BuildAnalyzer -- üìã File ConfigReader.java imports: 9 dependencies
20:57:43.745 [main] DEBUG io.github.yasmramos.forge.core.BuildAnalyzer -- üìã File ForgeCacheTest.java imports: 5 dependencies
20:57:43.746 [main] DEBUG io.github.yasmramos.forge.core.BuildAnalyzer -- üìã File BuildAnalyzerTest.java imports: 10 dependencies
20:57:43.747 [main] DEBUG io.github.yasmramos.forge.core.BuildAnalyzer -- üìã File DependencyResolverTest.java imports: 7 dependencies
20:57:43.747 [main] DEBUG io.github.yasmramos.forge.core.BuildAnalyzer -- üìã File ForgeEngineTest.java imports: 6 dependencies
20:57:43.748 [main] DEBUG io.github.yasmramos.forge.core.BuildAnalyzer -- üìã File ForgeBuildSystemIntegrationTest.java imports: 6 dependencies
20:57:43.748 [main] DEBUG io.github.yasmramos.forge.core.BuildAnalyzer -- üìã File ForgePerformanceTest.java imports: 6 dependencies
20:57:43.749 [main] DEBUG io.github.yasmramos.forge.core.BuildAnalyzer -- üìã File ForgeDemoProjectValidationTest.java imports: 5 dependencies
20:57:43.749 [main] DEBUG io.github.yasmramos.forge.core.BuildAnalyzer -- üîó Dependency analysis complete: 22 files analyzed
20:57:43.749 [main] DEBUG io.github.yasmramos.forge.core.BuildAnalyzer -- üß™ Analyzing test files...
20:57:43.749 [main] DEBUG io.github.yasmramos.forge.core.BuildAnalyzer -- üß™ Found test file: src/test/java/io/github/yasmramos/forge/cache/ForgeCacheTest.java
20:57:43.749 [main] DEBUG io.github.yasmramos.forge.core.BuildAnalyzer -- üß™ Found test file: src/test/java/io/github/yasmramos/forge/core/BuildAnalyzerTest.java
20:57:43.749 [main] DEBUG io.github.yasmramos.forge.core.BuildAnalyzer -- üß™ Found test file: src/test/java/io/github/yasmramos/forge/core/DependencyResolverTest.java
20:57:43.749 [main] DEBUG io.github.yasmramos.forge.core.BuildAnalyzer -- üß™ Found test file: src/test/java/io/github/yasmramos/forge/core/ForgeEngineTest.java
20:57:43.749 [main] DEBUG io.github.yasmramos.forge.core.BuildAnalyzer -- üß™ Found test file: src/test/java/io/github/yasmramos/forge/integration/ForgeBuildSystemIntegrationTest.java
20:57:43.749 [main] DEBUG io.github.yasmramos.forge.core.BuildAnalyzer -- üß™ Found test file: src/test/java/io/github/yasmramos/forge/performance/ForgePerformanceTest.java
20:57:43.749 [main] DEBUG io.github.yasmramos.forge.core.BuildAnalyzer -- üß™ Found test file: src/test/java/io/github/yasmramos/forge/validation/ForgeDemoProjectValidationTest.java
20:57:43.749 [main] DEBUG io.github.yasmramos.forge.core.BuildAnalyzer -- üß™ Test analysis complete: 7 test files found
20:57:43.761 [main] DEBUG io.github.yasmramos.forge.core.BuildAnalyzer -- üìä Calculating complexity score for 22 files...
20:57:43.775 [main] DEBUG io.github.yasmramos.forge.core.BuildAnalyzer -- üìä Complexity calculation complete: 856.5
20:57:43.775 [main] INFO io.github.yasmramos.forge.core.ForgeEngine -- üîó Resolving dependencies...
20:57:43.775 [main] WARN io.github.yasmramos.forge.core.DependencyResolver -- ‚ö†Ô∏è Dependencies map is null, returning empty resolution
20:57:43.775 [main] INFO io.github.yasmramos.forge.core.ForgeEngine -- ‚ö° Compiling sources...
20:57:43.776 [pool-10-thread-1] DEBUG io.github.yasmramos.forge.core.Compiler -- üî® Compiling: src/main/java/io/github/yasmramos/forge/Forge.java
20:57:43.776 [pool-10-thread-2] DEBUG io.github.yasmramos.forge.core.Compiler -- üî® Compiling: src/main/java/io/github/yasmramos/forge/cache/ForgeCache.java
20:57:43.777 [pool-10-thread-1] ERROR io.github.yasmramos.forge.core.Compiler -- ‚ùå Compilation failed for: src/main/java/io/github/yasmramos/forge/Forge.java
20:57:43.777 [pool-10-thread-2] ERROR io.github.yasmramos.forge.core.Compiler -- ‚ùå Compilation failed for: src/main/java/io/github/yasmramos/forge/cache/ForgeCache.java
20:57:43.777 [pool-10-thread-1] ERROR io.github.yasmramos.forge.core.Compiler -- Error: [B@67cfcbd6
20:57:43.777 [pool-10-thread-2] ERROR io.github.yasmramos.forge.core.Compiler -- Error: [B@636796de
20:57:43.777 [pool-10-thread-1] DEBUG io.github.yasmramos.forge.core.Compiler -- üî® Compiling: src/main/java/io/github/yasmramos/forge/cli/ForgeCLI.java
20:57:43.777 [pool-10-thread-2] DEBUG io.github.yasmramos.forge.core.Compiler -- üî® Compiling: src/main/java/io/github/yasmramos/forge/core/BuildAnalyzer.java
20:57:43.778 [pool-10-thread-1] ERROR io.github.yasmramos.forge.core.Compiler -- ‚ùå Compilation failed for: src/main/java/io/github/yasmramos/forge/cli/ForgeCLI.java
20:57:43.778 [pool-10-thread-1] ERROR io.github.yasmramos.forge.core.Compiler -- Error: [B@6908395f
20:57:43.778 [pool-10-thread-1] DEBUG io.github.yasmramos.forge.core.Compiler -- üî® Compiling: src/main/java/io/github/yasmramos/forge/core/Compiler.java
20:57:43.780 [pool-10-thread-1] ERROR io.github.yasmramos.forge.core.Compiler -- ‚ùå Compilation failed for: src/main/java/io/github/yasmramos/forge/core/Compiler.java
20:57:43.780 [pool-10-thread-1] ERROR io.github.yasmramos.forge.core.Compiler -- Error: [B@6d37a0a6
20:57:43.780 [pool-10-thread-1] DEBUG io.github.yasmramos.forge.core.Compiler -- üî® Compiling: src/main/java/io/github/yasmramos/forge/core/DependencyResolver.java
20:57:43.781 [pool-10-thread-1] ERROR io.github.yasmramos.forge.core.Compiler -- ‚ùå Compilation failed for: src/main/java/io/github/yasmramos/forge/core/DependencyResolver.java
20:57:43.781 [pool-10-thread-1] ERROR io.github.yasmramos.forge.core.Compiler -- Error: [B@28353364
20:57:43.781 [pool-10-thread-1] DEBUG io.github.yasmramos.forge.core.Compiler -- üî® Compiling: src/main/java/io/github/yasmramos/forge/core/ForgeEngine.java
20:57:43.782 [pool-10-thread-1] ERROR io.github.yasmramos.forge.core.Compiler -- ‚ùå Compilation failed for: src/main/java/io/github/yasmramos/forge/core/ForgeEngine.java
20:57:43.782 [pool-10-thread-1] ERROR io.github.yasmramos.forge.core.Compiler -- Error: [B@31bdcccf
20:57:43.782 [pool-10-thread-1] DEBUG io.github.yasmramos.forge.core.Compiler -- üî® Compiling: src/main/java/io/github/yasmramos/forge/model/CompilationResult.java
20:57:43.783 [pool-10-thread-1] ERROR io.github.yasmramos.forge.core.Compiler -- ‚ùå Compilation failed for: src/main/java/io/github/yasmramos/forge/model/CompilationResult.java
20:57:43.783 [pool-10-thread-1] ERROR io.github.yasmramos.forge.core.Compiler -- Error: [B@19d7d966
20:57:43.783 [pool-10-thread-1] DEBUG io.github.yasmramos.forge.core.Compiler -- üî® Compiling: src/main/java/io/github/yasmramos/forge/model/DependencyInfo.java
20:57:43.784 [pool-10-thread-2] ERROR io.github.yasmramos.forge.core.Compiler -- ‚ùå Compilation failed for: src/main/java/io/github/yasmramos/forge/core/BuildAnalyzer.java
20:57:43.784 [pool-10-thread-2] ERROR io.github.yasmramos.forge.core.Compiler -- Error: [B@6da064c2
20:57:43.784 [pool-10-thread-1] ERROR io.github.yasmramos.forge.core.Compiler -- ‚ùå Compilation failed for: src/main/java/io/github/yasmramos/forge/model/DependencyInfo.java
20:57:43.784 [pool-10-thread-1] ERROR io.github.yasmramos.forge.core.Compiler -- Error: [B@49b5786a
20:57:43.784 [pool-10-thread-1] DEBUG io.github.yasmramos.forge.core.Compiler -- üî® Compiling: src/main/java/io/github/yasmramos/forge/model/DependencyType.java
20:57:43.784 [pool-10-thread-2] DEBUG io.github.yasmramos.forge.core.Compiler -- üî® Compiling: src/main/java/io/github/yasmramos/forge/model/DependencyResolution.java
20:57:43.785 [pool-10-thread-1] ERROR io.github.yasmramos.forge.core.Compiler -- ‚ùå Compilation failed for: src/main/java/io/github/yasmramos/forge/model/DependencyType.java
20:57:43.785 [pool-10-thread-1] ERROR io.github.yasmramos.forge.core.Compiler -- Error: [B@481acc2b
20:57:43.785 [pool-10-thread-2] ERROR io.github.yasmramos.forge.core.Compiler -- ‚ùå Compilation failed for: src/main/java/io/github/yasmramos/forge/model/DependencyResolution.java
20:57:43.785 [pool-10-thread-2] ERROR io.github.yasmramos.forge.core.Compiler -- Error: [B@699ffdae
20:57:43.785 [pool-10-thread-1] DEBUG io.github.yasmramos.forge.core.Compiler -- üî® Compiling: src/main/java/io/github/yasmramos/forge/model/PackageResult.java
20:57:43.785 [pool-10-thread-2] DEBUG io.github.yasmramos.forge.core.Compiler -- üî® Compiling: src/main/java/io/github/yasmramos/forge/model/ProjectAnalysis.java
20:57:43.786 [pool-10-thread-1] ERROR io.github.yasmramos.forge.core.Compiler -- ‚ùå Compilation failed for: src/main/java/io/github/yasmramos/forge/model/PackageResult.java
20:57:43.786 [pool-10-thread-1] ERROR io.github.yasmramos.forge.core.Compiler -- Error: [B@179eaa53
20:57:43.786 [pool-10-thread-2] ERROR io.github.yasmramos.forge.core.Compiler -- ‚ùå Compilation failed for: src/main/java/io/github/yasmramos/forge/model/ProjectAnalysis.java
20:57:43.786 [pool-10-thread-2] ERROR io.github.yasmramos.forge.core.Compiler -- Error: [B@2c9d6ef9
20:57:43.786 [pool-10-thread-1] DEBUG io.github.yasmramos.forge.core.Compiler -- üî® Compiling: src/main/java/io/github/yasmramos/forge/model/ProjectConfig.java
20:57:43.786 [pool-10-thread-2] DEBUG io.github.yasmramos.forge.core.Compiler -- üî® Compiling: src/main/java/io/github/yasmramos/forge/utils/ConfigReader.java
20:57:43.787 [pool-10-thread-1] ERROR io.github.yasmramos.forge.core.Compiler -- ‚ùå Compilation failed for: src/main/java/io/github/yasmramos/forge/model/ProjectConfig.java
20:57:43.787 [pool-10-thread-1] ERROR io.github.yasmramos.forge.core.Compiler -- Error: [B@30255d2f
20:57:43.787 [pool-10-thread-1] DEBUG io.github.yasmramos.forge.core.Compiler -- üî® Compiling: src/test/java/io/github/yasmramos/forge/cache/ForgeCacheTest.java
20:57:43.787 [pool-10-thread-2] ERROR io.github.yasmramos.forge.core.Compiler -- ‚ùå Compilation failed for: src/main/java/io/github/yasmramos/forge/utils/ConfigReader.java
20:57:43.787 [pool-10-thread-2] ERROR io.github.yasmramos.forge.core.Compiler -- Error: [B@7313ccd2
20:57:43.787 [pool-10-thread-2] DEBUG io.github.yasmramos.forge.core.Compiler -- üî® Compiling: src/test/java/io/github/yasmramos/forge/core/BuildAnalyzerTest.java
20:57:43.788 [pool-10-thread-1] ERROR io.github.yasmramos.forge.core.Compiler -- ‚ùå Compilation failed for: src/test/java/io/github/yasmramos/forge/cache/ForgeCacheTest.java
20:57:43.788 [pool-10-thread-1] ERROR io.github.yasmramos.forge.core.Compiler -- Error: [B@52b11569
20:57:43.788 [pool-10-thread-1] DEBUG io.github.yasmramos.forge.core.Compiler -- üî® Compiling: src/test/java/io/github/yasmramos/forge/core/DependencyResolverTest.java
20:57:43.788 [pool-10-thread-2] ERROR io.github.yasmramos.forge.core.Compiler -- ‚ùå Compilation failed for: src/test/java/io/github/yasmramos/forge/core/BuildAnalyzerTest.java
20:57:43.788 [pool-10-thread-2] ERROR io.github.yasmramos.forge.core.Compiler -- Error: [B@1d7b2006
20:57:43.789 [pool-10-thread-1] ERROR io.github.yasmramos.forge.core.Compiler -- ‚ùå Compilation failed for: src/test/java/io/github/yasmramos/forge/core/DependencyResolverTest.java
20:57:43.789 [pool-10-thread-2] DEBUG io.github.yasmramos.forge.core.Compiler -- üî® Compiling: src/test/java/io/github/yasmramos/forge/core/ForgeEngineTest.java
20:57:43.789 [pool-10-thread-1] ERROR io.github.yasmramos.forge.core.Compiler -- Error: [B@4c54f080
20:57:43.789 [pool-10-thread-1] DEBUG io.github.yasmramos.forge.core.Compiler -- üî® Compiling: src/test/java/io/github/yasmramos/forge/integration/ForgeBuildSystemIntegrationTest.java
20:57:43.790 [pool-10-thread-1] ERROR io.github.yasmramos.forge.core.Compiler -- ‚ùå Compilation failed for: src/test/java/io/github/yasmramos/forge/integration/ForgeBuildSystemIntegrationTest.java
20:57:43.790 [pool-10-thread-1] ERROR io.github.yasmramos.forge.core.Compiler -- Error: [B@2e7a176b
20:57:43.790 [pool-10-thread-2] ERROR io.github.yasmramos.forge.core.Compiler -- ‚ùå Compilation failed for: src/test/java/io/github/yasmramos/forge/core/ForgeEngineTest.java
20:57:43.790 [pool-10-thread-2] ERROR io.github.yasmramos.forge.core.Compiler -- Error: [B@b1fdc8a
20:57:43.790 [pool-10-thread-1] DEBUG io.github.yasmramos.forge.core.Compiler -- üî® Compiling: src/test/java/io/github/yasmramos/forge/performance/ForgePerformanceTest.java
20:57:43.790 [pool-10-thread-2] DEBUG io.github.yasmramos.forge.core.Compiler -- üî® Compiling: src/test/java/io/github/yasmramos/forge/validation/ForgeDemoProjectValidationTest.java
20:57:43.790 [pool-10-thread-1] ERROR io.github.yasmramos.forge.core.Compiler -- ‚ùå Compilation failed for: src/test/java/io/github/yasmramos/forge/performance/ForgePerformanceTest.java
20:57:43.791 [pool-10-thread-1] ERROR io.github.yasmramos.forge.core.Compiler -- Error: [B@342cfbae
20:57:43.791 [pool-10-thread-2] ERROR io.github.yasmramos.forge.core.Compiler -- ‚ùå Compilation failed for: src/test/java/io/github/yasmramos/forge/validation/ForgeDemoProjectValidationTest.java
20:57:43.791 [pool-10-thread-2] ERROR io.github.yasmramos.forge.core.Compiler -- Error: [B@4cb291b6
20:57:43.791 [main] INFO io.github.yasmramos.forge.core.ForgeEngine -- üì¶ Packaging artifacts...
20:57:43.791 [main] INFO io.github.yasmramos.forge.core.ForgeEngine -- üì¶ Packaging compiled artifacts...
20:57:43.792 [main] ERROR io.github.yasmramos.forge.core.ForgeEngine -- ‚ùå Error creating main JAR
java.io.IOException: Cannot run program "jar": error=13, Permission denied
	at java.base/java.lang.ProcessBuilder.start(ProcessBuilder.java:1143)
	at java.base/java.lang.ProcessBuilder.start(ProcessBuilder.java:1073)
	at io.github.yasmramos.forge.core.ForgeEngine.packageMainJar(ForgeEngine.java:245)
	at io.github.yasmramos.forge.core.ForgeEngine.packageArtifacts(ForgeEngine.java:212)
	at io.github.yasmramos.forge.core.ForgeEngine.build(ForgeEngine.java:71)
	at io.github.yasmramos.forge.integration.ForgeBuildSystemIntegrationTest.testCompleteBuildWorkflow(ForgeBuildSystemIntegrationTest.java:32)
	at java.base/jdk.internal.reflect.NativeMethodAccessorImpl.invoke0(Native Method)
	at java.base/jdk.internal.reflect.NativeMethodAccessorImpl.invoke(NativeMethodAccessorImpl.java:77)
	at java.base/jdk.internal.reflect.DelegatingMethodAccessorImpl.invoke(DelegatingMethodAccessorImpl.java:43)
	at java.base/java.lang.reflect.Method.invoke(Method.java:569)
	at org.junit.platform.commons.util.ReflectionUtils.invokeMethod(ReflectionUtils.java:727)
	at org.junit.jupiter.engine.execution.MethodInvocation.proceed(MethodInvocation.java:60)
	at org.junit.jupiter.engine.execution.InvocationInterceptorChain$ValidatingInvocation.proceed(InvocationInterceptorChain.java:131)
	at org.junit.jupiter.engine.extension.TimeoutExtension.intercept(TimeoutExtension.java:156)
	at org.junit.jupiter.engine.extension.TimeoutExtension.interceptTestableMethod(TimeoutExtension.java:147)
	at org.junit.jupiter.engine.extension.TimeoutExtension.interceptTestMethod(TimeoutExtension.java:86)
	at org.junit.jupiter.engine.execution.InterceptingExecutableInvoker$ReflectiveInterceptorCall.lambda$ofVoidMethod$0(InterceptingExecutableInvoker.java:103)
	at org.junit.jupiter.engine.execution.InterceptingExecutableInvoker.lambda$invoke$0(InterceptingExecutableInvoker.java:93)
	at org.junit.jupiter.engine.execution.InvocationInterceptorChain$InterceptedInvocation.proceed(InvocationInterceptorChain.java:106)
	at org.junit.jupiter.engine.execution.InvocationInterceptorChain.proceed(InvocationInterceptorChain.java:64)
	at org.junit.jupiter.engine.execution.InvocationInterceptorChain.chainAndInvoke(InvocationInterceptorChain.java:45)
	at org.junit.jupiter.engine.execution.InvocationInterceptorChain.invoke(InvocationInterceptorChain.java:37)
	at org.junit.jupiter.engine.execution.InterceptingExecutableInvoker.invoke(InterceptingExecutableInvoker.java:92)
	at org.junit.jupiter.engine.execution.InterceptingExecutableInvoker.invoke(InterceptingExecutableInvoker.java:86)
	at org.junit.jupiter.engine.descriptor.TestMethodTestDescriptor.lambda$invokeTestMethod$7(TestMethodTestDescriptor.java:217)
	at org.junit.platform.engine.support.hierarchical.ThrowableCollector.execute(ThrowableCollector.java:73)
	at org.junit.jupiter.engine.descriptor.TestMethodTestDescriptor.invokeTestMethod(TestMethodTestDescriptor.java:213)
	at org.junit.jupiter.engine.descriptor.TestMethodTestDescriptor.execute(TestMethodTestDescriptor.java:138)
	at org.junit.jupiter.engine.descriptor.TestMethodTestDescriptor.execute(TestMethodTestDescriptor.java:68)
	at org.junit.platform.engine.support.hierarchical.NodeTestTask.lambda$executeRecursively$6(NodeTestTask.java:151)
	at org.junit.platform.engine.support.hierarchical.ThrowableCollector.execute(ThrowableCollector.java:73)
	at org.junit.platform.engine.support.hierarchical.NodeTestTask.lambda$executeRecursively$8(NodeTestTask.java:141)
	at org.junit.platform.engine.support.hierarchical.Node.around(Node.java:137)
	at org.junit.platform.engine.support.hierarchical.NodeTestTask.lambda$executeRecursively$9(NodeTestTask.java:139)
	at org.junit.platform.engine.support.hierarchical.ThrowableCollector.execute(ThrowableCollector.java:73)
	at org.junit.platform.engine.support.hierarchical.NodeTestTask.executeRecursively(NodeTestTask.java:138)
	at org.junit.platform.engine.support.hierarchical.NodeTestTask.execute(NodeTestTask.java:95)
	at java.base/java.util.ArrayList.forEach(ArrayList.java:1511)
	at org.junit.platform.engine.support.hierarchical.SameThreadHierarchicalTestExecutorService.invokeAll(SameThreadHierarchicalTestExecutorService.java:41)
	at org.junit.platform.engine.support.hierarchical.NodeTestTask.lambda$executeRecursively$6(NodeTestTask.java:155)
	at org.junit.platform.engine.support.hierarchical.ThrowableCollector.execute(ThrowableCollector.java:73)
	at org.junit.platform.engine.support.hierarchical.NodeTestTask.lambda$executeRecursively$8(NodeTestTask.java:141)
	at org.junit.platform.engine.support.hierarchical.Node.around(Node.java:137)
	at org.junit.platform.engine.support.hierarchical.NodeTestTask.lambda$executeRecursively$9(NodeTestTask.java:139)
	at org.junit.platform.engine.support.hierarchical.ThrowableCollector.execute(ThrowableCollector.java:73)
	at org.junit.platform.engine.support.hierarchical.NodeTestTask.executeRecursively(NodeTestTask.java:138)
	at org.junit.platform.engine.support.hierarchical.NodeTestTask.execute(NodeTestTask.java:95)
	at java.base/java.util.ArrayList.forEach(ArrayList.java:1511)
	at org.junit.platform.engine.support.hierarchical.SameThreadHierarchicalTestExecutorService.invokeAll(SameThreadHierarchicalTestExecutorService.java:41)
	at org.junit.platform.engine.support.hierarchical.NodeTestTask.lambda$executeRecursively$6(NodeTestTask.java:155)
	at org.junit.platform.engine.support.hierarchical.ThrowableCollector.execute(ThrowableCollector.java:73)
	at org.junit.platform.engine.support.hierarchical.NodeTestTask.lambda$executeRecursively$8(NodeTestTask.java:141)
	at org.junit.platform.engine.support.hierarchical.Node.around(Node.java:137)
	at org.junit.platform.engine.support.hierarchical.NodeTestTask.lambda$executeRecursively$9(NodeTestTask.java:139)
	at org.junit.platform.engine.support.hierarchical.ThrowableCollector.execute(ThrowableCollector.java:73)
	at org.junit.platform.engine.support.hierarchical.NodeTestTask.executeRecursively(NodeTestTask.java:138)
	at org.junit.platform.engine.support.hierarchical.NodeTestTask.execute(NodeTestTask.java:95)
	at org.junit.platform.engine.support.hierarchical.SameThreadHierarchicalTestExecutorService.submit(SameThreadHierarchicalTestExecutorService.java:35)
	at org.junit.platform.engine.support.hierarchical.HierarchicalTestExecutor.execute(HierarchicalTestExecutor.java:57)
	at org.junit.platform.engine.support.hierarchical.HierarchicalTestEngine.execute(HierarchicalTestEngine.java:54)
	at org.junit.platform.launcher.core.EngineExecutionOrchestrator.execute(EngineExecutionOrchestrator.java:147)
	at org.junit.platform.launcher.core.EngineExecutionOrchestrator.execute(EngineExecutionOrchestrator.java:127)
	at org.junit.platform.launcher.core.EngineExecutionOrchestrator.execute(EngineExecutionOrchestrator.java:90)
	at org.junit.platform.launcher.core.EngineExecutionOrchestrator.lambda$execute$0(EngineExecutionOrchestrator.java:55)
	at org.junit.platform.launcher.core.EngineExecutionOrchestrator.withInterceptedStreams(EngineExecutionOrchestrator.java:102)
	at org.junit.platform.launcher.core.EngineExecutionOrchestrator.execute(EngineExecutionOrchestrator.java:54)
	at org.junit.platform.launcher.core.DefaultLauncher.execute(DefaultLauncher.java:114)
	at org.junit.platform.launcher.core.DefaultLauncher.execute(DefaultLauncher.java:86)
	at org.junit.platform.launcher.core.DefaultLauncherSession$DelegatingLauncher.execute(DefaultLauncherSession.java:86)
	at org.apache.maven.surefire.junitplatform.LazyLauncher.execute(LazyLauncher.java:50)
	at org.apache.maven.surefire.junitplatform.JUnitPlatformProvider.execute(JUnitPlatformProvider.java:184)
	at org.apache.maven.surefire.junitplatform.JUnitPlatformProvider.invokeAllTests(JUnitPlatformProvider.java:148)
	at org.apache.maven.surefire.junitplatform.JUnitPlatformProvider.invoke(JUnitPlatformProvider.java:122)
	at org.apache.maven.surefire.booter.ForkedBooter.runSuitesInProcess(ForkedBooter.java:385)
	at org.apache.maven.surefire.booter.ForkedBooter.execute(ForkedBooter.java:162)
	at org.apache.maven.surefire.booter.ForkedBooter.run(ForkedBooter.java:507)
	at org.apache.maven.surefire.booter.ForkedBooter.main(ForkedBooter.java:495)
Caused by: java.io.IOException: error=13, Permission denied
	at java.base/java.lang.ProcessImpl.forkAndExec(Native Method)
	at java.base/java.lang.ProcessImpl.<init>(ProcessImpl.java:314)
	at java.base/java.lang.ProcessImpl.start(ProcessImpl.java:244)
	at java.base/java.lang.ProcessBuilder.start(ProcessBuilder.java:1110)
	... 76 common frames omitted
20:57:43.793 [main] ERROR io.github.yasmramos.forge.core.ForgeEngine -- ‚ùå Error creating sources JAR
java.io.IOException: Cannot run program "jar": error=13, Permission denied
	at java.base/java.lang.ProcessBuilder.start(ProcessBuilder.java:1143)
	at java.base/java.lang.ProcessBuilder.start(ProcessBuilder.java:1073)
	at io.github.yasmramos.forge.core.ForgeEngine.createSourcesJar(ForgeEngine.java:293)
	at io.github.yasmramos.forge.core.ForgeEngine.packageAdditionalArtifacts(ForgeEngine.java:270)
	at io.github.yasmramos.forge.core.ForgeEngine.packageArtifacts(ForgeEngine.java:219)
	at io.github.yasmramos.forge.core.ForgeEngine.build(ForgeEngine.java:71)
	at io.github.yasmramos.forge.integration.ForgeBuildSystemIntegrationTest.testCompleteBuildWorkflow(ForgeBuildSystemIntegrationTest.java:32)
	at java.base/jdk.internal.reflect.NativeMethodAccessorImpl.invoke0(Native Method)
	at java.base/jdk.internal.reflect.NativeMethodAccessorImpl.invoke(NativeMethodAccessorImpl.java:77)
	at java.base/jdk.internal.reflect.DelegatingMethodAccessorImpl.invoke(DelegatingMethodAccessorImpl.java:43)
	at java.base/java.lang.reflect.Method.invoke(Method.java:569)
	at org.junit.platform.commons.util.ReflectionUtils.invokeMethod(ReflectionUtils.java:727)
	at org.junit.jupiter.engine.execution.MethodInvocation.proceed(MethodInvocation.java:60)
	at org.junit.jupiter.engine.execution.InvocationInterceptorChain$ValidatingInvocation.proceed(InvocationInterceptorChain.java:131)
	at org.junit.jupiter.engine.extension.TimeoutExtension.intercept(TimeoutExtension.java:156)
	at org.junit.jupiter.engine.extension.TimeoutExtension.interceptTestableMethod(TimeoutExtension.java:147)
	at org.junit.jupiter.engine.extension.TimeoutExtension.interceptTestMethod(TimeoutExtension.java:86)
	at org.junit.jupiter.engine.execution.InterceptingExecutableInvoker$ReflectiveInterceptorCall.lambda$ofVoidMethod$0(InterceptingExecutableInvoker.java:103)
	at org.junit.jupiter.engine.execution.InterceptingExecutableInvoker.lambda$invoke$0(InterceptingExecutableInvoker.java:93)
	at org.junit.jupiter.engine.execution.InvocationInterceptorChain$InterceptedInvocation.proceed(InvocationInterceptorChain.java:106)
	at org.junit.jupiter.engine.execution.InvocationInterceptorChain.proceed(InvocationInterceptorChain.java:64)
	at org.junit.jupiter.engine.execution.InvocationInterceptorChain.chainAndInvoke(InvocationInterceptorChain.java:45)
	at org.junit.jupiter.engine.execution.InvocationInterceptorChain.invoke(InvocationInterceptorChain.java:37)
	at org.junit.jupiter.engine.execution.InterceptingExecutableInvoker.invoke(InterceptingExecutableInvoker.java:92)
	at org.junit.jupiter.engine.execution.InterceptingExecutableInvoker.invoke(InterceptingExecutableInvoker.java:86)
	at org.junit.jupiter.engine.descriptor.TestMethodTestDescriptor.lambda$invokeTestMethod$7(TestMethodTestDescriptor.java:217)
	at org.junit.platform.engine.support.hierarchical.ThrowableCollector.execute(ThrowableCollector.java:73)
	at org.junit.jupiter.engine.descriptor.TestMethodTestDescriptor.invokeTestMethod(TestMethodTestDescriptor.java:213)
	at org.junit.jupiter.engine.descriptor.TestMethodTestDescriptor.execute(TestMethodTestDescriptor.java:138)
	at org.junit.jupiter.engine.descriptor.TestMethodTestDescriptor.execute(TestMethodTestDescriptor.java:68)
	at org.junit.platform.engine.support.hierarchical.NodeTestTask.lambda$executeRecursively$6(NodeTestTask.java:151)
	at org.junit.platform.engine.support.hierarchical.ThrowableCollector.execute(ThrowableCollector.java:73)
	at org.junit.platform.engine.support.hierarchical.NodeTestTask.lambda$executeRecursively$8(NodeTestTask.java:141)
	at org.junit.platform.engine.support.hierarchical.Node.around(Node.java:137)
	at org.junit.platform.engine.support.hierarchical.NodeTestTask.lambda$executeRecursively$9(NodeTestTask.java:139)
	at org.junit.platform.engine.support.hierarchical.ThrowableCollector.execute(ThrowableCollector.java:73)
	at org.junit.platform.engine.support.hierarchical.NodeTestTask.executeRecursively(NodeTestTask.java:138)
	at org.junit.platform.engine.support.hierarchical.NodeTestTask.execute(NodeTestTask.java:95)
	at java.base/java.util.ArrayList.forEach(ArrayList.java:1511)
	at org.junit.platform.engine.support.hierarchical.SameThreadHierarchicalTestExecutorService.invokeAll(SameThreadHierarchicalTestExecutorService.java:41)
	at org.junit.platform.engine.support.hierarchical.NodeTestTask.lambda$executeRecursively$6(NodeTestTask.java:155)
	at org.junit.platform.engine.support.hierarchical.ThrowableCollector.execute(ThrowableCollector.java:73)
	at org.junit.platform.engine.support.hierarchical.NodeTestTask.lambda$executeRecursively$8(NodeTestTask.java:141)
	at org.junit.platform.engine.support.hierarchical.Node.around(Node.java:137)
	at org.junit.platform.engine.support.hierarchical.NodeTestTask.lambda$executeRecursively$9(NodeTestTask.java:139)
	at org.junit.platform.engine.support.hierarchical.ThrowableCollector.execute(ThrowableCollector.java:73)
	at org.junit.platform.engine.support.hierarchical.NodeTestTask.executeRecursively(NodeTestTask.java:138)
	at org.junit.platform.engine.support.hierarchical.NodeTestTask.execute(NodeTestTask.java:95)
	at java.base/java.util.ArrayList.forEach(ArrayList.java:1511)
	at org.junit.platform.engine.support.hierarchical.SameThreadHierarchicalTestExecutorService.invokeAll(SameThreadHierarchicalTestExecutorService.java:41)
	at org.junit.platform.engine.support.hierarchical.NodeTestTask.lambda$executeRecursively$6(NodeTestTask.java:155)
	at org.junit.platform.engine.support.hierarchical.ThrowableCollector.execute(ThrowableCollector.java:73)
	at org.junit.platform.engine.support.hierarchical.NodeTestTask.lambda$executeRecursively$8(NodeTestTask.java:141)
	at org.junit.platform.engine.support.hierarchical.Node.around(Node.java:137)
	at org.junit.platform.engine.support.hierarchical.NodeTestTask.lambda$executeRecursively$9(NodeTestTask.java:139)
	at org.junit.platform.engine.support.hierarchical.ThrowableCollector.execute(ThrowableCollector.java:73)
	at org.junit.platform.engine.support.hierarchical.NodeTestTask.executeRecursively(NodeTestTask.java:138)
	at org.junit.platform.engine.support.hierarchical.NodeTestTask.execute(NodeTestTask.java:95)
	at org.junit.platform.engine.support.hierarchical.SameThreadHierarchicalTestExecutorService.submit(SameThreadHierarchicalTestExecutorService.java:35)
	at org.junit.platform.engine.support.hierarchical.HierarchicalTestExecutor.execute(HierarchicalTestExecutor.java:57)
	at org.junit.platform.engine.support.hierarchical.HierarchicalTestEngine.execute(HierarchicalTestEngine.java:54)
	at org.junit.platform.launcher.core.EngineExecutionOrchestrator.execute(EngineExecutionOrchestrator.java:147)
	at org.junit.platform.launcher.core.EngineExecutionOrchestrator.execute(EngineExecutionOrchestrator.java:127)
	at org.junit.platform.launcher.core.EngineExecutionOrchestrator.execute(EngineExecutionOrchestrator.java:90)
	at org.junit.platform.launcher.core.EngineExecutionOrchestrator.lambda$execute$0(EngineExecutionOrchestrator.java:55)
	at org.junit.platform.launcher.core.EngineExecutionOrchestrator.withInterceptedStreams(EngineExecutionOrchestrator.java:102)
	at org.junit.platform.launcher.core.EngineExecutionOrchestrator.execute(EngineExecutionOrchestrator.java:54)
	at org.junit.platform.launcher.core.DefaultLauncher.execute(DefaultLauncher.java:114)
	at org.junit.platform.launcher.core.DefaultLauncher.execute(DefaultLauncher.java:86)
	at org.junit.platform.launcher.core.DefaultLauncherSession$DelegatingLauncher.execute(DefaultLauncherSession.java:86)
	at org.apache.maven.surefire.junitplatform.LazyLauncher.execute(LazyLauncher.java:50)
	at org.apache.maven.surefire.junitplatform.JUnitPlatformProvider.execute(JUnitPlatformProvider.java:184)
	at org.apache.maven.surefire.junitplatform.JUnitPlatformProvider.invokeAllTests(JUnitPlatformProvider.java:148)
	at org.apache.maven.surefire.junitplatform.JUnitPlatformProvider.invoke(JUnitPlatformProvider.java:122)
	at org.apache.maven.surefire.booter.ForkedBooter.runSuitesInProcess(ForkedBooter.java:385)
	at org.apache.maven.surefire.booter.ForkedBooter.execute(ForkedBooter.java:162)
	at org.apache.maven.surefire.booter.ForkedBooter.run(ForkedBooter.java:507)
	at org.apache.maven.surefire.booter.ForkedBooter.main(ForkedBooter.java:495)
Caused by: java.io.IOException: error=13, Permission denied
	at java.base/java.lang.ProcessImpl.forkAndExec(Native Method)
	at java.base/java.lang.ProcessImpl.<init>(ProcessImpl.java:314)
	at java.base/java.lang.ProcessImpl.start(ProcessImpl.java:244)
	at java.base/java.lang.ProcessBuilder.start(ProcessBuilder.java:1110)
	... 77 common frames omitted
20:57:43.795 [main] ERROR io.github.yasmramos.forge.core.ForgeEngine -- ‚ùå Error generating javadoc
java.io.IOException: Cannot run program "javadoc": error=13, Permission denied
	at java.base/java.lang.ProcessBuilder.start(ProcessBuilder.java:1143)
	at java.base/java.lang.ProcessBuilder.start(ProcessBuilder.java:1073)
	at io.github.yasmramos.forge.core.ForgeEngine.generateJavadoc(ForgeEngine.java:320)
	at io.github.yasmramos.forge.core.ForgeEngine.packageAdditionalArtifacts(ForgeEngine.java:276)
	at io.github.yasmramos.forge.core.ForgeEngine.packageArtifacts(ForgeEngine.java:219)
	at io.github.yasmramos.forge.core.ForgeEngine.build(ForgeEngine.java:71)
	at io.github.yasmramos.forge.integration.ForgeBuildSystemIntegrationTest.testCompleteBuildWorkflow(ForgeBuildSystemIntegrationTest.java:32)
	at java.base/jdk.internal.reflect.NativeMethodAccessorImpl.invoke0(Native Method)
	at java.base/jdk.internal.reflect.NativeMethodAccessorImpl.invoke(NativeMethodAccessorImpl.java:77)
	at java.base/jdk.internal.reflect.DelegatingMethodAccessorImpl.invoke(DelegatingMethodAccessorImpl.java:43)
	at java.base/java.lang.reflect.Method.invoke(Method.java:569)
	at org.junit.platform.commons.util.ReflectionUtils.invokeMethod(ReflectionUtils.java:727)
	at org.junit.jupiter.engine.execution.MethodInvocation.proceed(MethodInvocation.java:60)
	at org.junit.jupiter.engine.execution.InvocationInterceptorChain$ValidatingInvocation.proceed(InvocationInterceptorChain.java:131)
	at org.junit.jupiter.engine.extension.TimeoutExtension.intercept(TimeoutExtension.java:156)
	at org.junit.jupiter.engine.extension.TimeoutExtension.interceptTestableMethod(TimeoutExtension.java:147)
	at org.junit.jupiter.engine.extension.TimeoutExtension.interceptTestMethod(TimeoutExtension.java:86)
	at org.junit.jupiter.engine.execution.InterceptingExecutableInvoker$ReflectiveInterceptorCall.lambda$ofVoidMethod$0(InterceptingExecutableInvoker.java:103)
	at org.junit.jupiter.engine.execution.InterceptingExecutableInvoker.lambda$invoke$0(InterceptingExecutableInvoker.java:93)
	at org.junit.jupiter.engine.execution.InvocationInterceptorChain$InterceptedInvocation.proceed(InvocationInterceptorChain.java:106)
	at org.junit.jupiter.engine.execution.InvocationInterceptorChain.proceed(InvocationInterceptorChain.java:64)
	at org.junit.jupiter.engine.execution.InvocationInterceptorChain.chainAndInvoke(InvocationInterceptorChain.java:45)
	at org.junit.jupiter.engine.execution.InvocationInterceptorChain.invoke(InvocationInterceptorChain.java:37)
	at org.junit.jupiter.engine.execution.InterceptingExecutableInvoker.invoke(InterceptingExecutableInvoker.java:92)
	at org.junit.jupiter.engine.execution.InterceptingExecutableInvoker.invoke(InterceptingExecutableInvoker.java:86)
	at org.junit.jupiter.engine.descriptor.TestMethodTestDescriptor.lambda$invokeTestMethod$7(TestMethodTestDescriptor.java:217)
	at org.junit.platform.engine.support.hierarchical.ThrowableCollector.execute(ThrowableCollector.java:73)
	at org.junit.jupiter.engine.descriptor.TestMethodTestDescriptor.invokeTestMethod(TestMethodTestDescriptor.java:213)
	at org.junit.jupiter.engine.descriptor.TestMethodTestDescriptor.execute(TestMethodTestDescriptor.java:138)
	at org.junit.jupiter.engine.descriptor.TestMethodTestDescriptor.execute(TestMethodTestDescriptor.java:68)
	at org.junit.platform.engine.support.hierarchical.NodeTestTask.lambda$executeRecursively$6(NodeTestTask.java:151)
	at org.junit.platform.engine.support.hierarchical.ThrowableCollector.execute(ThrowableCollector.java:73)
	at org.junit.platform.engine.support.hierarchical.NodeTestTask.lambda$executeRecursively$8(NodeTestTask.java:141)
	at org.junit.platform.engine.support.hierarchical.Node.around(Node.java:137)
	at org.junit.platform.engine.support.hierarchical.NodeTestTask.lambda$executeRecursively$9(NodeTestTask.java:139)
	at org.junit.platform.engine.support.hierarchical.ThrowableCollector.execute(ThrowableCollector.java:73)
	at org.junit.platform.engine.support.hierarchical.NodeTestTask.executeRecursively(NodeTestTask.java:138)
	at org.junit.platform.engine.support.hierarchical.NodeTestTask.execute(NodeTestTask.java:95)
	at java.base/java.util.ArrayList.forEach(ArrayList.java:1511)
	at org.junit.platform.engine.support.hierarchical.SameThreadHierarchicalTestExecutorService.invokeAll(SameThreadHierarchicalTestExecutorService.java:41)
	at org.junit.platform.engine.support.hierarchical.NodeTestTask.lambda$executeRecursively$6(NodeTestTask.java:155)
	at org.junit.platform.engine.support.hierarchical.ThrowableCollector.execute(ThrowableCollector.java:73)
	at org.junit.platform.engine.support.hierarchical.NodeTestTask.lambda$executeRecursively$8(NodeTestTask.java:141)
	at org.junit.platform.engine.support.hierarchical.Node.around(Node.java:137)
	at org.junit.platform.engine.support.hierarchical.NodeTestTask.lambda$executeRecursively$9(NodeTestTask.java:139)
	at org.junit.platform.engine.support.hierarchical.ThrowableCollector.execute(ThrowableCollector.java:73)
	at org.junit.platform.engine.support.hierarchical.NodeTestTask.executeRecursively(NodeTestTask.java:138)
	at org.junit.platform.engine.support.hierarchical.NodeTestTask.execute(NodeTestTask.java:95)
	at java.base/java.util.ArrayList.forEach(ArrayList.java:1511)
	at org.junit.platform.engine.support.hierarchical.SameThreadHierarchicalTestExecutorService.invokeAll(SameThreadHierarchicalTestExecutorService.java:41)
	at org.junit.platform.engine.support.hierarchical.NodeTestTask.lambda$executeRecursively$6(NodeTestTask.java:155)
	at org.junit.platform.engine.support.hierarchical.ThrowableCollector.execute(ThrowableCollector.java:73)
	at org.junit.platform.engine.support.hierarchical.NodeTestTask.lambda$executeRecursively$8(NodeTestTask.java:141)
	at org.junit.platform.engine.support.hierarchical.Node.around(Node.java:137)
	at org.junit.platform.engine.support.hierarchical.NodeTestTask.lambda$executeRecursively$9(NodeTestTask.java:139)
	at org.junit.platform.engine.support.hierarchical.ThrowableCollector.execute(ThrowableCollector.java:73)
	at org.junit.platform.engine.support.hierarchical.NodeTestTask.executeRecursively(NodeTestTask.java:138)
	at org.junit.platform.engine.support.hierarchical.NodeTestTask.execute(NodeTestTask.java:95)
	at org.junit.platform.engine.support.hierarchical.SameThreadHierarchicalTestExecutorService.submit(SameThreadHierarchicalTestExecutorService.java:35)
	at org.junit.platform.engine.support.hierarchical.HierarchicalTestExecutor.execute(HierarchicalTestExecutor.java:57)
	at org.junit.platform.engine.support.hierarchical.HierarchicalTestEngine.execute(HierarchicalTestEngine.java:54)
	at org.junit.platform.launcher.core.EngineExecutionOrchestrator.execute(EngineExecutionOrchestrator.java:147)
	at org.junit.platform.launcher.core.EngineExecutionOrchestrator.execute(EngineExecutionOrchestrator.java:127)
	at org.junit.platform.launcher.core.EngineExecutionOrchestrator.execute(EngineExecutionOrchestrator.java:90)
	at org.junit.platform.launcher.core.EngineExecutionOrchestrator.lambda$execute$0(EngineExecutionOrchestrator.java:55)
	at org.junit.platform.launcher.core.EngineExecutionOrchestrator.withInterceptedStreams(EngineExecutionOrchestrator.java:102)
	at org.junit.platform.launcher.core.EngineExecutionOrchestrator.execute(EngineExecutionOrchestrator.java:54)
	at org.junit.platform.launcher.core.DefaultLauncher.execute(DefaultLauncher.java:114)
	at org.junit.platform.launcher.core.DefaultLauncher.execute(DefaultLauncher.java:86)
	at org.junit.platform.launcher.core.DefaultLauncherSession$DelegatingLauncher.execute(DefaultLauncherSession.java:86)
	at org.apache.maven.surefire.junitplatform.LazyLauncher.execute(LazyLauncher.java:50)
	at org.apache.maven.surefire.junitplatform.JUnitPlatformProvider.execute(JUnitPlatformProvider.java:184)
	at org.apache.maven.surefire.junitplatform.JUnitPlatformProvider.invokeAllTests(JUnitPlatformProvider.java:148)
	at org.apache.maven.surefire.junitplatform.JUnitPlatformProvider.invoke(JUnitPlatformProvider.java:122)
	at org.apache.maven.surefire.booter.ForkedBooter.runSuitesInProcess(ForkedBooter.java:385)
	at org.apache.maven.surefire.booter.ForkedBooter.execute(ForkedBooter.java:162)
	at org.apache.maven.surefire.booter.ForkedBooter.run(ForkedBooter.java:507)
	at org.apache.maven.surefire.booter.ForkedBooter.main(ForkedBooter.java:495)
Caused by: java.io.IOException: error=13, Permission denied
	at java.base/java.lang.ProcessImpl.forkAndExec(Native Method)
	at java.base/java.lang.ProcessImpl.<init>(ProcessImpl.java:314)
	at java.base/java.lang.ProcessImpl.start(ProcessImpl.java:244)
	at java.base/java.lang.ProcessBuilder.start(ProcessBuilder.java:1110)
	... 77 common frames omitted
20:57:43.796 [main] INFO io.github.yasmramos.forge.core.ForgeEngine -- üì¶ Packaging complete: 0 artifacts created
20:57:43.796 [main] INFO io.github.yasmramos.forge.core.ForgeEngine -- üß™ Running tests...
20:57:43.796 [main] INFO io.github.yasmramos.forge.core.ForgeEngine -- üß™ Running tests...
20:57:43.807 [main] DEBUG io.github.yasmramos.forge.core.ForgeEngine -- üß™ Running test: ForgeCacheTest
20:57:43.808 [main] DEBUG io.github.yasmramos.forge.core.ForgeEngine -- üß™ Skipping test (no main method): ForgeCacheTest
20:57:43.808 [main] DEBUG io.github.yasmramos.forge.core.ForgeEngine -- üß™ Running test: BuildAnalyzerTest
20:57:43.808 [main] DEBUG io.github.yasmramos.forge.core.ForgeEngine -- üß™ Skipping test (no main method): BuildAnalyzerTest
20:57:43.808 [main] DEBUG io.github.yasmramos.forge.core.ForgeEngine -- üß™ Running test: DependencyResolverTest
20:57:43.809 [main] DEBUG io.github.yasmramos.forge.core.ForgeEngine -- üß™ Skipping test (no main method): DependencyResolverTest
20:57:43.809 [main] DEBUG io.github.yasmramos.forge.core.ForgeEngine -- üß™ Running test: ForgeEngineTest
20:57:43.809 [main] DEBUG io.github.yasmramos.forge.core.ForgeEngine -- üß™ Skipping test (no main method): ForgeEngineTest
20:57:43.809 [main] DEBUG io.github.yasmramos.forge.core.ForgeEngine -- üß™ Running test: ForgeBuildSystemIntegrationTest
20:57:43.810 [main] DEBUG io.github.yasmramos.forge.core.ForgeEngine -- üß™ Skipping test (no main method): ForgeBuildSystemIntegrationTest
20:57:43.810 [main] DEBUG io.github.yasmramos.forge.core.ForgeEngine -- üß™ Running test: ForgePerformanceTest
20:57:43.810 [main] DEBUG io.github.yasmramos.forge.core.ForgeEngine -- üß™ Skipping test (no main method): ForgePerformanceTest
20:57:43.810 [main] DEBUG io.github.yasmramos.forge.core.ForgeEngine -- üß™ Running test: ForgeDemoProjectValidationTest
20:57:43.811 [main] DEBUG io.github.yasmramos.forge.core.ForgeEngine -- üß™ Skipping test (no main method): ForgeDemoProjectValidationTest
20:57:43.811 [main] DEBUG io.github.yasmramos.forge.core.ForgeEngine -- üß™ Running test: ForgeCacheTest
20:57:43.811 [main] DEBUG io.github.yasmramos.forge.core.ForgeEngine -- üß™ Skipping test (no main method): ForgeCacheTest
20:57:43.811 [main] DEBUG io.github.yasmramos.forge.core.ForgeEngine -- üß™ Running test: BuildAnalyzerTest
20:57:43.812 [main] DEBUG io.github.yasmramos.forge.core.ForgeEngine -- üß™ Skipping test (no main method): BuildAnalyzerTest
20:57:43.812 [main] DEBUG io.github.yasmramos.forge.core.ForgeEngine -- üß™ Running test: DependencyResolverTest
20:57:43.812 [main] DEBUG io.github.yasmramos.forge.core.ForgeEngine -- üß™ Skipping test (no main method): DependencyResolverTest
20:57:43.812 [main] DEBUG io.github.yasmramos.forge.core.ForgeEngine -- üß™ Running test: ForgeEngineTest
20:57:43.813 [main] DEBUG io.github.yasmramos.forge.core.ForgeEngine -- üß™ Skipping test (no main method): ForgeEngineTest
20:57:43.813 [main] DEBUG io.github.yasmramos.forge.core.ForgeEngine -- üß™ Running test: ForgeBuildSystemIntegrationTest
20:57:43.813 [main] DEBUG io.github.yasmramos.forge.core.ForgeEngine -- üß™ Skipping test (no main method): ForgeBuildSystemIntegrationTest
20:57:43.813 [main] DEBUG io.github.yasmramos.forge.core.ForgeEngine -- üß™ Running test: ForgePerformanceTest
20:57:43.814 [main] DEBUG io.github.yasmramos.forge.core.ForgeEngine -- üß™ Skipping test (no main method): ForgePerformanceTest
20:57:43.814 [main] DEBUG io.github.yasmramos.forge.core.ForgeEngine -- üß™ Running test: ForgeDemoProjectValidationTest
20:57:43.814 [main] DEBUG io.github.yasmramos.forge.core.ForgeEngine -- üß™ Skipping test (no main method): ForgeDemoProjectValidationTest
20:57:43.814 [main] INFO io.github.yasmramos.forge.core.ForgeEngine -- üß™ Test execution complete: 14/14 passed
20:57:43.815 [main] INFO io.github.yasmramos.forge.core.ForgeEngine -- üîÑ Starting incremental build...
20:57:43.815 [main] INFO io.github.yasmramos.forge.core.BuildAnalyzer -- üîç Analyzing project changes...
20:57:43.820 [main] INFO io.github.yasmramos.forge.core.BuildAnalyzer -- üîÑ Found 15 changed files
20:57:43.825 [main] INFO io.github.yasmramos.forge.core.BuildAnalyzer -- üîÑ Found 7 changed files
20:57:43.825 [main] INFO io.github.yasmramos.forge.core.Compiler -- üîÑ Incremental compilation of 7 changed files
20:57:43.826 [pool-11-thread-1] ERROR io.github.yasmramos.forge.core.Compiler -- Failed incremental compile: src/test/java/io/github/yasmramos/forge/cache/ForgeCacheTest.java
java.lang.NullPointerException: Cannot invoke "io.github.yasmramos.forge.model.DependencyResolution.getDependencies()" because "dependencyResolution" is null
	at io.github.yasmramos.forge.core.Compiler.compile(Compiler.java:38)
	at io.github.yasmramos.forge.core.Compiler.lambda$compileIncremental$0(Compiler.java:80)
	at java.base/java.util.concurrent.CompletableFuture$AsyncSupply.run(CompletableFuture.java:1768)
	at java.base/java.util.concurrent.ThreadPoolExecutor.runWorker(ThreadPoolExecutor.java:1136)
	at java.base/java.util.concurrent.ThreadPoolExecutor$Worker.run(ThreadPoolExecutor.java:635)
	at java.base/java.lang.Thread.run(Thread.java:840)
20:57:43.826 [pool-11-thread-2] ERROR io.github.yasmramos.forge.core.Compiler -- Failed incremental compile: src/test/java/io/github/yasmramos/forge/core/BuildAnalyzerTest.java
java.lang.NullPointerException: Cannot invoke "io.github.yasmramos.forge.model.DependencyResolution.getDependencies()" because "dependencyResolution" is null
	at io.github.yasmramos.forge.core.Compiler.compile(Compiler.java:38)
	at io.github.yasmramos.forge.core.Compiler.lambda$compileIncremental$0(Compiler.java:80)
	at java.base/java.util.concurrent.CompletableFuture$AsyncSupply.run(CompletableFuture.java:1768)
	at java.base/java.util.concurrent.ThreadPoolExecutor.runWorker(ThreadPoolExecutor.java:1136)
	at java.base/java.util.concurrent.ThreadPoolExecutor$Worker.run(ThreadPoolExecutor.java:635)
	at java.base/java.lang.Thread.run(Thread.java:840)
20:57:43.826 [pool-11-thread-1] ERROR io.github.yasmramos.forge.core.Compiler -- Failed incremental compile: src/test/java/io/github/yasmramos/forge/core/DependencyResolverTest.java
java.lang.NullPointerException: Cannot invoke "io.github.yasmramos.forge.model.DependencyResolution.getDependencies()" because "dependencyResolution" is null
	at io.github.yasmramos.forge.core.Compiler.compile(Compiler.java:38)
	at io.github.yasmramos.forge.core.Compiler.lambda$compileIncremental$0(Compiler.java:80)
	at java.base/java.util.concurrent.CompletableFuture$AsyncSupply.run(CompletableFuture.java:1768)
	at java.base/java.util.concurrent.ThreadPoolExecutor.runWorker(ThreadPoolExecutor.java:1136)
	at java.base/java.util.concurrent.ThreadPoolExecutor$Worker.run(ThreadPoolExecutor.java:635)
	at java.base/java.lang.Thread.run(Thread.java:840)
20:57:43.826 [pool-11-thread-2] ERROR io.github.yasmramos.forge.core.Compiler -- Failed incremental compile: src/test/java/io/github/yasmramos/forge/core/ForgeEngineTest.java
java.lang.NullPointerException: Cannot invoke "io.github.yasmramos.forge.model.DependencyResolution.getDependencies()" because "dependencyResolution" is null
	at io.github.yasmramos.forge.core.Compiler.compile(Compiler.java:38)
	at io.github.yasmramos.forge.core.Compiler.lambda$compileIncremental$0(Compiler.java:80)
	at java.base/java.util.concurrent.CompletableFuture$AsyncSupply.run(CompletableFuture.java:1768)
	at java.base/java.util.concurrent.ThreadPoolExecutor.runWorker(ThreadPoolExecutor.java:1136)
	at java.base/java.util.concurrent.ThreadPoolExecutor$Worker.run(ThreadPoolExecutor.java:635)
	at java.base/java.lang.Thread.run(Thread.java:840)
20:57:43.826 [pool-11-thread-1] ERROR io.github.yasmramos.forge.core.Compiler -- Failed incremental compile: src/test/java/io/github/yasmramos/forge/integration/ForgeBuildSystemIntegrationTest.java
java.lang.NullPointerException: Cannot invoke "io.github.yasmramos.forge.model.DependencyResolution.getDependencies()" because "dependencyResolution" is null
	at io.github.yasmramos.forge.core.Compiler.compile(Compiler.java:38)
	at io.github.yasmramos.forge.core.Compiler.lambda$compileIncremental$0(Compiler.java:80)
	at java.base/java.util.concurrent.CompletableFuture$AsyncSupply.run(CompletableFuture.java:1768)
	at java.base/java.util.concurrent.ThreadPoolExecutor.runWorker(ThreadPoolExecutor.java:1136)
	at java.base/java.util.concurrent.ThreadPoolExecutor$Worker.run(ThreadPoolExecutor.java:635)
	at java.base/java.lang.Thread.run(Thread.java:840)
20:57:43.826 [pool-11-thread-2] ERROR io.github.yasmramos.forge.core.Compiler -- Failed incremental compile: src/test/java/io/github/yasmramos/forge/performance/ForgePerformanceTest.java
java.lang.NullPointerException: Cannot invoke "io.github.yasmramos.forge.model.DependencyResolution.getDependencies()" because "dependencyResolution" is null
	at io.github.yasmramos.forge.core.Compiler.compile(Compiler.java:38)
	at io.github.yasmramos.forge.core.Compiler.lambda$compileIncremental$0(Compiler.java:80)
	at java.base/java.util.concurrent.CompletableFuture$AsyncSupply.run(CompletableFuture.java:1768)
	at java.base/java.util.concurrent.ThreadPoolExecutor.runWorker(ThreadPoolExecutor.java:1136)
	at java.base/java.util.concurrent.ThreadPoolExecutor$Worker.run(ThreadPoolExecutor.java:635)
	at java.base/java.lang.Thread.run(Thread.java:840)
20:57:43.826 [pool-11-thread-1] ERROR io.github.yasmramos.forge.core.Compiler -- Failed incremental compile: src/test/java/io/github/yasmramos/forge/validation/ForgeDemoProjectValidationTest.java
java.lang.NullPointerException: Cannot invoke "io.github.yasmramos.forge.model.DependencyResolution.getDependencies()" because "dependencyResolution" is null
	at io.github.yasmramos.forge.core.Compiler.compile(Compiler.java:38)
	at io.github.yasmramos.forge.core.Compiler.lambda$compileIncremental$0(Compiler.java:80)
	at java.base/java.util.concurrent.CompletableFuture$AsyncSupply.run(CompletableFuture.java:1768)
	at java.base/java.util.concurrent.ThreadPoolExecutor.runWorker(ThreadPoolExecutor.java:1136)
	at java.base/java.util.concurrent.ThreadPoolExecutor$Worker.run(ThreadPoolExecutor.java:635)
	at java.base/java.lang.Thread.run(Thread.java:840)
[INFO] Tests run: 1, Failures: 0, Errors: 0, Skipped: 0, Time elapsed: 0.116 s - in io.github.yasmramos.forge.integration.ForgeBuildSystemIntegrationTest
[INFO] Running io.github.yasmramos.forge.performance.ForgePerformanceTest
20:57:43.828 [main] INFO io.github.yasmramos.forge.core.ForgeEngine -- üî® Starting Forge build for project: performance-test
20:57:43.828 [main] INFO io.github.yasmramos.forge.core.ForgeEngine -- üìä Analyzing project structure...
20:57:43.828 [main] INFO io.github.yasmramos.forge.core.BuildAnalyzer -- üìä Analyzing project structure...
20:57:43.834 [main] DEBUG io.github.yasmramos.forge.core.BuildAnalyzer -- üìÅ Found 15 source files in: src/main/java
20:57:43.840 [main] DEBUG io.github.yasmramos.forge.core.BuildAnalyzer -- üìÅ Found 7 source files in: src/test/java
20:57:43.840 [main] DEBUG io.github.yasmramos.forge.core.BuildAnalyzer -- üì¶ Analyzing package structure...
20:57:43.853 [main] DEBUG io.github.yasmramos.forge.core.BuildAnalyzer -- üì¶ Package structure analysis complete: 9 packages found
20:57:43.853 [main] DEBUG io.github.yasmramos.forge.core.BuildAnalyzer -- üîó Analyzing source file dependencies...
20:57:43.854 [main] DEBUG io.github.yasmramos.forge.core.BuildAnalyzer -- üìã File Forge.java imports: 10 dependencies
20:57:43.854 [main] DEBUG io.github.yasmramos.forge.core.BuildAnalyzer -- üìã File ForgeCache.java imports: 10 dependencies
20:57:43.855 [main] DEBUG io.github.yasmramos.forge.core.BuildAnalyzer -- üìã File ForgeCLI.java imports: 4 dependencies
20:57:43.855 [main] DEBUG io.github.yasmramos.forge.core.BuildAnalyzer -- üìã File BuildAnalyzer.java imports: 17 dependencies
20:57:43.856 [main] DEBUG io.github.yasmramos.forge.core.BuildAnalyzer -- üìã File Compiler.java imports: 17 dependencies
20:57:43.857 [main] DEBUG io.github.yasmramos.forge.core.BuildAnalyzer -- üìã File DependencyResolver.java imports: 17 dependencies
20:57:43.857 [main] DEBUG io.github.yasmramos.forge.core.BuildAnalyzer -- üìã File ForgeEngine.java imports: 19 dependencies
20:57:43.858 [main] DEBUG io.github.yasmramos.forge.core.BuildAnalyzer -- üìã File DependencyInfo.java imports: 3 dependencies
20:57:43.859 [main] DEBUG io.github.yasmramos.forge.core.BuildAnalyzer -- üìã File DependencyResolution.java imports: 4 dependencies
20:57:43.860 [main] DEBUG io.github.yasmramos.forge.core.BuildAnalyzer -- üìã File ProjectAnalysis.java imports: 5 dependencies
20:57:43.861 [main] DEBUG io.github.yasmramos.forge.core.BuildAnalyzer -- üìã File ProjectConfig.java imports: 3 dependencies
20:57:43.861 [main] DEBUG io.github.yasmramos.forge.core.BuildAnalyzer -- üìã File ConfigReader.java imports: 9 dependencies
20:57:43.862 [main] DEBUG io.github.yasmramos.forge.core.BuildAnalyzer -- üìã File ForgeCacheTest.java imports: 5 dependencies
20:57:43.862 [main] DEBUG io.github.yasmramos.forge.core.BuildAnalyzer -- üìã File BuildAnalyzerTest.java imports: 10 dependencies
20:57:43.863 [main] DEBUG io.github.yasmramos.forge.core.BuildAnalyzer -- üìã File DependencyResolverTest.java imports: 7 dependencies
20:57:43.863 [main] DEBUG io.github.yasmramos.forge.core.BuildAnalyzer -- üìã File ForgeEngineTest.java imports: 6 dependencies
20:57:43.864 [main] DEBUG io.github.yasmramos.forge.core.BuildAnalyzer -- üìã File ForgeBuildSystemIntegrationTest.java imports: 6 dependencies
20:57:43.864 [main] DEBUG io.github.yasmramos.forge.core.BuildAnalyzer -- üìã File ForgePerformanceTest.java imports: 6 dependencies
20:57:43.865 [main] DEBUG io.github.yasmramos.forge.core.BuildAnalyzer -- üìã File ForgeDemoProjectValidationTest.java imports: 5 dependencies
20:57:43.865 [main] DEBUG io.github.yasmramos.forge.core.BuildAnalyzer -- üîó Dependency analysis complete: 22 files analyzed
20:57:43.865 [main] DEBUG io.github.yasmramos.forge.core.BuildAnalyzer -- üß™ Analyzing test files...
20:57:43.865 [main] DEBUG io.github.yasmramos.forge.core.BuildAnalyzer -- üß™ Found test file: src/test/java/io/github/yasmramos/forge/cache/ForgeCacheTest.java
20:57:43.865 [main] DEBUG io.github.yasmramos.forge.core.BuildAnalyzer -- üß™ Found test file: src/test/java/io/github/yasmramos/forge/core/BuildAnalyzerTest.java
20:57:43.865 [main] DEBUG io.github.yasmramos.forge.core.BuildAnalyzer -- üß™ Found test file: src/test/java/io/github/yasmramos/forge/core/DependencyResolverTest.java
20:57:43.865 [main] DEBUG io.github.yasmramos.forge.core.BuildAnalyzer -- üß™ Found test file: src/test/java/io/github/yasmramos/forge/core/ForgeEngineTest.java
20:57:43.865 [main] DEBUG io.github.yasmramos.forge.core.BuildAnalyzer -- üß™ Found test file: src/test/java/io/github/yasmramos/forge/integration/ForgeBuildSystemIntegrationTest.java
20:57:43.865 [main] DEBUG io.github.yasmramos.forge.core.BuildAnalyzer -- üß™ Found test file: src/test/java/io/github/yasmramos/forge/performance/ForgePerformanceTest.java
20:57:43.865 [main] DEBUG io.github.yasmramos.forge.core.BuildAnalyzer -- üß™ Found test file: src/test/java/io/github/yasmramos/forge/validation/ForgeDemoProjectValidationTest.java
20:57:43.865 [main] DEBUG io.github.yasmramos.forge.core.BuildAnalyzer -- üß™ Test analysis complete: 7 test files found
20:57:43.878 [main] DEBUG io.github.yasmramos.forge.core.BuildAnalyzer -- üìä Calculating complexity score for 22 files...
20:57:43.889 [main] DEBUG io.github.yasmramos.forge.core.BuildAnalyzer -- üìä Complexity calculation complete: 856.5
20:57:43.889 [main] INFO io.github.yasmramos.forge.core.ForgeEngine -- üîó Resolving dependencies...
20:57:43.889 [main] WARN io.github.yasmramos.forge.core.DependencyResolver -- ‚ö†Ô∏è Dependencies map is null, returning empty resolution
20:57:43.889 [main] INFO io.github.yasmramos.forge.core.ForgeEngine -- ‚ö° Compiling sources...
20:57:43.890 [pool-12-thread-1] DEBUG io.github.yasmramos.forge.core.Compiler -- üî® Compiling: src/main/java/io/github/yasmramos/forge/Forge.java
20:57:43.890 [pool-12-thread-2] DEBUG io.github.yasmramos.forge.core.Compiler -- üî® Compiling: src/main/java/io/github/yasmramos/forge/cache/ForgeCache.java
20:57:43.890 [pool-12-thread-1] ERROR io.github.yasmramos.forge.core.Compiler -- ‚ùå Compilation failed for: src/main/java/io/github/yasmramos/forge/Forge.java
20:57:43.891 [pool-12-thread-1] ERROR io.github.yasmramos.forge.core.Compiler -- Error: [B@55218ce4
20:57:43.891 [pool-12-thread-2] ERROR io.github.yasmramos.forge.core.Compiler -- ‚ùå Compilation failed for: src/main/java/io/github/yasmramos/forge/cache/ForgeCache.java
20:57:43.891 [pool-12-thread-2] ERROR io.github.yasmramos.forge.core.Compiler -- Error: [B@47f53532
20:57:43.891 [pool-12-thread-1] DEBUG io.github.yasmramos.forge.core.Compiler -- üî® Compiling: src/main/java/io/github/yasmramos/forge/cli/ForgeCLI.java
20:57:43.891 [pool-12-thread-2] DEBUG io.github.yasmramos.forge.core.Compiler -- üî® Compiling: src/main/java/io/github/yasmramos/forge/core/BuildAnalyzer.java
20:57:43.892 [pool-12-thread-1] ERROR io.github.yasmramos.forge.core.Compiler -- ‚ùå Compilation failed for: src/main/java/io/github/yasmramos/forge/cli/ForgeCLI.java
20:57:43.892 [pool-12-thread-1] ERROR io.github.yasmramos.forge.core.Compiler -- Error: [B@5be67830
20:57:43.892 [pool-12-thread-2] ERROR io.github.yasmramos.forge.core.Compiler -- ‚ùå Compilation failed for: src/main/java/io/github/yasmramos/forge/core/BuildAnalyzer.java
20:57:43.892 [pool-12-thread-2] ERROR io.github.yasmramos.forge.core.Compiler -- Error: [B@4932d3bc
20:57:43.892 [pool-12-thread-1] DEBUG io.github.yasmramos.forge.core.Compiler -- üî® Compiling: src/main/java/io/github/yasmramos/forge/core/Compiler.java
20:57:43.892 [pool-12-thread-2] DEBUG io.github.yasmramos.forge.core.Compiler -- üî® Compiling: src/main/java/io/github/yasmramos/forge/core/DependencyResolver.java
20:57:43.892 [pool-12-thread-2] ERROR io.github.yasmramos.forge.core.Compiler -- ‚ùå Compilation failed for: src/main/java/io/github/yasmramos/forge/core/DependencyResolver.java
20:57:43.893 [pool-12-thread-2] ERROR io.github.yasmramos.forge.core.Compiler -- Error: [B@4d0d5e42
20:57:43.893 [pool-12-thread-1] ERROR io.github.yasmramos.forge.core.Compiler -- ‚ùå Compilation failed for: src/main/java/io/github/yasmramos/forge/core/Compiler.java
20:57:43.893 [pool-12-thread-1] ERROR io.github.yasmramos.forge.core.Compiler -- Error: [B@5fd9e794
20:57:43.893 [pool-12-thread-2] DEBUG io.github.yasmramos.forge.core.Compiler -- üî® Compiling: src/main/java/io/github/yasmramos/forge/core/ForgeEngine.java
20:57:43.893 [pool-12-thread-1] DEBUG io.github.yasmramos.forge.core.Compiler -- üî® Compiling: src/main/java/io/github/yasmramos/forge/model/CompilationResult.java
20:57:43.893 [pool-12-thread-2] ERROR io.github.yasmramos.forge.core.Compiler -- ‚ùå Compilation failed for: src/main/java/io/github/yasmramos/forge/core/ForgeEngine.java
20:57:43.893 [pool-12-thread-2] ERROR io.github.yasmramos.forge.core.Compiler -- Error: [B@80fd987
20:57:43.893 [pool-12-thread-2] DEBUG io.github.yasmramos.forge.core.Compiler -- üî® Compiling: src/main/java/io/github/yasmramos/forge/model/DependencyInfo.java
20:57:43.894 [pool-12-thread-1] ERROR io.github.yasmramos.forge.core.Compiler -- ‚ùå Compilation failed for: src/main/java/io/github/yasmramos/forge/model/CompilationResult.java
20:57:43.894 [pool-12-thread-1] ERROR io.github.yasmramos.forge.core.Compiler -- Error: [B@1adb720b
20:57:43.894 [pool-12-thread-1] DEBUG io.github.yasmramos.forge.core.Compiler -- üî® Compiling: src/main/java/io/github/yasmramos/forge/model/DependencyResolution.java
20:57:43.894 [pool-12-thread-2] ERROR io.github.yasmramos.forge.core.Compiler -- ‚ùå Compilation failed for: src/main/java/io/github/yasmramos/forge/model/DependencyInfo.java
20:57:43.894 [pool-12-thread-2] ERROR io.github.yasmramos.forge.core.Compiler -- Error: [B@663d2111
20:57:43.894 [pool-12-thread-2] DEBUG io.github.yasmramos.forge.core.Compiler -- üî® Compiling: src/main/java/io/github/yasmramos/forge/model/DependencyType.java
20:57:43.894 [pool-12-thread-1] ERROR io.github.yasmramos.forge.core.Compiler -- ‚ùå Compilation failed for: src/main/java/io/github/yasmramos/forge/model/DependencyResolution.java
20:57:43.894 [pool-12-thread-1] ERROR io.github.yasmramos.forge.core.Compiler -- Error: [B@43c48b18
20:57:43.895 [pool-12-thread-1] DEBUG io.github.yasmramos.forge.core.Compiler -- üî® Compiling: src/main/java/io/github/yasmramos/forge/model/PackageResult.java
20:57:43.895 [pool-12-thread-2] ERROR io.github.yasmramos.forge.core.Compiler -- ‚ùå Compilation failed for: src/main/java/io/github/yasmramos/forge/model/DependencyType.java
20:57:43.895 [pool-12-thread-2] ERROR io.github.yasmramos.forge.core.Compiler -- Error: [B@394db159
20:57:43.895 [pool-12-thread-2] DEBUG io.github.yasmramos.forge.core.Compiler -- üî® Compiling: src/main/java/io/github/yasmramos/forge/model/ProjectAnalysis.java
20:57:43.895 [pool-12-thread-1] ERROR io.github.yasmramos.forge.core.Compiler -- ‚ùå Compilation failed for: src/main/java/io/github/yasmramos/forge/model/PackageResult.java
20:57:43.895 [pool-12-thread-1] ERROR io.github.yasmramos.forge.core.Compiler -- Error: [B@2b0b4ca8
20:57:43.895 [pool-12-thread-1] DEBUG io.github.yasmramos.forge.core.Compiler -- üî® Compiling: src/main/java/io/github/yasmramos/forge/model/ProjectConfig.java
20:57:43.896 [pool-12-thread-2] ERROR io.github.yasmramos.forge.core.Compiler -- ‚ùå Compilation failed for: src/main/java/io/github/yasmramos/forge/model/ProjectAnalysis.java
20:57:43.896 [pool-12-thread-2] ERROR io.github.yasmramos.forge.core.Compiler -- Error: [B@1e95177c
20:57:43.896 [pool-12-thread-2] DEBUG io.github.yasmramos.forge.core.Compiler -- üî® Compiling: src/main/java/io/github/yasmramos/forge/utils/ConfigReader.java
20:57:43.896 [pool-12-thread-1] ERROR io.github.yasmramos.forge.core.Compiler -- ‚ùå Compilation failed for: src/main/java/io/github/yasmramos/forge/model/ProjectConfig.java
20:57:43.896 [pool-12-thread-1] ERROR io.github.yasmramos.forge.core.Compiler -- Error: [B@3bfeeb1a
20:57:43.896 [pool-12-thread-1] DEBUG io.github.yasmramos.forge.core.Compiler -- üî® Compiling: src/test/java/io/github/yasmramos/forge/cache/ForgeCacheTest.java
20:57:43.897 [pool-12-thread-2] ERROR io.github.yasmramos.forge.core.Compiler -- ‚ùå Compilation failed for: src/main/java/io/github/yasmramos/forge/utils/ConfigReader.java
20:57:43.897 [pool-12-thread-2] ERROR io.github.yasmramos.forge.core.Compiler -- Error: [B@682026c8
20:57:43.897 [pool-12-thread-2] DEBUG io.github.yasmramos.forge.core.Compiler -- üî® Compiling: src/test/java/io/github/yasmramos/forge/core/BuildAnalyzerTest.java
20:57:43.897 [pool-12-thread-1] ERROR io.github.yasmramos.forge.core.Compiler -- ‚ùå Compilation failed for: src/test/java/io/github/yasmramos/forge/cache/ForgeCacheTest.java
20:57:43.897 [pool-12-thread-1] ERROR io.github.yasmramos.forge.core.Compiler -- Error: [B@7af48d44
20:57:43.897 [pool-12-thread-1] DEBUG io.github.yasmramos.forge.core.Compiler -- üî® Compiling: src/test/java/io/github/yasmramos/forge/core/DependencyResolverTest.java
20:57:43.897 [pool-12-thread-2] ERROR io.github.yasmramos.forge.core.Compiler -- ‚ùå Compilation failed for: src/test/java/io/github/yasmramos/forge/core/BuildAnalyzerTest.java
20:57:43.898 [pool-12-thread-2] ERROR io.github.yasmramos.forge.core.Compiler -- Error: [B@679aa774
20:57:43.898 [pool-12-thread-2] DEBUG io.github.yasmramos.forge.core.Compiler -- üî® Compiling: src/test/java/io/github/yasmramos/forge/core/ForgeEngineTest.java
20:57:43.898 [pool-12-thread-1] ERROR io.github.yasmramos.forge.core.Compiler -- ‚ùå Compilation failed for: src/test/java/io/github/yasmramos/forge/core/DependencyResolverTest.java
20:57:43.898 [pool-12-thread-1] ERROR io.github.yasmramos.forge.core.Compiler -- Error: [B@1d8f5549
20:57:43.898 [pool-12-thread-1] DEBUG io.github.yasmramos.forge.core.Compiler -- üî® Compiling: src/test/java/io/github/yasmramos/forge/integration/ForgeBuildSystemIntegrationTest.java
20:57:43.898 [pool-12-thread-2] ERROR io.github.yasmramos.forge.core.Compiler -- ‚ùå Compilation failed for: src/test/java/io/github/yasmramos/forge/core/ForgeEngineTest.java
20:57:43.898 [pool-12-thread-2] ERROR io.github.yasmramos.forge.core.Compiler -- Error: [B@338915a7
20:57:43.898 [pool-12-thread-2] DEBUG io.github.yasmramos.forge.core.Compiler -- üî® Compiling: src/test/java/io/github/yasmramos/forge/performance/ForgePerformanceTest.java
20:57:43.899 [pool-12-thread-1] ERROR io.github.yasmramos.forge.core.Compiler -- ‚ùå Compilation failed for: src/test/java/io/github/yasmramos/forge/integration/ForgeBuildSystemIntegrationTest.java
20:57:43.899 [pool-12-thread-1] ERROR io.github.yasmramos.forge.core.Compiler -- Error: [B@6c90245c
20:57:43.899 [pool-12-thread-1] DEBUG io.github.yasmramos.forge.core.Compiler -- üî® Compiling: src/test/java/io/github/yasmramos/forge/validation/ForgeDemoProjectValidationTest.java
20:57:43.899 [pool-12-thread-2] ERROR io.github.yasmramos.forge.core.Compiler -- ‚ùå Compilation failed for: src/test/java/io/github/yasmramos/forge/performance/ForgePerformanceTest.java
20:57:43.899 [pool-12-thread-2] ERROR io.github.yasmramos.forge.core.Compiler -- Error: [B@591da5d
20:57:43.900 [pool-12-thread-1] ERROR io.github.yasmramos.forge.core.Compiler -- ‚ùå Compilation failed for: src/test/java/io/github/yasmramos/forge/validation/ForgeDemoProjectValidationTest.java
20:57:43.900 [pool-12-thread-1] ERROR io.github.yasmramos.forge.core.Compiler -- Error: [B@20faa4ef
20:57:43.900 [main] INFO io.github.yasmramos.forge.core.ForgeEngine -- üì¶ Packaging artifacts...
20:57:43.900 [main] INFO io.github.yasmramos.forge.core.ForgeEngine -- üì¶ Packaging compiled artifacts...
20:57:43.901 [main] ERROR io.github.yasmramos.forge.core.ForgeEngine -- ‚ùå Error creating main JAR
java.io.IOException: Cannot run program "jar": error=13, Permission denied
	at java.base/java.lang.ProcessBuilder.start(ProcessBuilder.java:1143)
	at java.base/java.lang.ProcessBuilder.start(ProcessBuilder.java:1073)
	at io.github.yasmramos.forge.core.ForgeEngine.packageMainJar(ForgeEngine.java:245)
	at io.github.yasmramos.forge.core.ForgeEngine.packageArtifacts(ForgeEngine.java:212)
	at io.github.yasmramos.forge.core.ForgeEngine.build(ForgeEngine.java:71)
	at io.github.yasmramos.forge.performance.ForgePerformanceTest.testBasicBuildPerformance(ForgePerformanceTest.java:31)
	at java.base/jdk.internal.reflect.NativeMethodAccessorImpl.invoke0(Native Method)
	at java.base/jdk.internal.reflect.NativeMethodAccessorImpl.invoke(NativeMethodAccessorImpl.java:77)
	at java.base/jdk.internal.reflect.DelegatingMethodAccessorImpl.invoke(DelegatingMethodAccessorImpl.java:43)
	at java.base/java.lang.reflect.Method.invoke(Method.java:569)
	at org.junit.platform.commons.util.ReflectionUtils.invokeMethod(ReflectionUtils.java:727)
	at org.junit.jupiter.engine.execution.MethodInvocation.proceed(MethodInvocation.java:60)
	at org.junit.jupiter.engine.execution.InvocationInterceptorChain$ValidatingInvocation.proceed(InvocationInterceptorChain.java:131)
	at org.junit.jupiter.engine.extension.TimeoutExtension.intercept(TimeoutExtension.java:156)
	at org.junit.jupiter.engine.extension.TimeoutExtension.interceptTestableMethod(TimeoutExtension.java:147)
	at org.junit.jupiter.engine.extension.TimeoutExtension.interceptTestMethod(TimeoutExtension.java:86)
	at org.junit.jupiter.engine.execution.InterceptingExecutableInvoker$ReflectiveInterceptorCall.lambda$ofVoidMethod$0(InterceptingExecutableInvoker.java:103)
	at org.junit.jupiter.engine.execution.InterceptingExecutableInvoker.lambda$invoke$0(InterceptingExecutableInvoker.java:93)
	at org.junit.jupiter.engine.execution.InvocationInterceptorChain$InterceptedInvocation.proceed(InvocationInterceptorChain.java:106)
	at org.junit.jupiter.engine.execution.InvocationInterceptorChain.proceed(InvocationInterceptorChain.java:64)
	at org.junit.jupiter.engine.execution.InvocationInterceptorChain.chainAndInvoke(InvocationInterceptorChain.java:45)
	at org.junit.jupiter.engine.execution.InvocationInterceptorChain.invoke(InvocationInterceptorChain.java:37)
	at org.junit.jupiter.engine.execution.InterceptingExecutableInvoker.invoke(InterceptingExecutableInvoker.java:92)
	at org.junit.jupiter.engine.execution.InterceptingExecutableInvoker.invoke(InterceptingExecutableInvoker.java:86)
	at org.junit.jupiter.engine.descriptor.TestMethodTestDescriptor.lambda$invokeTestMethod$7(TestMethodTestDescriptor.java:217)
	at org.junit.platform.engine.support.hierarchical.ThrowableCollector.execute(ThrowableCollector.java:73)
	at org.junit.jupiter.engine.descriptor.TestMethodTestDescriptor.invokeTestMethod(TestMethodTestDescriptor.java:213)
	at org.junit.jupiter.engine.descriptor.TestMethodTestDescriptor.execute(TestMethodTestDescriptor.java:138)
	at org.junit.jupiter.engine.descriptor.TestMethodTestDescriptor.execute(TestMethodTestDescriptor.java:68)
	at org.junit.platform.engine.support.hierarchical.NodeTestTask.lambda$executeRecursively$6(NodeTestTask.java:151)
	at org.junit.platform.engine.support.hierarchical.ThrowableCollector.execute(ThrowableCollector.java:73)
	at org.junit.platform.engine.support.hierarchical.NodeTestTask.lambda$executeRecursively$8(NodeTestTask.java:141)
	at org.junit.platform.engine.support.hierarchical.Node.around(Node.java:137)
	at org.junit.platform.engine.support.hierarchical.NodeTestTask.lambda$executeRecursively$9(NodeTestTask.java:139)
	at org.junit.platform.engine.support.hierarchical.ThrowableCollector.execute(ThrowableCollector.java:73)
	at org.junit.platform.engine.support.hierarchical.NodeTestTask.executeRecursively(NodeTestTask.java:138)
	at org.junit.platform.engine.support.hierarchical.NodeTestTask.execute(NodeTestTask.java:95)
	at java.base/java.util.ArrayList.forEach(ArrayList.java:1511)
	at org.junit.platform.engine.support.hierarchical.SameThreadHierarchicalTestExecutorService.invokeAll(SameThreadHierarchicalTestExecutorService.java:41)
	at org.junit.platform.engine.support.hierarchical.NodeTestTask.lambda$executeRecursively$6(NodeTestTask.java:155)
	at org.junit.platform.engine.support.hierarchical.ThrowableCollector.execute(ThrowableCollector.java:73)
	at org.junit.platform.engine.support.hierarchical.NodeTestTask.lambda$executeRecursively$8(NodeTestTask.java:141)
	at org.junit.platform.engine.support.hierarchical.Node.around(Node.java:137)
	at org.junit.platform.engine.support.hierarchical.NodeTestTask.lambda$executeRecursively$9(NodeTestTask.java:139)
	at org.junit.platform.engine.support.hierarchical.ThrowableCollector.execute(ThrowableCollector.java:73)
	at org.junit.platform.engine.support.hierarchical.NodeTestTask.executeRecursively(NodeTestTask.java:138)
	at org.junit.platform.engine.support.hierarchical.NodeTestTask.execute(NodeTestTask.java:95)
	at java.base/java.util.ArrayList.forEach(ArrayList.java:1511)
	at org.junit.platform.engine.support.hierarchical.SameThreadHierarchicalTestExecutorService.invokeAll(SameThreadHierarchicalTestExecutorService.java:41)
	at org.junit.platform.engine.support.hierarchical.NodeTestTask.lambda$executeRecursively$6(NodeTestTask.java:155)
	at org.junit.platform.engine.support.hierarchical.ThrowableCollector.execute(ThrowableCollector.java:73)
	at org.junit.platform.engine.support.hierarchical.NodeTestTask.lambda$executeRecursively$8(NodeTestTask.java:141)
	at org.junit.platform.engine.support.hierarchical.Node.around(Node.java:137)
	at org.junit.platform.engine.support.hierarchical.NodeTestTask.lambda$executeRecursively$9(NodeTestTask.java:139)
	at org.junit.platform.engine.support.hierarchical.ThrowableCollector.execute(ThrowableCollector.java:73)
	at org.junit.platform.engine.support.hierarchical.NodeTestTask.executeRecursively(NodeTestTask.java:138)
	at org.junit.platform.engine.support.hierarchical.NodeTestTask.execute(NodeTestTask.java:95)
	at org.junit.platform.engine.support.hierarchical.SameThreadHierarchicalTestExecutorService.submit(SameThreadHierarchicalTestExecutorService.java:35)
	at org.junit.platform.engine.support.hierarchical.HierarchicalTestExecutor.execute(HierarchicalTestExecutor.java:57)
	at org.junit.platform.engine.support.hierarchical.HierarchicalTestEngine.execute(HierarchicalTestEngine.java:54)
	at org.junit.platform.launcher.core.EngineExecutionOrchestrator.execute(EngineExecutionOrchestrator.java:147)
	at org.junit.platform.launcher.core.EngineExecutionOrchestrator.execute(EngineExecutionOrchestrator.java:127)
	at org.junit.platform.launcher.core.EngineExecutionOrchestrator.execute(EngineExecutionOrchestrator.java:90)
	at org.junit.platform.launcher.core.EngineExecutionOrchestrator.lambda$execute$0(EngineExecutionOrchestrator.java:55)
	at org.junit.platform.launcher.core.EngineExecutionOrchestrator.withInterceptedStreams(EngineExecutionOrchestrator.java:102)
	at org.junit.platform.launcher.core.EngineExecutionOrchestrator.execute(EngineExecutionOrchestrator.java:54)
	at org.junit.platform.launcher.core.DefaultLauncher.execute(DefaultLauncher.java:114)
	at org.junit.platform.launcher.core.DefaultLauncher.execute(DefaultLauncher.java:86)
	at org.junit.platform.launcher.core.DefaultLauncherSession$DelegatingLauncher.execute(DefaultLauncherSession.java:86)
	at org.apache.maven.surefire.junitplatform.LazyLauncher.execute(LazyLauncher.java:50)
	at org.apache.maven.surefire.junitplatform.JUnitPlatformProvider.execute(JUnitPlatformProvider.java:184)
	at org.apache.maven.surefire.junitplatform.JUnitPlatformProvider.invokeAllTests(JUnitPlatformProvider.java:148)
	at org.apache.maven.surefire.junitplatform.JUnitPlatformProvider.invoke(JUnitPlatformProvider.java:122)
	at org.apache.maven.surefire.booter.ForkedBooter.runSuitesInProcess(ForkedBooter.java:385)
	at org.apache.maven.surefire.booter.ForkedBooter.execute(ForkedBooter.java:162)
	at org.apache.maven.surefire.booter.ForkedBooter.run(ForkedBooter.java:507)
	at org.apache.maven.surefire.booter.ForkedBooter.main(ForkedBooter.java:495)
Caused by: java.io.IOException: error=13, Permission denied
	at java.base/java.lang.ProcessImpl.forkAndExec(Native Method)
	at java.base/java.lang.ProcessImpl.<init>(ProcessImpl.java:314)
	at java.base/java.lang.ProcessImpl.start(ProcessImpl.java:244)
	at java.base/java.lang.ProcessBuilder.start(ProcessBuilder.java:1110)
	... 76 common frames omitted
20:57:43.903 [main] ERROR io.github.yasmramos.forge.core.ForgeEngine -- ‚ùå Error creating sources JAR
java.io.IOException: Cannot run program "jar": error=13, Permission denied
	at java.base/java.lang.ProcessBuilder.start(ProcessBuilder.java:1143)
	at java.base/java.lang.ProcessBuilder.start(ProcessBuilder.java:1073)
	at io.github.yasmramos.forge.core.ForgeEngine.createSourcesJar(ForgeEngine.java:293)
	at io.github.yasmramos.forge.core.ForgeEngine.packageAdditionalArtifacts(ForgeEngine.java:270)
	at io.github.yasmramos.forge.core.ForgeEngine.packageArtifacts(ForgeEngine.java:219)
	at io.github.yasmramos.forge.core.ForgeEngine.build(ForgeEngine.java:71)
	at io.github.yasmramos.forge.performance.ForgePerformanceTest.testBasicBuildPerformance(ForgePerformanceTest.java:31)
	at java.base/jdk.internal.reflect.NativeMethodAccessorImpl.invoke0(Native Method)
	at java.base/jdk.internal.reflect.NativeMethodAccessorImpl.invoke(NativeMethodAccessorImpl.java:77)
	at java.base/jdk.internal.reflect.DelegatingMethodAccessorImpl.invoke(DelegatingMethodAccessorImpl.java:43)
	at java.base/java.lang.reflect.Method.invoke(Method.java:569)
	at org.junit.platform.commons.util.ReflectionUtils.invokeMethod(ReflectionUtils.java:727)
	at org.junit.jupiter.engine.execution.MethodInvocation.proceed(MethodInvocation.java:60)
	at org.junit.jupiter.engine.execution.InvocationInterceptorChain$ValidatingInvocation.proceed(InvocationInterceptorChain.java:131)
	at org.junit.jupiter.engine.extension.TimeoutExtension.intercept(TimeoutExtension.java:156)
	at org.junit.jupiter.engine.extension.TimeoutExtension.interceptTestableMethod(TimeoutExtension.java:147)
	at org.junit.jupiter.engine.extension.TimeoutExtension.interceptTestMethod(TimeoutExtension.java:86)
	at org.junit.jupiter.engine.execution.InterceptingExecutableInvoker$ReflectiveInterceptorCall.lambda$ofVoidMethod$0(InterceptingExecutableInvoker.java:103)
	at org.junit.jupiter.engine.execution.InterceptingExecutableInvoker.lambda$invoke$0(InterceptingExecutableInvoker.java:93)
	at org.junit.jupiter.engine.execution.InvocationInterceptorChain$InterceptedInvocation.proceed(InvocationInterceptorChain.java:106)
	at org.junit.jupiter.engine.execution.InvocationInterceptorChain.proceed(InvocationInterceptorChain.java:64)
	at org.junit.jupiter.engine.execution.InvocationInterceptorChain.chainAndInvoke(InvocationInterceptorChain.java:45)
	at org.junit.jupiter.engine.execution.InvocationInterceptorChain.invoke(InvocationInterceptorChain.java:37)
	at org.junit.jupiter.engine.execution.InterceptingExecutableInvoker.invoke(InterceptingExecutableInvoker.java:92)
	at org.junit.jupiter.engine.execution.InterceptingExecutableInvoker.invoke(InterceptingExecutableInvoker.java:86)
	at org.junit.jupiter.engine.descriptor.TestMethodTestDescriptor.lambda$invokeTestMethod$7(TestMethodTestDescriptor.java:217)
	at org.junit.platform.engine.support.hierarchical.ThrowableCollector.execute(ThrowableCollector.java:73)
	at org.junit.jupiter.engine.descriptor.TestMethodTestDescriptor.invokeTestMethod(TestMethodTestDescriptor.java:213)
	at org.junit.jupiter.engine.descriptor.TestMethodTestDescriptor.execute(TestMethodTestDescriptor.java:138)
	at org.junit.jupiter.engine.descriptor.TestMethodTestDescriptor.execute(TestMethodTestDescriptor.java:68)
	at org.junit.platform.engine.support.hierarchical.NodeTestTask.lambda$executeRecursively$6(NodeTestTask.java:151)
	at org.junit.platform.engine.support.hierarchical.ThrowableCollector.execute(ThrowableCollector.java:73)
	at org.junit.platform.engine.support.hierarchical.NodeTestTask.lambda$executeRecursively$8(NodeTestTask.java:141)
	at org.junit.platform.engine.support.hierarchical.Node.around(Node.java:137)
	at org.junit.platform.engine.support.hierarchical.NodeTestTask.lambda$executeRecursively$9(NodeTestTask.java:139)
	at org.junit.platform.engine.support.hierarchical.ThrowableCollector.execute(ThrowableCollector.java:73)
	at org.junit.platform.engine.support.hierarchical.NodeTestTask.executeRecursively(NodeTestTask.java:138)
	at org.junit.platform.engine.support.hierarchical.NodeTestTask.execute(NodeTestTask.java:95)
	at java.base/java.util.ArrayList.forEach(ArrayList.java:1511)
	at org.junit.platform.engine.support.hierarchical.SameThreadHierarchicalTestExecutorService.invokeAll(SameThreadHierarchicalTestExecutorService.java:41)
	at org.junit.platform.engine.support.hierarchical.NodeTestTask.lambda$executeRecursively$6(NodeTestTask.java:155)
	at org.junit.platform.engine.support.hierarchical.ThrowableCollector.execute(ThrowableCollector.java:73)
	at org.junit.platform.engine.support.hierarchical.NodeTestTask.lambda$executeRecursively$8(NodeTestTask.java:141)
	at org.junit.platform.engine.support.hierarchical.Node.around(Node.java:137)
	at org.junit.platform.engine.support.hierarchical.NodeTestTask.lambda$executeRecursively$9(NodeTestTask.java:139)
	at org.junit.platform.engine.support.hierarchical.ThrowableCollector.execute(ThrowableCollector.java:73)
	at org.junit.platform.engine.support.hierarchical.NodeTestTask.executeRecursively(NodeTestTask.java:138)
	at org.junit.platform.engine.support.hierarchical.NodeTestTask.execute(NodeTestTask.java:95)
	at java.base/java.util.ArrayList.forEach(ArrayList.java:1511)
	at org.junit.platform.engine.support.hierarchical.SameThreadHierarchicalTestExecutorService.invokeAll(SameThreadHierarchicalTestExecutorService.java:41)
	at org.junit.platform.engine.support.hierarchical.NodeTestTask.lambda$executeRecursively$6(NodeTestTask.java:155)
	at org.junit.platform.engine.support.hierarchical.ThrowableCollector.execute(ThrowableCollector.java:73)
	at org.junit.platform.engine.support.hierarchical.NodeTestTask.lambda$executeRecursively$8(NodeTestTask.java:141)
	at org.junit.platform.engine.support.hierarchical.Node.around(Node.java:137)
	at org.junit.platform.engine.support.hierarchical.NodeTestTask.lambda$executeRecursively$9(NodeTestTask.java:139)
	at org.junit.platform.engine.support.hierarchical.ThrowableCollector.execute(ThrowableCollector.java:73)
	at org.junit.platform.engine.support.hierarchical.NodeTestTask.executeRecursively(NodeTestTask.java:138)
	at org.junit.platform.engine.support.hierarchical.NodeTestTask.execute(NodeTestTask.java:95)
	at org.junit.platform.engine.support.hierarchical.SameThreadHierarchicalTestExecutorService.submit(SameThreadHierarchicalTestExecutorService.java:35)
	at org.junit.platform.engine.support.hierarchical.HierarchicalTestExecutor.execute(HierarchicalTestExecutor.java:57)
	at org.junit.platform.engine.support.hierarchical.HierarchicalTestEngine.execute(HierarchicalTestEngine.java:54)
	at org.junit.platform.launcher.core.EngineExecutionOrchestrator.execute(EngineExecutionOrchestrator.java:147)
	at org.junit.platform.launcher.core.EngineExecutionOrchestrator.execute(EngineExecutionOrchestrator.java:127)
	at org.junit.platform.launcher.core.EngineExecutionOrchestrator.execute(EngineExecutionOrchestrator.java:90)
	at org.junit.platform.launcher.core.EngineExecutionOrchestrator.lambda$execute$0(EngineExecutionOrchestrator.java:55)
	at org.junit.platform.launcher.core.EngineExecutionOrchestrator.withInterceptedStreams(EngineExecutionOrchestrator.java:102)
	at org.junit.platform.launcher.core.EngineExecutionOrchestrator.execute(EngineExecutionOrchestrator.java:54)
	at org.junit.platform.launcher.core.DefaultLauncher.execute(DefaultLauncher.java:114)
	at org.junit.platform.launcher.core.DefaultLauncher.execute(DefaultLauncher.java:86)
	at org.junit.platform.launcher.core.DefaultLauncherSession$DelegatingLauncher.execute(DefaultLauncherSession.java:86)
	at org.apache.maven.surefire.junitplatform.LazyLauncher.execute(LazyLauncher.java:50)
	at org.apache.maven.surefire.junitplatform.JUnitPlatformProvider.execute(JUnitPlatformProvider.java:184)
	at org.apache.maven.surefire.junitplatform.JUnitPlatformProvider.invokeAllTests(JUnitPlatformProvider.java:148)
	at org.apache.maven.surefire.junitplatform.JUnitPlatformProvider.invoke(JUnitPlatformProvider.java:122)
	at org.apache.maven.surefire.booter.ForkedBooter.runSuitesInProcess(ForkedBooter.java:385)
	at org.apache.maven.surefire.booter.ForkedBooter.execute(ForkedBooter.java:162)
	at org.apache.maven.surefire.booter.ForkedBooter.run(ForkedBooter.java:507)
	at org.apache.maven.surefire.booter.ForkedBooter.main(ForkedBooter.java:495)
Caused by: java.io.IOException: error=13, Permission denied
	at java.base/java.lang.ProcessImpl.forkAndExec(Native Method)
	at java.base/java.lang.ProcessImpl.<init>(ProcessImpl.java:314)
	at java.base/java.lang.ProcessImpl.start(ProcessImpl.java:244)
	at java.base/java.lang.ProcessBuilder.start(ProcessBuilder.java:1110)
	... 77 common frames omitted
20:57:43.904 [main] ERROR io.github.yasmramos.forge.core.ForgeEngine -- ‚ùå Error generating javadoc
java.io.IOException: Cannot run program "javadoc": error=13, Permission denied
	at java.base/java.lang.ProcessBuilder.start(ProcessBuilder.java:1143)
	at java.base/java.lang.ProcessBuilder.start(ProcessBuilder.java:1073)
	at io.github.yasmramos.forge.core.ForgeEngine.generateJavadoc(ForgeEngine.java:320)
	at io.github.yasmramos.forge.core.ForgeEngine.packageAdditionalArtifacts(ForgeEngine.java:276)
	at io.github.yasmramos.forge.core.ForgeEngine.packageArtifacts(ForgeEngine.java:219)
	at io.github.yasmramos.forge.core.ForgeEngine.build(ForgeEngine.java:71)
	at io.github.yasmramos.forge.performance.ForgePerformanceTest.testBasicBuildPerformance(ForgePerformanceTest.java:31)
	at java.base/jdk.internal.reflect.NativeMethodAccessorImpl.invoke0(Native Method)
	at java.base/jdk.internal.reflect.NativeMethodAccessorImpl.invoke(NativeMethodAccessorImpl.java:77)
	at java.base/jdk.internal.reflect.DelegatingMethodAccessorImpl.invoke(DelegatingMethodAccessorImpl.java:43)
	at java.base/java.lang.reflect.Method.invoke(Method.java:569)
	at org.junit.platform.commons.util.ReflectionUtils.invokeMethod(ReflectionUtils.java:727)
	at org.junit.jupiter.engine.execution.MethodInvocation.proceed(MethodInvocation.java:60)
	at org.junit.jupiter.engine.execution.InvocationInterceptorChain$ValidatingInvocation.proceed(InvocationInterceptorChain.java:131)
	at org.junit.jupiter.engine.extension.TimeoutExtension.intercept(TimeoutExtension.java:156)
	at org.junit.jupiter.engine.extension.TimeoutExtension.interceptTestableMethod(TimeoutExtension.java:147)
	at org.junit.jupiter.engine.extension.TimeoutExtension.interceptTestMethod(TimeoutExtension.java:86)
	at org.junit.jupiter.engine.execution.InterceptingExecutableInvoker$ReflectiveInterceptorCall.lambda$ofVoidMethod$0(InterceptingExecutableInvoker.java:103)
	at org.junit.jupiter.engine.execution.InterceptingExecutableInvoker.lambda$invoke$0(InterceptingExecutableInvoker.java:93)
	at org.junit.jupiter.engine.execution.InvocationInterceptorChain$InterceptedInvocation.proceed(InvocationInterceptorChain.java:106)
	at org.junit.jupiter.engine.execution.InvocationInterceptorChain.proceed(InvocationInterceptorChain.java:64)
	at org.junit.jupiter.engine.execution.InvocationInterceptorChain.chainAndInvoke(InvocationInterceptorChain.java:45)
	at org.junit.jupiter.engine.execution.InvocationInterceptorChain.invoke(InvocationInterceptorChain.java:37)
	at org.junit.jupiter.engine.execution.InterceptingExecutableInvoker.invoke(InterceptingExecutableInvoker.java:92)
	at org.junit.jupiter.engine.execution.InterceptingExecutableInvoker.invoke(InterceptingExecutableInvoker.java:86)
	at org.junit.jupiter.engine.descriptor.TestMethodTestDescriptor.lambda$invokeTestMethod$7(TestMethodTestDescriptor.java:217)
	at org.junit.platform.engine.support.hierarchical.ThrowableCollector.execute(ThrowableCollector.java:73)
	at org.junit.jupiter.engine.descriptor.TestMethodTestDescriptor.invokeTestMethod(TestMethodTestDescriptor.java:213)
	at org.junit.jupiter.engine.descriptor.TestMethodTestDescriptor.execute(TestMethodTestDescriptor.java:138)
	at org.junit.jupiter.engine.descriptor.TestMethodTestDescriptor.execute(TestMethodTestDescriptor.java:68)
	at org.junit.platform.engine.support.hierarchical.NodeTestTask.lambda$executeRecursively$6(NodeTestTask.java:151)
	at org.junit.platform.engine.support.hierarchical.ThrowableCollector.execute(ThrowableCollector.java:73)
	at org.junit.platform.engine.support.hierarchical.NodeTestTask.lambda$executeRecursively$8(NodeTestTask.java:141)
	at org.junit.platform.engine.support.hierarchical.Node.around(Node.java:137)
	at org.junit.platform.engine.support.hierarchical.NodeTestTask.lambda$executeRecursively$9(NodeTestTask.java:139)
	at org.junit.platform.engine.support.hierarchical.ThrowableCollector.execute(ThrowableCollector.java:73)
	at org.junit.platform.engine.support.hierarchical.NodeTestTask.executeRecursively(NodeTestTask.java:138)
	at org.junit.platform.engine.support.hierarchical.NodeTestTask.execute(NodeTestTask.java:95)
	at java.base/java.util.ArrayList.forEach(ArrayList.java:1511)
	at org.junit.platform.engine.support.hierarchical.SameThreadHierarchicalTestExecutorService.invokeAll(SameThreadHierarchicalTestExecutorService.java:41)
	at org.junit.platform.engine.support.hierarchical.NodeTestTask.lambda$executeRecursively$6(NodeTestTask.java:155)
	at org.junit.platform.engine.support.hierarchical.ThrowableCollector.execute(ThrowableCollector.java:73)
	at org.junit.platform.engine.support.hierarchical.NodeTestTask.lambda$executeRecursively$8(NodeTestTask.java:141)
	at org.junit.platform.engine.support.hierarchical.Node.around(Node.java:137)
	at org.junit.platform.engine.support.hierarchical.NodeTestTask.lambda$executeRecursively$9(NodeTestTask.java:139)
	at org.junit.platform.engine.support.hierarchical.ThrowableCollector.execute(ThrowableCollector.java:73)
	at org.junit.platform.engine.support.hierarchical.NodeTestTask.executeRecursively(NodeTestTask.java:138)
	at org.junit.platform.engine.support.hierarchical.NodeTestTask.execute(NodeTestTask.java:95)
	at java.base/java.util.ArrayList.forEach(ArrayList.java:1511)
	at org.junit.platform.engine.support.hierarchical.SameThreadHierarchicalTestExecutorService.invokeAll(SameThreadHierarchicalTestExecutorService.java:41)
	at org.junit.platform.engine.support.hierarchical.NodeTestTask.lambda$executeRecursively$6(NodeTestTask.java:155)
	at org.junit.platform.engine.support.hierarchical.ThrowableCollector.execute(ThrowableCollector.java:73)
	at org.junit.platform.engine.support.hierarchical.NodeTestTask.lambda$executeRecursively$8(NodeTestTask.java:141)
	at org.junit.platform.engine.support.hierarchical.Node.around(Node.java:137)
	at org.junit.platform.engine.support.hierarchical.NodeTestTask.lambda$executeRecursively$9(NodeTestTask.java:139)
	at org.junit.platform.engine.support.hierarchical.ThrowableCollector.execute(ThrowableCollector.java:73)
	at org.junit.platform.engine.support.hierarchical.NodeTestTask.executeRecursively(NodeTestTask.java:138)
	at org.junit.platform.engine.support.hierarchical.NodeTestTask.execute(NodeTestTask.java:95)
	at org.junit.platform.engine.support.hierarchical.SameThreadHierarchicalTestExecutorService.submit(SameThreadHierarchicalTestExecutorService.java:35)
	at org.junit.platform.engine.support.hierarchical.HierarchicalTestExecutor.execute(HierarchicalTestExecutor.java:57)
	at org.junit.platform.engine.support.hierarchical.HierarchicalTestEngine.execute(HierarchicalTestEngine.java:54)
	at org.junit.platform.launcher.core.EngineExecutionOrchestrator.execute(EngineExecutionOrchestrator.java:147)
	at org.junit.platform.launcher.core.EngineExecutionOrchestrator.execute(EngineExecutionOrchestrator.java:127)
	at org.junit.platform.launcher.core.EngineExecutionOrchestrator.execute(EngineExecutionOrchestrator.java:90)
	at org.junit.platform.launcher.core.EngineExecutionOrchestrator.lambda$execute$0(EngineExecutionOrchestrator.java:55)
	at org.junit.platform.launcher.core.EngineExecutionOrchestrator.withInterceptedStreams(EngineExecutionOrchestrator.java:102)
	at org.junit.platform.launcher.core.EngineExecutionOrchestrator.execute(EngineExecutionOrchestrator.java:54)
	at org.junit.platform.launcher.core.DefaultLauncher.execute(DefaultLauncher.java:114)
	at org.junit.platform.launcher.core.DefaultLauncher.execute(DefaultLauncher.java:86)
	at org.junit.platform.launcher.core.DefaultLauncherSession$DelegatingLauncher.execute(DefaultLauncherSession.java:86)
	at org.apache.maven.surefire.junitplatform.LazyLauncher.execute(LazyLauncher.java:50)
	at org.apache.maven.surefire.junitplatform.JUnitPlatformProvider.execute(JUnitPlatformProvider.java:184)
	at org.apache.maven.surefire.junitplatform.JUnitPlatformProvider.invokeAllTests(JUnitPlatformProvider.java:148)
	at org.apache.maven.surefire.junitplatform.JUnitPlatformProvider.invoke(JUnitPlatformProvider.java:122)
	at org.apache.maven.surefire.booter.ForkedBooter.runSuitesInProcess(ForkedBooter.java:385)
	at org.apache.maven.surefire.booter.ForkedBooter.execute(ForkedBooter.java:162)
	at org.apache.maven.surefire.booter.ForkedBooter.run(ForkedBooter.java:507)
	at org.apache.maven.surefire.booter.ForkedBooter.main(ForkedBooter.java:495)
Caused by: java.io.IOException: error=13, Permission denied
	at java.base/java.lang.ProcessImpl.forkAndExec(Native Method)
	at java.base/java.lang.ProcessImpl.<init>(ProcessImpl.java:314)
	at java.base/java.lang.ProcessImpl.start(ProcessImpl.java:244)
	at java.base/java.lang.ProcessBuilder.start(ProcessBuilder.java:1110)
	... 77 common frames omitted
20:57:43.904 [main] INFO io.github.yasmramos.forge.core.ForgeEngine -- üì¶ Packaging complete: 0 artifacts created
20:57:43.904 [main] INFO io.github.yasmramos.forge.core.ForgeEngine -- üß™ Running tests...
20:57:43.904 [main] INFO io.github.yasmramos.forge.core.ForgeEngine -- üß™ Running tests...
20:57:43.924 [main] DEBUG io.github.yasmramos.forge.core.ForgeEngine -- üß™ Running test: ForgeCacheTest
20:57:43.924 [main] DEBUG io.github.yasmramos.forge.core.ForgeEngine -- üß™ Skipping test (no main method): ForgeCacheTest
20:57:43.924 [main] DEBUG io.github.yasmramos.forge.core.ForgeEngine -- üß™ Running test: BuildAnalyzerTest
20:57:43.925 [main] DEBUG io.github.yasmramos.forge.core.ForgeEngine -- üß™ Skipping test (no main method): BuildAnalyzerTest
20:57:43.925 [main] DEBUG io.github.yasmramos.forge.core.ForgeEngine -- üß™ Running test: DependencyResolverTest
20:57:43.926 [main] DEBUG io.github.yasmramos.forge.core.ForgeEngine -- üß™ Skipping test (no main method): DependencyResolverTest
20:57:43.926 [main] DEBUG io.github.yasmramos.forge.core.ForgeEngine -- üß™ Running test: ForgeEngineTest
20:57:43.926 [main] DEBUG io.github.yasmramos.forge.core.ForgeEngine -- üß™ Skipping test (no main method): ForgeEngineTest
20:57:43.926 [main] DEBUG io.github.yasmramos.forge.core.ForgeEngine -- üß™ Running test: ForgeBuildSystemIntegrationTest
20:57:43.927 [main] DEBUG io.github.yasmramos.forge.core.ForgeEngine -- üß™ Skipping test (no main method): ForgeBuildSystemIntegrationTest
20:57:43.927 [main] DEBUG io.github.yasmramos.forge.core.ForgeEngine -- üß™ Running test: ForgePerformanceTest
20:57:43.927 [main] DEBUG io.github.yasmramos.forge.core.ForgeEngine -- üß™ Skipping test (no main method): ForgePerformanceTest
20:57:43.927 [main] DEBUG io.github.yasmramos.forge.core.ForgeEngine -- üß™ Running test: ForgeDemoProjectValidationTest
20:57:43.928 [main] DEBUG io.github.yasmramos.forge.core.ForgeEngine -- üß™ Skipping test (no main method): ForgeDemoProjectValidationTest
20:57:43.928 [main] DEBUG io.github.yasmramos.forge.core.ForgeEngine -- üß™ Running test: ForgeCacheTest
20:57:43.929 [main] DEBUG io.github.yasmramos.forge.core.ForgeEngine -- üß™ Skipping test (no main method): ForgeCacheTest
20:57:43.929 [main] DEBUG io.github.yasmramos.forge.core.ForgeEngine -- üß™ Running test: BuildAnalyzerTest
20:57:43.929 [main] DEBUG io.github.yasmramos.forge.core.ForgeEngine -- üß™ Skipping test (no main method): BuildAnalyzerTest
20:57:43.929 [main] DEBUG io.github.yasmramos.forge.core.ForgeEngine -- üß™ Running test: DependencyResolverTest
20:57:43.930 [main] DEBUG io.github.yasmramos.forge.core.ForgeEngine -- üß™ Skipping test (no main method): DependencyResolverTest
20:57:43.930 [main] DEBUG io.github.yasmramos.forge.core.ForgeEngine -- üß™ Running test: ForgeEngineTest
20:57:43.930 [main] DEBUG io.github.yasmramos.forge.core.ForgeEngine -- üß™ Skipping test (no main method): ForgeEngineTest
20:57:43.930 [main] DEBUG io.github.yasmramos.forge.core.ForgeEngine -- üß™ Running test: ForgeBuildSystemIntegrationTest
20:57:43.931 [main] DEBUG io.github.yasmramos.forge.core.ForgeEngine -- üß™ Skipping test (no main method): ForgeBuildSystemIntegrationTest
20:57:43.931 [main] DEBUG io.github.yasmramos.forge.core.ForgeEngine -- üß™ Running test: ForgePerformanceTest
20:57:43.931 [main] DEBUG io.github.yasmramos.forge.core.ForgeEngine -- üß™ Skipping test (no main method): ForgePerformanceTest
20:57:43.931 [main] DEBUG io.github.yasmramos.forge.core.ForgeEngine -- üß™ Running test: ForgeDemoProjectValidationTest
20:57:43.931 [main] DEBUG io.github.yasmramos.forge.core.ForgeEngine -- üß™ Skipping test (no main method): ForgeDemoProjectValidationTest
20:57:43.932 [main] INFO io.github.yasmramos.forge.core.ForgeEngine -- üß™ Test execution complete: 14/14 passed
[INFO] Tests run: 1, Failures: 0, Errors: 0, Skipped: 0, Time elapsed: 0.106 s - in io.github.yasmramos.forge.performance.ForgePerformanceTest
[INFO] Running io.github.yasmramos.forge.validation.ForgeDemoProjectValidationTest
20:57:43.935 [main] INFO io.github.yasmramos.forge.core.ForgeEngine -- üî® Starting Forge build for project: validation-test
20:57:43.935 [main] INFO io.github.yasmramos.forge.core.ForgeEngine -- üìä Analyzing project structure...
20:57:43.935 [main] INFO io.github.yasmramos.forge.core.BuildAnalyzer -- üìä Analyzing project structure...
20:57:43.941 [main] DEBUG io.github.yasmramos.forge.core.BuildAnalyzer -- üìÅ Found 15 source files in: src/main/java
20:57:43.948 [main] DEBUG io.github.yasmramos.forge.core.BuildAnalyzer -- üìÅ Found 7 source files in: src/test/java
20:57:43.948 [main] DEBUG io.github.yasmramos.forge.core.BuildAnalyzer -- üì¶ Analyzing package structure...
20:57:43.964 [main] DEBUG io.github.yasmramos.forge.core.BuildAnalyzer -- üì¶ Package structure analysis complete: 9 packages found
20:57:43.964 [main] DEBUG io.github.yasmramos.forge.core.BuildAnalyzer -- üîó Analyzing source file dependencies...
20:57:43.965 [main] DEBUG io.github.yasmramos.forge.core.BuildAnalyzer -- üìã File Forge.java imports: 10 dependencies
20:57:43.965 [main] DEBUG io.github.yasmramos.forge.core.BuildAnalyzer -- üìã File ForgeCache.java imports: 10 dependencies
20:57:43.966 [main] DEBUG io.github.yasmramos.forge.core.BuildAnalyzer -- üìã File ForgeCLI.java imports: 4 dependencies
20:57:43.966 [main] DEBUG io.github.yasmramos.forge.core.BuildAnalyzer -- üìã File BuildAnalyzer.java imports: 17 dependencies
20:57:43.967 [main] DEBUG io.github.yasmramos.forge.core.BuildAnalyzer -- üìã File Compiler.java imports: 17 dependencies
20:57:43.967 [main] DEBUG io.github.yasmramos.forge.core.BuildAnalyzer -- üìã File DependencyResolver.java imports: 17 dependencies
20:57:43.968 [main] DEBUG io.github.yasmramos.forge.core.BuildAnalyzer -- üìã File ForgeEngine.java imports: 19 dependencies
20:57:43.969 [main] DEBUG io.github.yasmramos.forge.core.BuildAnalyzer -- üìã File DependencyInfo.java imports: 3 dependencies
20:57:43.969 [main] DEBUG io.github.yasmramos.forge.core.BuildAnalyzer -- üìã File DependencyResolution.java imports: 4 dependencies
20:57:43.970 [main] DEBUG io.github.yasmramos.forge.core.BuildAnalyzer -- üìã File ProjectAnalysis.java imports: 5 dependencies
20:57:43.976 [main] DEBUG io.github.yasmramos.forge.core.BuildAnalyzer -- üìã File ProjectConfig.java imports: 3 dependencies
20:57:43.976 [main] DEBUG io.github.yasmramos.forge.core.BuildAnalyzer -- üìã File ConfigReader.java imports: 9 dependencies
20:57:43.977 [main] DEBUG io.github.yasmramos.forge.core.BuildAnalyzer -- üìã File ForgeCacheTest.java imports: 5 dependencies
20:57:43.979 [main] DEBUG io.github.yasmramos.forge.core.BuildAnalyzer -- üìã File BuildAnalyzerTest.java imports: 10 dependencies
20:57:43.979 [main] DEBUG io.github.yasmramos.forge.core.BuildAnalyzer -- üìã File DependencyResolverTest.java imports: 7 dependencies
20:57:43.980 [main] DEBUG io.github.yasmramos.forge.core.BuildAnalyzer -- üìã File ForgeEngineTest.java imports: 6 dependencies
20:57:43.980 [main] DEBUG io.github.yasmramos.forge.core.BuildAnalyzer -- üìã File ForgeBuildSystemIntegrationTest.java imports: 6 dependencies
20:57:43.981 [main] DEBUG io.github.yasmramos.forge.core.BuildAnalyzer -- üìã File ForgePerformanceTest.java imports: 6 dependencies
20:57:43.981 [main] DEBUG io.github.yasmramos.forge.core.BuildAnalyzer -- üìã File ForgeDemoProjectValidationTest.java imports: 5 dependencies
20:57:43.981 [main] DEBUG io.github.yasmramos.forge.core.BuildAnalyzer -- üîó Dependency analysis complete: 22 files analyzed
20:57:43.981 [main] DEBUG io.github.yasmramos.forge.core.BuildAnalyzer -- üß™ Analyzing test files...
20:57:43.981 [main] DEBUG io.github.yasmramos.forge.core.BuildAnalyzer -- üß™ Found test file: src/test/java/io/github/yasmramos/forge/cache/ForgeCacheTest.java
20:57:43.981 [main] DEBUG io.github.yasmramos.forge.core.BuildAnalyzer -- üß™ Found test file: src/test/java/io/github/yasmramos/forge/core/BuildAnalyzerTest.java
20:57:43.981 [main] DEBUG io.github.yasmramos.forge.core.BuildAnalyzer -- üß™ Found test file: src/test/java/io/github/yasmramos/forge/core/DependencyResolverTest.java
20:57:43.981 [main] DEBUG io.github.yasmramos.forge.core.BuildAnalyzer -- üß™ Found test file: src/test/java/io/github/yasmramos/forge/core/ForgeEngineTest.java
20:57:43.981 [main] DEBUG io.github.yasmramos.forge.core.BuildAnalyzer -- üß™ Found test file: src/test/java/io/github/yasmramos/forge/integration/ForgeBuildSystemIntegrationTest.java
20:57:43.981 [main] DEBUG io.github.yasmramos.forge.core.BuildAnalyzer -- üß™ Found test file: src/test/java/io/github/yasmramos/forge/performance/ForgePerformanceTest.java
20:57:43.981 [main] DEBUG io.github.yasmramos.forge.core.BuildAnalyzer -- üß™ Found test file: src/test/java/io/github/yasmramos/forge/validation/ForgeDemoProjectValidationTest.java
20:57:43.981 [main] DEBUG io.github.yasmramos.forge.core.BuildAnalyzer -- üß™ Test analysis complete: 7 test files found
20:57:43.992 [main] DEBUG io.github.yasmramos.forge.core.BuildAnalyzer -- üìä Calculating complexity score for 22 files...
20:57:44.018 [main] DEBUG io.github.yasmramos.forge.core.BuildAnalyzer -- üìä Complexity calculation complete: 856.5
20:57:44.019 [main] INFO io.github.yasmramos.forge.core.ForgeEngine -- üîó Resolving dependencies...
20:57:44.019 [main] WARN io.github.yasmramos.forge.core.DependencyResolver -- ‚ö†Ô∏è Dependencies map is null, returning empty resolution
20:57:44.019 [main] INFO io.github.yasmramos.forge.core.ForgeEngine -- ‚ö° Compiling sources...
20:57:44.019 [pool-14-thread-2] DEBUG io.github.yasmramos.forge.core.Compiler -- üî® Compiling: src/main/java/io/github/yasmramos/forge/cache/ForgeCache.java
20:57:44.019 [pool-14-thread-1] DEBUG io.github.yasmramos.forge.core.Compiler -- üî® Compiling: src/main/java/io/github/yasmramos/forge/Forge.java
20:57:44.020 [pool-14-thread-1] ERROR io.github.yasmramos.forge.core.Compiler -- ‚ùå Compilation failed for: src/main/java/io/github/yasmramos/forge/Forge.java
20:57:44.020 [pool-14-thread-2] ERROR io.github.yasmramos.forge.core.Compiler -- ‚ùå Compilation failed for: src/main/java/io/github/yasmramos/forge/cache/ForgeCache.java
20:57:44.020 [pool-14-thread-2] ERROR io.github.yasmramos.forge.core.Compiler -- Error: [B@1f1f23e6
20:57:44.020 [pool-14-thread-1] ERROR io.github.yasmramos.forge.core.Compiler -- Error: [B@4da6cead
20:57:44.020 [pool-14-thread-2] DEBUG io.github.yasmramos.forge.core.Compiler -- üî® Compiling: src/main/java/io/github/yasmramos/forge/cli/ForgeCLI.java
20:57:44.020 [pool-14-thread-1] DEBUG io.github.yasmramos.forge.core.Compiler -- üî® Compiling: src/main/java/io/github/yasmramos/forge/core/BuildAnalyzer.java
20:57:44.021 [pool-14-thread-2] ERROR io.github.yasmramos.forge.core.Compiler -- ‚ùå Compilation failed for: src/main/java/io/github/yasmramos/forge/cli/ForgeCLI.java
20:57:44.021 [pool-14-thread-2] ERROR io.github.yasmramos.forge.core.Compiler -- Error: [B@11d8de75
20:57:44.021 [pool-14-thread-1] ERROR io.github.yasmramos.forge.core.Compiler -- ‚ùå Compilation failed for: src/main/java/io/github/yasmramos/forge/core/BuildAnalyzer.java
20:57:44.021 [pool-14-thread-1] ERROR io.github.yasmramos.forge.core.Compiler -- Error: [B@43612969
20:57:44.021 [pool-14-thread-2] DEBUG io.github.yasmramos.forge.core.Compiler -- üî® Compiling: src/main/java/io/github/yasmramos/forge/core/Compiler.java
20:57:44.021 [pool-14-thread-1] DEBUG io.github.yasmramos.forge.core.Compiler -- üî® Compiling: src/main/java/io/github/yasmramos/forge/core/DependencyResolver.java
20:57:44.023 [pool-14-thread-2] ERROR io.github.yasmramos.forge.core.Compiler -- ‚ùå Compilation failed for: src/main/java/io/github/yasmramos/forge/core/Compiler.java
20:57:44.023 [pool-14-thread-2] ERROR io.github.yasmramos.forge.core.Compiler -- Error: [B@15e74896
20:57:44.023 [pool-14-thread-1] ERROR io.github.yasmramos.forge.core.Compiler -- ‚ùå Compilation failed for: src/main/java/io/github/yasmramos/forge/core/DependencyResolver.java
20:57:44.023 [pool-14-thread-1] ERROR io.github.yasmramos.forge.core.Compiler -- Error: [B@475ea5dd
20:57:44.023 [pool-14-thread-2] DEBUG io.github.yasmramos.forge.core.Compiler -- üî® Compiling: src/main/java/io/github/yasmramos/forge/core/ForgeEngine.java
20:57:44.023 [pool-14-thread-1] DEBUG io.github.yasmramos.forge.core.Compiler -- üî® Compiling: src/main/java/io/github/yasmramos/forge/model/CompilationResult.java
20:57:44.024 [pool-14-thread-2] ERROR io.github.yasmramos.forge.core.Compiler -- ‚ùå Compilation failed for: src/main/java/io/github/yasmramos/forge/core/ForgeEngine.java
20:57:44.024 [pool-14-thread-2] ERROR io.github.yasmramos.forge.core.Compiler -- Error: [B@50e5d44e
20:57:44.024 [pool-14-thread-1] ERROR io.github.yasmramos.forge.core.Compiler -- ‚ùå Compilation failed for: src/main/java/io/github/yasmramos/forge/model/CompilationResult.java
20:57:44.024 [pool-14-thread-1] ERROR io.github.yasmramos.forge.core.Compiler -- Error: [B@25c2352
20:57:44.024 [pool-14-thread-2] DEBUG io.github.yasmramos.forge.core.Compiler -- üî® Compiling: src/main/java/io/github/yasmramos/forge/model/DependencyInfo.java
20:57:44.024 [pool-14-thread-1] DEBUG io.github.yasmramos.forge.core.Compiler -- üî® Compiling: src/main/java/io/github/yasmramos/forge/model/DependencyResolution.java
20:57:44.025 [pool-14-thread-1] ERROR io.github.yasmramos.forge.core.Compiler -- ‚ùå Compilation failed for: src/main/java/io/github/yasmramos/forge/model/DependencyResolution.java
20:57:44.025 [pool-14-thread-1] ERROR io.github.yasmramos.forge.core.Compiler -- Error: [B@79745612
20:57:44.025 [pool-14-thread-1] DEBUG io.github.yasmramos.forge.core.Compiler -- üî® Compiling: src/main/java/io/github/yasmramos/forge/model/DependencyType.java
20:57:44.025 [pool-14-thread-2] ERROR io.github.yasmramos.forge.core.Compiler -- ‚ùå Compilation failed for: src/main/java/io/github/yasmramos/forge/model/DependencyInfo.java
20:57:44.025 [pool-14-thread-2] ERROR io.github.yasmramos.forge.core.Compiler -- Error: [B@3603dda7
20:57:44.025 [pool-14-thread-2] DEBUG io.github.yasmramos.forge.core.Compiler -- üî® Compiling: src/main/java/io/github/yasmramos/forge/model/PackageResult.java
20:57:44.025 [pool-14-thread-1] ERROR io.github.yasmramos.forge.core.Compiler -- ‚ùå Compilation failed for: src/main/java/io/github/yasmramos/forge/model/DependencyType.java
20:57:44.025 [pool-14-thread-1] ERROR io.github.yasmramos.forge.core.Compiler -- Error: [B@33140234
20:57:44.026 [pool-14-thread-1] DEBUG io.github.yasmramos.forge.core.Compiler -- üî® Compiling: src/main/java/io/github/yasmramos/forge/model/ProjectAnalysis.java
20:57:44.026 [pool-14-thread-2] ERROR io.github.yasmramos.forge.core.Compiler -- ‚ùå Compilation failed for: src/main/java/io/github/yasmramos/forge/model/PackageResult.java
20:57:44.026 [pool-14-thread-2] ERROR io.github.yasmramos.forge.core.Compiler -- Error: [B@617f8664
20:57:44.026 [pool-14-thread-2] DEBUG io.github.yasmramos.forge.core.Compiler -- üî® Compiling: src/main/java/io/github/yasmramos/forge/model/ProjectConfig.java
20:57:44.026 [pool-14-thread-1] ERROR io.github.yasmramos.forge.core.Compiler -- ‚ùå Compilation failed for: src/main/java/io/github/yasmramos/forge/model/ProjectAnalysis.java
20:57:44.026 [pool-14-thread-1] ERROR io.github.yasmramos.forge.core.Compiler -- Error: [B@1d629c6
20:57:44.027 [pool-14-thread-1] DEBUG io.github.yasmramos.forge.core.Compiler -- üî® Compiling: src/main/java/io/github/yasmramos/forge/utils/ConfigReader.java
20:57:44.027 [pool-14-thread-2] ERROR io.github.yasmramos.forge.core.Compiler -- ‚ùå Compilation failed for: src/main/java/io/github/yasmramos/forge/model/ProjectConfig.java
20:57:44.027 [pool-14-thread-2] ERROR io.github.yasmramos.forge.core.Compiler -- Error: [B@4e73d125
20:57:44.027 [pool-14-thread-2] DEBUG io.github.yasmramos.forge.core.Compiler -- üî® Compiling: src/test/java/io/github/yasmramos/forge/cache/ForgeCacheTest.java
20:57:44.028 [pool-14-thread-2] ERROR io.github.yasmramos.forge.core.Compiler -- ‚ùå Compilation failed for: src/test/java/io/github/yasmramos/forge/cache/ForgeCacheTest.java
20:57:44.028 [pool-14-thread-2] ERROR io.github.yasmramos.forge.core.Compiler -- Error: [B@30ca2b01
20:57:44.028 [pool-14-thread-2] DEBUG io.github.yasmramos.forge.core.Compiler -- üî® Compiling: src/test/java/io/github/yasmramos/forge/core/BuildAnalyzerTest.java
20:57:44.028 [pool-14-thread-1] ERROR io.github.yasmramos.forge.core.Compiler -- ‚ùå Compilation failed for: src/main/java/io/github/yasmramos/forge/utils/ConfigReader.java
20:57:44.028 [pool-14-thread-1] ERROR io.github.yasmramos.forge.core.Compiler -- Error: [B@6273dc1d
20:57:44.028 [pool-14-thread-1] DEBUG io.github.yasmramos.forge.core.Compiler -- üî® Compiling: src/test/java/io/github/yasmramos/forge/core/DependencyResolverTest.java
20:57:44.029 [pool-14-thread-2] ERROR io.github.yasmramos.forge.core.Compiler -- ‚ùå Compilation failed for: src/test/java/io/github/yasmramos/forge/core/BuildAnalyzerTest.java
20:57:44.029 [pool-14-thread-2] ERROR io.github.yasmramos.forge.core.Compiler -- Error: [B@180c265a
20:57:44.029 [pool-14-thread-1] ERROR io.github.yasmramos.forge.core.Compiler -- ‚ùå Compilation failed for: src/test/java/io/github/yasmramos/forge/core/DependencyResolverTest.java
20:57:44.029 [pool-14-thread-1] ERROR io.github.yasmramos.forge.core.Compiler -- Error: [B@39ecc287
20:57:44.029 [pool-14-thread-2] DEBUG io.github.yasmramos.forge.core.Compiler -- üî® Compiling: src/test/java/io/github/yasmramos/forge/core/ForgeEngineTest.java
20:57:44.029 [pool-14-thread-1] DEBUG io.github.yasmramos.forge.core.Compiler -- üî® Compiling: src/test/java/io/github/yasmramos/forge/integration/ForgeBuildSystemIntegrationTest.java
20:57:44.030 [pool-14-thread-2] ERROR io.github.yasmramos.forge.core.Compiler -- ‚ùå Compilation failed for: src/test/java/io/github/yasmramos/forge/core/ForgeEngineTest.java
20:57:44.030 [pool-14-thread-2] ERROR io.github.yasmramos.forge.core.Compiler -- Error: [B@5ddcf99
20:57:44.030 [pool-14-thread-1] ERROR io.github.yasmramos.forge.core.Compiler -- ‚ùå Compilation failed for: src/test/java/io/github/yasmramos/forge/integration/ForgeBuildSystemIntegrationTest.java
20:57:44.030 [pool-14-thread-1] ERROR io.github.yasmramos.forge.core.Compiler -- Error: [B@2afa722c
20:57:44.030 [pool-14-thread-2] DEBUG io.github.yasmramos.forge.core.Compiler -- üî® Compiling: src/test/java/io/github/yasmramos/forge/performance/ForgePerformanceTest.java
20:57:44.030 [pool-14-thread-1] DEBUG io.github.yasmramos.forge.core.Compiler -- üî® Compiling: src/test/java/io/github/yasmramos/forge/validation/ForgeDemoProjectValidationTest.java
20:57:44.031 [pool-14-thread-2] ERROR io.github.yasmramos.forge.core.Compiler -- ‚ùå Compilation failed for: src/test/java/io/github/yasmramos/forge/performance/ForgePerformanceTest.java
20:57:44.031 [pool-14-thread-2] ERROR io.github.yasmramos.forge.core.Compiler -- Error: [B@5577dcfe
20:57:44.031 [pool-14-thread-1] ERROR io.github.yasmramos.forge.core.Compiler -- ‚ùå Compilation failed for: src/test/java/io/github/yasmramos/forge/validation/ForgeDemoProjectValidationTest.java
20:57:44.031 [pool-14-thread-1] ERROR io.github.yasmramos.forge.core.Compiler -- Error: [B@1ad2e6ac
20:57:44.031 [main] INFO io.github.yasmramos.forge.core.ForgeEngine -- üì¶ Packaging artifacts...
20:57:44.031 [main] INFO io.github.yasmramos.forge.core.ForgeEngine -- üì¶ Packaging compiled artifacts...
20:57:44.033 [main] ERROR io.github.yasmramos.forge.core.ForgeEngine -- ‚ùå Error creating main JAR
java.io.IOException: Cannot run program "jar": error=13, Permission denied
	at java.base/java.lang.ProcessBuilder.start(ProcessBuilder.java:1143)
	at java.base/java.lang.ProcessBuilder.start(ProcessBuilder.java:1073)
	at io.github.yasmramos.forge.core.ForgeEngine.packageMainJar(ForgeEngine.java:245)
	at io.github.yasmramos.forge.core.ForgeEngine.packageArtifacts(ForgeEngine.java:212)
	at io.github.yasmramos.forge.core.ForgeEngine.build(ForgeEngine.java:71)
	at io.github.yasmramos.forge.validation.ForgeDemoProjectValidationTest.testBasicValidation(ForgeDemoProjectValidationTest.java:25)
	at java.base/jdk.internal.reflect.NativeMethodAccessorImpl.invoke0(Native Method)
	at java.base/jdk.internal.reflect.NativeMethodAccessorImpl.invoke(NativeMethodAccessorImpl.java:77)
	at java.base/jdk.internal.reflect.DelegatingMethodAccessorImpl.invoke(DelegatingMethodAccessorImpl.java:43)
	at java.base/java.lang.reflect.Method.invoke(Method.java:569)
	at org.junit.platform.commons.util.ReflectionUtils.invokeMethod(ReflectionUtils.java:727)
	at org.junit.jupiter.engine.execution.MethodInvocation.proceed(MethodInvocation.java:60)
	at org.junit.jupiter.engine.execution.InvocationInterceptorChain$ValidatingInvocation.proceed(InvocationInterceptorChain.java:131)
	at org.junit.jupiter.engine.extension.TimeoutExtension.intercept(TimeoutExtension.java:156)
	at org.junit.jupiter.engine.extension.TimeoutExtension.interceptTestableMethod(TimeoutExtension.java:147)
	at org.junit.jupiter.engine.extension.TimeoutExtension.interceptTestMethod(TimeoutExtension.java:86)
	at org.junit.jupiter.engine.execution.InterceptingExecutableInvoker$ReflectiveInterceptorCall.lambda$ofVoidMethod$0(InterceptingExecutableInvoker.java:103)
	at org.junit.jupiter.engine.execution.InterceptingExecutableInvoker.lambda$invoke$0(InterceptingExecutableInvoker.java:93)
	at org.junit.jupiter.engine.execution.InvocationInterceptorChain$InterceptedInvocation.proceed(InvocationInterceptorChain.java:106)
	at org.junit.jupiter.engine.execution.InvocationInterceptorChain.proceed(InvocationInterceptorChain.java:64)
	at org.junit.jupiter.engine.execution.InvocationInterceptorChain.chainAndInvoke(InvocationInterceptorChain.java:45)
	at org.junit.jupiter.engine.execution.InvocationInterceptorChain.invoke(InvocationInterceptorChain.java:37)
	at org.junit.jupiter.engine.execution.InterceptingExecutableInvoker.invoke(InterceptingExecutableInvoker.java:92)
	at org.junit.jupiter.engine.execution.InterceptingExecutableInvoker.invoke(InterceptingExecutableInvoker.java:86)
	at org.junit.jupiter.engine.descriptor.TestMethodTestDescriptor.lambda$invokeTestMethod$7(TestMethodTestDescriptor.java:217)
	at org.junit.platform.engine.support.hierarchical.ThrowableCollector.execute(ThrowableCollector.java:73)
	at org.junit.jupiter.engine.descriptor.TestMethodTestDescriptor.invokeTestMethod(TestMethodTestDescriptor.java:213)
	at org.junit.jupiter.engine.descriptor.TestMethodTestDescriptor.execute(TestMethodTestDescriptor.java:138)
	at org.junit.jupiter.engine.descriptor.TestMethodTestDescriptor.execute(TestMethodTestDescriptor.java:68)
	at org.junit.platform.engine.support.hierarchical.NodeTestTask.lambda$executeRecursively$6(NodeTestTask.java:151)
	at org.junit.platform.engine.support.hierarchical.ThrowableCollector.execute(ThrowableCollector.java:73)
	at org.junit.platform.engine.support.hierarchical.NodeTestTask.lambda$executeRecursively$8(NodeTestTask.java:141)
	at org.junit.platform.engine.support.hierarchical.Node.around(Node.java:137)
	at org.junit.platform.engine.support.hierarchical.NodeTestTask.lambda$executeRecursively$9(NodeTestTask.java:139)
	at org.junit.platform.engine.support.hierarchical.ThrowableCollector.execute(ThrowableCollector.java:73)
	at org.junit.platform.engine.support.hierarchical.NodeTestTask.executeRecursively(NodeTestTask.java:138)
	at org.junit.platform.engine.support.hierarchical.NodeTestTask.execute(NodeTestTask.java:95)
	at java.base/java.util.ArrayList.forEach(ArrayList.java:1511)
	at org.junit.platform.engine.support.hierarchical.SameThreadHierarchicalTestExecutorService.invokeAll(SameThreadHierarchicalTestExecutorService.java:41)
	at org.junit.platform.engine.support.hierarchical.NodeTestTask.lambda$executeRecursively$6(NodeTestTask.java:155)
	at org.junit.platform.engine.support.hierarchical.ThrowableCollector.execute(ThrowableCollector.java:73)
	at org.junit.platform.engine.support.hierarchical.NodeTestTask.lambda$executeRecursively$8(NodeTestTask.java:141)
	at org.junit.platform.engine.support.hierarchical.Node.around(Node.java:137)
	at org.junit.platform.engine.support.hierarchical.NodeTestTask.lambda$executeRecursively$9(NodeTestTask.java:139)
	at org.junit.platform.engine.support.hierarchical.ThrowableCollector.execute(ThrowableCollector.java:73)
	at org.junit.platform.engine.support.hierarchical.NodeTestTask.executeRecursively(NodeTestTask.java:138)
	at org.junit.platform.engine.support.hierarchical.NodeTestTask.execute(NodeTestTask.java:95)
	at java.base/java.util.ArrayList.forEach(ArrayList.java:1511)
	at org.junit.platform.engine.support.hierarchical.SameThreadHierarchicalTestExecutorService.invokeAll(SameThreadHierarchicalTestExecutorService.java:41)
	at org.junit.platform.engine.support.hierarchical.NodeTestTask.lambda$executeRecursively$6(NodeTestTask.java:155)
	at org.junit.platform.engine.support.hierarchical.ThrowableCollector.execute(ThrowableCollector.java:73)
	at org.junit.platform.engine.support.hierarchical.NodeTestTask.lambda$executeRecursively$8(NodeTestTask.java:141)
	at org.junit.platform.engine.support.hierarchical.Node.around(Node.java:137)
	at org.junit.platform.engine.support.hierarchical.NodeTestTask.lambda$executeRecursively$9(NodeTestTask.java:139)
	at org.junit.platform.engine.support.hierarchical.ThrowableCollector.execute(ThrowableCollector.java:73)
	at org.junit.platform.engine.support.hierarchical.NodeTestTask.executeRecursively(NodeTestTask.java:138)
	at org.junit.platform.engine.support.hierarchical.NodeTestTask.execute(NodeTestTask.java:95)
	at org.junit.platform.engine.support.hierarchical.SameThreadHierarchicalTestExecutorService.submit(SameThreadHierarchicalTestExecutorService.java:35)
	at org.junit.platform.engine.support.hierarchical.HierarchicalTestExecutor.execute(HierarchicalTestExecutor.java:57)
	at org.junit.platform.engine.support.hierarchical.HierarchicalTestEngine.execute(HierarchicalTestEngine.java:54)
	at org.junit.platform.launcher.core.EngineExecutionOrchestrator.execute(EngineExecutionOrchestrator.java:147)
	at org.junit.platform.launcher.core.EngineExecutionOrchestrator.execute(EngineExecutionOrchestrator.java:127)
	at org.junit.platform.launcher.core.EngineExecutionOrchestrator.execute(EngineExecutionOrchestrator.java:90)
	at org.junit.platform.launcher.core.EngineExecutionOrchestrator.lambda$execute$0(EngineExecutionOrchestrator.java:55)
	at org.junit.platform.launcher.core.EngineExecutionOrchestrator.withInterceptedStreams(EngineExecutionOrchestrator.java:102)
	at org.junit.platform.launcher.core.EngineExecutionOrchestrator.execute(EngineExecutionOrchestrator.java:54)
	at org.junit.platform.launcher.core.DefaultLauncher.execute(DefaultLauncher.java:114)
	at org.junit.platform.launcher.core.DefaultLauncher.execute(DefaultLauncher.java:86)
	at org.junit.platform.launcher.core.DefaultLauncherSession$DelegatingLauncher.execute(DefaultLauncherSession.java:86)
	at org.apache.maven.surefire.junitplatform.LazyLauncher.execute(LazyLauncher.java:50)
	at org.apache.maven.surefire.junitplatform.JUnitPlatformProvider.execute(JUnitPlatformProvider.java:184)
	at org.apache.maven.surefire.junitplatform.JUnitPlatformProvider.invokeAllTests(JUnitPlatformProvider.java:148)
	at org.apache.maven.surefire.junitplatform.JUnitPlatformProvider.invoke(JUnitPlatformProvider.java:122)
	at org.apache.maven.surefire.booter.ForkedBooter.runSuitesInProcess(ForkedBooter.java:385)
	at org.apache.maven.surefire.booter.ForkedBooter.execute(ForkedBooter.java:162)
	at org.apache.maven.surefire.booter.ForkedBooter.run(ForkedBooter.java:507)
	at org.apache.maven.surefire.booter.ForkedBooter.main(ForkedBooter.java:495)
Caused by: java.io.IOException: error=13, Permission denied
	at java.base/java.lang.ProcessImpl.forkAndExec(Native Method)
	at java.base/java.lang.ProcessImpl.<init>(ProcessImpl.java:314)
	at java.base/java.lang.ProcessImpl.start(ProcessImpl.java:244)
	at java.base/java.lang.ProcessBuilder.start(ProcessBuilder.java:1110)
	... 76 common frames omitted
20:57:44.034 [main] ERROR io.github.yasmramos.forge.core.ForgeEngine -- ‚ùå Error creating sources JAR
java.io.IOException: Cannot run program "jar": error=13, Permission denied
	at java.base/java.lang.ProcessBuilder.start(ProcessBuilder.java:1143)
	at java.base/java.lang.ProcessBuilder.start(ProcessBuilder.java:1073)
	at io.github.yasmramos.forge.core.ForgeEngine.createSourcesJar(ForgeEngine.java:293)
	at io.github.yasmramos.forge.core.ForgeEngine.packageAdditionalArtifacts(ForgeEngine.java:270)
	at io.github.yasmramos.forge.core.ForgeEngine.packageArtifacts(ForgeEngine.java:219)
	at io.github.yasmramos.forge.core.ForgeEngine.build(ForgeEngine.java:71)
	at io.github.yasmramos.forge.validation.ForgeDemoProjectValidationTest.testBasicValidation(ForgeDemoProjectValidationTest.java:25)
	at java.base/jdk.internal.reflect.NativeMethodAccessorImpl.invoke0(Native Method)
	at java.base/jdk.internal.reflect.NativeMethodAccessorImpl.invoke(NativeMethodAccessorImpl.java:77)
	at java.base/jdk.internal.reflect.DelegatingMethodAccessorImpl.invoke(DelegatingMethodAccessorImpl.java:43)
	at java.base/java.lang.reflect.Method.invoke(Method.java:569)
	at org.junit.platform.commons.util.ReflectionUtils.invokeMethod(ReflectionUtils.java:727)
	at org.junit.jupiter.engine.execution.MethodInvocation.proceed(MethodInvocation.java:60)
	at org.junit.jupiter.engine.execution.InvocationInterceptorChain$ValidatingInvocation.proceed(InvocationInterceptorChain.java:131)
	at org.junit.jupiter.engine.extension.TimeoutExtension.intercept(TimeoutExtension.java:156)
	at org.junit.jupiter.engine.extension.TimeoutExtension.interceptTestableMethod(TimeoutExtension.java:147)
	at org.junit.jupiter.engine.extension.TimeoutExtension.interceptTestMethod(TimeoutExtension.java:86)
	at org.junit.jupiter.engine.execution.InterceptingExecutableInvoker$ReflectiveInterceptorCall.lambda$ofVoidMethod$0(InterceptingExecutableInvoker.java:103)
	at org.junit.jupiter.engine.execution.InterceptingExecutableInvoker.lambda$invoke$0(InterceptingExecutableInvoker.java:93)
	at org.junit.jupiter.engine.execution.InvocationInterceptorChain$InterceptedInvocation.proceed(InvocationInterceptorChain.java:106)
	at org.junit.jupiter.engine.execution.InvocationInterceptorChain.proceed(InvocationInterceptorChain.java:64)
	at org.junit.jupiter.engine.execution.InvocationInterceptorChain.chainAndInvoke(InvocationInterceptorChain.java:45)
	at org.junit.jupiter.engine.execution.InvocationInterceptorChain.invoke(InvocationInterceptorChain.java:37)
	at org.junit.jupiter.engine.execution.InterceptingExecutableInvoker.invoke(InterceptingExecutableInvoker.java:92)
	at org.junit.jupiter.engine.execution.InterceptingExecutableInvoker.invoke(InterceptingExecutableInvoker.java:86)
	at org.junit.jupiter.engine.descriptor.TestMethodTestDescriptor.lambda$invokeTestMethod$7(TestMethodTestDescriptor.java:217)
	at org.junit.platform.engine.support.hierarchical.ThrowableCollector.execute(ThrowableCollector.java:73)
	at org.junit.jupiter.engine.descriptor.TestMethodTestDescriptor.invokeTestMethod(TestMethodTestDescriptor.java:213)
	at org.junit.jupiter.engine.descriptor.TestMethodTestDescriptor.execute(TestMethodTestDescriptor.java:138)
	at org.junit.jupiter.engine.descriptor.TestMethodTestDescriptor.execute(TestMethodTestDescriptor.java:68)
	at org.junit.platform.engine.support.hierarchical.NodeTestTask.lambda$executeRecursively$6(NodeTestTask.java:151)
	at org.junit.platform.engine.support.hierarchical.ThrowableCollector.execute(ThrowableCollector.java:73)
	at org.junit.platform.engine.support.hierarchical.NodeTestTask.lambda$executeRecursively$8(NodeTestTask.java:141)
	at org.junit.platform.engine.support.hierarchical.Node.around(Node.java:137)
	at org.junit.platform.engine.support.hierarchical.NodeTestTask.lambda$executeRecursively$9(NodeTestTask.java:139)
	at org.junit.platform.engine.support.hierarchical.ThrowableCollector.execute(ThrowableCollector.java:73)
	at org.junit.platform.engine.support.hierarchical.NodeTestTask.executeRecursively(NodeTestTask.java:138)
	at org.junit.platform.engine.support.hierarchical.NodeTestTask.execute(NodeTestTask.java:95)
	at java.base/java.util.ArrayList.forEach(ArrayList.java:1511)
	at org.junit.platform.engine.support.hierarchical.SameThreadHierarchicalTestExecutorService.invokeAll(SameThreadHierarchicalTestExecutorService.java:41)
	at org.junit.platform.engine.support.hierarchical.NodeTestTask.lambda$executeRecursively$6(NodeTestTask.java:155)
	at org.junit.platform.engine.support.hierarchical.ThrowableCollector.execute(ThrowableCollector.java:73)
	at org.junit.platform.engine.support.hierarchical.NodeTestTask.lambda$executeRecursively$8(NodeTestTask.java:141)
	at org.junit.platform.engine.support.hierarchical.Node.around(Node.java:137)
	at org.junit.platform.engine.support.hierarchical.NodeTestTask.lambda$executeRecursively$9(NodeTestTask.java:139)
	at org.junit.platform.engine.support.hierarchical.ThrowableCollector.execute(ThrowableCollector.java:73)
	at org.junit.platform.engine.support.hierarchical.NodeTestTask.executeRecursively(NodeTestTask.java:138)
	at org.junit.platform.engine.support.hierarchical.NodeTestTask.execute(NodeTestTask.java:95)
	at java.base/java.util.ArrayList.forEach(ArrayList.java:1511)
	at org.junit.platform.engine.support.hierarchical.SameThreadHierarchicalTestExecutorService.invokeAll(SameThreadHierarchicalTestExecutorService.java:41)
	at org.junit.platform.engine.support.hierarchical.NodeTestTask.lambda$executeRecursively$6(NodeTestTask.java:155)
	at org.junit.platform.engine.support.hierarchical.ThrowableCollector.execute(ThrowableCollector.java:73)
	at org.junit.platform.engine.support.hierarchical.NodeTestTask.lambda$executeRecursively$8(NodeTestTask.java:141)
	at org.junit.platform.engine.support.hierarchical.Node.around(Node.java:137)
	at org.junit.platform.engine.support.hierarchical.NodeTestTask.lambda$executeRecursively$9(NodeTestTask.java:139)
	at org.junit.platform.engine.support.hierarchical.ThrowableCollector.execute(ThrowableCollector.java:73)
	at org.junit.platform.engine.support.hierarchical.NodeTestTask.executeRecursively(NodeTestTask.java:138)
	at org.junit.platform.engine.support.hierarchical.NodeTestTask.execute(NodeTestTask.java:95)
	at org.junit.platform.engine.support.hierarchical.SameThreadHierarchicalTestExecutorService.submit(SameThreadHierarchicalTestExecutorService.java:35)
	at org.junit.platform.engine.support.hierarchical.HierarchicalTestExecutor.execute(HierarchicalTestExecutor.java:57)
	at org.junit.platform.engine.support.hierarchical.HierarchicalTestEngine.execute(HierarchicalTestEngine.java:54)
	at org.junit.platform.launcher.core.EngineExecutionOrchestrator.execute(EngineExecutionOrchestrator.java:147)
	at org.junit.platform.launcher.core.EngineExecutionOrchestrator.execute(EngineExecutionOrchestrator.java:127)
	at org.junit.platform.launcher.core.EngineExecutionOrchestrator.execute(EngineExecutionOrchestrator.java:90)
	at org.junit.platform.launcher.core.EngineExecutionOrchestrator.lambda$execute$0(EngineExecutionOrchestrator.java:55)
	at org.junit.platform.launcher.core.EngineExecutionOrchestrator.withInterceptedStreams(EngineExecutionOrchestrator.java:102)
	at org.junit.platform.launcher.core.EngineExecutionOrchestrator.execute(EngineExecutionOrchestrator.java:54)
	at org.junit.platform.launcher.core.DefaultLauncher.execute(DefaultLauncher.java:114)
	at org.junit.platform.launcher.core.DefaultLauncher.execute(DefaultLauncher.java:86)
	at org.junit.platform.launcher.core.DefaultLauncherSession$DelegatingLauncher.execute(DefaultLauncherSession.java:86)
	at org.apache.maven.surefire.junitplatform.LazyLauncher.execute(LazyLauncher.java:50)
	at org.apache.maven.surefire.junitplatform.JUnitPlatformProvider.execute(JUnitPlatformProvider.java:184)
	at org.apache.maven.surefire.junitplatform.JUnitPlatformProvider.invokeAllTests(JUnitPlatformProvider.java:148)
	at org.apache.maven.surefire.junitplatform.JUnitPlatformProvider.invoke(JUnitPlatformProvider.java:122)
	at org.apache.maven.surefire.booter.ForkedBooter.runSuitesInProcess(ForkedBooter.java:385)
	at org.apache.maven.surefire.booter.ForkedBooter.execute(ForkedBooter.java:162)
	at org.apache.maven.surefire.booter.ForkedBooter.run(ForkedBooter.java:507)
	at org.apache.maven.surefire.booter.ForkedBooter.main(ForkedBooter.java:495)
Caused by: java.io.IOException: error=13, Permission denied
	at java.base/java.lang.ProcessImpl.forkAndExec(Native Method)
	at java.base/java.lang.ProcessImpl.<init>(ProcessImpl.java:314)
	at java.base/java.lang.ProcessImpl.start(ProcessImpl.java:244)
	at java.base/java.lang.ProcessBuilder.start(ProcessBuilder.java:1110)
	... 77 common frames omitted
20:57:44.036 [main] ERROR io.github.yasmramos.forge.core.ForgeEngine -- ‚ùå Error generating javadoc
java.io.IOException: Cannot run program "javadoc": error=13, Permission denied
	at java.base/java.lang.ProcessBuilder.start(ProcessBuilder.java:1143)
	at java.base/java.lang.ProcessBuilder.start(ProcessBuilder.java:1073)
	at io.github.yasmramos.forge.core.ForgeEngine.generateJavadoc(ForgeEngine.java:320)
	at io.github.yasmramos.forge.core.ForgeEngine.packageAdditionalArtifacts(ForgeEngine.java:276)
	at io.github.yasmramos.forge.core.ForgeEngine.packageArtifacts(ForgeEngine.java:219)
	at io.github.yasmramos.forge.core.ForgeEngine.build(ForgeEngine.java:71)
	at io.github.yasmramos.forge.validation.ForgeDemoProjectValidationTest.testBasicValidation(ForgeDemoProjectValidationTest.java:25)
	at java.base/jdk.internal.reflect.NativeMethodAccessorImpl.invoke0(Native Method)
	at java.base/jdk.internal.reflect.NativeMethodAccessorImpl.invoke(NativeMethodAccessorImpl.java:77)
	at java.base/jdk.internal.reflect.DelegatingMethodAccessorImpl.invoke(DelegatingMethodAccessorImpl.java:43)
	at java.base/java.lang.reflect.Method.invoke(Method.java:569)
	at org.junit.platform.commons.util.ReflectionUtils.invokeMethod(ReflectionUtils.java:727)
	at org.junit.jupiter.engine.execution.MethodInvocation.proceed(MethodInvocation.java:60)
	at org.junit.jupiter.engine.execution.InvocationInterceptorChain$ValidatingInvocation.proceed(InvocationInterceptorChain.java:131)
	at org.junit.jupiter.engine.extension.TimeoutExtension.intercept(TimeoutExtension.java:156)
	at org.junit.jupiter.engine.extension.TimeoutExtension.interceptTestableMethod(TimeoutExtension.java:147)
	at org.junit.jupiter.engine.extension.TimeoutExtension.interceptTestMethod(TimeoutExtension.java:86)
	at org.junit.jupiter.engine.execution.InterceptingExecutableInvoker$ReflectiveInterceptorCall.lambda$ofVoidMethod$0(InterceptingExecutableInvoker.java:103)
	at org.junit.jupiter.engine.execution.InterceptingExecutableInvoker.lambda$invoke$0(InterceptingExecutableInvoker.java:93)
	at org.junit.jupiter.engine.execution.InvocationInterceptorChain$InterceptedInvocation.proceed(InvocationInterceptorChain.java:106)
	at org.junit.jupiter.engine.execution.InvocationInterceptorChain.proceed(InvocationInterceptorChain.java:64)
	at org.junit.jupiter.engine.execution.InvocationInterceptorChain.chainAndInvoke(InvocationInterceptorChain.java:45)
	at org.junit.jupiter.engine.execution.InvocationInterceptorChain.invoke(InvocationInterceptorChain.java:37)
	at org.junit.jupiter.engine.execution.InterceptingExecutableInvoker.invoke(InterceptingExecutableInvoker.java:92)
	at org.junit.jupiter.engine.execution.InterceptingExecutableInvoker.invoke(InterceptingExecutableInvoker.java:86)
	at org.junit.jupiter.engine.descriptor.TestMethodTestDescriptor.lambda$invokeTestMethod$7(TestMethodTestDescriptor.java:217)
	at org.junit.platform.engine.support.hierarchical.ThrowableCollector.execute(ThrowableCollector.java:73)
	at org.junit.jupiter.engine.descriptor.TestMethodTestDescriptor.invokeTestMethod(TestMethodTestDescriptor.java:213)
	at org.junit.jupiter.engine.descriptor.TestMethodTestDescriptor.execute(TestMethodTestDescriptor.java:138)
	at org.junit.jupiter.engine.descriptor.TestMethodTestDescriptor.execute(TestMethodTestDescriptor.java:68)
	at org.junit.platform.engine.support.hierarchical.NodeTestTask.lambda$executeRecursively$6(NodeTestTask.java:151)
	at org.junit.platform.engine.support.hierarchical.ThrowableCollector.execute(ThrowableCollector.java:73)
	at org.junit.platform.engine.support.hierarchical.NodeTestTask.lambda$executeRecursively$8(NodeTestTask.java:141)
	at org.junit.platform.engine.support.hierarchical.Node.around(Node.java:137)
	at org.junit.platform.engine.support.hierarchical.NodeTestTask.lambda$executeRecursively$9(NodeTestTask.java:139)
	at org.junit.platform.engine.support.hierarchical.ThrowableCollector.execute(ThrowableCollector.java:73)
	at org.junit.platform.engine.support.hierarchical.NodeTestTask.executeRecursively(NodeTestTask.java:138)
	at org.junit.platform.engine.support.hierarchical.NodeTestTask.execute(NodeTestTask.java:95)
	at java.base/java.util.ArrayList.forEach(ArrayList.java:1511)
	at org.junit.platform.engine.support.hierarchical.SameThreadHierarchicalTestExecutorService.invokeAll(SameThreadHierarchicalTestExecutorService.java:41)
	at org.junit.platform.engine.support.hierarchical.NodeTestTask.lambda$executeRecursively$6(NodeTestTask.java:155)
	at org.junit.platform.engine.support.hierarchical.ThrowableCollector.execute(ThrowableCollector.java:73)
	at org.junit.platform.engine.support.hierarchical.NodeTestTask.lambda$executeRecursively$8(NodeTestTask.java:141)
	at org.junit.platform.engine.support.hierarchical.Node.around(Node.java:137)
	at org.junit.platform.engine.support.hierarchical.NodeTestTask.lambda$executeRecursively$9(NodeTestTask.java:139)
	at org.junit.platform.engine.support.hierarchical.ThrowableCollector.execute(ThrowableCollector.java:73)
	at org.junit.platform.engine.support.hierarchical.NodeTestTask.executeRecursively(NodeTestTask.java:138)
	at org.junit.platform.engine.support.hierarchical.NodeTestTask.execute(NodeTestTask.java:95)
	at java.base/java.util.ArrayList.forEach(ArrayList.java:1511)
	at org.junit.platform.engine.support.hierarchical.SameThreadHierarchicalTestExecutorService.invokeAll(SameThreadHierarchicalTestExecutorService.java:41)
	at org.junit.platform.engine.support.hierarchical.NodeTestTask.lambda$executeRecursively$6(NodeTestTask.java:155)
	at org.junit.platform.engine.support.hierarchical.ThrowableCollector.execute(ThrowableCollector.java:73)
	at org.junit.platform.engine.support.hierarchical.NodeTestTask.lambda$executeRecursively$8(NodeTestTask.java:141)
	at org.junit.platform.engine.support.hierarchical.Node.around(Node.java:137)
	at org.junit.platform.engine.support.hierarchical.NodeTestTask.lambda$executeRecursively$9(NodeTestTask.java:139)
	at org.junit.platform.engine.support.hierarchical.ThrowableCollector.execute(ThrowableCollector.java:73)
	at org.junit.platform.engine.support.hierarchical.NodeTestTask.executeRecursively(NodeTestTask.java:138)
	at org.junit.platform.engine.support.hierarchical.NodeTestTask.execute(NodeTestTask.java:95)
	at org.junit.platform.engine.support.hierarchical.SameThreadHierarchicalTestExecutorService.submit(SameThreadHierarchicalTestExecutorService.java:35)
	at org.junit.platform.engine.support.hierarchical.HierarchicalTestExecutor.execute(HierarchicalTestExecutor.java:57)
	at org.junit.platform.engine.support.hierarchical.HierarchicalTestEngine.execute(HierarchicalTestEngine.java:54)
	at org.junit.platform.launcher.core.EngineExecutionOrchestrator.execute(EngineExecutionOrchestrator.java:147)
	at org.junit.platform.launcher.core.EngineExecutionOrchestrator.execute(EngineExecutionOrchestrator.java:127)
	at org.junit.platform.launcher.core.EngineExecutionOrchestrator.execute(EngineExecutionOrchestrator.java:90)
	at org.junit.platform.launcher.core.EngineExecutionOrchestrator.lambda$execute$0(EngineExecutionOrchestrator.java:55)
	at org.junit.platform.launcher.core.EngineExecutionOrchestrator.withInterceptedStreams(EngineExecutionOrchestrator.java:102)
	at org.junit.platform.launcher.core.EngineExecutionOrchestrator.execute(EngineExecutionOrchestrator.java:54)
	at org.junit.platform.launcher.core.DefaultLauncher.execute(DefaultLauncher.java:114)
	at org.junit.platform.launcher.core.DefaultLauncher.execute(DefaultLauncher.java:86)
	at org.junit.platform.launcher.core.DefaultLauncherSession$DelegatingLauncher.execute(DefaultLauncherSession.java:86)
	at org.apache.maven.surefire.junitplatform.LazyLauncher.execute(LazyLauncher.java:50)
	at org.apache.maven.surefire.junitplatform.JUnitPlatformProvider.execute(JUnitPlatformProvider.java:184)
	at org.apache.maven.surefire.junitplatform.JUnitPlatformProvider.invokeAllTests(JUnitPlatformProvider.java:148)
	at org.apache.maven.surefire.junitplatform.JUnitPlatformProvider.invoke(JUnitPlatformProvider.java:122)
	at org.apache.maven.surefire.booter.ForkedBooter.runSuitesInProcess(ForkedBooter.java:385)
	at org.apache.maven.surefire.booter.ForkedBooter.execute(ForkedBooter.java:162)
	at org.apache.maven.surefire.booter.ForkedBooter.run(ForkedBooter.java:507)
	at org.apache.maven.surefire.booter.ForkedBooter.main(ForkedBooter.java:495)
Caused by: java.io.IOException: error=13, Permission denied
	at java.base/java.lang.ProcessImpl.forkAndExec(Native Method)
	at java.base/java.lang.ProcessImpl.<init>(ProcessImpl.java:314)
	at java.base/java.lang.ProcessImpl.start(ProcessImpl.java:244)
	at java.base/java.lang.ProcessBuilder.start(ProcessBuilder.java:1110)
	... 77 common frames omitted
20:57:44.036 [main] INFO io.github.yasmramos.forge.core.ForgeEngine -- üì¶ Packaging complete: 0 artifacts created
20:57:44.036 [main] INFO io.github.yasmramos.forge.core.ForgeEngine -- üß™ Running tests...
20:57:44.036 [main] INFO io.github.yasmramos.forge.core.ForgeEngine -- üß™ Running tests...
20:57:44.049 [main] DEBUG io.github.yasmramos.forge.core.ForgeEngine -- üß™ Running test: ForgeCacheTest
20:57:44.049 [main] DEBUG io.github.yasmramos.forge.core.ForgeEngine -- üß™ Skipping test (no main method): ForgeCacheTest
20:57:44.049 [main] DEBUG io.github.yasmramos.forge.core.ForgeEngine -- üß™ Running test: BuildAnalyzerTest
20:57:44.050 [main] DEBUG io.github.yasmramos.forge.core.ForgeEngine -- üß™ Skipping test (no main method): BuildAnalyzerTest
20:57:44.050 [main] DEBUG io.github.yasmramos.forge.core.ForgeEngine -- üß™ Running test: DependencyResolverTest
20:57:44.050 [main] DEBUG io.github.yasmramos.forge.core.ForgeEngine -- üß™ Skipping test (no main method): DependencyResolverTest
20:57:44.051 [main] DEBUG io.github.yasmramos.forge.core.ForgeEngine -- üß™ Running test: ForgeEngineTest
20:57:44.051 [main] DEBUG io.github.yasmramos.forge.core.ForgeEngine -- üß™ Skipping test (no main method): ForgeEngineTest
20:57:44.051 [main] DEBUG io.github.yasmramos.forge.core.ForgeEngine -- üß™ Running test: ForgeBuildSystemIntegrationTest
20:57:44.051 [main] DEBUG io.github.yasmramos.forge.core.ForgeEngine -- üß™ Skipping test (no main method): ForgeBuildSystemIntegrationTest
20:57:44.052 [main] DEBUG io.github.yasmramos.forge.core.ForgeEngine -- üß™ Running test: ForgePerformanceTest
20:57:44.052 [main] DEBUG io.github.yasmramos.forge.core.ForgeEngine -- üß™ Skipping test (no main method): ForgePerformanceTest
20:57:44.052 [main] DEBUG io.github.yasmramos.forge.core.ForgeEngine -- üß™ Running test: ForgeDemoProjectValidationTest
20:57:44.053 [main] DEBUG io.github.yasmramos.forge.core.ForgeEngine -- üß™ Skipping test (no main method): ForgeDemoProjectValidationTest
20:57:44.053 [main] DEBUG io.github.yasmramos.forge.core.ForgeEngine -- üß™ Running test: ForgeCacheTest
20:57:44.053 [main] DEBUG io.github.yasmramos.forge.core.ForgeEngine -- üß™ Skipping test (no main method): ForgeCacheTest
20:57:44.053 [main] DEBUG io.github.yasmramos.forge.core.ForgeEngine -- üß™ Running test: BuildAnalyzerTest
20:57:44.059 [main] DEBUG io.github.yasmramos.forge.core.ForgeEngine -- üß™ Skipping test (no main method): BuildAnalyzerTest
20:57:44.059 [main] DEBUG io.github.yasmramos.forge.core.ForgeEngine -- üß™ Running test: DependencyResolverTest
20:57:44.059 [main] DEBUG io.github.yasmramos.forge.core.ForgeEngine -- üß™ Skipping test (no main method): DependencyResolverTest
20:57:44.059 [main] DEBUG io.github.yasmramos.forge.core.ForgeEngine -- üß™ Running test: ForgeEngineTest
20:57:44.060 [main] DEBUG io.github.yasmramos.forge.core.ForgeEngine -- üß™ Skipping test (no main method): ForgeEngineTest
20:57:44.060 [main] DEBUG io.github.yasmramos.forge.core.ForgeEngine -- üß™ Running test: ForgeBuildSystemIntegrationTest
20:57:44.061 [main] DEBUG io.github.yasmramos.forge.core.ForgeEngine -- üß™ Skipping test (no main method): ForgeBuildSystemIntegrationTest
20:57:44.061 [main] DEBUG io.github.yasmramos.forge.core.ForgeEngine -- üß™ Running test: ForgePerformanceTest
20:57:44.062 [main] DEBUG io.github.yasmramos.forge.core.ForgeEngine -- üß™ Skipping test (no main method): ForgePerformanceTest
20:57:44.062 [main] DEBUG io.github.yasmramos.forge.core.ForgeEngine -- üß™ Running test: ForgeDemoProjectValidationTest
20:57:44.062 [main] DEBUG io.github.yasmramos.forge.core.ForgeEngine -- üß™ Skipping test (no main method): ForgeDemoProjectValidationTest
20:57:44.062 [main] INFO io.github.yasmramos.forge.core.ForgeEngine -- üß™ Test execution complete: 14/14 passed
[INFO] Tests run: 1, Failures: 0, Errors: 0, Skipped: 0, Time elapsed: 0.129 s - in io.github.yasmramos.forge.validation.ForgeDemoProjectValidationTest
[INFO] 
[INFO] Results:
[INFO] 
[INFO] Tests run: 14, Failures: 0, Errors: 0, Skipped: 0
[INFO] 
[INFO] ------------------------------------------------------------------------
[INFO] BUILD SUCCESS
[INFO] ------------------------------------------------------------------------
[INFO] Total time:  1.741 s
[INFO] Finished at: 2025-12-19T20:57:44Z
[INFO] ------------------------------------------------------------------------
